[0.563s] Invoking command in '/mnt/d/prueba/TFG-ROS2/ros2_client_node/build/micro_ros_utilities': CMAKE_PREFIX_PATH=${CMAKE_PREFIX_PATH}:/opt/ros/humble /usr/bin/cmake /mnt/d/prueba/TFG-ROS2/ros2_client_node/src/uros/micro_ros_utilities -DBUILD_TESTING=OFF -DBUILD_SHARED_LIBS=ON -DCMAKE_INSTALL_PREFIX=/mnt/d/prueba/TFG-ROS2/ros2_client_node/install/micro_ros_utilities
[2.339s] -- The C compiler identification is GNU 11.3.0
[3.544s] -- The CXX compiler identification is GNU 11.3.0
[3.974s] -- Detecting C compiler ABI info
[7.016s] -- Detecting C compiler ABI info - done
[7.055s] -- Check for working C compiler: /usr/bin/cc - skipped
[7.058s] -- Detecting C compile features
[7.061s] -- Detecting C compile features - done
[7.220s] -- Detecting CXX compiler ABI info
[11.439s] -- Detecting CXX compiler ABI info - done
[11.515s] -- Check for working CXX compiler: /usr/bin/c++ - skipped
[11.517s] -- Detecting CXX compile features
[11.521s] -- Detecting CXX compile features - done
[12.042s] -- Found ament_cmake: 1.3.3 (/opt/ros/humble/share/ament_cmake/cmake)
[17.954s] -- Found Python3: /usr/bin/python3.10 (found version "3.10.6") found components: Interpreter 
[25.475s] -- Found rosidl_typesupport_introspection_c: 3.1.4 (/opt/ros/humble/share/rosidl_typesupport_introspection_c/cmake)
[26.756s] -- Found rosidl_adapter: 3.1.4 (/opt/ros/humble/share/rosidl_adapter/cmake)
[31.544s] -- Configuring done
[32.559s] -- Generating done
[32.777s] -- Build files have been written to: /mnt/d/prueba/TFG-ROS2/ros2_client_node/build/micro_ros_utilities
[32.900s] Invoked command in '/mnt/d/prueba/TFG-ROS2/ros2_client_node/build/micro_ros_utilities' returned '0': CMAKE_PREFIX_PATH=${CMAKE_PREFIX_PATH}:/opt/ros/humble /usr/bin/cmake /mnt/d/prueba/TFG-ROS2/ros2_client_node/src/uros/micro_ros_utilities -DBUILD_TESTING=OFF -DBUILD_SHARED_LIBS=ON -DCMAKE_INSTALL_PREFIX=/mnt/d/prueba/TFG-ROS2/ros2_client_node/install/micro_ros_utilities
[32.905s] Invoking command in '/mnt/d/prueba/TFG-ROS2/ros2_client_node/build/micro_ros_utilities': CMAKE_PREFIX_PATH=${CMAKE_PREFIX_PATH}:/opt/ros/humble /usr/bin/cmake --build /mnt/d/prueba/TFG-ROS2/ros2_client_node/build/micro_ros_utilities -- -j12 -l12
[38.201s] [ 33%] [32mBuilding C object CMakeFiles/micro_ros_utilities.dir/src/string_utilities.c.o[0m
[38.271s] [ 66%] [32mBuilding C object CMakeFiles/micro_ros_utilities.dir/src/type_utilities.c.o[0m
[40.349s] [100%] [32m[1mLinking C shared library libmicro_ros_utilities.so[0m
[43.347s] [100%] Built target micro_ros_utilities
[44.275s] Invoked command in '/mnt/d/prueba/TFG-ROS2/ros2_client_node/build/micro_ros_utilities' returned '0': CMAKE_PREFIX_PATH=${CMAKE_PREFIX_PATH}:/opt/ros/humble /usr/bin/cmake --build /mnt/d/prueba/TFG-ROS2/ros2_client_node/build/micro_ros_utilities -- -j12 -l12
[49.986s] Invoking command in '/mnt/d/prueba/TFG-ROS2/ros2_client_node/build/micro_ros_utilities': CMAKE_PREFIX_PATH=${CMAKE_PREFIX_PATH}:/opt/ros/humble /usr/bin/cmake --install /mnt/d/prueba/TFG-ROS2/ros2_client_node/build/micro_ros_utilities
[50.737s] -- Install configuration: ""
[50.755s] -- Installing: /mnt/d/prueba/TFG-ROS2/ros2_client_node/install/micro_ros_utilities/include
[50.802s] -- Installing: /mnt/d/prueba/TFG-ROS2/ros2_client_node/install/micro_ros_utilities/include/micro_ros_utilities
[50.882s] -- Installing: /mnt/d/prueba/TFG-ROS2/ros2_client_node/install/micro_ros_utilities/include/micro_ros_utilities/string_utilities.h
[51.059s] -- Installing: /mnt/d/prueba/TFG-ROS2/ros2_client_node/install/micro_ros_utilities/include/micro_ros_utilities/type_utilities.h
[51.232s] -- Installing: /mnt/d/prueba/TFG-ROS2/ros2_client_node/install/micro_ros_utilities/include/micro_ros_utilities/visibility_control.h
[51.397s] -- Installing: /mnt/d/prueba/TFG-ROS2/ros2_client_node/install/micro_ros_utilities/lib/libmicro_ros_utilities.so
[51.635s] -- Set runtime path of "/mnt/d/prueba/TFG-ROS2/ros2_client_node/install/micro_ros_utilities/lib/libmicro_ros_utilities.so" to ""
[51.666s] -- Installing: /mnt/d/prueba/TFG-ROS2/ros2_client_node/install/micro_ros_utilities/share/micro_ros_utilities/environment/library_path.sh
[51.780s] -- Installing: /mnt/d/prueba/TFG-ROS2/ros2_client_node/install/micro_ros_utilities/share/micro_ros_utilities/environment/library_path.dsv
[51.991s] -- Installing: /mnt/d/prueba/TFG-ROS2/ros2_client_node/install/micro_ros_utilities/share/ament_index/resource_index/package_run_dependencies/micro_ros_utilities
[52.342s] -- Installing: /mnt/d/prueba/TFG-ROS2/ros2_client_node/install/micro_ros_utilities/share/ament_index/resource_index/parent_prefix_path/micro_ros_utilities
[52.539s] -- Installing: /mnt/d/prueba/TFG-ROS2/ros2_client_node/install/micro_ros_utilities/share/micro_ros_utilities/environment/ament_prefix_path.sh
[52.688s] -- Installing: /mnt/d/prueba/TFG-ROS2/ros2_client_node/install/micro_ros_utilities/share/micro_ros_utilities/environment/ament_prefix_path.dsv
[52.842s] -- Installing: /mnt/d/prueba/TFG-ROS2/ros2_client_node/install/micro_ros_utilities/share/micro_ros_utilities/environment/path.sh
[52.978s] -- Installing: /mnt/d/prueba/TFG-ROS2/ros2_client_node/install/micro_ros_utilities/share/micro_ros_utilities/environment/path.dsv
[53.124s] -- Installing: /mnt/d/prueba/TFG-ROS2/ros2_client_node/install/micro_ros_utilities/share/micro_ros_utilities/local_setup.bash
[53.243s] -- Installing: /mnt/d/prueba/TFG-ROS2/ros2_client_node/install/micro_ros_utilities/share/micro_ros_utilities/local_setup.sh
[53.374s] -- Installing: /mnt/d/prueba/TFG-ROS2/ros2_client_node/install/micro_ros_utilities/share/micro_ros_utilities/local_setup.zsh
[53.504s] -- Installing: /mnt/d/prueba/TFG-ROS2/ros2_client_node/install/micro_ros_utilities/share/micro_ros_utilities/local_setup.dsv
[53.634s] -- Installing: /mnt/d/prueba/TFG-ROS2/ros2_client_node/install/micro_ros_utilities/share/micro_ros_utilities/package.dsv
[53.815s] -- Installing: /mnt/d/prueba/TFG-ROS2/ros2_client_node/install/micro_ros_utilities/share/ament_index/resource_index/packages/micro_ros_utilities
[54.041s] -- Installing: /mnt/d/prueba/TFG-ROS2/ros2_client_node/install/micro_ros_utilities/share/micro_ros_utilities/cmake/ament_cmake_export_include_directories-extras.cmake
[54.206s] -- Installing: /mnt/d/prueba/TFG-ROS2/ros2_client_node/install/micro_ros_utilities/share/micro_ros_utilities/cmake/ament_cmake_export_libraries-extras.cmake
[54.389s] -- Installing: /mnt/d/prueba/TFG-ROS2/ros2_client_node/install/micro_ros_utilities/share/micro_ros_utilities/cmake/ament_cmake_export_dependencies-extras.cmake
[54.558s] -- Installing: /mnt/d/prueba/TFG-ROS2/ros2_client_node/install/micro_ros_utilities/share/micro_ros_utilities/cmake/micro_ros_utilitiesConfig.cmake
[54.740s] -- Installing: /mnt/d/prueba/TFG-ROS2/ros2_client_node/install/micro_ros_utilities/share/micro_ros_utilities/cmake/micro_ros_utilitiesConfig-version.cmake
[54.937s] -- Installing: /mnt/d/prueba/TFG-ROS2/ros2_client_node/install/micro_ros_utilities/share/micro_ros_utilities/package.xml
[55.073s] Invoked command in '/mnt/d/prueba/TFG-ROS2/ros2_client_node/build/micro_ros_utilities' returned '0': CMAKE_PREFIX_PATH=${CMAKE_PREFIX_PATH}:/opt/ros/humble /usr/bin/cmake --install /mnt/d/prueba/TFG-ROS2/ros2_client_node/build/micro_ros_utilities
