[1.710s] Invoking command in '/mnt/d/prueba/TFG-ROS2/ros2_server_endpoint/src/ROS-TCP-Endpoint-ROS2v0.7.0': PYTHONPATH=/mnt/d/prueba/TFG-ROS2/ros2_server_endpoint/build/ros_tcp_endpoint/prefix_override:/mnt/d/prueba/TFG-ROS2/ros2_server_endpoint/install/ros_tcp_endpoint/lib/python3.10/site-packages:${PYTHONPATH} /usr/bin/python3 setup.py egg_info --egg-base ../../build/ros_tcp_endpoint build --build-base /mnt/d/prueba/TFG-ROS2/ros2_server_endpoint/build/ros_tcp_endpoint/build install --record /mnt/d/prueba/TFG-ROS2/ros2_server_endpoint/build/ros_tcp_endpoint/install.log --single-version-externally-managed
[2.559s] running egg_info
[2.565s] creating ../../build/ros_tcp_endpoint/ros_tcp_endpoint.egg-info
[2.570s] writing ../../build/ros_tcp_endpoint/ros_tcp_endpoint.egg-info/PKG-INFO
[2.583s] writing dependency_links to ../../build/ros_tcp_endpoint/ros_tcp_endpoint.egg-info/dependency_links.txt
[2.592s] writing entry points to ../../build/ros_tcp_endpoint/ros_tcp_endpoint.egg-info/entry_points.txt
[2.600s] writing requirements to ../../build/ros_tcp_endpoint/ros_tcp_endpoint.egg-info/requires.txt
[2.603s] writing top-level names to ../../build/ros_tcp_endpoint/ros_tcp_endpoint.egg-info/top_level.txt
[2.612s] writing manifest file '../../build/ros_tcp_endpoint/ros_tcp_endpoint.egg-info/SOURCES.txt'
[2.688s] reading manifest file '../../build/ros_tcp_endpoint/ros_tcp_endpoint.egg-info/SOURCES.txt'
[2.728s] adding license file 'LICENSE'
[2.780s] writing manifest file '../../build/ros_tcp_endpoint/ros_tcp_endpoint.egg-info/SOURCES.txt'
[2.784s] running build
[2.785s] running build_py
[2.790s] creating /mnt/d/prueba/TFG-ROS2/ros2_server_endpoint/build/ros_tcp_endpoint/build
[2.793s] creating /mnt/d/prueba/TFG-ROS2/ros2_server_endpoint/build/ros_tcp_endpoint/build/lib
[2.795s] creating /mnt/d/prueba/TFG-ROS2/ros2_server_endpoint/build/ros_tcp_endpoint/build/lib/ros_tcp_endpoint
[2.807s] copying ros_tcp_endpoint/client.py -> /mnt/d/prueba/TFG-ROS2/ros2_server_endpoint/build/ros_tcp_endpoint/build/lib/ros_tcp_endpoint
[2.849s] copying ros_tcp_endpoint/communication.py -> /mnt/d/prueba/TFG-ROS2/ros2_server_endpoint/build/ros_tcp_endpoint/build/lib/ros_tcp_endpoint
[2.880s] copying ros_tcp_endpoint/default_server_endpoint.py -> /mnt/d/prueba/TFG-ROS2/ros2_server_endpoint/build/ros_tcp_endpoint/build/lib/ros_tcp_endpoint
[2.922s] copying ros_tcp_endpoint/exceptions.py -> /mnt/d/prueba/TFG-ROS2/ros2_server_endpoint/build/ros_tcp_endpoint/build/lib/ros_tcp_endpoint
[2.952s] copying ros_tcp_endpoint/publisher.py -> /mnt/d/prueba/TFG-ROS2/ros2_server_endpoint/build/ros_tcp_endpoint/build/lib/ros_tcp_endpoint
[2.982s] copying ros_tcp_endpoint/server.py -> /mnt/d/prueba/TFG-ROS2/ros2_server_endpoint/build/ros_tcp_endpoint/build/lib/ros_tcp_endpoint
[3.027s] copying ros_tcp_endpoint/service.py -> /mnt/d/prueba/TFG-ROS2/ros2_server_endpoint/build/ros_tcp_endpoint/build/lib/ros_tcp_endpoint
[3.056s] copying ros_tcp_endpoint/subscriber.py -> /mnt/d/prueba/TFG-ROS2/ros2_server_endpoint/build/ros_tcp_endpoint/build/lib/ros_tcp_endpoint
[3.084s] copying ros_tcp_endpoint/tcp_sender.py -> /mnt/d/prueba/TFG-ROS2/ros2_server_endpoint/build/ros_tcp_endpoint/build/lib/ros_tcp_endpoint
[3.130s] copying ros_tcp_endpoint/thread_pauser.py -> /mnt/d/prueba/TFG-ROS2/ros2_server_endpoint/build/ros_tcp_endpoint/build/lib/ros_tcp_endpoint
[3.174s] copying ros_tcp_endpoint/unity_service.py -> /mnt/d/prueba/TFG-ROS2/ros2_server_endpoint/build/ros_tcp_endpoint/build/lib/ros_tcp_endpoint
[3.202s] copying ros_tcp_endpoint/__init__.py -> /mnt/d/prueba/TFG-ROS2/ros2_server_endpoint/build/ros_tcp_endpoint/build/lib/ros_tcp_endpoint
[3.225s] running install
[3.227s] /usr/lib/python3/dist-packages/setuptools/command/install.py:34: SetuptoolsDeprecationWarning: setup.py install is deprecated. Use build and pip and other standards-based tools.
[3.228s]   warnings.warn(
[3.230s] running install_lib
[3.256s] creating /mnt/d/prueba/TFG-ROS2/ros2_server_endpoint/install/ros_tcp_endpoint/lib/python3.10/site-packages/ros_tcp_endpoint
[3.279s] copying /mnt/d/prueba/TFG-ROS2/ros2_server_endpoint/build/ros_tcp_endpoint/build/lib/ros_tcp_endpoint/client.py -> /mnt/d/prueba/TFG-ROS2/ros2_server_endpoint/install/ros_tcp_endpoint/lib/python3.10/site-packages/ros_tcp_endpoint
[3.325s] copying /mnt/d/prueba/TFG-ROS2/ros2_server_endpoint/build/ros_tcp_endpoint/build/lib/ros_tcp_endpoint/communication.py -> /mnt/d/prueba/TFG-ROS2/ros2_server_endpoint/install/ros_tcp_endpoint/lib/python3.10/site-packages/ros_tcp_endpoint
[3.373s] copying /mnt/d/prueba/TFG-ROS2/ros2_server_endpoint/build/ros_tcp_endpoint/build/lib/ros_tcp_endpoint/default_server_endpoint.py -> /mnt/d/prueba/TFG-ROS2/ros2_server_endpoint/install/ros_tcp_endpoint/lib/python3.10/site-packages/ros_tcp_endpoint
[3.416s] copying /mnt/d/prueba/TFG-ROS2/ros2_server_endpoint/build/ros_tcp_endpoint/build/lib/ros_tcp_endpoint/exceptions.py -> /mnt/d/prueba/TFG-ROS2/ros2_server_endpoint/install/ros_tcp_endpoint/lib/python3.10/site-packages/ros_tcp_endpoint
[3.466s] copying /mnt/d/prueba/TFG-ROS2/ros2_server_endpoint/build/ros_tcp_endpoint/build/lib/ros_tcp_endpoint/publisher.py -> /mnt/d/prueba/TFG-ROS2/ros2_server_endpoint/install/ros_tcp_endpoint/lib/python3.10/site-packages/ros_tcp_endpoint
[3.516s] copying /mnt/d/prueba/TFG-ROS2/ros2_server_endpoint/build/ros_tcp_endpoint/build/lib/ros_tcp_endpoint/server.py -> /mnt/d/prueba/TFG-ROS2/ros2_server_endpoint/install/ros_tcp_endpoint/lib/python3.10/site-packages/ros_tcp_endpoint
[3.571s] copying /mnt/d/prueba/TFG-ROS2/ros2_server_endpoint/build/ros_tcp_endpoint/build/lib/ros_tcp_endpoint/service.py -> /mnt/d/prueba/TFG-ROS2/ros2_server_endpoint/install/ros_tcp_endpoint/lib/python3.10/site-packages/ros_tcp_endpoint
[3.629s] copying /mnt/d/prueba/TFG-ROS2/ros2_server_endpoint/build/ros_tcp_endpoint/build/lib/ros_tcp_endpoint/subscriber.py -> /mnt/d/prueba/TFG-ROS2/ros2_server_endpoint/install/ros_tcp_endpoint/lib/python3.10/site-packages/ros_tcp_endpoint
[3.679s] copying /mnt/d/prueba/TFG-ROS2/ros2_server_endpoint/build/ros_tcp_endpoint/build/lib/ros_tcp_endpoint/tcp_sender.py -> /mnt/d/prueba/TFG-ROS2/ros2_server_endpoint/install/ros_tcp_endpoint/lib/python3.10/site-packages/ros_tcp_endpoint
[3.733s] copying /mnt/d/prueba/TFG-ROS2/ros2_server_endpoint/build/ros_tcp_endpoint/build/lib/ros_tcp_endpoint/thread_pauser.py -> /mnt/d/prueba/TFG-ROS2/ros2_server_endpoint/install/ros_tcp_endpoint/lib/python3.10/site-packages/ros_tcp_endpoint
[3.790s] copying /mnt/d/prueba/TFG-ROS2/ros2_server_endpoint/build/ros_tcp_endpoint/build/lib/ros_tcp_endpoint/unity_service.py -> /mnt/d/prueba/TFG-ROS2/ros2_server_endpoint/install/ros_tcp_endpoint/lib/python3.10/site-packages/ros_tcp_endpoint
[3.839s] copying /mnt/d/prueba/TFG-ROS2/ros2_server_endpoint/build/ros_tcp_endpoint/build/lib/ros_tcp_endpoint/__init__.py -> /mnt/d/prueba/TFG-ROS2/ros2_server_endpoint/install/ros_tcp_endpoint/lib/python3.10/site-packages/ros_tcp_endpoint
[3.887s] byte-compiling /mnt/d/prueba/TFG-ROS2/ros2_server_endpoint/install/ros_tcp_endpoint/lib/python3.10/site-packages/ros_tcp_endpoint/client.py to client.cpython-310.pyc
[3.943s] byte-compiling /mnt/d/prueba/TFG-ROS2/ros2_server_endpoint/install/ros_tcp_endpoint/lib/python3.10/site-packages/ros_tcp_endpoint/communication.py to communication.cpython-310.pyc
[3.998s] byte-compiling /mnt/d/prueba/TFG-ROS2/ros2_server_endpoint/install/ros_tcp_endpoint/lib/python3.10/site-packages/ros_tcp_endpoint/default_server_endpoint.py to default_server_endpoint.cpython-310.pyc
[4.049s] byte-compiling /mnt/d/prueba/TFG-ROS2/ros2_server_endpoint/install/ros_tcp_endpoint/lib/python3.10/site-packages/ros_tcp_endpoint/exceptions.py to exceptions.cpython-310.pyc
[4.100s] byte-compiling /mnt/d/prueba/TFG-ROS2/ros2_server_endpoint/install/ros_tcp_endpoint/lib/python3.10/site-packages/ros_tcp_endpoint/publisher.py to publisher.cpython-310.pyc
[4.153s] byte-compiling /mnt/d/prueba/TFG-ROS2/ros2_server_endpoint/install/ros_tcp_endpoint/lib/python3.10/site-packages/ros_tcp_endpoint/server.py to server.cpython-310.pyc
[4.209s] byte-compiling /mnt/d/prueba/TFG-ROS2/ros2_server_endpoint/install/ros_tcp_endpoint/lib/python3.10/site-packages/ros_tcp_endpoint/service.py to service.cpython-310.pyc
[4.264s] byte-compiling /mnt/d/prueba/TFG-ROS2/ros2_server_endpoint/install/ros_tcp_endpoint/lib/python3.10/site-packages/ros_tcp_endpoint/subscriber.py to subscriber.cpython-310.pyc
[4.320s] byte-compiling /mnt/d/prueba/TFG-ROS2/ros2_server_endpoint/install/ros_tcp_endpoint/lib/python3.10/site-packages/ros_tcp_endpoint/tcp_sender.py to tcp_sender.cpython-310.pyc
[4.387s] byte-compiling /mnt/d/prueba/TFG-ROS2/ros2_server_endpoint/install/ros_tcp_endpoint/lib/python3.10/site-packages/ros_tcp_endpoint/thread_pauser.py to thread_pauser.cpython-310.pyc
[4.442s] byte-compiling /mnt/d/prueba/TFG-ROS2/ros2_server_endpoint/install/ros_tcp_endpoint/lib/python3.10/site-packages/ros_tcp_endpoint/unity_service.py to unity_service.cpython-310.pyc
[4.495s] byte-compiling /mnt/d/prueba/TFG-ROS2/ros2_server_endpoint/install/ros_tcp_endpoint/lib/python3.10/site-packages/ros_tcp_endpoint/__init__.py to __init__.cpython-310.pyc
[4.539s] running install_data
[4.550s] creating /mnt/d/prueba/TFG-ROS2/ros2_server_endpoint/install/ros_tcp_endpoint/share/ament_index
[4.553s] creating /mnt/d/prueba/TFG-ROS2/ros2_server_endpoint/install/ros_tcp_endpoint/share/ament_index/resource_index
[4.557s] creating /mnt/d/prueba/TFG-ROS2/ros2_server_endpoint/install/ros_tcp_endpoint/share/ament_index/resource_index/packages
[4.571s] copying resource/ros_tcp_endpoint -> /mnt/d/prueba/TFG-ROS2/ros2_server_endpoint/install/ros_tcp_endpoint/share/ament_index/resource_index/packages
[4.603s] copying package.xml -> /mnt/d/prueba/TFG-ROS2/ros2_server_endpoint/install/ros_tcp_endpoint/share/ros_tcp_endpoint
[4.623s] creating /mnt/d/prueba/TFG-ROS2/ros2_server_endpoint/install/ros_tcp_endpoint/share/ros_tcp_endpoint/launch
[4.636s] copying launch/endpoint.py -> /mnt/d/prueba/TFG-ROS2/ros2_server_endpoint/install/ros_tcp_endpoint/share/ros_tcp_endpoint/launch
[4.668s] running install_egg_info
[4.690s] Copying ../../build/ros_tcp_endpoint/ros_tcp_endpoint.egg-info to /mnt/d/prueba/TFG-ROS2/ros2_server_endpoint/install/ros_tcp_endpoint/lib/python3.10/site-packages/ros_tcp_endpoint-0.0.1-py3.10.egg-info
[5.010s] running install_scripts
[5.098s] Installing default_server_endpoint script to /mnt/d/prueba/TFG-ROS2/ros2_server_endpoint/install/ros_tcp_endpoint/lib/ros_tcp_endpoint
[5.112s] writing list of installed files to '/mnt/d/prueba/TFG-ROS2/ros2_server_endpoint/build/ros_tcp_endpoint/install.log'
[5.154s] Invoked command in '/mnt/d/prueba/TFG-ROS2/ros2_server_endpoint/src/ROS-TCP-Endpoint-ROS2v0.7.0' returned '0': PYTHONPATH=/mnt/d/prueba/TFG-ROS2/ros2_server_endpoint/build/ros_tcp_endpoint/prefix_override:/mnt/d/prueba/TFG-ROS2/ros2_server_endpoint/install/ros_tcp_endpoint/lib/python3.10/site-packages:${PYTHONPATH} /usr/bin/python3 setup.py egg_info --egg-base ../../build/ros_tcp_endpoint build --build-base /mnt/d/prueba/TFG-ROS2/ros2_server_endpoint/build/ros_tcp_endpoint/build install --record /mnt/d/prueba/TFG-ROS2/ros2_server_endpoint/build/ros_tcp_endpoint/install.log --single-version-externally-managed
