[1.657s] Invoking command in '/mnt/d/prueba/TFG-ROS2/ros2_server_endpoint/src/unity_robotics_demo': PYTHONPATH=/mnt/d/prueba/TFG-ROS2/ros2_server_endpoint/build/unity_robotics_demo/prefix_override:/mnt/d/prueba/TFG-ROS2/ros2_server_endpoint/install/unity_robotics_demo/lib/python3.10/site-packages:${PYTHONPATH} /usr/bin/python3 setup.py egg_info --egg-base ../../build/unity_robotics_demo build --build-base /mnt/d/prueba/TFG-ROS2/ros2_server_endpoint/build/unity_robotics_demo/build install --record /mnt/d/prueba/TFG-ROS2/ros2_server_endpoint/build/unity_robotics_demo/install.log --install-scripts $base/lib/unity_robotics_demo --single-version-externally-managed
[2.464s] /usr/lib/python3/dist-packages/setuptools/dist.py:723: UserWarning: Usage of dash-separated 'script-dir' will not be supported in future versions. Please use the underscore name 'script_dir' instead
[2.466s]   warnings.warn(
[2.507s] running egg_info
[2.514s] creating ../../build/unity_robotics_demo/unity_robotics_demo.egg-info
[2.518s] writing ../../build/unity_robotics_demo/unity_robotics_demo.egg-info/PKG-INFO
[2.532s] writing dependency_links to ../../build/unity_robotics_demo/unity_robotics_demo.egg-info/dependency_links.txt
[2.541s] writing entry points to ../../build/unity_robotics_demo/unity_robotics_demo.egg-info/entry_points.txt
[2.548s] writing requirements to ../../build/unity_robotics_demo/unity_robotics_demo.egg-info/requires.txt
[2.553s] writing top-level names to ../../build/unity_robotics_demo/unity_robotics_demo.egg-info/top_level.txt
[2.563s] writing manifest file '../../build/unity_robotics_demo/unity_robotics_demo.egg-info/SOURCES.txt'
[2.613s] reading manifest file '../../build/unity_robotics_demo/unity_robotics_demo.egg-info/SOURCES.txt'
[2.685s] writing manifest file '../../build/unity_robotics_demo/unity_robotics_demo.egg-info/SOURCES.txt'
[2.690s] running build
[2.691s] running build_py
[2.697s] creating /mnt/d/prueba/TFG-ROS2/ros2_server_endpoint/build/unity_robotics_demo/build
[2.699s] creating /mnt/d/prueba/TFG-ROS2/ros2_server_endpoint/build/unity_robotics_demo/build/lib
[2.701s] creating /mnt/d/prueba/TFG-ROS2/ros2_server_endpoint/build/unity_robotics_demo/build/lib/unity_robotics_demo
[2.713s] copying unity_robotics_demo/color_publisher.py -> /mnt/d/prueba/TFG-ROS2/ros2_server_endpoint/build/unity_robotics_demo/build/lib/unity_robotics_demo
[2.743s] copying unity_robotics_demo/position_service.py -> /mnt/d/prueba/TFG-ROS2/ros2_server_endpoint/build/unity_robotics_demo/build/lib/unity_robotics_demo
[2.770s] copying unity_robotics_demo/__init__.py -> /mnt/d/prueba/TFG-ROS2/ros2_server_endpoint/build/unity_robotics_demo/build/lib/unity_robotics_demo
[2.788s] running install
[2.789s] /usr/lib/python3/dist-packages/setuptools/command/install.py:34: SetuptoolsDeprecationWarning: setup.py install is deprecated. Use build and pip and other standards-based tools.
[2.791s]   warnings.warn(
[2.793s] running install_lib
[2.820s] creating /mnt/d/prueba/TFG-ROS2/ros2_server_endpoint/install/unity_robotics_demo/lib/python3.10/site-packages/unity_robotics_demo
[2.845s] copying /mnt/d/prueba/TFG-ROS2/ros2_server_endpoint/build/unity_robotics_demo/build/lib/unity_robotics_demo/color_publisher.py -> /mnt/d/prueba/TFG-ROS2/ros2_server_endpoint/install/unity_robotics_demo/lib/python3.10/site-packages/unity_robotics_demo
[2.896s] copying /mnt/d/prueba/TFG-ROS2/ros2_server_endpoint/build/unity_robotics_demo/build/lib/unity_robotics_demo/position_service.py -> /mnt/d/prueba/TFG-ROS2/ros2_server_endpoint/install/unity_robotics_demo/lib/python3.10/site-packages/unity_robotics_demo
[2.942s] copying /mnt/d/prueba/TFG-ROS2/ros2_server_endpoint/build/unity_robotics_demo/build/lib/unity_robotics_demo/__init__.py -> /mnt/d/prueba/TFG-ROS2/ros2_server_endpoint/install/unity_robotics_demo/lib/python3.10/site-packages/unity_robotics_demo
[2.991s] byte-compiling /mnt/d/prueba/TFG-ROS2/ros2_server_endpoint/install/unity_robotics_demo/lib/python3.10/site-packages/unity_robotics_demo/color_publisher.py to color_publisher.cpython-310.pyc
[3.048s] byte-compiling /mnt/d/prueba/TFG-ROS2/ros2_server_endpoint/install/unity_robotics_demo/lib/python3.10/site-packages/unity_robotics_demo/position_service.py to position_service.cpython-310.pyc
[3.107s] byte-compiling /mnt/d/prueba/TFG-ROS2/ros2_server_endpoint/install/unity_robotics_demo/lib/python3.10/site-packages/unity_robotics_demo/__init__.py to __init__.cpython-310.pyc
[3.158s] running install_data
[3.170s] creating /mnt/d/prueba/TFG-ROS2/ros2_server_endpoint/install/unity_robotics_demo/share/ament_index
[3.173s] creating /mnt/d/prueba/TFG-ROS2/ros2_server_endpoint/install/unity_robotics_demo/share/ament_index/resource_index
[3.178s] creating /mnt/d/prueba/TFG-ROS2/ros2_server_endpoint/install/unity_robotics_demo/share/ament_index/resource_index/packages
[3.195s] copying resource/unity_robotics_demo -> /mnt/d/prueba/TFG-ROS2/ros2_server_endpoint/install/unity_robotics_demo/share/ament_index/resource_index/packages
[3.227s] copying package.xml -> /mnt/d/prueba/TFG-ROS2/ros2_server_endpoint/install/unity_robotics_demo/share/unity_robotics_demo
[3.246s] running install_egg_info
[3.269s] Copying ../../build/unity_robotics_demo/unity_robotics_demo.egg-info to /mnt/d/prueba/TFG-ROS2/ros2_server_endpoint/install/unity_robotics_demo/lib/python3.10/site-packages/unity_robotics_demo-0.0.1-py3.10.egg-info
[3.635s] running install_scripts
[3.753s] Installing color_publisher script to /mnt/d/prueba/TFG-ROS2/ros2_server_endpoint/install/unity_robotics_demo/lib/unity_robotics_demo
[3.767s] Installing position_service script to /mnt/d/prueba/TFG-ROS2/ros2_server_endpoint/install/unity_robotics_demo/lib/unity_robotics_demo
[3.785s] writing list of installed files to '/mnt/d/prueba/TFG-ROS2/ros2_server_endpoint/build/unity_robotics_demo/install.log'
[3.830s] Invoked command in '/mnt/d/prueba/TFG-ROS2/ros2_server_endpoint/src/unity_robotics_demo' returned '0': PYTHONPATH=/mnt/d/prueba/TFG-ROS2/ros2_server_endpoint/build/unity_robotics_demo/prefix_override:/mnt/d/prueba/TFG-ROS2/ros2_server_endpoint/install/unity_robotics_demo/lib/python3.10/site-packages:${PYTHONPATH} /usr/bin/python3 setup.py egg_info --egg-base ../../build/unity_robotics_demo build --build-base /mnt/d/prueba/TFG-ROS2/ros2_server_endpoint/build/unity_robotics_demo/build install --record /mnt/d/prueba/TFG-ROS2/ros2_server_endpoint/build/unity_robotics_demo/install.log --install-scripts $base/lib/unity_robotics_demo --single-version-externally-managed
