[0.494s] DEBUG:colcon:Command line arguments: ['/home/alu0101206011/.local/bin/colcon', 'build']
[0.494s] DEBUG:colcon:Parsed command line arguments: Namespace(log_base=None, log_level=None, verb_name='build', build_base='build', install_base='install', merge_install=False, symlink_install=False, test_result_base=None, continue_on_error=False, executor='parallel', parallel_workers=12, event_handlers=None, ignore_user_meta=False, metas=['./colcon.meta'], base_paths=['.'], packages_ignore=None, packages_ignore_regex=None, paths=None, packages_up_to=None, packages_up_to_regex=None, packages_above=None, packages_above_and_dependencies=None, packages_above_depth=None, packages_select_by_dep=None, packages_skip_by_dep=None, packages_skip_up_to=None, packages_select_build_failed=False, packages_skip_build_finished=False, packages_select_test_failures=False, packages_skip_test_passed=False, packages_select=None, packages_skip=None, packages_select_regex=None, packages_skip_regex=None, packages_start=None, packages_end=None, allow_overriding=[], cmake_args=None, cmake_target=None, cmake_target_skip_unavailable=False, cmake_clean_cache=False, cmake_clean_first=False, cmake_force_configure=False, ament_cmake_args=None, catkin_cmake_args=None, catkin_skip_building_tests=False, verb_parser=<colcon_defaults.argument_parser.defaults.DefaultArgumentsDecorator object at 0x7f0a74998370>, verb_extension=<colcon_core.verb.build.BuildVerb object at 0x7f0a74aab040>, main=<bound method BuildVerb.main of <colcon_core.verb.build.BuildVerb object at 0x7f0a74aab040>>)
[0.531s] Level 1:colcon.colcon_core.package_discovery:discover_packages(colcon_meta) check parameters
[0.532s] Level 1:colcon.colcon_core.package_discovery:discover_packages(recursive) check parameters
[0.532s] Level 1:colcon.colcon_core.package_discovery:discover_packages(ignore) check parameters
[0.533s] Level 1:colcon.colcon_core.package_discovery:discover_packages(path) check parameters
[0.533s] Level 1:colcon.colcon_core.package_discovery:discover_packages(colcon_meta) discover
[0.533s] Level 1:colcon.colcon_core.package_discovery:discover_packages(recursive) discover
[0.534s] INFO:colcon.colcon_core.package_discovery:Crawling recursively for packages in '/mnt/d/prueba/TFG-ROS2/ros2_server_endpoint'
[0.536s] Level 1:colcon.colcon_core.package_identification:_identify(.) by extensions ['ignore', 'ignore_ament_install']
[0.537s] Level 1:colcon.colcon_core.package_identification:_identify(.) by extension 'ignore'
[0.537s] Level 1:colcon.colcon_core.package_identification:_identify(.) by extension 'ignore_ament_install'
[0.538s] Level 1:colcon.colcon_core.package_identification:_identify(.) by extensions ['colcon_pkg']
[0.538s] Level 1:colcon.colcon_core.package_identification:_identify(.) by extension 'colcon_pkg'
[0.539s] Level 1:colcon.colcon_core.package_identification:_identify(.) by extensions ['colcon_meta']
[0.539s] Level 1:colcon.colcon_core.package_identification:_identify(.) by extension 'colcon_meta'
[0.539s] Level 1:colcon.colcon_core.package_identification:_identify(.) by extensions ['ros']
[0.540s] Level 1:colcon.colcon_core.package_identification:_identify(.) by extension 'ros'
[0.551s] Level 1:colcon.colcon_core.package_identification:_identify(.) by extensions ['cmake', 'python']
[0.552s] Level 1:colcon.colcon_core.package_identification:_identify(.) by extension 'cmake'
[0.552s] Level 1:colcon.colcon_core.package_identification:_identify(.) by extension 'python'
[0.553s] Level 1:colcon.colcon_core.package_identification:_identify(.) by extensions ['python_setup_py']
[0.554s] Level 1:colcon.colcon_core.package_identification:_identify(.) by extension 'python_setup_py'
[0.557s] Level 1:colcon.colcon_core.package_identification:_identify(build) by extensions ['ignore', 'ignore_ament_install']
[0.558s] Level 1:colcon.colcon_core.package_identification:_identify(build) by extension 'ignore'
[0.560s] Level 1:colcon.colcon_core.package_identification:_identify(build) ignored
[0.562s] Level 1:colcon.colcon_core.package_identification:_identify(install) by extensions ['ignore', 'ignore_ament_install']
[0.563s] Level 1:colcon.colcon_core.package_identification:_identify(install) by extension 'ignore'
[0.564s] Level 1:colcon.colcon_core.package_identification:_identify(install) ignored
[0.567s] Level 1:colcon.colcon_core.package_identification:_identify(log) by extensions ['ignore', 'ignore_ament_install']
[0.568s] Level 1:colcon.colcon_core.package_identification:_identify(log) by extension 'ignore'
[0.568s] Level 1:colcon.colcon_core.package_identification:_identify(log) ignored
[0.570s] Level 1:colcon.colcon_core.package_identification:_identify(src) by extensions ['ignore', 'ignore_ament_install']
[0.570s] Level 1:colcon.colcon_core.package_identification:_identify(src) by extension 'ignore'
[0.571s] Level 1:colcon.colcon_core.package_identification:_identify(src) by extension 'ignore_ament_install'
[0.572s] Level 1:colcon.colcon_core.package_identification:_identify(src) by extensions ['colcon_pkg']
[0.573s] Level 1:colcon.colcon_core.package_identification:_identify(src) by extension 'colcon_pkg'
[0.573s] Level 1:colcon.colcon_core.package_identification:_identify(src) by extensions ['colcon_meta']
[0.574s] Level 1:colcon.colcon_core.package_identification:_identify(src) by extension 'colcon_meta'
[0.574s] Level 1:colcon.colcon_core.package_identification:_identify(src) by extensions ['ros']
[0.575s] Level 1:colcon.colcon_core.package_identification:_identify(src) by extension 'ros'
[0.577s] Level 1:colcon.colcon_core.package_identification:_identify(src) by extensions ['cmake', 'python']
[0.577s] Level 1:colcon.colcon_core.package_identification:_identify(src) by extension 'cmake'
[0.578s] Level 1:colcon.colcon_core.package_identification:_identify(src) by extension 'python'
[0.579s] Level 1:colcon.colcon_core.package_identification:_identify(src) by extensions ['python_setup_py']
[0.579s] Level 1:colcon.colcon_core.package_identification:_identify(src) by extension 'python_setup_py'
[0.583s] Level 1:colcon.colcon_core.package_identification:_identify(src/ROS-TCP-Endpoint-ROS2v0.7.0) by extensions ['ignore', 'ignore_ament_install']
[0.583s] Level 1:colcon.colcon_core.package_identification:_identify(src/ROS-TCP-Endpoint-ROS2v0.7.0) by extension 'ignore'
[0.584s] Level 1:colcon.colcon_core.package_identification:_identify(src/ROS-TCP-Endpoint-ROS2v0.7.0) by extension 'ignore_ament_install'
[0.586s] Level 1:colcon.colcon_core.package_identification:_identify(src/ROS-TCP-Endpoint-ROS2v0.7.0) by extensions ['colcon_pkg']
[0.586s] Level 1:colcon.colcon_core.package_identification:_identify(src/ROS-TCP-Endpoint-ROS2v0.7.0) by extension 'colcon_pkg'
[0.588s] Level 1:colcon.colcon_core.package_identification:_identify(src/ROS-TCP-Endpoint-ROS2v0.7.0) by extensions ['colcon_meta']
[0.588s] Level 1:colcon.colcon_core.package_identification:_identify(src/ROS-TCP-Endpoint-ROS2v0.7.0) by extension 'colcon_meta'
[0.589s] Level 1:colcon.colcon_core.package_identification:_identify(src/ROS-TCP-Endpoint-ROS2v0.7.0) by extensions ['ros']
[0.589s] Level 1:colcon.colcon_core.package_identification:_identify(src/ROS-TCP-Endpoint-ROS2v0.7.0) by extension 'ros'
[0.602s] DEBUG:colcon.colcon_core.package_identification:Package 'src/ROS-TCP-Endpoint-ROS2v0.7.0' with type 'ros.ament_python' and name 'ros_tcp_endpoint'
[0.606s] Level 1:colcon.colcon_core.package_identification:_identify(src/unity_robotics_demo) by extensions ['ignore', 'ignore_ament_install']
[0.607s] Level 1:colcon.colcon_core.package_identification:_identify(src/unity_robotics_demo) by extension 'ignore'
[0.608s] Level 1:colcon.colcon_core.package_identification:_identify(src/unity_robotics_demo) by extension 'ignore_ament_install'
[0.610s] Level 1:colcon.colcon_core.package_identification:_identify(src/unity_robotics_demo) by extensions ['colcon_pkg']
[0.610s] Level 1:colcon.colcon_core.package_identification:_identify(src/unity_robotics_demo) by extension 'colcon_pkg'
[0.611s] Level 1:colcon.colcon_core.package_identification:_identify(src/unity_robotics_demo) by extensions ['colcon_meta']
[0.611s] Level 1:colcon.colcon_core.package_identification:_identify(src/unity_robotics_demo) by extension 'colcon_meta'
[0.612s] Level 1:colcon.colcon_core.package_identification:_identify(src/unity_robotics_demo) by extensions ['ros']
[0.612s] Level 1:colcon.colcon_core.package_identification:_identify(src/unity_robotics_demo) by extension 'ros'
[0.623s] DEBUG:colcon.colcon_core.package_identification:Package 'src/unity_robotics_demo' with type 'ros.ament_python' and name 'unity_robotics_demo'
[0.627s] Level 1:colcon.colcon_core.package_identification:_identify(src/unity_robotics_demo_msgs) by extensions ['ignore', 'ignore_ament_install']
[0.627s] Level 1:colcon.colcon_core.package_identification:_identify(src/unity_robotics_demo_msgs) by extension 'ignore'
[0.628s] Level 1:colcon.colcon_core.package_identification:_identify(src/unity_robotics_demo_msgs) by extension 'ignore_ament_install'
[0.630s] Level 1:colcon.colcon_core.package_identification:_identify(src/unity_robotics_demo_msgs) by extensions ['colcon_pkg']
[0.630s] Level 1:colcon.colcon_core.package_identification:_identify(src/unity_robotics_demo_msgs) by extension 'colcon_pkg'
[0.631s] Level 1:colcon.colcon_core.package_identification:_identify(src/unity_robotics_demo_msgs) by extensions ['colcon_meta']
[0.631s] Level 1:colcon.colcon_core.package_identification:_identify(src/unity_robotics_demo_msgs) by extension 'colcon_meta'
[0.633s] Level 1:colcon.colcon_core.package_identification:_identify(src/unity_robotics_demo_msgs) by extensions ['ros']
[0.633s] Level 1:colcon.colcon_core.package_identification:_identify(src/unity_robotics_demo_msgs) by extension 'ros'
[0.644s] DEBUG:colcon.colcon_core.package_identification:Package 'src/unity_robotics_demo_msgs' with type 'ros.ament_cmake' and name 'unity_robotics_demo_msgs'
[0.644s] Level 1:colcon.colcon_core.package_discovery:discover_packages(recursive) using defaults
[0.645s] Level 1:colcon.colcon_core.package_discovery:discover_packages(ignore) discover
[0.645s] Level 1:colcon.colcon_core.package_discovery:discover_packages(ignore) using defaults
[0.645s] Level 1:colcon.colcon_core.package_discovery:discover_packages(path) discover
[0.645s] Level 1:colcon.colcon_core.package_discovery:discover_packages(path) using defaults
[0.697s] Level 1:colcon.colcon_core.package_discovery:discover_packages(prefix_path) check parameters
[0.697s] Level 1:colcon.colcon_core.package_discovery:discover_packages(prefix_path) discover
[0.705s] DEBUG:colcon.colcon_installed_package_information.package_discovery:Found 271 installed packages in /opt/ros/humble
[0.706s] Level 1:colcon.colcon_core.package_discovery:discover_packages(prefix_path) using defaults
[0.769s] Level 5:colcon.colcon_core.verb:set package 'ros_tcp_endpoint' build argument 'cmake_args' from command line to 'None'
[0.770s] Level 5:colcon.colcon_core.verb:set package 'ros_tcp_endpoint' build argument 'cmake_target' from command line to 'None'
[0.770s] Level 5:colcon.colcon_core.verb:set package 'ros_tcp_endpoint' build argument 'cmake_target_skip_unavailable' from command line to 'False'
[0.770s] Level 5:colcon.colcon_core.verb:set package 'ros_tcp_endpoint' build argument 'cmake_clean_cache' from command line to 'False'
[0.771s] Level 5:colcon.colcon_core.verb:set package 'ros_tcp_endpoint' build argument 'cmake_clean_first' from command line to 'False'
[0.771s] Level 5:colcon.colcon_core.verb:set package 'ros_tcp_endpoint' build argument 'cmake_force_configure' from command line to 'False'
[0.771s] Level 5:colcon.colcon_core.verb:set package 'ros_tcp_endpoint' build argument 'ament_cmake_args' from command line to 'None'
[0.771s] Level 5:colcon.colcon_core.verb:set package 'ros_tcp_endpoint' build argument 'catkin_cmake_args' from command line to 'None'
[0.771s] Level 5:colcon.colcon_core.verb:set package 'ros_tcp_endpoint' build argument 'catkin_skip_building_tests' from command line to 'False'
[0.772s] DEBUG:colcon.colcon_core.verb:Building package 'ros_tcp_endpoint' with the following arguments: {'ament_cmake_args': None, 'build_base': '/mnt/d/prueba/TFG-ROS2/ros2_server_endpoint/build/ros_tcp_endpoint', 'catkin_cmake_args': None, 'catkin_skip_building_tests': False, 'cmake_args': None, 'cmake_clean_cache': False, 'cmake_clean_first': False, 'cmake_force_configure': False, 'cmake_target': None, 'cmake_target_skip_unavailable': False, 'install_base': '/mnt/d/prueba/TFG-ROS2/ros2_server_endpoint/install/ros_tcp_endpoint', 'merge_install': False, 'path': '/mnt/d/prueba/TFG-ROS2/ros2_server_endpoint/src/ROS-TCP-Endpoint-ROS2v0.7.0', 'symlink_install': False, 'test_result_base': None}
[0.778s] Level 5:colcon.colcon_core.verb:set package 'unity_robotics_demo' build argument 'cmake_args' from command line to 'None'
[0.778s] Level 5:colcon.colcon_core.verb:set package 'unity_robotics_demo' build argument 'cmake_target' from command line to 'None'
[0.778s] Level 5:colcon.colcon_core.verb:set package 'unity_robotics_demo' build argument 'cmake_target_skip_unavailable' from command line to 'False'
[0.779s] Level 5:colcon.colcon_core.verb:set package 'unity_robotics_demo' build argument 'cmake_clean_cache' from command line to 'False'
[0.779s] Level 5:colcon.colcon_core.verb:set package 'unity_robotics_demo' build argument 'cmake_clean_first' from command line to 'False'
[0.779s] Level 5:colcon.colcon_core.verb:set package 'unity_robotics_demo' build argument 'cmake_force_configure' from command line to 'False'
[0.779s] Level 5:colcon.colcon_core.verb:set package 'unity_robotics_demo' build argument 'ament_cmake_args' from command line to 'None'
[0.780s] Level 5:colcon.colcon_core.verb:set package 'unity_robotics_demo' build argument 'catkin_cmake_args' from command line to 'None'
[0.780s] Level 5:colcon.colcon_core.verb:set package 'unity_robotics_demo' build argument 'catkin_skip_building_tests' from command line to 'False'
[0.780s] DEBUG:colcon.colcon_core.verb:Building package 'unity_robotics_demo' with the following arguments: {'ament_cmake_args': None, 'build_base': '/mnt/d/prueba/TFG-ROS2/ros2_server_endpoint/build/unity_robotics_demo', 'catkin_cmake_args': None, 'catkin_skip_building_tests': False, 'cmake_args': None, 'cmake_clean_cache': False, 'cmake_clean_first': False, 'cmake_force_configure': False, 'cmake_target': None, 'cmake_target_skip_unavailable': False, 'install_base': '/mnt/d/prueba/TFG-ROS2/ros2_server_endpoint/install/unity_robotics_demo', 'merge_install': False, 'path': '/mnt/d/prueba/TFG-ROS2/ros2_server_endpoint/src/unity_robotics_demo', 'symlink_install': False, 'test_result_base': None}
[0.786s] Level 5:colcon.colcon_core.verb:set package 'unity_robotics_demo_msgs' build argument 'cmake_args' from command line to 'None'
[0.787s] Level 5:colcon.colcon_core.verb:set package 'unity_robotics_demo_msgs' build argument 'cmake_target' from command line to 'None'
[0.787s] Level 5:colcon.colcon_core.verb:set package 'unity_robotics_demo_msgs' build argument 'cmake_target_skip_unavailable' from command line to 'False'
[0.787s] Level 5:colcon.colcon_core.verb:set package 'unity_robotics_demo_msgs' build argument 'cmake_clean_cache' from command line to 'False'
[0.788s] Level 5:colcon.colcon_core.verb:set package 'unity_robotics_demo_msgs' build argument 'cmake_clean_first' from command line to 'False'
[0.788s] Level 5:colcon.colcon_core.verb:set package 'unity_robotics_demo_msgs' build argument 'cmake_force_configure' from command line to 'False'
[0.788s] Level 5:colcon.colcon_core.verb:set package 'unity_robotics_demo_msgs' build argument 'ament_cmake_args' from command line to 'None'
[0.788s] Level 5:colcon.colcon_core.verb:set package 'unity_robotics_demo_msgs' build argument 'catkin_cmake_args' from command line to 'None'
[0.788s] Level 5:colcon.colcon_core.verb:set package 'unity_robotics_demo_msgs' build argument 'catkin_skip_building_tests' from command line to 'False'
[0.789s] DEBUG:colcon.colcon_core.verb:Building package 'unity_robotics_demo_msgs' with the following arguments: {'ament_cmake_args': None, 'build_base': '/mnt/d/prueba/TFG-ROS2/ros2_server_endpoint/build/unity_robotics_demo_msgs', 'catkin_cmake_args': None, 'catkin_skip_building_tests': False, 'cmake_args': None, 'cmake_clean_cache': False, 'cmake_clean_first': False, 'cmake_force_configure': False, 'cmake_target': None, 'cmake_target_skip_unavailable': False, 'install_base': '/mnt/d/prueba/TFG-ROS2/ros2_server_endpoint/install/unity_robotics_demo_msgs', 'merge_install': False, 'path': '/mnt/d/prueba/TFG-ROS2/ros2_server_endpoint/src/unity_robotics_demo_msgs', 'symlink_install': False, 'test_result_base': None}
[0.790s] INFO:colcon.colcon_core.executor:Executing jobs using 'parallel' executor
[0.801s] DEBUG:colcon.colcon_parallel_executor.executor.parallel:run_until_complete
[0.802s] INFO:colcon.colcon_ros.task.ament_python.build:Building ROS package in '/mnt/d/prueba/TFG-ROS2/ros2_server_endpoint/src/ROS-TCP-Endpoint-ROS2v0.7.0' with build type 'ament_python'
[0.802s] Level 1:colcon.colcon_core.shell:create_environment_hook('ros_tcp_endpoint', 'ament_prefix_path')
[0.812s] INFO:colcon.colcon_core.plugin_system:Skipping extension 'colcon_core.shell.bat': Not used on non-Windows systems
[0.812s] INFO:colcon.colcon_core.shell:Creating environment hook '/mnt/d/prueba/TFG-ROS2/ros2_server_endpoint/install/ros_tcp_endpoint/share/ros_tcp_endpoint/hook/ament_prefix_path.ps1'
[0.828s] INFO:colcon.colcon_core.shell:Creating environment descriptor '/mnt/d/prueba/TFG-ROS2/ros2_server_endpoint/install/ros_tcp_endpoint/share/ros_tcp_endpoint/hook/ament_prefix_path.dsv'
[0.844s] INFO:colcon.colcon_core.shell:Creating environment hook '/mnt/d/prueba/TFG-ROS2/ros2_server_endpoint/install/ros_tcp_endpoint/share/ros_tcp_endpoint/hook/ament_prefix_path.sh'
[0.861s] INFO:colcon.colcon_core.shell:Skip shell extension 'powershell' for command environment: Not usable outside of PowerShell
[0.861s] DEBUG:colcon.colcon_core.shell:Skip shell extension 'dsv' for command environment
[0.876s] INFO:colcon.colcon_ros.task.ament_python.build:Building ROS package in '/mnt/d/prueba/TFG-ROS2/ros2_server_endpoint/src/unity_robotics_demo' with build type 'ament_python'
[0.877s] Level 1:colcon.colcon_core.shell:create_environment_hook('unity_robotics_demo', 'ament_prefix_path')
[0.881s] INFO:colcon.colcon_core.shell:Creating environment hook '/mnt/d/prueba/TFG-ROS2/ros2_server_endpoint/install/unity_robotics_demo/share/unity_robotics_demo/hook/ament_prefix_path.ps1'
[0.896s] INFO:colcon.colcon_core.shell:Creating environment descriptor '/mnt/d/prueba/TFG-ROS2/ros2_server_endpoint/install/unity_robotics_demo/share/unity_robotics_demo/hook/ament_prefix_path.dsv'
[0.909s] INFO:colcon.colcon_core.shell:Creating environment hook '/mnt/d/prueba/TFG-ROS2/ros2_server_endpoint/install/unity_robotics_demo/share/unity_robotics_demo/hook/ament_prefix_path.sh'
[0.925s] INFO:colcon.colcon_core.shell:Skip shell extension 'powershell' for command environment: Not usable outside of PowerShell
[0.925s] DEBUG:colcon.colcon_core.shell:Skip shell extension 'dsv' for command environment
[0.943s] INFO:colcon.colcon_ros.task.ament_cmake.build:Building ROS package in '/mnt/d/prueba/TFG-ROS2/ros2_server_endpoint/src/unity_robotics_demo_msgs' with build type 'ament_cmake'
[0.943s] INFO:colcon.colcon_cmake.task.cmake.build:Building CMake package in '/mnt/d/prueba/TFG-ROS2/ros2_server_endpoint/src/unity_robotics_demo_msgs'
[0.948s] INFO:colcon.colcon_core.shell:Skip shell extension 'powershell' for command environment: Not usable outside of PowerShell
[0.948s] DEBUG:colcon.colcon_core.shell:Skip shell extension 'dsv' for command environment
[1.243s] INFO:colcon.colcon_core.task.python.build:Building Python package in '/mnt/d/prueba/TFG-ROS2/ros2_server_endpoint/src/ROS-TCP-Endpoint-ROS2v0.7.0'
[1.247s] INFO:colcon.colcon_core.shell:Skip shell extension 'powershell' for command environment: Not usable outside of PowerShell
[1.247s] DEBUG:colcon.colcon_core.shell:Skip shell extension 'dsv' for command environment
[1.526s] INFO:colcon.colcon_core.task.python.build:Building Python package in '/mnt/d/prueba/TFG-ROS2/ros2_server_endpoint/src/unity_robotics_demo'
[1.531s] INFO:colcon.colcon_core.shell:Skip shell extension 'powershell' for command environment: Not usable outside of PowerShell
[1.531s] DEBUG:colcon.colcon_core.shell:Skip shell extension 'dsv' for command environment
[1.573s] DEBUG:colcon.colcon_core.event_handler.log_command:Invoking command in '/mnt/d/prueba/TFG-ROS2/ros2_server_endpoint/build/unity_robotics_demo_msgs': CMAKE_PREFIX_PATH=/opt/ros/humble /usr/bin/cmake /mnt/d/prueba/TFG-ROS2/ros2_server_endpoint/src/unity_robotics_demo_msgs -DCMAKE_INSTALL_PREFIX=/mnt/d/prueba/TFG-ROS2/ros2_server_endpoint/install/unity_robotics_demo_msgs
[2.521s] DEBUG:colcon.colcon_core.event_handler.log_command:Invoking command in '/mnt/d/prueba/TFG-ROS2/ros2_server_endpoint/src/ROS-TCP-Endpoint-ROS2v0.7.0': PYTHONPATH=/mnt/d/prueba/TFG-ROS2/ros2_server_endpoint/build/ros_tcp_endpoint/prefix_override:/mnt/d/prueba/TFG-ROS2/ros2_server_endpoint/install/ros_tcp_endpoint/lib/python3.10/site-packages:${PYTHONPATH} /usr/bin/python3 setup.py egg_info --egg-base ../../build/ros_tcp_endpoint build --build-base /mnt/d/prueba/TFG-ROS2/ros2_server_endpoint/build/ros_tcp_endpoint/build install --record /mnt/d/prueba/TFG-ROS2/ros2_server_endpoint/build/ros_tcp_endpoint/install.log --single-version-externally-managed
[2.534s] DEBUG:colcon.colcon_core.event_handler.log_command:Invoking command in '/mnt/d/prueba/TFG-ROS2/ros2_server_endpoint/src/unity_robotics_demo': PYTHONPATH=/mnt/d/prueba/TFG-ROS2/ros2_server_endpoint/build/unity_robotics_demo/prefix_override:/mnt/d/prueba/TFG-ROS2/ros2_server_endpoint/install/unity_robotics_demo/lib/python3.10/site-packages:${PYTHONPATH} /usr/bin/python3 setup.py egg_info --egg-base ../../build/unity_robotics_demo build --build-base /mnt/d/prueba/TFG-ROS2/ros2_server_endpoint/build/unity_robotics_demo/build install --record /mnt/d/prueba/TFG-ROS2/ros2_server_endpoint/build/unity_robotics_demo/install.log --install-scripts $base/lib/unity_robotics_demo --single-version-externally-managed
[4.707s] DEBUG:colcon.colcon_core.event_handler.log_command:Invoked command in '/mnt/d/prueba/TFG-ROS2/ros2_server_endpoint/src/unity_robotics_demo' returned '0': PYTHONPATH=/mnt/d/prueba/TFG-ROS2/ros2_server_endpoint/build/unity_robotics_demo/prefix_override:/mnt/d/prueba/TFG-ROS2/ros2_server_endpoint/install/unity_robotics_demo/lib/python3.10/site-packages:${PYTHONPATH} /usr/bin/python3 setup.py egg_info --egg-base ../../build/unity_robotics_demo build --build-base /mnt/d/prueba/TFG-ROS2/ros2_server_endpoint/build/unity_robotics_demo/build install --record /mnt/d/prueba/TFG-ROS2/ros2_server_endpoint/build/unity_robotics_demo/install.log --install-scripts $base/lib/unity_robotics_demo --single-version-externally-managed
[4.713s] Level 1:colcon.colcon_core.environment:checking '/mnt/d/prueba/TFG-ROS2/ros2_server_endpoint/install/unity_robotics_demo' for CMake module files
[4.763s] Level 1:colcon.colcon_core.environment:checking '/mnt/d/prueba/TFG-ROS2/ros2_server_endpoint/install/unity_robotics_demo' for CMake config files
[4.862s] Level 1:colcon.colcon_core.environment:checking '/mnt/d/prueba/TFG-ROS2/ros2_server_endpoint/install/unity_robotics_demo/lib'
[4.868s] Level 1:colcon.colcon_core.environment:checking '/mnt/d/prueba/TFG-ROS2/ros2_server_endpoint/install/unity_robotics_demo/bin'
[4.870s] Level 1:colcon.colcon_core.environment:checking '/mnt/d/prueba/TFG-ROS2/ros2_server_endpoint/install/unity_robotics_demo/lib/pkgconfig/unity_robotics_demo.pc'
[4.873s] Level 1:colcon.colcon_core.environment:checking '/mnt/d/prueba/TFG-ROS2/ros2_server_endpoint/install/unity_robotics_demo/lib/python3.10/site-packages'
[4.877s] Level 1:colcon.colcon_core.shell:create_environment_hook('unity_robotics_demo', 'pythonpath')
[4.883s] INFO:colcon.colcon_core.shell:Creating environment hook '/mnt/d/prueba/TFG-ROS2/ros2_server_endpoint/install/unity_robotics_demo/share/unity_robotics_demo/hook/pythonpath.ps1'
[4.899s] INFO:colcon.colcon_core.shell:Creating environment descriptor '/mnt/d/prueba/TFG-ROS2/ros2_server_endpoint/install/unity_robotics_demo/share/unity_robotics_demo/hook/pythonpath.dsv'
[4.917s] INFO:colcon.colcon_core.shell:Creating environment hook '/mnt/d/prueba/TFG-ROS2/ros2_server_endpoint/install/unity_robotics_demo/share/unity_robotics_demo/hook/pythonpath.sh'
[4.934s] Level 1:colcon.colcon_core.environment:checking '/mnt/d/prueba/TFG-ROS2/ros2_server_endpoint/install/unity_robotics_demo/bin'
[4.936s] Level 1:colcon.colcon_core.environment:create_environment_scripts_only(unity_robotics_demo)
[4.944s] INFO:colcon.colcon_core.shell:Creating package script '/mnt/d/prueba/TFG-ROS2/ros2_server_endpoint/install/unity_robotics_demo/share/unity_robotics_demo/package.ps1'
[4.958s] INFO:colcon.colcon_core.shell:Creating package descriptor '/mnt/d/prueba/TFG-ROS2/ros2_server_endpoint/install/unity_robotics_demo/share/unity_robotics_demo/package.dsv'
[4.973s] INFO:colcon.colcon_core.shell:Creating package script '/mnt/d/prueba/TFG-ROS2/ros2_server_endpoint/install/unity_robotics_demo/share/unity_robotics_demo/package.sh'
[4.985s] INFO:colcon.colcon_core.shell:Creating package script '/mnt/d/prueba/TFG-ROS2/ros2_server_endpoint/install/unity_robotics_demo/share/unity_robotics_demo/package.bash'
[4.999s] INFO:colcon.colcon_core.shell:Creating package script '/mnt/d/prueba/TFG-ROS2/ros2_server_endpoint/install/unity_robotics_demo/share/unity_robotics_demo/package.zsh'
[5.015s] Level 1:colcon.colcon_core.environment:create_file_with_runtime_dependencies(/mnt/d/prueba/TFG-ROS2/ros2_server_endpoint/install/unity_robotics_demo/share/colcon-core/packages/unity_robotics_demo)
[5.963s] Level 1:colcon.colcon_core.environment:checking '/mnt/d/prueba/TFG-ROS2/ros2_server_endpoint/install/ros_tcp_endpoint' for CMake module files
[5.965s] DEBUG:colcon.colcon_core.event_handler.log_command:Invoked command in '/mnt/d/prueba/TFG-ROS2/ros2_server_endpoint/src/ROS-TCP-Endpoint-ROS2v0.7.0' returned '0': PYTHONPATH=/mnt/d/prueba/TFG-ROS2/ros2_server_endpoint/build/ros_tcp_endpoint/prefix_override:/mnt/d/prueba/TFG-ROS2/ros2_server_endpoint/install/ros_tcp_endpoint/lib/python3.10/site-packages:${PYTHONPATH} /usr/bin/python3 setup.py egg_info --egg-base ../../build/ros_tcp_endpoint build --build-base /mnt/d/prueba/TFG-ROS2/ros2_server_endpoint/build/ros_tcp_endpoint/build install --record /mnt/d/prueba/TFG-ROS2/ros2_server_endpoint/build/ros_tcp_endpoint/install.log --single-version-externally-managed
[6.017s] Level 1:colcon.colcon_core.environment:checking '/mnt/d/prueba/TFG-ROS2/ros2_server_endpoint/install/ros_tcp_endpoint' for CMake config files
[6.123s] Level 1:colcon.colcon_core.environment:checking '/mnt/d/prueba/TFG-ROS2/ros2_server_endpoint/install/ros_tcp_endpoint/lib'
[6.129s] Level 1:colcon.colcon_core.environment:checking '/mnt/d/prueba/TFG-ROS2/ros2_server_endpoint/install/ros_tcp_endpoint/bin'
[6.131s] Level 1:colcon.colcon_core.environment:checking '/mnt/d/prueba/TFG-ROS2/ros2_server_endpoint/install/ros_tcp_endpoint/lib/pkgconfig/ros_tcp_endpoint.pc'
[6.134s] Level 1:colcon.colcon_core.environment:checking '/mnt/d/prueba/TFG-ROS2/ros2_server_endpoint/install/ros_tcp_endpoint/lib/python3.10/site-packages'
[6.139s] Level 1:colcon.colcon_core.shell:create_environment_hook('ros_tcp_endpoint', 'pythonpath')
[6.146s] INFO:colcon.colcon_core.shell:Creating environment hook '/mnt/d/prueba/TFG-ROS2/ros2_server_endpoint/install/ros_tcp_endpoint/share/ros_tcp_endpoint/hook/pythonpath.ps1'
[6.164s] INFO:colcon.colcon_core.shell:Creating environment descriptor '/mnt/d/prueba/TFG-ROS2/ros2_server_endpoint/install/ros_tcp_endpoint/share/ros_tcp_endpoint/hook/pythonpath.dsv'
[6.183s] INFO:colcon.colcon_core.shell:Creating environment hook '/mnt/d/prueba/TFG-ROS2/ros2_server_endpoint/install/ros_tcp_endpoint/share/ros_tcp_endpoint/hook/pythonpath.sh'
[6.202s] Level 1:colcon.colcon_core.environment:checking '/mnt/d/prueba/TFG-ROS2/ros2_server_endpoint/install/ros_tcp_endpoint/bin'
[6.204s] Level 1:colcon.colcon_core.environment:create_environment_scripts_only(ros_tcp_endpoint)
[6.210s] INFO:colcon.colcon_core.shell:Creating package script '/mnt/d/prueba/TFG-ROS2/ros2_server_endpoint/install/ros_tcp_endpoint/share/ros_tcp_endpoint/package.ps1'
[6.226s] INFO:colcon.colcon_core.shell:Creating package descriptor '/mnt/d/prueba/TFG-ROS2/ros2_server_endpoint/install/ros_tcp_endpoint/share/ros_tcp_endpoint/package.dsv'
[6.244s] INFO:colcon.colcon_core.shell:Creating package script '/mnt/d/prueba/TFG-ROS2/ros2_server_endpoint/install/ros_tcp_endpoint/share/ros_tcp_endpoint/package.sh'
[6.263s] INFO:colcon.colcon_core.shell:Creating package script '/mnt/d/prueba/TFG-ROS2/ros2_server_endpoint/install/ros_tcp_endpoint/share/ros_tcp_endpoint/package.bash'
[6.281s] INFO:colcon.colcon_core.shell:Creating package script '/mnt/d/prueba/TFG-ROS2/ros2_server_endpoint/install/ros_tcp_endpoint/share/ros_tcp_endpoint/package.zsh'
[6.297s] Level 1:colcon.colcon_core.environment:create_file_with_runtime_dependencies(/mnt/d/prueba/TFG-ROS2/ros2_server_endpoint/install/ros_tcp_endpoint/share/colcon-core/packages/ros_tcp_endpoint)
[16.547s] DEBUG:colcon.colcon_core.event_handler.log_command:Invoked command in '/mnt/d/prueba/TFG-ROS2/ros2_server_endpoint/build/unity_robotics_demo_msgs' returned '0': CMAKE_PREFIX_PATH=/opt/ros/humble /usr/bin/cmake /mnt/d/prueba/TFG-ROS2/ros2_server_endpoint/src/unity_robotics_demo_msgs -DCMAKE_INSTALL_PREFIX=/mnt/d/prueba/TFG-ROS2/ros2_server_endpoint/install/unity_robotics_demo_msgs
[16.559s] DEBUG:colcon.colcon_core.event_handler.log_command:Invoking command in '/mnt/d/prueba/TFG-ROS2/ros2_server_endpoint/build/unity_robotics_demo_msgs': CMAKE_PREFIX_PATH=/opt/ros/humble /usr/bin/cmake --build /mnt/d/prueba/TFG-ROS2/ros2_server_endpoint/build/unity_robotics_demo_msgs -- -j12 -l12
[27.698s] DEBUG:colcon.colcon_core.event_handler.log_command:Invoked command in '/mnt/d/prueba/TFG-ROS2/ros2_server_endpoint/build/unity_robotics_demo_msgs' returned '0': CMAKE_PREFIX_PATH=/opt/ros/humble /usr/bin/cmake --build /mnt/d/prueba/TFG-ROS2/ros2_server_endpoint/build/unity_robotics_demo_msgs -- -j12 -l12
[27.919s] DEBUG:colcon.colcon_core.event_handler.log_command:Invoking command in '/mnt/d/prueba/TFG-ROS2/ros2_server_endpoint/build/unity_robotics_demo_msgs': CMAKE_PREFIX_PATH=/opt/ros/humble /usr/bin/cmake --install /mnt/d/prueba/TFG-ROS2/ros2_server_endpoint/build/unity_robotics_demo_msgs
[43.447s] Level 1:colcon.colcon_core.environment:create_environment_scripts_only(unity_robotics_demo_msgs)
[43.453s] Level 1:colcon.colcon_core.environment:checking '/mnt/d/prueba/TFG-ROS2/ros2_server_endpoint/install/unity_robotics_demo_msgs' for CMake module files
[43.454s] DEBUG:colcon.colcon_core.event_handler.log_command:Invoked command in '/mnt/d/prueba/TFG-ROS2/ros2_server_endpoint/build/unity_robotics_demo_msgs' returned '0': CMAKE_PREFIX_PATH=/opt/ros/humble /usr/bin/cmake --install /mnt/d/prueba/TFG-ROS2/ros2_server_endpoint/build/unity_robotics_demo_msgs
[43.673s] Level 1:colcon.colcon_core.environment:checking '/mnt/d/prueba/TFG-ROS2/ros2_server_endpoint/install/unity_robotics_demo_msgs' for CMake config files
[43.892s] Level 1:colcon.colcon_core.shell:create_environment_hook('unity_robotics_demo_msgs', 'cmake_prefix_path')
[43.898s] INFO:colcon.colcon_core.shell:Creating environment hook '/mnt/d/prueba/TFG-ROS2/ros2_server_endpoint/install/unity_robotics_demo_msgs/share/unity_robotics_demo_msgs/hook/cmake_prefix_path.ps1'
[43.915s] INFO:colcon.colcon_core.shell:Creating environment descriptor '/mnt/d/prueba/TFG-ROS2/ros2_server_endpoint/install/unity_robotics_demo_msgs/share/unity_robotics_demo_msgs/hook/cmake_prefix_path.dsv'
[43.931s] INFO:colcon.colcon_core.shell:Creating environment hook '/mnt/d/prueba/TFG-ROS2/ros2_server_endpoint/install/unity_robotics_demo_msgs/share/unity_robotics_demo_msgs/hook/cmake_prefix_path.sh'
[43.954s] Level 1:colcon.colcon_core.environment:checking '/mnt/d/prueba/TFG-ROS2/ros2_server_endpoint/install/unity_robotics_demo_msgs/lib'
[43.960s] Level 1:colcon.colcon_core.shell:create_environment_hook('unity_robotics_demo_msgs', 'ld_library_path_lib')
[43.966s] INFO:colcon.colcon_core.shell:Creating environment hook '/mnt/d/prueba/TFG-ROS2/ros2_server_endpoint/install/unity_robotics_demo_msgs/share/unity_robotics_demo_msgs/hook/ld_library_path_lib.ps1'
[43.984s] INFO:colcon.colcon_core.shell:Creating environment descriptor '/mnt/d/prueba/TFG-ROS2/ros2_server_endpoint/install/unity_robotics_demo_msgs/share/unity_robotics_demo_msgs/hook/ld_library_path_lib.dsv'
[44.003s] INFO:colcon.colcon_core.shell:Creating environment hook '/mnt/d/prueba/TFG-ROS2/ros2_server_endpoint/install/unity_robotics_demo_msgs/share/unity_robotics_demo_msgs/hook/ld_library_path_lib.sh'
[44.020s] Level 1:colcon.colcon_core.environment:checking '/mnt/d/prueba/TFG-ROS2/ros2_server_endpoint/install/unity_robotics_demo_msgs/bin'
[44.022s] Level 1:colcon.colcon_core.environment:checking '/mnt/d/prueba/TFG-ROS2/ros2_server_endpoint/install/unity_robotics_demo_msgs/lib/pkgconfig/unity_robotics_demo_msgs.pc'
[44.025s] Level 1:colcon.colcon_core.environment:checking '/mnt/d/prueba/TFG-ROS2/ros2_server_endpoint/install/unity_robotics_demo_msgs/lib/python3.10/site-packages'
[44.028s] Level 1:colcon.colcon_core.environment:checking '/mnt/d/prueba/TFG-ROS2/ros2_server_endpoint/install/unity_robotics_demo_msgs/bin'
[44.036s] INFO:colcon.colcon_core.shell:Creating package script '/mnt/d/prueba/TFG-ROS2/ros2_server_endpoint/install/unity_robotics_demo_msgs/share/unity_robotics_demo_msgs/package.ps1'
[44.050s] INFO:colcon.colcon_core.shell:Creating package descriptor '/mnt/d/prueba/TFG-ROS2/ros2_server_endpoint/install/unity_robotics_demo_msgs/share/unity_robotics_demo_msgs/package.dsv'
[44.067s] INFO:colcon.colcon_core.shell:Creating package script '/mnt/d/prueba/TFG-ROS2/ros2_server_endpoint/install/unity_robotics_demo_msgs/share/unity_robotics_demo_msgs/package.sh'
[44.084s] INFO:colcon.colcon_core.shell:Creating package script '/mnt/d/prueba/TFG-ROS2/ros2_server_endpoint/install/unity_robotics_demo_msgs/share/unity_robotics_demo_msgs/package.bash'
[44.098s] INFO:colcon.colcon_core.shell:Creating package script '/mnt/d/prueba/TFG-ROS2/ros2_server_endpoint/install/unity_robotics_demo_msgs/share/unity_robotics_demo_msgs/package.zsh'
[44.113s] Level 1:colcon.colcon_core.environment:create_file_with_runtime_dependencies(/mnt/d/prueba/TFG-ROS2/ros2_server_endpoint/install/unity_robotics_demo_msgs/share/colcon-core/packages/unity_robotics_demo_msgs)
[44.336s] Level 1:colcon.colcon_core.environment:create_environment_scripts_only(unity_robotics_demo_msgs)
[44.343s] Level 1:colcon.colcon_core.environment:checking '/mnt/d/prueba/TFG-ROS2/ros2_server_endpoint/install/unity_robotics_demo_msgs' for CMake module files
[44.582s] Level 1:colcon.colcon_core.environment:checking '/mnt/d/prueba/TFG-ROS2/ros2_server_endpoint/install/unity_robotics_demo_msgs' for CMake config files
[44.811s] Level 1:colcon.colcon_core.shell:create_environment_hook('unity_robotics_demo_msgs', 'cmake_prefix_path')
[44.816s] INFO:colcon.colcon_core.shell:Creating environment hook '/mnt/d/prueba/TFG-ROS2/ros2_server_endpoint/install/unity_robotics_demo_msgs/share/unity_robotics_demo_msgs/hook/cmake_prefix_path.ps1'
[44.834s] INFO:colcon.colcon_core.shell:Creating environment descriptor '/mnt/d/prueba/TFG-ROS2/ros2_server_endpoint/install/unity_robotics_demo_msgs/share/unity_robotics_demo_msgs/hook/cmake_prefix_path.dsv'
[44.849s] INFO:colcon.colcon_core.shell:Creating environment hook '/mnt/d/prueba/TFG-ROS2/ros2_server_endpoint/install/unity_robotics_demo_msgs/share/unity_robotics_demo_msgs/hook/cmake_prefix_path.sh'
[44.869s] Level 1:colcon.colcon_core.environment:checking '/mnt/d/prueba/TFG-ROS2/ros2_server_endpoint/install/unity_robotics_demo_msgs/lib'
[44.874s] Level 1:colcon.colcon_core.shell:create_environment_hook('unity_robotics_demo_msgs', 'ld_library_path_lib')
[44.879s] INFO:colcon.colcon_core.shell:Creating environment hook '/mnt/d/prueba/TFG-ROS2/ros2_server_endpoint/install/unity_robotics_demo_msgs/share/unity_robotics_demo_msgs/hook/ld_library_path_lib.ps1'
[44.895s] INFO:colcon.colcon_core.shell:Creating environment descriptor '/mnt/d/prueba/TFG-ROS2/ros2_server_endpoint/install/unity_robotics_demo_msgs/share/unity_robotics_demo_msgs/hook/ld_library_path_lib.dsv'
[44.911s] INFO:colcon.colcon_core.shell:Creating environment hook '/mnt/d/prueba/TFG-ROS2/ros2_server_endpoint/install/unity_robotics_demo_msgs/share/unity_robotics_demo_msgs/hook/ld_library_path_lib.sh'
[44.927s] Level 1:colcon.colcon_core.environment:checking '/mnt/d/prueba/TFG-ROS2/ros2_server_endpoint/install/unity_robotics_demo_msgs/bin'
[44.929s] Level 1:colcon.colcon_core.environment:checking '/mnt/d/prueba/TFG-ROS2/ros2_server_endpoint/install/unity_robotics_demo_msgs/lib/pkgconfig/unity_robotics_demo_msgs.pc'
[44.931s] Level 1:colcon.colcon_core.environment:checking '/mnt/d/prueba/TFG-ROS2/ros2_server_endpoint/install/unity_robotics_demo_msgs/lib/python3.10/site-packages'
[44.934s] Level 1:colcon.colcon_core.environment:checking '/mnt/d/prueba/TFG-ROS2/ros2_server_endpoint/install/unity_robotics_demo_msgs/bin'
[44.940s] INFO:colcon.colcon_core.shell:Creating package script '/mnt/d/prueba/TFG-ROS2/ros2_server_endpoint/install/unity_robotics_demo_msgs/share/unity_robotics_demo_msgs/package.ps1'
[44.955s] INFO:colcon.colcon_core.shell:Creating package descriptor '/mnt/d/prueba/TFG-ROS2/ros2_server_endpoint/install/unity_robotics_demo_msgs/share/unity_robotics_demo_msgs/package.dsv'
[44.969s] INFO:colcon.colcon_core.shell:Creating package script '/mnt/d/prueba/TFG-ROS2/ros2_server_endpoint/install/unity_robotics_demo_msgs/share/unity_robotics_demo_msgs/package.sh'
[44.982s] INFO:colcon.colcon_core.shell:Creating package script '/mnt/d/prueba/TFG-ROS2/ros2_server_endpoint/install/unity_robotics_demo_msgs/share/unity_robotics_demo_msgs/package.bash'
[44.997s] INFO:colcon.colcon_core.shell:Creating package script '/mnt/d/prueba/TFG-ROS2/ros2_server_endpoint/install/unity_robotics_demo_msgs/share/unity_robotics_demo_msgs/package.zsh'
[45.012s] Level 1:colcon.colcon_core.environment:create_file_with_runtime_dependencies(/mnt/d/prueba/TFG-ROS2/ros2_server_endpoint/install/unity_robotics_demo_msgs/share/colcon-core/packages/unity_robotics_demo_msgs)
[45.022s] DEBUG:colcon.colcon_parallel_executor.executor.parallel:closing loop
[45.023s] DEBUG:colcon.colcon_parallel_executor.executor.parallel:loop closed
[45.023s] DEBUG:colcon.colcon_parallel_executor.executor.parallel:run_until_complete finished with '0'
[45.023s] DEBUG:colcon.colcon_core.event_reactor:joining thread
[45.071s] INFO:colcon.colcon_core.plugin_system:Skipping extension 'colcon_notification.desktop_notification.notify_send': Could not find 'notify-send'
[45.072s] INFO:colcon.colcon_core.plugin_system:Skipping extension 'colcon_notification.desktop_notification.terminal_notifier': Not used on non-Darwin systems
[45.072s] INFO:colcon.colcon_core.plugin_system:Skipping extension 'colcon_notification.desktop_notification.win32': Not used on non-Windows systems
[45.072s] INFO:colcon.colcon_notification.desktop_notification:Sending desktop notification using 'notify2'
[177.350s] DEBUG:colcon.colcon_notification.desktop_notification.notify2:Failed to initialize notify2: org.freedesktop.DBus.Error.Spawn.ExecFailed: /usr/bin/dbus-launch terminated abnormally with the following error: Autolaunch error: X11 initialization failed.

[177.351s] DEBUG:colcon.colcon_core.event_reactor:joined thread
[177.362s] INFO:colcon.colcon_core.shell:Creating prefix script '/mnt/d/prueba/TFG-ROS2/ros2_server_endpoint/install/local_setup.ps1'
[179.095s] INFO:colcon.colcon_core.shell:Creating prefix util module '/mnt/d/prueba/TFG-ROS2/ros2_server_endpoint/install/_local_setup_util_ps1.py'
[179.104s] INFO:colcon.colcon_core.shell:Creating prefix chain script '/mnt/d/prueba/TFG-ROS2/ros2_server_endpoint/install/setup.ps1'
[179.116s] INFO:colcon.colcon_core.shell:Creating prefix script '/mnt/d/prueba/TFG-ROS2/ros2_server_endpoint/install/local_setup.sh'
[179.122s] INFO:colcon.colcon_core.shell:Creating prefix util module '/mnt/d/prueba/TFG-ROS2/ros2_server_endpoint/install/_local_setup_util_sh.py'
[179.129s] INFO:colcon.colcon_core.shell:Creating prefix chain script '/mnt/d/prueba/TFG-ROS2/ros2_server_endpoint/install/setup.sh'
[179.143s] INFO:colcon.colcon_core.shell:Creating prefix script '/mnt/d/prueba/TFG-ROS2/ros2_server_endpoint/install/local_setup.bash'
[179.150s] INFO:colcon.colcon_core.shell:Creating prefix chain script '/mnt/d/prueba/TFG-ROS2/ros2_server_endpoint/install/setup.bash'
[179.162s] INFO:colcon.colcon_core.shell:Creating prefix script '/mnt/d/prueba/TFG-ROS2/ros2_server_endpoint/install/local_setup.zsh'
[179.171s] INFO:colcon.colcon_core.shell:Creating prefix chain script '/mnt/d/prueba/TFG-ROS2/ros2_server_endpoint/install/setup.zsh'
