[1.613s] Invoking command in '/mnt/d/prueba/TFG-ROS2/ros2_client_node/build/diagnostic_msgs': AMENT_PREFIX_PATH=/mnt/d/prueba/TFG-ROS2/ros2_client_node/install/geometry_msgs:/mnt/d/prueba/TFG-ROS2/ros2_client_node/install/std_msgs:/mnt/d/prueba/TFG-ROS2/ros2_client_node/install/builtin_interfaces:${AMENT_PREFIX_PATH} CMAKE_PREFIX_PATH=/mnt/d/prueba/TFG-ROS2/ros2_client_node/install/geometry_msgs:/mnt/d/prueba/TFG-ROS2/ros2_client_node/install/std_msgs:/mnt/d/prueba/TFG-ROS2/ros2_client_node/install/builtin_interfaces:/mnt/d/prueba/TFG-ROS2/ros2_client_node/install/rosidl_typesupport_microxrcedds_cpp:/mnt/d/prueba/TFG-ROS2/ros2_client_node/install/rosidl_typesupport_microxrcedds_c:/mnt/d/prueba/TFG-ROS2/ros2_client_node/install/microcdr:/mnt/d/prueba/TFG-ROS2/ros2_client_node/install/micro_ros_setup:/mnt/d/prueba/TFG-ROS2/ros2_agent_node/install/micro_ros_agent:/mnt/d/prueba/TFG-ROS2/ros2_agent_node/install/micro_ros_msgs:/mnt/d/prueba/TFG-ROS2/ros2_agent_node/install/micro_ros_setup:/opt/ros/humble LD_LIBRARY_PATH=/mnt/d/prueba/TFG-ROS2/ros2_client_node/install/geometry_msgs/lib:/mnt/d/prueba/TFG-ROS2/ros2_client_node/install/std_msgs/lib:/mnt/d/prueba/TFG-ROS2/ros2_client_node/install/builtin_interfaces/lib:${LD_LIBRARY_PATH} PYTHONPATH=/mnt/d/prueba/TFG-ROS2/ros2_client_node/install/geometry_msgs/local/lib/python3.10/dist-packages:/mnt/d/prueba/TFG-ROS2/ros2_client_node/install/std_msgs/local/lib/python3.10/dist-packages:/mnt/d/prueba/TFG-ROS2/ros2_client_node/install/builtin_interfaces/local/lib/python3.10/dist-packages:${PYTHONPATH} /usr/bin/cmake /mnt/d/prueba/TFG-ROS2/ros2_client_node/src/ros2/common_interfaces/diagnostic_msgs -DBUILD_TESTING=OFF -DBUILD_SHARED_LIBS=ON -DCMAKE_INSTALL_PREFIX=/mnt/d/prueba/TFG-ROS2/ros2_client_node/install/diagnostic_msgs
[5.684s] -- The C compiler identification is GNU 11.3.0
[8.439s] -- The CXX compiler identification is GNU 11.3.0
[9.111s] -- Detecting C compiler ABI info
[15.438s] -- Detecting C compiler ABI info - done
[15.494s] -- Check for working C compiler: /usr/bin/cc - skipped
[15.496s] -- Detecting C compile features
[15.499s] -- Detecting C compile features - done
[15.634s] -- Detecting CXX compiler ABI info
[22.373s] -- Detecting CXX compiler ABI info - done
[22.428s] -- Check for working CXX compiler: /usr/bin/c++ - skipped
[22.430s] -- Detecting CXX compile features
[22.432s] -- Detecting CXX compile features - done
[23.317s] -- Found ament_cmake: 1.3.3 (/opt/ros/humble/share/ament_cmake/cmake)
[32.320s] -- Found Python3: /usr/bin/python3.10 (found version "3.10.6") found components: Interpreter 
[40.516s] -- Found rosidl_default_generators: 1.2.0 (/opt/ros/humble/share/rosidl_default_generators/cmake)
[41.409s] -- Using all available rosidl_typesupport_c: rosidl_typesupport_microxrcedds_c;rosidl_typesupport_fastrtps_c;rosidl_typesupport_introspection_c
[43.217s] -- Found rosidl_adapter: 3.1.4 (/opt/ros/humble/share/rosidl_adapter/cmake)
[48.997s] -- Using all available rosidl_typesupport_cpp: rosidl_typesupport_microxrcedds_cpp;rosidl_typesupport_fastrtps_cpp;rosidl_typesupport_introspection_cpp
[53.098s] -- Found std_msgs: 4.2.3 (/mnt/d/prueba/TFG-ROS2/ros2_client_node/install/std_msgs/share/std_msgs/cmake)
[67.860s] -- Found ament_cmake_ros: 0.10.0 (/opt/ros/humble/share/ament_cmake_ros/cmake)
[83.600s] -- Using all available rosidl_typesupport_c: rosidl_typesupport_microxrcedds_c;rosidl_typesupport_fastrtps_c;rosidl_typesupport_introspection_c
[99.498s] -- Using all available rosidl_typesupport_cpp: rosidl_typesupport_microxrcedds_cpp;rosidl_typesupport_fastrtps_cpp;rosidl_typesupport_introspection_cpp
[100.948s] -- Found PythonInterp: /usr/bin/python3 (found suitable version "3.10.6", minimum required is "3.6") 
[101.659s] -- Found python_cmake_module: 0.10.0 (/opt/ros/humble/share/python_cmake_module/cmake)
[103.338s] -- Found PythonLibs: /usr/lib/x86_64-linux-gnu/libpython3.10.so (found suitable version "3.10.6", minimum required is "3.5") 
[103.339s] -- Using PYTHON_EXECUTABLE: /usr/bin/python3
[103.341s] -- Using PYTHON_INCLUDE_DIRS: /usr/include/python3.10
[103.343s] -- Using PYTHON_LIBRARIES: /usr/lib/x86_64-linux-gnu/libpython3.10.so
[104.515s] -- Found PythonExtra: .so  
[109.031s] -- Configuring done
[118.500s] -- Generating done
[119.163s] -- Build files have been written to: /mnt/d/prueba/TFG-ROS2/ros2_client_node/build/diagnostic_msgs
[119.175s] Invoked command in '/mnt/d/prueba/TFG-ROS2/ros2_client_node/build/diagnostic_msgs' returned '0': AMENT_PREFIX_PATH=/mnt/d/prueba/TFG-ROS2/ros2_client_node/install/geometry_msgs:/mnt/d/prueba/TFG-ROS2/ros2_client_node/install/std_msgs:/mnt/d/prueba/TFG-ROS2/ros2_client_node/install/builtin_interfaces:${AMENT_PREFIX_PATH} CMAKE_PREFIX_PATH=/mnt/d/prueba/TFG-ROS2/ros2_client_node/install/geometry_msgs:/mnt/d/prueba/TFG-ROS2/ros2_client_node/install/std_msgs:/mnt/d/prueba/TFG-ROS2/ros2_client_node/install/builtin_interfaces:/mnt/d/prueba/TFG-ROS2/ros2_client_node/install/rosidl_typesupport_microxrcedds_cpp:/mnt/d/prueba/TFG-ROS2/ros2_client_node/install/rosidl_typesupport_microxrcedds_c:/mnt/d/prueba/TFG-ROS2/ros2_client_node/install/microcdr:/mnt/d/prueba/TFG-ROS2/ros2_client_node/install/micro_ros_setup:/mnt/d/prueba/TFG-ROS2/ros2_agent_node/install/micro_ros_agent:/mnt/d/prueba/TFG-ROS2/ros2_agent_node/install/micro_ros_msgs:/mnt/d/prueba/TFG-ROS2/ros2_agent_node/install/micro_ros_setup:/opt/ros/humble LD_LIBRARY_PATH=/mnt/d/prueba/TFG-ROS2/ros2_client_node/install/geometry_msgs/lib:/mnt/d/prueba/TFG-ROS2/ros2_client_node/install/std_msgs/lib:/mnt/d/prueba/TFG-ROS2/ros2_client_node/install/builtin_interfaces/lib:${LD_LIBRARY_PATH} PYTHONPATH=/mnt/d/prueba/TFG-ROS2/ros2_client_node/install/geometry_msgs/local/lib/python3.10/dist-packages:/mnt/d/prueba/TFG-ROS2/ros2_client_node/install/std_msgs/local/lib/python3.10/dist-packages:/mnt/d/prueba/TFG-ROS2/ros2_client_node/install/builtin_interfaces/local/lib/python3.10/dist-packages:${PYTHONPATH} /usr/bin/cmake /mnt/d/prueba/TFG-ROS2/ros2_client_node/src/ros2/common_interfaces/diagnostic_msgs -DBUILD_TESTING=OFF -DBUILD_SHARED_LIBS=ON -DCMAKE_INSTALL_PREFIX=/mnt/d/prueba/TFG-ROS2/ros2_client_node/install/diagnostic_msgs
[119.197s] Invoking command in '/mnt/d/prueba/TFG-ROS2/ros2_client_node/build/diagnostic_msgs': AMENT_PREFIX_PATH=/mnt/d/prueba/TFG-ROS2/ros2_client_node/install/geometry_msgs:/mnt/d/prueba/TFG-ROS2/ros2_client_node/install/std_msgs:/mnt/d/prueba/TFG-ROS2/ros2_client_node/install/builtin_interfaces:${AMENT_PREFIX_PATH} CMAKE_PREFIX_PATH=/mnt/d/prueba/TFG-ROS2/ros2_client_node/install/geometry_msgs:/mnt/d/prueba/TFG-ROS2/ros2_client_node/install/std_msgs:/mnt/d/prueba/TFG-ROS2/ros2_client_node/install/builtin_interfaces:/mnt/d/prueba/TFG-ROS2/ros2_client_node/install/rosidl_typesupport_microxrcedds_cpp:/mnt/d/prueba/TFG-ROS2/ros2_client_node/install/rosidl_typesupport_microxrcedds_c:/mnt/d/prueba/TFG-ROS2/ros2_client_node/install/microcdr:/mnt/d/prueba/TFG-ROS2/ros2_client_node/install/micro_ros_setup:/mnt/d/prueba/TFG-ROS2/ros2_agent_node/install/micro_ros_agent:/mnt/d/prueba/TFG-ROS2/ros2_agent_node/install/micro_ros_msgs:/mnt/d/prueba/TFG-ROS2/ros2_agent_node/install/micro_ros_setup:/opt/ros/humble LD_LIBRARY_PATH=/mnt/d/prueba/TFG-ROS2/ros2_client_node/install/geometry_msgs/lib:/mnt/d/prueba/TFG-ROS2/ros2_client_node/install/std_msgs/lib:/mnt/d/prueba/TFG-ROS2/ros2_client_node/install/builtin_interfaces/lib:${LD_LIBRARY_PATH} PYTHONPATH=/mnt/d/prueba/TFG-ROS2/ros2_client_node/install/geometry_msgs/local/lib/python3.10/dist-packages:/mnt/d/prueba/TFG-ROS2/ros2_client_node/install/std_msgs/local/lib/python3.10/dist-packages:/mnt/d/prueba/TFG-ROS2/ros2_client_node/install/builtin_interfaces/local/lib/python3.10/dist-packages:${PYTHONPATH} /usr/bin/cmake --build /mnt/d/prueba/TFG-ROS2/ros2_client_node/build/diagnostic_msgs -- -j12 -l12
[127.608s] [  1%] [34m[1mGenerating C code for ROS interfaces[0m
[129.677s] [  2%] [34m[1mGenerating C++ code for ROS interfaces[0m
[130.759s] [  2%] Built target ament_cmake_python_copy_diagnostic_msgs
[144.786s] running egg_info
[144.799s] creating diagnostic_msgs.egg-info
[144.809s] writing diagnostic_msgs.egg-info/PKG-INFO
[144.830s] writing dependency_links to diagnostic_msgs.egg-info/dependency_links.txt
[144.865s] writing top-level names to diagnostic_msgs.egg-info/top_level.txt
[144.887s] writing manifest file 'diagnostic_msgs.egg-info/SOURCES.txt'
[144.978s] reading manifest file 'diagnostic_msgs.egg-info/SOURCES.txt'
[145.130s] writing manifest file 'diagnostic_msgs.egg-info/SOURCES.txt'
[148.059s] [  2%] Built target ament_cmake_python_build_diagnostic_msgs_egg
[148.544s] [  2%] Built target diagnostic_msgs__cpp
[150.141s] [  6%] [32mBuilding C object CMakeFiles/diagnostic_msgs__rosidl_generator_c.dir/rosidl_generator_c/diagnostic_msgs/msg/detail/diagnostic_status__functions.c.o[0m
[150.146s] [  6%] [32mBuilding C object CMakeFiles/diagnostic_msgs__rosidl_generator_c.dir/rosidl_generator_c/diagnostic_msgs/msg/detail/diagnostic_array__functions.c.o[0m
[150.150s] [  6%] [32mBuilding C object CMakeFiles/diagnostic_msgs__rosidl_generator_c.dir/rosidl_generator_c/diagnostic_msgs/msg/detail/key_value__functions.c.o[0m
[150.277s] [  7%] [32mBuilding C object CMakeFiles/diagnostic_msgs__rosidl_generator_c.dir/rosidl_generator_c/diagnostic_msgs/srv/detail/add_diagnostics__functions.c.o[0m
[150.445s] [  8%] [32mBuilding C object CMakeFiles/diagnostic_msgs__rosidl_generator_c.dir/rosidl_generator_c/diagnostic_msgs/srv/detail/self_test__functions.c.o[0m
[155.437s] [ 10%] [32m[1mLinking C shared library libdiagnostic_msgs__rosidl_generator_c.so[0m
[159.581s] [ 10%] Built target diagnostic_msgs__rosidl_generator_c
[161.353s] [ 11%] [34m[1mGenerating C++ type support for eProsima Fast-RTPS[0m
[161.401s] [ 12%] [34m[1mGenerating C++ introspection for ROS interfaces[0m
[176.512s] [ 13%] [32mBuilding CXX object CMakeFiles/diagnostic_msgs__rosidl_typesupport_introspection_cpp.dir/rosidl_typesupport_introspection_cpp/diagnostic_msgs/msg/detail/diagnostic_array__type_support.cpp.o[0m
[176.708s] [ 15%] [32mBuilding CXX object CMakeFiles/diagnostic_msgs__rosidl_typesupport_fastrtps_cpp.dir/rosidl_typesupport_fastrtps_cpp/diagnostic_msgs/msg/detail/dds_fastrtps/diagnostic_array__type_support.cpp.o[0m
[182.824s] [ 16%] [32mBuilding CXX object CMakeFiles/diagnostic_msgs__rosidl_typesupport_introspection_cpp.dir/rosidl_typesupport_introspection_cpp/diagnostic_msgs/srv/detail/self_test__type_support.cpp.o[0m
[183.367s] [ 17%] [32mBuilding CXX object CMakeFiles/diagnostic_msgs__rosidl_typesupport_fastrtps_cpp.dir/rosidl_typesupport_fastrtps_cpp/diagnostic_msgs/msg/detail/dds_fastrtps/diagnostic_status__type_support.cpp.o[0m
[185.997s] [ 18%] [32mBuilding CXX object CMakeFiles/diagnostic_msgs__rosidl_typesupport_fastrtps_cpp.dir/rosidl_typesupport_fastrtps_cpp/diagnostic_msgs/msg/detail/dds_fastrtps/key_value__type_support.cpp.o[0m
[190.937s] [ 20%] [32mBuilding CXX object CMakeFiles/diagnostic_msgs__rosidl_typesupport_introspection_cpp.dir/rosidl_typesupport_introspection_cpp/diagnostic_msgs/srv/detail/add_diagnostics__type_support.cpp.o[0m
[195.477s] [ 21%] [32mBuilding CXX object CMakeFiles/diagnostic_msgs__rosidl_typesupport_fastrtps_cpp.dir/rosidl_typesupport_fastrtps_cpp/diagnostic_msgs/srv/detail/dds_fastrtps/self_test__type_support.cpp.o[0m
[195.578s] [ 22%] [32mBuilding CXX object CMakeFiles/diagnostic_msgs__rosidl_typesupport_fastrtps_cpp.dir/rosidl_typesupport_fastrtps_cpp/diagnostic_msgs/srv/detail/dds_fastrtps/add_diagnostics__type_support.cpp.o[0m
[199.322s] [ 24%] [32mBuilding CXX object CMakeFiles/diagnostic_msgs__rosidl_typesupport_introspection_cpp.dir/rosidl_typesupport_introspection_cpp/diagnostic_msgs/msg/detail/key_value__type_support.cpp.o[0m
[199.421s] [ 25%] [32mBuilding CXX object CMakeFiles/diagnostic_msgs__rosidl_typesupport_introspection_cpp.dir/rosidl_typesupport_introspection_cpp/diagnostic_msgs/msg/detail/diagnostic_status__type_support.cpp.o[0m
[203.536s] [ 26%] [32m[1mLinking CXX shared library libdiagnostic_msgs__rosidl_typesupport_fastrtps_cpp.so[0m
[205.950s] [ 27%] [32m[1mLinking CXX shared library libdiagnostic_msgs__rosidl_typesupport_introspection_cpp.so[0m
[208.216s] [ 27%] Built target diagnostic_msgs__rosidl_typesupport_fastrtps_cpp
[210.600s] [ 27%] Built target diagnostic_msgs__rosidl_typesupport_introspection_cpp
[212.601s] [ 29%] [34m[1mGenerating C type support dispatch for ROS interfaces[0m
[225.722s] [ 30%] [32mBuilding CXX object CMakeFiles/diagnostic_msgs__rosidl_typesupport_c.dir/rosidl_typesupport_c/diagnostic_msgs/msg/diagnostic_array__type_support.cpp.o[0m
[229.036s] [ 31%] [32mBuilding CXX object CMakeFiles/diagnostic_msgs__rosidl_typesupport_c.dir/rosidl_typesupport_c/diagnostic_msgs/srv/self_test__type_support.cpp.o[0m
[232.179s] [ 32%] [32mBuilding CXX object CMakeFiles/diagnostic_msgs__rosidl_typesupport_c.dir/rosidl_typesupport_c/diagnostic_msgs/srv/add_diagnostics__type_support.cpp.o[0m
[232.413s] [ 34%] [32mBuilding CXX object CMakeFiles/diagnostic_msgs__rosidl_typesupport_c.dir/rosidl_typesupport_c/diagnostic_msgs/msg/key_value__type_support.cpp.o[0m
[236.105s] [ 35%] [32mBuilding CXX object CMakeFiles/diagnostic_msgs__rosidl_typesupport_c.dir/rosidl_typesupport_c/diagnostic_msgs/msg/diagnostic_status__type_support.cpp.o[0m
[239.971s] [ 36%] [32m[1mLinking CXX shared library libdiagnostic_msgs__rosidl_typesupport_c.so[0m
[244.228s] [ 36%] Built target diagnostic_msgs__rosidl_typesupport_c
[246.151s] [ 37%] [34m[1mGenerating C introspection for ROS interfaces[0m
[264.731s] [ 39%] [32mBuilding C object CMakeFiles/diagnostic_msgs__rosidl_typesupport_introspection_c.dir/rosidl_typesupport_introspection_c/diagnostic_msgs/msg/detail/diagnostic_array__type_support.c.o[0m
[268.373s] [ 40%] [32mBuilding C object CMakeFiles/diagnostic_msgs__rosidl_typesupport_introspection_c.dir/rosidl_typesupport_introspection_c/diagnostic_msgs/srv/detail/self_test__type_support.c.o[0m
[272.189s] [ 41%] [32mBuilding C object CMakeFiles/diagnostic_msgs__rosidl_typesupport_introspection_c.dir/rosidl_typesupport_introspection_c/diagnostic_msgs/msg/detail/key_value__type_support.c.o[0m
[272.239s] [ 43%] [32mBuilding C object CMakeFiles/diagnostic_msgs__rosidl_typesupport_introspection_c.dir/rosidl_typesupport_introspection_c/diagnostic_msgs/srv/detail/add_diagnostics__type_support.c.o[0m
[275.790s] [ 44%] [32mBuilding C object CMakeFiles/diagnostic_msgs__rosidl_typesupport_introspection_c.dir/rosidl_typesupport_introspection_c/diagnostic_msgs/msg/detail/diagnostic_status__type_support.c.o[0m
[280.493s] [ 45%] [32m[1mLinking C shared library libdiagnostic_msgs__rosidl_typesupport_introspection_c.so[0m
[285.424s] [ 45%] Built target diagnostic_msgs__rosidl_typesupport_introspection_c
[287.590s] [ 46%] [34m[1mGenerating C type support for eProsima Fast-RTPS[0m
[287.681s] [ 48%] [34m[1mGenerating C type support for eProsima Micro XRCE-DDS[0m
[288.284s] [ 49%] [34m[1mGenerating C++ type support for eProsima Micro XRCE-DDS[0m
[308.837s] [ 50%] [32mBuilding CXX object CMakeFiles/diagnostic_msgs__rosidl_typesupport_fastrtps_c.dir/rosidl_typesupport_fastrtps_c/diagnostic_msgs/msg/detail/diagnostic_array__type_support_c.cpp.o[0m
[309.415s] [ 51%] [32mBuilding C object CMakeFiles/diagnostic_msgs__rosidl_typesupport_microxrcedds_c.dir/rosidl_typesupport_microxrcedds_c/diagnostic_msgs/msg/detail/microxrcedds/diagnostic_array__type_support_c.c.o[0m
[309.531s] [ 53%] [32mBuilding CXX object CMakeFiles/diagnostic_msgs__rosidl_typesupport_microxrcedds_cpp.dir/rosidl_typesupport_microxrcedds_cpp/diagnostic_msgs/msg/detail/microxrcedds/diagnostic_array__type_support_cpp.cpp.o[0m
[314.980s] [ 54%] [32mBuilding C object CMakeFiles/diagnostic_msgs__rosidl_typesupport_microxrcedds_c.dir/rosidl_typesupport_microxrcedds_c/diagnostic_msgs/srv/detail/microxrcedds/self_test__type_support_c.c.o[0m
[316.596s] [ 55%] [32mBuilding CXX object CMakeFiles/diagnostic_msgs__rosidl_typesupport_fastrtps_c.dir/rosidl_typesupport_fastrtps_c/diagnostic_msgs/srv/detail/self_test__type_support_c.cpp.o[0m
[320.434s] [ 56%] [32mBuilding C object CMakeFiles/diagnostic_msgs__rosidl_typesupport_microxrcedds_c.dir/rosidl_typesupport_microxrcedds_c/diagnostic_msgs/srv/detail/microxrcedds/add_diagnostics__type_support_c.c.o[0m
[321.274s] [ 58%] [32mBuilding CXX object CMakeFiles/diagnostic_msgs__rosidl_typesupport_microxrcedds_cpp.dir/rosidl_typesupport_microxrcedds_cpp/diagnostic_msgs/srv/detail/microxrcedds/add_diagnostics__type_support_cpp.cpp.o[0m
[325.185s] [ 59%] [32mBuilding CXX object CMakeFiles/diagnostic_msgs__rosidl_typesupport_fastrtps_c.dir/rosidl_typesupport_fastrtps_c/diagnostic_msgs/srv/detail/add_diagnostics__type_support_c.cpp.o[0m
[325.610s] [ 60%] [32mBuilding C object CMakeFiles/diagnostic_msgs__rosidl_typesupport_microxrcedds_c.dir/rosidl_typesupport_microxrcedds_c/diagnostic_msgs/msg/detail/microxrcedds/key_value__type_support_c.c.o[0m
[330.738s] [ 62%] [32mBuilding C object CMakeFiles/diagnostic_msgs__rosidl_typesupport_microxrcedds_c.dir/rosidl_typesupport_microxrcedds_c/diagnostic_msgs/msg/detail/microxrcedds/diagnostic_status__type_support_c.c.o[0m
[331.974s] [ 63%] [32mBuilding CXX object CMakeFiles/diagnostic_msgs__rosidl_typesupport_fastrtps_c.dir/rosidl_typesupport_fastrtps_c/diagnostic_msgs/msg/detail/key_value__type_support_c.cpp.o[0m
[332.883s] [ 64%] [32mBuilding CXX object CMakeFiles/diagnostic_msgs__rosidl_typesupport_microxrcedds_cpp.dir/rosidl_typesupport_microxrcedds_cpp/diagnostic_msgs/srv/detail/microxrcedds/self_test__type_support_cpp.cpp.o[0m
[335.987s] [ 65%] [32m[1mLinking C shared library libdiagnostic_msgs__rosidl_typesupport_microxrcedds_c.so[0m
[338.453s] [ 67%] [32mBuilding CXX object CMakeFiles/diagnostic_msgs__rosidl_typesupport_fastrtps_c.dir/rosidl_typesupport_fastrtps_c/diagnostic_msgs/msg/detail/diagnostic_status__type_support_c.cpp.o[0m
[341.743s] [ 67%] Built target diagnostic_msgs__rosidl_typesupport_microxrcedds_c
[344.882s] [ 68%] [34m[1mGenerating C++ type support dispatch for ROS interfaces[0m
[346.580s] [ 69%] [32mBuilding CXX object CMakeFiles/diagnostic_msgs__rosidl_typesupport_microxrcedds_cpp.dir/rosidl_typesupport_microxrcedds_cpp/diagnostic_msgs/msg/detail/microxrcedds/key_value__type_support_cpp.cpp.o[0m
[347.632s] [ 70%] [32m[1mLinking CXX shared library libdiagnostic_msgs__rosidl_typesupport_fastrtps_c.so[0m
[353.227s] [ 70%] Built target diagnostic_msgs__rosidl_typesupport_fastrtps_c
[357.820s] [ 72%] [32mBuilding CXX object CMakeFiles/diagnostic_msgs__rosidl_typesupport_microxrcedds_cpp.dir/rosidl_typesupport_microxrcedds_cpp/diagnostic_msgs/msg/detail/microxrcedds/diagnostic_status__type_support_cpp.cpp.o[0m
[360.545s] [ 73%] [32mBuilding CXX object CMakeFiles/diagnostic_msgs__rosidl_typesupport_cpp.dir/rosidl_typesupport_cpp/diagnostic_msgs/msg/diagnostic_array__type_support.cpp.o[0m
[366.220s] [ 74%] [32mBuilding CXX object CMakeFiles/diagnostic_msgs__rosidl_typesupport_cpp.dir/rosidl_typesupport_cpp/diagnostic_msgs/srv/add_diagnostics__type_support.cpp.o[0m
[366.405s] [ 75%] [32mBuilding CXX object CMakeFiles/diagnostic_msgs__rosidl_typesupport_cpp.dir/rosidl_typesupport_cpp/diagnostic_msgs/srv/self_test__type_support.cpp.o[0m
[367.518s] [ 77%] [32m[1mLinking CXX shared library libdiagnostic_msgs__rosidl_typesupport_microxrcedds_cpp.so[0m
[372.276s] [ 78%] [32mBuilding CXX object CMakeFiles/diagnostic_msgs__rosidl_typesupport_cpp.dir/rosidl_typesupport_cpp/diagnostic_msgs/msg/key_value__type_support.cpp.o[0m
[372.549s] [ 79%] [32mBuilding CXX object CMakeFiles/diagnostic_msgs__rosidl_typesupport_cpp.dir/rosidl_typesupport_cpp/diagnostic_msgs/msg/diagnostic_status__type_support.cpp.o[0m
[372.948s] [ 79%] Built target diagnostic_msgs__rosidl_typesupport_microxrcedds_cpp
[378.300s] [ 81%] [32m[1mLinking CXX shared library libdiagnostic_msgs__rosidl_typesupport_cpp.so[0m
[381.181s] [ 81%] Built target diagnostic_msgs__rosidl_typesupport_cpp
[385.470s] [ 81%] Built target diagnostic_msgs
[390.067s] [ 82%] [34m[1mGenerating Python code for ROS interfaces[0m
[411.288s] [ 82%] Built target diagnostic_msgs__py
[414.178s] [ 83%] [32mBuilding C object CMakeFiles/diagnostic_msgs__rosidl_generator_py.dir/rosidl_generator_py/diagnostic_msgs/msg/_diagnostic_array_s.c.o[0m
[414.271s] [ 84%] [32mBuilding C object CMakeFiles/diagnostic_msgs__rosidl_generator_py.dir/rosidl_generator_py/diagnostic_msgs/msg/_diagnostic_status_s.c.o[0m
[414.391s] [ 86%] [32mBuilding C object CMakeFiles/diagnostic_msgs__rosidl_generator_py.dir/rosidl_generator_py/diagnostic_msgs/msg/_key_value_s.c.o[0m
[419.080s] [ 87%] [32mBuilding C object CMakeFiles/diagnostic_msgs__rosidl_generator_py.dir/rosidl_generator_py/diagnostic_msgs/srv/_self_test_s.c.o[0m
[419.140s] [ 88%] [32mBuilding C object CMakeFiles/diagnostic_msgs__rosidl_generator_py.dir/rosidl_generator_py/diagnostic_msgs/srv/_add_diagnostics_s.c.o[0m
[424.690s] [ 89%] [32m[1mLinking C shared library rosidl_generator_py/diagnostic_msgs/libdiagnostic_msgs__rosidl_generator_py.so[0m
[429.562s] [ 89%] Built target diagnostic_msgs__rosidl_generator_py
[434.442s] [ 92%] [32mBuilding C object CMakeFiles/diagnostic_msgs__rosidl_typesupport_fastrtps_c__pyext.dir/rosidl_generator_py/diagnostic_msgs/_diagnostic_msgs_s.ep.rosidl_typesupport_fastrtps_c.c.o[0m
[434.448s] [ 92%] [32mBuilding C object CMakeFiles/diagnostic_msgs__rosidl_typesupport_introspection_c__pyext.dir/rosidl_generator_py/diagnostic_msgs/_diagnostic_msgs_s.ep.rosidl_typesupport_introspection_c.c.o[0m
[434.727s] [ 93%] [32mBuilding C object CMakeFiles/diagnostic_msgs__rosidl_typesupport_microxrcedds_c__pyext.dir/rosidl_generator_py/diagnostic_msgs/_diagnostic_msgs_s.ep.rosidl_typesupport_microxrcedds_c.c.o[0m
[434.823s] [ 94%] [32mBuilding C object CMakeFiles/diagnostic_msgs__rosidl_typesupport_c__pyext.dir/rosidl_generator_py/diagnostic_msgs/_diagnostic_msgs_s.ep.rosidl_typesupport_c.c.o[0m
[440.679s] [ 96%] [32m[1mLinking C shared library rosidl_generator_py/diagnostic_msgs/diagnostic_msgs_s__rosidl_typesupport_fastrtps_c.cpython-310-x86_64-linux-gnu.so[0m
[440.811s] [ 97%] [32m[1mLinking C shared library rosidl_generator_py/diagnostic_msgs/diagnostic_msgs_s__rosidl_typesupport_introspection_c.cpython-310-x86_64-linux-gnu.so[0m
[441.109s] [ 98%] [32m[1mLinking C shared library rosidl_generator_py/diagnostic_msgs/diagnostic_msgs_s__rosidl_typesupport_c.cpython-310-x86_64-linux-gnu.so[0m
[445.164s] [100%] [32m[1mLinking C shared library rosidl_generator_py/diagnostic_msgs/diagnostic_msgs_s__rosidl_typesupport_microxrcedds_c.cpython-310-x86_64-linux-gnu.so[0m
[445.914s] [100%] Built target diagnostic_msgs__rosidl_typesupport_fastrtps_c__pyext
[446.156s] [100%] Built target diagnostic_msgs__rosidl_typesupport_introspection_c__pyext
[446.505s] [100%] Built target diagnostic_msgs__rosidl_typesupport_c__pyext
[449.789s] [100%] Built target diagnostic_msgs__rosidl_typesupport_microxrcedds_c__pyext
[452.224s] Invoked command in '/mnt/d/prueba/TFG-ROS2/ros2_client_node/build/diagnostic_msgs' returned '0': AMENT_PREFIX_PATH=/mnt/d/prueba/TFG-ROS2/ros2_client_node/install/geometry_msgs:/mnt/d/prueba/TFG-ROS2/ros2_client_node/install/std_msgs:/mnt/d/prueba/TFG-ROS2/ros2_client_node/install/builtin_interfaces:${AMENT_PREFIX_PATH} CMAKE_PREFIX_PATH=/mnt/d/prueba/TFG-ROS2/ros2_client_node/install/geometry_msgs:/mnt/d/prueba/TFG-ROS2/ros2_client_node/install/std_msgs:/mnt/d/prueba/TFG-ROS2/ros2_client_node/install/builtin_interfaces:/mnt/d/prueba/TFG-ROS2/ros2_client_node/install/rosidl_typesupport_microxrcedds_cpp:/mnt/d/prueba/TFG-ROS2/ros2_client_node/install/rosidl_typesupport_microxrcedds_c:/mnt/d/prueba/TFG-ROS2/ros2_client_node/install/microcdr:/mnt/d/prueba/TFG-ROS2/ros2_client_node/install/micro_ros_setup:/mnt/d/prueba/TFG-ROS2/ros2_agent_node/install/micro_ros_agent:/mnt/d/prueba/TFG-ROS2/ros2_agent_node/install/micro_ros_msgs:/mnt/d/prueba/TFG-ROS2/ros2_agent_node/install/micro_ros_setup:/opt/ros/humble LD_LIBRARY_PATH=/mnt/d/prueba/TFG-ROS2/ros2_client_node/install/geometry_msgs/lib:/mnt/d/prueba/TFG-ROS2/ros2_client_node/install/std_msgs/lib:/mnt/d/prueba/TFG-ROS2/ros2_client_node/install/builtin_interfaces/lib:${LD_LIBRARY_PATH} PYTHONPATH=/mnt/d/prueba/TFG-ROS2/ros2_client_node/install/geometry_msgs/local/lib/python3.10/dist-packages:/mnt/d/prueba/TFG-ROS2/ros2_client_node/install/std_msgs/local/lib/python3.10/dist-packages:/mnt/d/prueba/TFG-ROS2/ros2_client_node/install/builtin_interfaces/local/lib/python3.10/dist-packages:${PYTHONPATH} /usr/bin/cmake --build /mnt/d/prueba/TFG-ROS2/ros2_client_node/build/diagnostic_msgs -- -j12 -l12
[494.863s] Invoking command in '/mnt/d/prueba/TFG-ROS2/ros2_client_node/build/diagnostic_msgs': AMENT_PREFIX_PATH=/mnt/d/prueba/TFG-ROS2/ros2_client_node/install/geometry_msgs:/mnt/d/prueba/TFG-ROS2/ros2_client_node/install/std_msgs:/mnt/d/prueba/TFG-ROS2/ros2_client_node/install/builtin_interfaces:${AMENT_PREFIX_PATH} CMAKE_PREFIX_PATH=/mnt/d/prueba/TFG-ROS2/ros2_client_node/install/geometry_msgs:/mnt/d/prueba/TFG-ROS2/ros2_client_node/install/std_msgs:/mnt/d/prueba/TFG-ROS2/ros2_client_node/install/builtin_interfaces:/mnt/d/prueba/TFG-ROS2/ros2_client_node/install/rosidl_typesupport_microxrcedds_cpp:/mnt/d/prueba/TFG-ROS2/ros2_client_node/install/rosidl_typesupport_microxrcedds_c:/mnt/d/prueba/TFG-ROS2/ros2_client_node/install/microcdr:/mnt/d/prueba/TFG-ROS2/ros2_client_node/install/micro_ros_setup:/mnt/d/prueba/TFG-ROS2/ros2_agent_node/install/micro_ros_agent:/mnt/d/prueba/TFG-ROS2/ros2_agent_node/install/micro_ros_msgs:/mnt/d/prueba/TFG-ROS2/ros2_agent_node/install/micro_ros_setup:/opt/ros/humble LD_LIBRARY_PATH=/mnt/d/prueba/TFG-ROS2/ros2_client_node/install/geometry_msgs/lib:/mnt/d/prueba/TFG-ROS2/ros2_client_node/install/std_msgs/lib:/mnt/d/prueba/TFG-ROS2/ros2_client_node/install/builtin_interfaces/lib:${LD_LIBRARY_PATH} PYTHONPATH=/mnt/d/prueba/TFG-ROS2/ros2_client_node/install/geometry_msgs/local/lib/python3.10/dist-packages:/mnt/d/prueba/TFG-ROS2/ros2_client_node/install/std_msgs/local/lib/python3.10/dist-packages:/mnt/d/prueba/TFG-ROS2/ros2_client_node/install/builtin_interfaces/local/lib/python3.10/dist-packages:${PYTHONPATH} /usr/bin/cmake --install /mnt/d/prueba/TFG-ROS2/ros2_client_node/build/diagnostic_msgs
[496.116s] -- Install configuration: ""
[496.249s] -- Installing: /mnt/d/prueba/TFG-ROS2/ros2_client_node/install/diagnostic_msgs/share/ament_index/resource_index/rosidl_interfaces/diagnostic_msgs
[496.584s] -- Installing: /mnt/d/prueba/TFG-ROS2/ros2_client_node/install/diagnostic_msgs/include/diagnostic_msgs/diagnostic_msgs
[496.678s] -- Installing: /mnt/d/prueba/TFG-ROS2/ros2_client_node/install/diagnostic_msgs/include/diagnostic_msgs/diagnostic_msgs/msg
[496.851s] -- Installing: /mnt/d/prueba/TFG-ROS2/ros2_client_node/install/diagnostic_msgs/include/diagnostic_msgs/diagnostic_msgs/msg/detail
[497.124s] -- Installing: /mnt/d/prueba/TFG-ROS2/ros2_client_node/install/diagnostic_msgs/include/diagnostic_msgs/diagnostic_msgs/msg/detail/diagnostic_array__functions.c
[497.667s] -- Installing: /mnt/d/prueba/TFG-ROS2/ros2_client_node/install/diagnostic_msgs/include/diagnostic_msgs/diagnostic_msgs/msg/detail/diagnostic_array__functions.h
[498.110s] -- Installing: /mnt/d/prueba/TFG-ROS2/ros2_client_node/install/diagnostic_msgs/include/diagnostic_msgs/diagnostic_msgs/msg/detail/diagnostic_array__struct.h
[498.532s] -- Installing: /mnt/d/prueba/TFG-ROS2/ros2_client_node/install/diagnostic_msgs/include/diagnostic_msgs/diagnostic_msgs/msg/detail/diagnostic_array__type_support.h
[498.944s] -- Installing: /mnt/d/prueba/TFG-ROS2/ros2_client_node/install/diagnostic_msgs/include/diagnostic_msgs/diagnostic_msgs/msg/detail/diagnostic_status__functions.c
[499.337s] -- Installing: /mnt/d/prueba/TFG-ROS2/ros2_client_node/install/diagnostic_msgs/include/diagnostic_msgs/diagnostic_msgs/msg/detail/diagnostic_status__functions.h
[499.707s] -- Installing: /mnt/d/prueba/TFG-ROS2/ros2_client_node/install/diagnostic_msgs/include/diagnostic_msgs/diagnostic_msgs/msg/detail/diagnostic_status__struct.h
[500.017s] -- Installing: /mnt/d/prueba/TFG-ROS2/ros2_client_node/install/diagnostic_msgs/include/diagnostic_msgs/diagnostic_msgs/msg/detail/diagnostic_status__type_support.h
[500.331s] -- Installing: /mnt/d/prueba/TFG-ROS2/ros2_client_node/install/diagnostic_msgs/include/diagnostic_msgs/diagnostic_msgs/msg/detail/key_value__functions.c
[500.631s] -- Installing: /mnt/d/prueba/TFG-ROS2/ros2_client_node/install/diagnostic_msgs/include/diagnostic_msgs/diagnostic_msgs/msg/detail/key_value__functions.h
[500.921s] -- Installing: /mnt/d/prueba/TFG-ROS2/ros2_client_node/install/diagnostic_msgs/include/diagnostic_msgs/diagnostic_msgs/msg/detail/key_value__struct.h
[501.216s] -- Installing: /mnt/d/prueba/TFG-ROS2/ros2_client_node/install/diagnostic_msgs/include/diagnostic_msgs/diagnostic_msgs/msg/detail/key_value__type_support.h
[501.529s] -- Installing: /mnt/d/prueba/TFG-ROS2/ros2_client_node/install/diagnostic_msgs/include/diagnostic_msgs/diagnostic_msgs/msg/diagnostic_array.h
[501.811s] -- Installing: /mnt/d/prueba/TFG-ROS2/ros2_client_node/install/diagnostic_msgs/include/diagnostic_msgs/diagnostic_msgs/msg/diagnostic_status.h
[502.103s] -- Installing: /mnt/d/prueba/TFG-ROS2/ros2_client_node/install/diagnostic_msgs/include/diagnostic_msgs/diagnostic_msgs/msg/key_value.h
[502.386s] -- Installing: /mnt/d/prueba/TFG-ROS2/ros2_client_node/install/diagnostic_msgs/include/diagnostic_msgs/diagnostic_msgs/msg/rosidl_generator_c__visibility_control.h
[502.683s] -- Installing: /mnt/d/prueba/TFG-ROS2/ros2_client_node/install/diagnostic_msgs/include/diagnostic_msgs/diagnostic_msgs/srv
[502.822s] -- Installing: /mnt/d/prueba/TFG-ROS2/ros2_client_node/install/diagnostic_msgs/include/diagnostic_msgs/diagnostic_msgs/srv/add_diagnostics.h
[503.106s] -- Installing: /mnt/d/prueba/TFG-ROS2/ros2_client_node/install/diagnostic_msgs/include/diagnostic_msgs/diagnostic_msgs/srv/detail
[503.267s] -- Installing: /mnt/d/prueba/TFG-ROS2/ros2_client_node/install/diagnostic_msgs/include/diagnostic_msgs/diagnostic_msgs/srv/detail/add_diagnostics__functions.c
[503.623s] -- Installing: /mnt/d/prueba/TFG-ROS2/ros2_client_node/install/diagnostic_msgs/include/diagnostic_msgs/diagnostic_msgs/srv/detail/add_diagnostics__functions.h
[503.936s] -- Installing: /mnt/d/prueba/TFG-ROS2/ros2_client_node/install/diagnostic_msgs/include/diagnostic_msgs/diagnostic_msgs/srv/detail/add_diagnostics__struct.h
[504.249s] -- Installing: /mnt/d/prueba/TFG-ROS2/ros2_client_node/install/diagnostic_msgs/include/diagnostic_msgs/diagnostic_msgs/srv/detail/add_diagnostics__type_support.h
[504.709s] -- Installing: /mnt/d/prueba/TFG-ROS2/ros2_client_node/install/diagnostic_msgs/include/diagnostic_msgs/diagnostic_msgs/srv/detail/self_test__functions.c
[505.058s] -- Installing: /mnt/d/prueba/TFG-ROS2/ros2_client_node/install/diagnostic_msgs/include/diagnostic_msgs/diagnostic_msgs/srv/detail/self_test__functions.h
[505.408s] -- Installing: /mnt/d/prueba/TFG-ROS2/ros2_client_node/install/diagnostic_msgs/include/diagnostic_msgs/diagnostic_msgs/srv/detail/self_test__struct.h
[505.718s] -- Installing: /mnt/d/prueba/TFG-ROS2/ros2_client_node/install/diagnostic_msgs/include/diagnostic_msgs/diagnostic_msgs/srv/detail/self_test__type_support.h
[505.986s] -- Installing: /mnt/d/prueba/TFG-ROS2/ros2_client_node/install/diagnostic_msgs/include/diagnostic_msgs/diagnostic_msgs/srv/self_test.h
[506.197s] -- Installing: /mnt/d/prueba/TFG-ROS2/ros2_client_node/install/diagnostic_msgs/share/diagnostic_msgs/environment/library_path.sh
[506.365s] -- Installing: /mnt/d/prueba/TFG-ROS2/ros2_client_node/install/diagnostic_msgs/share/diagnostic_msgs/environment/library_path.dsv
[506.548s] -- Installing: /mnt/d/prueba/TFG-ROS2/ros2_client_node/install/diagnostic_msgs/lib/libdiagnostic_msgs__rosidl_generator_c.so
[506.836s] -- Set runtime path of "/mnt/d/prueba/TFG-ROS2/ros2_client_node/install/diagnostic_msgs/lib/libdiagnostic_msgs__rosidl_generator_c.so" to ""
[506.869s] -- Up-to-date: /mnt/d/prueba/TFG-ROS2/ros2_client_node/install/diagnostic_msgs/include/diagnostic_msgs
[506.930s] -- Installing: /mnt/d/prueba/TFG-ROS2/ros2_client_node/install/diagnostic_msgs/include/diagnostic_msgs/msg
[507.014s] -- Installing: /mnt/d/prueba/TFG-ROS2/ros2_client_node/install/diagnostic_msgs/include/diagnostic_msgs/msg/detail
[507.132s] -- Installing: /mnt/d/prueba/TFG-ROS2/ros2_client_node/install/diagnostic_msgs/include/diagnostic_msgs/msg/detail/diagnostic_array__rosidl_typesupport_microxrcedds_c.h
[507.386s] -- Installing: /mnt/d/prueba/TFG-ROS2/ros2_client_node/install/diagnostic_msgs/include/diagnostic_msgs/msg/detail/diagnostic_status__rosidl_typesupport_microxrcedds_c.h
[507.626s] -- Installing: /mnt/d/prueba/TFG-ROS2/ros2_client_node/install/diagnostic_msgs/include/diagnostic_msgs/msg/detail/key_value__rosidl_typesupport_microxrcedds_c.h
[507.845s] -- Installing: /mnt/d/prueba/TFG-ROS2/ros2_client_node/install/diagnostic_msgs/include/diagnostic_msgs/msg/detail/microxrcedds
[507.953s] -- Installing: /mnt/d/prueba/TFG-ROS2/ros2_client_node/install/diagnostic_msgs/include/diagnostic_msgs/msg/rosidl_typesupport_microxrcedds_c__visibility_control.h
[508.155s] -- Installing: /mnt/d/prueba/TFG-ROS2/ros2_client_node/install/diagnostic_msgs/include/diagnostic_msgs/srv
[508.227s] -- Installing: /mnt/d/prueba/TFG-ROS2/ros2_client_node/install/diagnostic_msgs/include/diagnostic_msgs/srv/detail
[508.329s] -- Installing: /mnt/d/prueba/TFG-ROS2/ros2_client_node/install/diagnostic_msgs/include/diagnostic_msgs/srv/detail/add_diagnostics__rosidl_typesupport_microxrcedds_c.h
[508.557s] -- Installing: /mnt/d/prueba/TFG-ROS2/ros2_client_node/install/diagnostic_msgs/include/diagnostic_msgs/srv/detail/microxrcedds
[508.670s] -- Installing: /mnt/d/prueba/TFG-ROS2/ros2_client_node/install/diagnostic_msgs/include/diagnostic_msgs/srv/detail/self_test__rosidl_typesupport_microxrcedds_c.h
[508.889s] -- Installing: /mnt/d/prueba/TFG-ROS2/ros2_client_node/install/diagnostic_msgs/lib/libdiagnostic_msgs__rosidl_typesupport_microxrcedds_c.so
[509.146s] -- Set runtime path of "/mnt/d/prueba/TFG-ROS2/ros2_client_node/install/diagnostic_msgs/lib/libdiagnostic_msgs__rosidl_typesupport_microxrcedds_c.so" to ""
[509.176s] -- Up-to-date: /mnt/d/prueba/TFG-ROS2/ros2_client_node/install/diagnostic_msgs/include/diagnostic_msgs/diagnostic_msgs
[509.241s] -- Up-to-date: /mnt/d/prueba/TFG-ROS2/ros2_client_node/install/diagnostic_msgs/include/diagnostic_msgs/diagnostic_msgs/msg
[509.320s] -- Up-to-date: /mnt/d/prueba/TFG-ROS2/ros2_client_node/install/diagnostic_msgs/include/diagnostic_msgs/diagnostic_msgs/msg/detail
[509.414s] -- Installing: /mnt/d/prueba/TFG-ROS2/ros2_client_node/install/diagnostic_msgs/include/diagnostic_msgs/diagnostic_msgs/msg/detail/diagnostic_array__rosidl_typesupport_fastrtps_c.h
[509.669s] -- Installing: /mnt/d/prueba/TFG-ROS2/ros2_client_node/install/diagnostic_msgs/include/diagnostic_msgs/diagnostic_msgs/msg/detail/diagnostic_status__rosidl_typesupport_fastrtps_c.h
[509.939s] -- Installing: /mnt/d/prueba/TFG-ROS2/ros2_client_node/install/diagnostic_msgs/include/diagnostic_msgs/diagnostic_msgs/msg/detail/key_value__rosidl_typesupport_fastrtps_c.h
[510.199s] -- Installing: /mnt/d/prueba/TFG-ROS2/ros2_client_node/install/diagnostic_msgs/include/diagnostic_msgs/diagnostic_msgs/msg/rosidl_typesupport_fastrtps_c__visibility_control.h
[510.423s] -- Up-to-date: /mnt/d/prueba/TFG-ROS2/ros2_client_node/install/diagnostic_msgs/include/diagnostic_msgs/diagnostic_msgs/srv
[510.513s] -- Up-to-date: /mnt/d/prueba/TFG-ROS2/ros2_client_node/install/diagnostic_msgs/include/diagnostic_msgs/diagnostic_msgs/srv/detail
[510.645s] -- Installing: /mnt/d/prueba/TFG-ROS2/ros2_client_node/install/diagnostic_msgs/include/diagnostic_msgs/diagnostic_msgs/srv/detail/add_diagnostics__rosidl_typesupport_fastrtps_c.h
[510.942s] -- Installing: /mnt/d/prueba/TFG-ROS2/ros2_client_node/install/diagnostic_msgs/include/diagnostic_msgs/diagnostic_msgs/srv/detail/self_test__rosidl_typesupport_fastrtps_c.h
[511.182s] -- Installing: /mnt/d/prueba/TFG-ROS2/ros2_client_node/install/diagnostic_msgs/lib/libdiagnostic_msgs__rosidl_typesupport_fastrtps_c.so
[511.451s] -- Set runtime path of "/mnt/d/prueba/TFG-ROS2/ros2_client_node/install/diagnostic_msgs/lib/libdiagnostic_msgs__rosidl_typesupport_fastrtps_c.so" to ""
[511.488s] -- Up-to-date: /mnt/d/prueba/TFG-ROS2/ros2_client_node/install/diagnostic_msgs/include/diagnostic_msgs/diagnostic_msgs
[511.561s] -- Up-to-date: /mnt/d/prueba/TFG-ROS2/ros2_client_node/install/diagnostic_msgs/include/diagnostic_msgs/diagnostic_msgs/msg
[511.639s] -- Up-to-date: /mnt/d/prueba/TFG-ROS2/ros2_client_node/install/diagnostic_msgs/include/diagnostic_msgs/diagnostic_msgs/msg/detail
[511.735s] -- Installing: /mnt/d/prueba/TFG-ROS2/ros2_client_node/install/diagnostic_msgs/include/diagnostic_msgs/diagnostic_msgs/msg/detail/diagnostic_array__rosidl_typesupport_introspection_c.h
[511.966s] -- Installing: /mnt/d/prueba/TFG-ROS2/ros2_client_node/install/diagnostic_msgs/include/diagnostic_msgs/diagnostic_msgs/msg/detail/diagnostic_array__type_support.c
[512.202s] -- Installing: /mnt/d/prueba/TFG-ROS2/ros2_client_node/install/diagnostic_msgs/include/diagnostic_msgs/diagnostic_msgs/msg/detail/diagnostic_status__rosidl_typesupport_introspection_c.h
[512.450s] -- Installing: /mnt/d/prueba/TFG-ROS2/ros2_client_node/install/diagnostic_msgs/include/diagnostic_msgs/diagnostic_msgs/msg/detail/diagnostic_status__type_support.c
[512.698s] -- Installing: /mnt/d/prueba/TFG-ROS2/ros2_client_node/install/diagnostic_msgs/include/diagnostic_msgs/diagnostic_msgs/msg/detail/key_value__rosidl_typesupport_introspection_c.h
[512.948s] -- Installing: /mnt/d/prueba/TFG-ROS2/ros2_client_node/install/diagnostic_msgs/include/diagnostic_msgs/diagnostic_msgs/msg/detail/key_value__type_support.c
[513.197s] -- Installing: /mnt/d/prueba/TFG-ROS2/ros2_client_node/install/diagnostic_msgs/include/diagnostic_msgs/diagnostic_msgs/msg/rosidl_typesupport_introspection_c__visibility_control.h
[513.386s] -- Up-to-date: /mnt/d/prueba/TFG-ROS2/ros2_client_node/install/diagnostic_msgs/include/diagnostic_msgs/diagnostic_msgs/srv
[513.445s] -- Up-to-date: /mnt/d/prueba/TFG-ROS2/ros2_client_node/install/diagnostic_msgs/include/diagnostic_msgs/diagnostic_msgs/srv/detail
[513.526s] -- Installing: /mnt/d/prueba/TFG-ROS2/ros2_client_node/install/diagnostic_msgs/include/diagnostic_msgs/diagnostic_msgs/srv/detail/add_diagnostics__rosidl_typesupport_introspection_c.h
[513.761s] -- Installing: /mnt/d/prueba/TFG-ROS2/ros2_client_node/install/diagnostic_msgs/include/diagnostic_msgs/diagnostic_msgs/srv/detail/add_diagnostics__type_support.c
[513.983s] -- Installing: /mnt/d/prueba/TFG-ROS2/ros2_client_node/install/diagnostic_msgs/include/diagnostic_msgs/diagnostic_msgs/srv/detail/self_test__rosidl_typesupport_introspection_c.h
[514.207s] -- Installing: /mnt/d/prueba/TFG-ROS2/ros2_client_node/install/diagnostic_msgs/include/diagnostic_msgs/diagnostic_msgs/srv/detail/self_test__type_support.c
[514.426s] -- Installing: /mnt/d/prueba/TFG-ROS2/ros2_client_node/install/diagnostic_msgs/lib/libdiagnostic_msgs__rosidl_typesupport_introspection_c.so
[514.673s] -- Set runtime path of "/mnt/d/prueba/TFG-ROS2/ros2_client_node/install/diagnostic_msgs/lib/libdiagnostic_msgs__rosidl_typesupport_introspection_c.so" to ""
[514.711s] -- Installing: /mnt/d/prueba/TFG-ROS2/ros2_client_node/install/diagnostic_msgs/lib/libdiagnostic_msgs__rosidl_typesupport_c.so
[514.924s] -- Set runtime path of "/mnt/d/prueba/TFG-ROS2/ros2_client_node/install/diagnostic_msgs/lib/libdiagnostic_msgs__rosidl_typesupport_c.so" to ""
[514.949s] -- Up-to-date: /mnt/d/prueba/TFG-ROS2/ros2_client_node/install/diagnostic_msgs/include/diagnostic_msgs/diagnostic_msgs
[515.003s] -- Up-to-date: /mnt/d/prueba/TFG-ROS2/ros2_client_node/install/diagnostic_msgs/include/diagnostic_msgs/diagnostic_msgs/msg
[515.071s] -- Up-to-date: /mnt/d/prueba/TFG-ROS2/ros2_client_node/install/diagnostic_msgs/include/diagnostic_msgs/diagnostic_msgs/msg/detail
[515.161s] -- Installing: /mnt/d/prueba/TFG-ROS2/ros2_client_node/install/diagnostic_msgs/include/diagnostic_msgs/diagnostic_msgs/msg/detail/diagnostic_array__builder.hpp
[515.398s] -- Installing: /mnt/d/prueba/TFG-ROS2/ros2_client_node/install/diagnostic_msgs/include/diagnostic_msgs/diagnostic_msgs/msg/detail/diagnostic_array__struct.hpp
[515.623s] -- Installing: /mnt/d/prueba/TFG-ROS2/ros2_client_node/install/diagnostic_msgs/include/diagnostic_msgs/diagnostic_msgs/msg/detail/diagnostic_array__traits.hpp
[515.936s] -- Installing: /mnt/d/prueba/TFG-ROS2/ros2_client_node/install/diagnostic_msgs/include/diagnostic_msgs/diagnostic_msgs/msg/detail/diagnostic_status__builder.hpp
[516.245s] -- Installing: /mnt/d/prueba/TFG-ROS2/ros2_client_node/install/diagnostic_msgs/include/diagnostic_msgs/diagnostic_msgs/msg/detail/diagnostic_status__struct.hpp
[516.536s] -- Installing: /mnt/d/prueba/TFG-ROS2/ros2_client_node/install/diagnostic_msgs/include/diagnostic_msgs/diagnostic_msgs/msg/detail/diagnostic_status__traits.hpp
[516.809s] -- Installing: /mnt/d/prueba/TFG-ROS2/ros2_client_node/install/diagnostic_msgs/include/diagnostic_msgs/diagnostic_msgs/msg/detail/key_value__builder.hpp
[517.097s] -- Installing: /mnt/d/prueba/TFG-ROS2/ros2_client_node/install/diagnostic_msgs/include/diagnostic_msgs/diagnostic_msgs/msg/detail/key_value__struct.hpp
[517.352s] -- Installing: /mnt/d/prueba/TFG-ROS2/ros2_client_node/install/diagnostic_msgs/include/diagnostic_msgs/diagnostic_msgs/msg/detail/key_value__traits.hpp
[517.616s] -- Installing: /mnt/d/prueba/TFG-ROS2/ros2_client_node/install/diagnostic_msgs/include/diagnostic_msgs/diagnostic_msgs/msg/diagnostic_array.hpp
[517.868s] -- Installing: /mnt/d/prueba/TFG-ROS2/ros2_client_node/install/diagnostic_msgs/include/diagnostic_msgs/diagnostic_msgs/msg/diagnostic_status.hpp
[518.128s] -- Installing: /mnt/d/prueba/TFG-ROS2/ros2_client_node/install/diagnostic_msgs/include/diagnostic_msgs/diagnostic_msgs/msg/key_value.hpp
[518.348s] -- Up-to-date: /mnt/d/prueba/TFG-ROS2/ros2_client_node/install/diagnostic_msgs/include/diagnostic_msgs/diagnostic_msgs/srv
[518.435s] -- Installing: /mnt/d/prueba/TFG-ROS2/ros2_client_node/install/diagnostic_msgs/include/diagnostic_msgs/diagnostic_msgs/srv/add_diagnostics.hpp
[518.710s] -- Up-to-date: /mnt/d/prueba/TFG-ROS2/ros2_client_node/install/diagnostic_msgs/include/diagnostic_msgs/diagnostic_msgs/srv/detail
[518.844s] -- Installing: /mnt/d/prueba/TFG-ROS2/ros2_client_node/install/diagnostic_msgs/include/diagnostic_msgs/diagnostic_msgs/srv/detail/add_diagnostics__builder.hpp
[519.162s] -- Installing: /mnt/d/prueba/TFG-ROS2/ros2_client_node/install/diagnostic_msgs/include/diagnostic_msgs/diagnostic_msgs/srv/detail/add_diagnostics__struct.hpp
[519.467s] -- Installing: /mnt/d/prueba/TFG-ROS2/ros2_client_node/install/diagnostic_msgs/include/diagnostic_msgs/diagnostic_msgs/srv/detail/add_diagnostics__traits.hpp
[519.779s] -- Installing: /mnt/d/prueba/TFG-ROS2/ros2_client_node/install/diagnostic_msgs/include/diagnostic_msgs/diagnostic_msgs/srv/detail/self_test__builder.hpp
[520.069s] -- Installing: /mnt/d/prueba/TFG-ROS2/ros2_client_node/install/diagnostic_msgs/include/diagnostic_msgs/diagnostic_msgs/srv/detail/self_test__struct.hpp
[520.382s] -- Installing: /mnt/d/prueba/TFG-ROS2/ros2_client_node/install/diagnostic_msgs/include/diagnostic_msgs/diagnostic_msgs/srv/detail/self_test__traits.hpp
[520.650s] -- Installing: /mnt/d/prueba/TFG-ROS2/ros2_client_node/install/diagnostic_msgs/include/diagnostic_msgs/diagnostic_msgs/srv/self_test.hpp
[520.887s] -- Up-to-date: /mnt/d/prueba/TFG-ROS2/ros2_client_node/install/diagnostic_msgs/include/diagnostic_msgs
[520.951s] -- Up-to-date: /mnt/d/prueba/TFG-ROS2/ros2_client_node/install/diagnostic_msgs/include/diagnostic_msgs/msg
[521.028s] -- Up-to-date: /mnt/d/prueba/TFG-ROS2/ros2_client_node/install/diagnostic_msgs/include/diagnostic_msgs/msg/detail
[521.145s] -- Installing: /mnt/d/prueba/TFG-ROS2/ros2_client_node/install/diagnostic_msgs/include/diagnostic_msgs/msg/detail/diagnostic_array__rosidl_typesupport_microxrcedds_cpp.hpp
[521.405s] -- Installing: /mnt/d/prueba/TFG-ROS2/ros2_client_node/install/diagnostic_msgs/include/diagnostic_msgs/msg/detail/diagnostic_status__rosidl_typesupport_microxrcedds_cpp.hpp
[521.666s] -- Installing: /mnt/d/prueba/TFG-ROS2/ros2_client_node/install/diagnostic_msgs/include/diagnostic_msgs/msg/detail/key_value__rosidl_typesupport_microxrcedds_cpp.hpp
[521.911s] -- Up-to-date: /mnt/d/prueba/TFG-ROS2/ros2_client_node/install/diagnostic_msgs/include/diagnostic_msgs/msg/detail/microxrcedds
[522.023s] -- Installing: /mnt/d/prueba/TFG-ROS2/ros2_client_node/install/diagnostic_msgs/include/diagnostic_msgs/msg/detail/microxrcedds/diagnostic_array__type_support_cpp.cpp
[522.311s] -- Installing: /mnt/d/prueba/TFG-ROS2/ros2_client_node/install/diagnostic_msgs/include/diagnostic_msgs/msg/detail/microxrcedds/diagnostic_status__type_support_cpp.cpp
[522.586s] -- Installing: /mnt/d/prueba/TFG-ROS2/ros2_client_node/install/diagnostic_msgs/include/diagnostic_msgs/msg/detail/microxrcedds/key_value__type_support_cpp.cpp
[522.898s] -- Installing: /mnt/d/prueba/TFG-ROS2/ros2_client_node/install/diagnostic_msgs/include/diagnostic_msgs/msg/rosidl_typesupport_microxrcedds_cpp__visibility_control.h
[523.106s] -- Up-to-date: /mnt/d/prueba/TFG-ROS2/ros2_client_node/install/diagnostic_msgs/include/diagnostic_msgs/srv
[523.177s] -- Up-to-date: /mnt/d/prueba/TFG-ROS2/ros2_client_node/install/diagnostic_msgs/include/diagnostic_msgs/srv/detail
[523.276s] -- Installing: /mnt/d/prueba/TFG-ROS2/ros2_client_node/install/diagnostic_msgs/include/diagnostic_msgs/srv/detail/add_diagnostics__rosidl_typesupport_microxrcedds_cpp.hpp
[523.525s] -- Up-to-date: /mnt/d/prueba/TFG-ROS2/ros2_client_node/install/diagnostic_msgs/include/diagnostic_msgs/srv/detail/microxrcedds
[523.630s] -- Installing: /mnt/d/prueba/TFG-ROS2/ros2_client_node/install/diagnostic_msgs/include/diagnostic_msgs/srv/detail/microxrcedds/add_diagnostics__type_support_cpp.cpp
[523.902s] -- Installing: /mnt/d/prueba/TFG-ROS2/ros2_client_node/install/diagnostic_msgs/include/diagnostic_msgs/srv/detail/microxrcedds/self_test__type_support_cpp.cpp
[524.136s] -- Installing: /mnt/d/prueba/TFG-ROS2/ros2_client_node/install/diagnostic_msgs/include/diagnostic_msgs/srv/detail/self_test__rosidl_typesupport_microxrcedds_cpp.hpp
[524.355s] -- Installing: /mnt/d/prueba/TFG-ROS2/ros2_client_node/install/diagnostic_msgs/lib/libdiagnostic_msgs__rosidl_typesupport_microxrcedds_cpp.so
[524.627s] -- Set runtime path of "/mnt/d/prueba/TFG-ROS2/ros2_client_node/install/diagnostic_msgs/lib/libdiagnostic_msgs__rosidl_typesupport_microxrcedds_cpp.so" to ""
[524.657s] -- Up-to-date: /mnt/d/prueba/TFG-ROS2/ros2_client_node/install/diagnostic_msgs/include/diagnostic_msgs/diagnostic_msgs
[524.753s] -- Up-to-date: /mnt/d/prueba/TFG-ROS2/ros2_client_node/install/diagnostic_msgs/include/diagnostic_msgs/diagnostic_msgs/msg
[524.860s] -- Up-to-date: /mnt/d/prueba/TFG-ROS2/ros2_client_node/install/diagnostic_msgs/include/diagnostic_msgs/diagnostic_msgs/msg/detail
[524.973s] -- Installing: /mnt/d/prueba/TFG-ROS2/ros2_client_node/install/diagnostic_msgs/include/diagnostic_msgs/diagnostic_msgs/msg/detail/dds_fastrtps
[525.142s] -- Installing: /mnt/d/prueba/TFG-ROS2/ros2_client_node/install/diagnostic_msgs/include/diagnostic_msgs/diagnostic_msgs/msg/detail/diagnostic_array__rosidl_typesupport_fastrtps_cpp.hpp
[525.446s] -- Installing: /mnt/d/prueba/TFG-ROS2/ros2_client_node/install/diagnostic_msgs/include/diagnostic_msgs/diagnostic_msgs/msg/detail/diagnostic_status__rosidl_typesupport_fastrtps_cpp.hpp
[525.703s] -- Installing: /mnt/d/prueba/TFG-ROS2/ros2_client_node/install/diagnostic_msgs/include/diagnostic_msgs/diagnostic_msgs/msg/detail/key_value__rosidl_typesupport_fastrtps_cpp.hpp
[525.957s] -- Installing: /mnt/d/prueba/TFG-ROS2/ros2_client_node/install/diagnostic_msgs/include/diagnostic_msgs/diagnostic_msgs/msg/rosidl_typesupport_fastrtps_cpp__visibility_control.h
[526.179s] -- Up-to-date: /mnt/d/prueba/TFG-ROS2/ros2_client_node/install/diagnostic_msgs/include/diagnostic_msgs/diagnostic_msgs/srv
[526.259s] -- Up-to-date: /mnt/d/prueba/TFG-ROS2/ros2_client_node/install/diagnostic_msgs/include/diagnostic_msgs/diagnostic_msgs/srv/detail
[526.383s] -- Installing: /mnt/d/prueba/TFG-ROS2/ros2_client_node/install/diagnostic_msgs/include/diagnostic_msgs/diagnostic_msgs/srv/detail/add_diagnostics__rosidl_typesupport_fastrtps_cpp.hpp
[526.675s] -- Installing: /mnt/d/prueba/TFG-ROS2/ros2_client_node/install/diagnostic_msgs/include/diagnostic_msgs/diagnostic_msgs/srv/detail/dds_fastrtps
[526.842s] -- Installing: /mnt/d/prueba/TFG-ROS2/ros2_client_node/install/diagnostic_msgs/include/diagnostic_msgs/diagnostic_msgs/srv/detail/self_test__rosidl_typesupport_fastrtps_cpp.hpp
[527.147s] -- Installing: /mnt/d/prueba/TFG-ROS2/ros2_client_node/install/diagnostic_msgs/lib/libdiagnostic_msgs__rosidl_typesupport_fastrtps_cpp.so
[527.485s] -- Set runtime path of "/mnt/d/prueba/TFG-ROS2/ros2_client_node/install/diagnostic_msgs/lib/libdiagnostic_msgs__rosidl_typesupport_fastrtps_cpp.so" to ""
[527.525s] -- Up-to-date: /mnt/d/prueba/TFG-ROS2/ros2_client_node/install/diagnostic_msgs/include/diagnostic_msgs/diagnostic_msgs
[527.603s] -- Up-to-date: /mnt/d/prueba/TFG-ROS2/ros2_client_node/install/diagnostic_msgs/include/diagnostic_msgs/diagnostic_msgs/msg
[527.695s] -- Up-to-date: /mnt/d/prueba/TFG-ROS2/ros2_client_node/install/diagnostic_msgs/include/diagnostic_msgs/diagnostic_msgs/msg/detail
[527.822s] -- Installing: /mnt/d/prueba/TFG-ROS2/ros2_client_node/install/diagnostic_msgs/include/diagnostic_msgs/diagnostic_msgs/msg/detail/diagnostic_array__rosidl_typesupport_introspection_cpp.hpp
[528.156s] -- Installing: /mnt/d/prueba/TFG-ROS2/ros2_client_node/install/diagnostic_msgs/include/diagnostic_msgs/diagnostic_msgs/msg/detail/diagnostic_array__type_support.cpp
[528.508s] -- Installing: /mnt/d/prueba/TFG-ROS2/ros2_client_node/install/diagnostic_msgs/include/diagnostic_msgs/diagnostic_msgs/msg/detail/diagnostic_status__rosidl_typesupport_introspection_cpp.hpp
[528.849s] -- Installing: /mnt/d/prueba/TFG-ROS2/ros2_client_node/install/diagnostic_msgs/include/diagnostic_msgs/diagnostic_msgs/msg/detail/diagnostic_status__type_support.cpp
[529.168s] -- Installing: /mnt/d/prueba/TFG-ROS2/ros2_client_node/install/diagnostic_msgs/include/diagnostic_msgs/diagnostic_msgs/msg/detail/key_value__rosidl_typesupport_introspection_cpp.hpp
[529.475s] -- Installing: /mnt/d/prueba/TFG-ROS2/ros2_client_node/install/diagnostic_msgs/include/diagnostic_msgs/diagnostic_msgs/msg/detail/key_value__type_support.cpp
[529.764s] -- Up-to-date: /mnt/d/prueba/TFG-ROS2/ros2_client_node/install/diagnostic_msgs/include/diagnostic_msgs/diagnostic_msgs/srv
[529.848s] -- Up-to-date: /mnt/d/prueba/TFG-ROS2/ros2_client_node/install/diagnostic_msgs/include/diagnostic_msgs/diagnostic_msgs/srv/detail
[529.957s] -- Installing: /mnt/d/prueba/TFG-ROS2/ros2_client_node/install/diagnostic_msgs/include/diagnostic_msgs/diagnostic_msgs/srv/detail/add_diagnostics__rosidl_typesupport_introspection_cpp.hpp
[530.234s] -- Installing: /mnt/d/prueba/TFG-ROS2/ros2_client_node/install/diagnostic_msgs/include/diagnostic_msgs/diagnostic_msgs/srv/detail/add_diagnostics__type_support.cpp
[530.549s] -- Installing: /mnt/d/prueba/TFG-ROS2/ros2_client_node/install/diagnostic_msgs/include/diagnostic_msgs/diagnostic_msgs/srv/detail/self_test__rosidl_typesupport_introspection_cpp.hpp
[530.891s] -- Installing: /mnt/d/prueba/TFG-ROS2/ros2_client_node/install/diagnostic_msgs/include/diagnostic_msgs/diagnostic_msgs/srv/detail/self_test__type_support.cpp
[531.186s] -- Installing: /mnt/d/prueba/TFG-ROS2/ros2_client_node/install/diagnostic_msgs/lib/libdiagnostic_msgs__rosidl_typesupport_introspection_cpp.so
[531.472s] -- Set runtime path of "/mnt/d/prueba/TFG-ROS2/ros2_client_node/install/diagnostic_msgs/lib/libdiagnostic_msgs__rosidl_typesupport_introspection_cpp.so" to ""
[531.509s] -- Installing: /mnt/d/prueba/TFG-ROS2/ros2_client_node/install/diagnostic_msgs/lib/libdiagnostic_msgs__rosidl_typesupport_cpp.so
[531.795s] -- Set runtime path of "/mnt/d/prueba/TFG-ROS2/ros2_client_node/install/diagnostic_msgs/lib/libdiagnostic_msgs__rosidl_typesupport_cpp.so" to ""
[531.851s] -- Installing: /mnt/d/prueba/TFG-ROS2/ros2_client_node/install/diagnostic_msgs/share/diagnostic_msgs/environment/pythonpath.sh
[532.061s] -- Installing: /mnt/d/prueba/TFG-ROS2/ros2_client_node/install/diagnostic_msgs/share/diagnostic_msgs/environment/pythonpath.dsv
[532.245s] -- Installing: /mnt/d/prueba/TFG-ROS2/ros2_client_node/install/diagnostic_msgs/local/lib/python3.10/dist-packages/diagnostic_msgs-4.2.3-py3.10.egg-info
[532.373s] -- Installing: /mnt/d/prueba/TFG-ROS2/ros2_client_node/install/diagnostic_msgs/local/lib/python3.10/dist-packages/diagnostic_msgs-4.2.3-py3.10.egg-info/dependency_links.txt
[532.655s] -- Installing: /mnt/d/prueba/TFG-ROS2/ros2_client_node/install/diagnostic_msgs/local/lib/python3.10/dist-packages/diagnostic_msgs-4.2.3-py3.10.egg-info/PKG-INFO
[532.945s] -- Installing: /mnt/d/prueba/TFG-ROS2/ros2_client_node/install/diagnostic_msgs/local/lib/python3.10/dist-packages/diagnostic_msgs-4.2.3-py3.10.egg-info/SOURCES.txt
[533.222s] -- Installing: /mnt/d/prueba/TFG-ROS2/ros2_client_node/install/diagnostic_msgs/local/lib/python3.10/dist-packages/diagnostic_msgs-4.2.3-py3.10.egg-info/top_level.txt
[533.472s] -- Installing: /mnt/d/prueba/TFG-ROS2/ros2_client_node/install/diagnostic_msgs/local/lib/python3.10/dist-packages/diagnostic_msgs
[533.580s] -- Installing: /mnt/d/prueba/TFG-ROS2/ros2_client_node/install/diagnostic_msgs/local/lib/python3.10/dist-packages/diagnostic_msgs/diagnostic_msgs_s__rosidl_typesupport_c.cpython-310-x86_64-linux-gnu.so
[533.843s] -- Installing: /mnt/d/prueba/TFG-ROS2/ros2_client_node/install/diagnostic_msgs/local/lib/python3.10/dist-packages/diagnostic_msgs/diagnostic_msgs_s__rosidl_typesupport_fastrtps_c.cpython-310-x86_64-linux-gnu.so
[534.106s] -- Installing: /mnt/d/prueba/TFG-ROS2/ros2_client_node/install/diagnostic_msgs/local/lib/python3.10/dist-packages/diagnostic_msgs/diagnostic_msgs_s__rosidl_typesupport_introspection_c.cpython-310-x86_64-linux-gnu.so
[534.365s] -- Installing: /mnt/d/prueba/TFG-ROS2/ros2_client_node/install/diagnostic_msgs/local/lib/python3.10/dist-packages/diagnostic_msgs/diagnostic_msgs_s__rosidl_typesupport_microxrcedds_c.cpython-310-x86_64-linux-gnu.so
[534.633s] -- Installing: /mnt/d/prueba/TFG-ROS2/ros2_client_node/install/diagnostic_msgs/local/lib/python3.10/dist-packages/diagnostic_msgs/libdiagnostic_msgs__rosidl_generator_py.so
[534.876s] -- Installing: /mnt/d/prueba/TFG-ROS2/ros2_client_node/install/diagnostic_msgs/local/lib/python3.10/dist-packages/diagnostic_msgs/msg
[535.004s] -- Installing: /mnt/d/prueba/TFG-ROS2/ros2_client_node/install/diagnostic_msgs/local/lib/python3.10/dist-packages/diagnostic_msgs/msg/_diagnostic_array.py
[535.279s] -- Installing: /mnt/d/prueba/TFG-ROS2/ros2_client_node/install/diagnostic_msgs/local/lib/python3.10/dist-packages/diagnostic_msgs/msg/_diagnostic_array_s.c
[535.582s] -- Installing: /mnt/d/prueba/TFG-ROS2/ros2_client_node/install/diagnostic_msgs/local/lib/python3.10/dist-packages/diagnostic_msgs/msg/_diagnostic_status.py
[535.879s] -- Installing: /mnt/d/prueba/TFG-ROS2/ros2_client_node/install/diagnostic_msgs/local/lib/python3.10/dist-packages/diagnostic_msgs/msg/_diagnostic_status_s.c
[536.176s] -- Installing: /mnt/d/prueba/TFG-ROS2/ros2_client_node/install/diagnostic_msgs/local/lib/python3.10/dist-packages/diagnostic_msgs/msg/_key_value.py
[536.487s] -- Installing: /mnt/d/prueba/TFG-ROS2/ros2_client_node/install/diagnostic_msgs/local/lib/python3.10/dist-packages/diagnostic_msgs/msg/_key_value_s.c
[536.779s] -- Installing: /mnt/d/prueba/TFG-ROS2/ros2_client_node/install/diagnostic_msgs/local/lib/python3.10/dist-packages/diagnostic_msgs/msg/__init__.py
[537.061s] -- Installing: /mnt/d/prueba/TFG-ROS2/ros2_client_node/install/diagnostic_msgs/local/lib/python3.10/dist-packages/diagnostic_msgs/srv
[537.185s] -- Installing: /mnt/d/prueba/TFG-ROS2/ros2_client_node/install/diagnostic_msgs/local/lib/python3.10/dist-packages/diagnostic_msgs/srv/_add_diagnostics.py
[537.461s] -- Installing: /mnt/d/prueba/TFG-ROS2/ros2_client_node/install/diagnostic_msgs/local/lib/python3.10/dist-packages/diagnostic_msgs/srv/_add_diagnostics_s.c
[537.741s] -- Installing: /mnt/d/prueba/TFG-ROS2/ros2_client_node/install/diagnostic_msgs/local/lib/python3.10/dist-packages/diagnostic_msgs/srv/_self_test.py
[538.025s] -- Installing: /mnt/d/prueba/TFG-ROS2/ros2_client_node/install/diagnostic_msgs/local/lib/python3.10/dist-packages/diagnostic_msgs/srv/_self_test_s.c
[538.286s] -- Installing: /mnt/d/prueba/TFG-ROS2/ros2_client_node/install/diagnostic_msgs/local/lib/python3.10/dist-packages/diagnostic_msgs/srv/__init__.py
[538.588s] -- Installing: /mnt/d/prueba/TFG-ROS2/ros2_client_node/install/diagnostic_msgs/local/lib/python3.10/dist-packages/diagnostic_msgs/_diagnostic_msgs_s.ep.rosidl_typesupport_c.c
[538.813s] -- Installing: /mnt/d/prueba/TFG-ROS2/ros2_client_node/install/diagnostic_msgs/local/lib/python3.10/dist-packages/diagnostic_msgs/_diagnostic_msgs_s.ep.rosidl_typesupport_fastrtps_c.c
[539.040s] -- Installing: /mnt/d/prueba/TFG-ROS2/ros2_client_node/install/diagnostic_msgs/local/lib/python3.10/dist-packages/diagnostic_msgs/_diagnostic_msgs_s.ep.rosidl_typesupport_introspection_c.c
[539.263s] -- Installing: /mnt/d/prueba/TFG-ROS2/ros2_client_node/install/diagnostic_msgs/local/lib/python3.10/dist-packages/diagnostic_msgs/_diagnostic_msgs_s.ep.rosidl_typesupport_microxrcedds_c.c
[539.553s] -- Installing: /mnt/d/prueba/TFG-ROS2/ros2_client_node/install/diagnostic_msgs/local/lib/python3.10/dist-packages/diagnostic_msgs/__init__.py
[546.130s] Listing '/mnt/d/prueba/TFG-ROS2/ros2_client_node/install/diagnostic_msgs/local/lib/python3.10/dist-packages/diagnostic_msgs'...
[546.134s] Compiling '/mnt/d/prueba/TFG-ROS2/ros2_client_node/install/diagnostic_msgs/local/lib/python3.10/dist-packages/diagnostic_msgs/__init__.py'...
[546.137s] Listing '/mnt/d/prueba/TFG-ROS2/ros2_client_node/install/diagnostic_msgs/local/lib/python3.10/dist-packages/diagnostic_msgs/msg'...
[546.140s] Compiling '/mnt/d/prueba/TFG-ROS2/ros2_client_node/install/diagnostic_msgs/local/lib/python3.10/dist-packages/diagnostic_msgs/msg/__init__.py'...
[546.142s] Compiling '/mnt/d/prueba/TFG-ROS2/ros2_client_node/install/diagnostic_msgs/local/lib/python3.10/dist-packages/diagnostic_msgs/msg/_diagnostic_array.py'...
[546.146s] Compiling '/mnt/d/prueba/TFG-ROS2/ros2_client_node/install/diagnostic_msgs/local/lib/python3.10/dist-packages/diagnostic_msgs/msg/_diagnostic_status.py'...
[546.149s] Compiling '/mnt/d/prueba/TFG-ROS2/ros2_client_node/install/diagnostic_msgs/local/lib/python3.10/dist-packages/diagnostic_msgs/msg/_key_value.py'...
[546.152s] Listing '/mnt/d/prueba/TFG-ROS2/ros2_client_node/install/diagnostic_msgs/local/lib/python3.10/dist-packages/diagnostic_msgs/srv'...
[546.155s] Compiling '/mnt/d/prueba/TFG-ROS2/ros2_client_node/install/diagnostic_msgs/local/lib/python3.10/dist-packages/diagnostic_msgs/srv/__init__.py'...
[546.157s] Compiling '/mnt/d/prueba/TFG-ROS2/ros2_client_node/install/diagnostic_msgs/local/lib/python3.10/dist-packages/diagnostic_msgs/srv/_add_diagnostics.py'...
[546.161s] Compiling '/mnt/d/prueba/TFG-ROS2/ros2_client_node/install/diagnostic_msgs/local/lib/python3.10/dist-packages/diagnostic_msgs/srv/_self_test.py'...
[546.341s] -- Installing: /mnt/d/prueba/TFG-ROS2/ros2_client_node/install/diagnostic_msgs/local/lib/python3.10/dist-packages/diagnostic_msgs/diagnostic_msgs_s__rosidl_typesupport_microxrcedds_c.cpython-310-x86_64-linux-gnu.so
[546.804s] -- Set runtime path of "/mnt/d/prueba/TFG-ROS2/ros2_client_node/install/diagnostic_msgs/local/lib/python3.10/dist-packages/diagnostic_msgs/diagnostic_msgs_s__rosidl_typesupport_microxrcedds_c.cpython-310-x86_64-linux-gnu.so" to ""
[547.038s] -- Installing: /mnt/d/prueba/TFG-ROS2/ros2_client_node/install/diagnostic_msgs/local/lib/python3.10/dist-packages/diagnostic_msgs/diagnostic_msgs_s__rosidl_typesupport_fastrtps_c.cpython-310-x86_64-linux-gnu.so
[547.541s] -- Set runtime path of "/mnt/d/prueba/TFG-ROS2/ros2_client_node/install/diagnostic_msgs/local/lib/python3.10/dist-packages/diagnostic_msgs/diagnostic_msgs_s__rosidl_typesupport_fastrtps_c.cpython-310-x86_64-linux-gnu.so" to ""
[547.740s] -- Installing: /mnt/d/prueba/TFG-ROS2/ros2_client_node/install/diagnostic_msgs/local/lib/python3.10/dist-packages/diagnostic_msgs/diagnostic_msgs_s__rosidl_typesupport_introspection_c.cpython-310-x86_64-linux-gnu.so
[548.170s] -- Set runtime path of "/mnt/d/prueba/TFG-ROS2/ros2_client_node/install/diagnostic_msgs/local/lib/python3.10/dist-packages/diagnostic_msgs/diagnostic_msgs_s__rosidl_typesupport_introspection_c.cpython-310-x86_64-linux-gnu.so" to ""
[548.364s] -- Installing: /mnt/d/prueba/TFG-ROS2/ros2_client_node/install/diagnostic_msgs/local/lib/python3.10/dist-packages/diagnostic_msgs/diagnostic_msgs_s__rosidl_typesupport_c.cpython-310-x86_64-linux-gnu.so
[548.747s] -- Set runtime path of "/mnt/d/prueba/TFG-ROS2/ros2_client_node/install/diagnostic_msgs/local/lib/python3.10/dist-packages/diagnostic_msgs/diagnostic_msgs_s__rosidl_typesupport_c.cpython-310-x86_64-linux-gnu.so" to ""
[548.798s] -- Installing: /mnt/d/prueba/TFG-ROS2/ros2_client_node/install/diagnostic_msgs/lib/libdiagnostic_msgs__rosidl_generator_py.so
[549.094s] -- Set runtime path of "/mnt/d/prueba/TFG-ROS2/ros2_client_node/install/diagnostic_msgs/lib/libdiagnostic_msgs__rosidl_generator_py.so" to ""
[549.175s] -- Installing: /mnt/d/prueba/TFG-ROS2/ros2_client_node/install/diagnostic_msgs/share/diagnostic_msgs/msg/DiagnosticArray.idl
[549.392s] -- Installing: /mnt/d/prueba/TFG-ROS2/ros2_client_node/install/diagnostic_msgs/share/diagnostic_msgs/msg/DiagnosticStatus.idl
[549.600s] -- Installing: /mnt/d/prueba/TFG-ROS2/ros2_client_node/install/diagnostic_msgs/share/diagnostic_msgs/msg/KeyValue.idl
[549.837s] -- Installing: /mnt/d/prueba/TFG-ROS2/ros2_client_node/install/diagnostic_msgs/share/diagnostic_msgs/srv/AddDiagnostics.idl
[550.092s] -- Installing: /mnt/d/prueba/TFG-ROS2/ros2_client_node/install/diagnostic_msgs/share/diagnostic_msgs/srv/SelfTest.idl
[550.297s] -- Installing: /mnt/d/prueba/TFG-ROS2/ros2_client_node/install/diagnostic_msgs/share/diagnostic_msgs/msg/DiagnosticArray.msg
[550.507s] -- Installing: /mnt/d/prueba/TFG-ROS2/ros2_client_node/install/diagnostic_msgs/share/diagnostic_msgs/msg/DiagnosticStatus.msg
[550.731s] -- Installing: /mnt/d/prueba/TFG-ROS2/ros2_client_node/install/diagnostic_msgs/share/diagnostic_msgs/msg/KeyValue.msg
[550.955s] -- Installing: /mnt/d/prueba/TFG-ROS2/ros2_client_node/install/diagnostic_msgs/share/diagnostic_msgs/srv/AddDiagnostics.srv
[551.135s] -- Installing: /mnt/d/prueba/TFG-ROS2/ros2_client_node/install/diagnostic_msgs/share/diagnostic_msgs/srv/AddDiagnostics_Request.msg
[551.312s] -- Installing: /mnt/d/prueba/TFG-ROS2/ros2_client_node/install/diagnostic_msgs/share/diagnostic_msgs/srv/AddDiagnostics_Response.msg
[551.531s] -- Installing: /mnt/d/prueba/TFG-ROS2/ros2_client_node/install/diagnostic_msgs/share/diagnostic_msgs/srv/SelfTest.srv
[551.736s] -- Installing: /mnt/d/prueba/TFG-ROS2/ros2_client_node/install/diagnostic_msgs/share/diagnostic_msgs/srv/SelfTest_Request.msg
[551.908s] -- Installing: /mnt/d/prueba/TFG-ROS2/ros2_client_node/install/diagnostic_msgs/share/diagnostic_msgs/srv/SelfTest_Response.msg
[552.136s] -- Installing: /mnt/d/prueba/TFG-ROS2/ros2_client_node/install/diagnostic_msgs/share/ament_index/resource_index/package_run_dependencies/diagnostic_msgs
[552.425s] -- Installing: /mnt/d/prueba/TFG-ROS2/ros2_client_node/install/diagnostic_msgs/share/ament_index/resource_index/parent_prefix_path/diagnostic_msgs
[552.601s] -- Installing: /mnt/d/prueba/TFG-ROS2/ros2_client_node/install/diagnostic_msgs/share/diagnostic_msgs/environment/ament_prefix_path.sh
[552.739s] -- Installing: /mnt/d/prueba/TFG-ROS2/ros2_client_node/install/diagnostic_msgs/share/diagnostic_msgs/environment/ament_prefix_path.dsv
[552.902s] -- Installing: /mnt/d/prueba/TFG-ROS2/ros2_client_node/install/diagnostic_msgs/share/diagnostic_msgs/environment/path.sh
[553.050s] -- Installing: /mnt/d/prueba/TFG-ROS2/ros2_client_node/install/diagnostic_msgs/share/diagnostic_msgs/environment/path.dsv
[553.208s] -- Installing: /mnt/d/prueba/TFG-ROS2/ros2_client_node/install/diagnostic_msgs/share/diagnostic_msgs/local_setup.bash
[553.334s] -- Installing: /mnt/d/prueba/TFG-ROS2/ros2_client_node/install/diagnostic_msgs/share/diagnostic_msgs/local_setup.sh
[553.460s] -- Installing: /mnt/d/prueba/TFG-ROS2/ros2_client_node/install/diagnostic_msgs/share/diagnostic_msgs/local_setup.zsh
[553.587s] -- Installing: /mnt/d/prueba/TFG-ROS2/ros2_client_node/install/diagnostic_msgs/share/diagnostic_msgs/local_setup.dsv
[553.718s] -- Installing: /mnt/d/prueba/TFG-ROS2/ros2_client_node/install/diagnostic_msgs/share/diagnostic_msgs/package.dsv
[553.914s] -- Installing: /mnt/d/prueba/TFG-ROS2/ros2_client_node/install/diagnostic_msgs/share/ament_index/resource_index/packages/diagnostic_msgs
[554.186s] -- Installing: /mnt/d/prueba/TFG-ROS2/ros2_client_node/install/diagnostic_msgs/share/diagnostic_msgs/cmake/export_diagnostic_msgs__rosidl_generator_cExport.cmake
[554.393s] -- Installing: /mnt/d/prueba/TFG-ROS2/ros2_client_node/install/diagnostic_msgs/share/diagnostic_msgs/cmake/export_diagnostic_msgs__rosidl_generator_cExport-noconfig.cmake
[554.611s] -- Installing: /mnt/d/prueba/TFG-ROS2/ros2_client_node/install/diagnostic_msgs/share/diagnostic_msgs/cmake/export_diagnostic_msgs__rosidl_typesupport_fastrtps_cExport.cmake
[554.861s] -- Installing: /mnt/d/prueba/TFG-ROS2/ros2_client_node/install/diagnostic_msgs/share/diagnostic_msgs/cmake/export_diagnostic_msgs__rosidl_typesupport_fastrtps_cExport-noconfig.cmake
[555.107s] -- Installing: /mnt/d/prueba/TFG-ROS2/ros2_client_node/install/diagnostic_msgs/share/diagnostic_msgs/cmake/diagnostic_msgs__rosidl_typesupport_introspection_cExport.cmake
[555.359s] -- Installing: /mnt/d/prueba/TFG-ROS2/ros2_client_node/install/diagnostic_msgs/share/diagnostic_msgs/cmake/diagnostic_msgs__rosidl_typesupport_introspection_cExport-noconfig.cmake
[555.623s] -- Installing: /mnt/d/prueba/TFG-ROS2/ros2_client_node/install/diagnostic_msgs/share/diagnostic_msgs/cmake/diagnostic_msgs__rosidl_typesupport_cExport.cmake
[555.861s] -- Installing: /mnt/d/prueba/TFG-ROS2/ros2_client_node/install/diagnostic_msgs/share/diagnostic_msgs/cmake/diagnostic_msgs__rosidl_typesupport_cExport-noconfig.cmake
[556.116s] -- Installing: /mnt/d/prueba/TFG-ROS2/ros2_client_node/install/diagnostic_msgs/share/diagnostic_msgs/cmake/export_diagnostic_msgs__rosidl_generator_cppExport.cmake
[556.430s] -- Installing: /mnt/d/prueba/TFG-ROS2/ros2_client_node/install/diagnostic_msgs/share/diagnostic_msgs/cmake/export_diagnostic_msgs__rosidl_typesupport_fastrtps_cppExport.cmake
[556.708s] -- Installing: /mnt/d/prueba/TFG-ROS2/ros2_client_node/install/diagnostic_msgs/share/diagnostic_msgs/cmake/export_diagnostic_msgs__rosidl_typesupport_fastrtps_cppExport-noconfig.cmake
[556.982s] -- Installing: /mnt/d/prueba/TFG-ROS2/ros2_client_node/install/diagnostic_msgs/share/diagnostic_msgs/cmake/diagnostic_msgs__rosidl_typesupport_introspection_cppExport.cmake
[557.297s] -- Installing: /mnt/d/prueba/TFG-ROS2/ros2_client_node/install/diagnostic_msgs/share/diagnostic_msgs/cmake/diagnostic_msgs__rosidl_typesupport_introspection_cppExport-noconfig.cmake
[557.607s] -- Installing: /mnt/d/prueba/TFG-ROS2/ros2_client_node/install/diagnostic_msgs/share/diagnostic_msgs/cmake/diagnostic_msgs__rosidl_typesupport_cppExport.cmake
[557.917s] -- Installing: /mnt/d/prueba/TFG-ROS2/ros2_client_node/install/diagnostic_msgs/share/diagnostic_msgs/cmake/diagnostic_msgs__rosidl_typesupport_cppExport-noconfig.cmake
[558.196s] -- Installing: /mnt/d/prueba/TFG-ROS2/ros2_client_node/install/diagnostic_msgs/share/diagnostic_msgs/cmake/export_diagnostic_msgs__rosidl_generator_pyExport.cmake
[558.470s] -- Installing: /mnt/d/prueba/TFG-ROS2/ros2_client_node/install/diagnostic_msgs/share/diagnostic_msgs/cmake/export_diagnostic_msgs__rosidl_generator_pyExport-noconfig.cmake
[558.746s] -- Installing: /mnt/d/prueba/TFG-ROS2/ros2_client_node/install/diagnostic_msgs/share/diagnostic_msgs/cmake/rosidl_cmake-extras.cmake
[558.944s] -- Installing: /mnt/d/prueba/TFG-ROS2/ros2_client_node/install/diagnostic_msgs/share/diagnostic_msgs/cmake/ament_cmake_export_dependencies-extras.cmake
[559.137s] -- Installing: /mnt/d/prueba/TFG-ROS2/ros2_client_node/install/diagnostic_msgs/share/diagnostic_msgs/cmake/ament_cmake_export_include_directories-extras.cmake
[559.338s] -- Installing: /mnt/d/prueba/TFG-ROS2/ros2_client_node/install/diagnostic_msgs/share/diagnostic_msgs/cmake/ament_cmake_export_libraries-extras.cmake
[559.537s] -- Installing: /mnt/d/prueba/TFG-ROS2/ros2_client_node/install/diagnostic_msgs/share/diagnostic_msgs/cmake/ament_cmake_export_targets-extras.cmake
[559.731s] -- Installing: /mnt/d/prueba/TFG-ROS2/ros2_client_node/install/diagnostic_msgs/share/diagnostic_msgs/cmake/rosidl_cmake_export_typesupport_targets-extras.cmake
[559.948s] -- Installing: /mnt/d/prueba/TFG-ROS2/ros2_client_node/install/diagnostic_msgs/share/diagnostic_msgs/cmake/rosidl_cmake_export_typesupport_libraries-extras.cmake
[560.192s] -- Installing: /mnt/d/prueba/TFG-ROS2/ros2_client_node/install/diagnostic_msgs/share/diagnostic_msgs/cmake/diagnostic_msgsConfig.cmake
[560.396s] -- Installing: /mnt/d/prueba/TFG-ROS2/ros2_client_node/install/diagnostic_msgs/share/diagnostic_msgs/cmake/diagnostic_msgsConfig-version.cmake
[560.627s] -- Installing: /mnt/d/prueba/TFG-ROS2/ros2_client_node/install/diagnostic_msgs/share/diagnostic_msgs/package.xml
[560.828s] Invoked command in '/mnt/d/prueba/TFG-ROS2/ros2_client_node/build/diagnostic_msgs' returned '0': AMENT_PREFIX_PATH=/mnt/d/prueba/TFG-ROS2/ros2_client_node/install/geometry_msgs:/mnt/d/prueba/TFG-ROS2/ros2_client_node/install/std_msgs:/mnt/d/prueba/TFG-ROS2/ros2_client_node/install/builtin_interfaces:${AMENT_PREFIX_PATH} CMAKE_PREFIX_PATH=/mnt/d/prueba/TFG-ROS2/ros2_client_node/install/geometry_msgs:/mnt/d/prueba/TFG-ROS2/ros2_client_node/install/std_msgs:/mnt/d/prueba/TFG-ROS2/ros2_client_node/install/builtin_interfaces:/mnt/d/prueba/TFG-ROS2/ros2_client_node/install/rosidl_typesupport_microxrcedds_cpp:/mnt/d/prueba/TFG-ROS2/ros2_client_node/install/rosidl_typesupport_microxrcedds_c:/mnt/d/prueba/TFG-ROS2/ros2_client_node/install/microcdr:/mnt/d/prueba/TFG-ROS2/ros2_client_node/install/micro_ros_setup:/mnt/d/prueba/TFG-ROS2/ros2_agent_node/install/micro_ros_agent:/mnt/d/prueba/TFG-ROS2/ros2_agent_node/install/micro_ros_msgs:/mnt/d/prueba/TFG-ROS2/ros2_agent_node/install/micro_ros_setup:/opt/ros/humble LD_LIBRARY_PATH=/mnt/d/prueba/TFG-ROS2/ros2_client_node/install/geometry_msgs/lib:/mnt/d/prueba/TFG-ROS2/ros2_client_node/install/std_msgs/lib:/mnt/d/prueba/TFG-ROS2/ros2_client_node/install/builtin_interfaces/lib:${LD_LIBRARY_PATH} PYTHONPATH=/mnt/d/prueba/TFG-ROS2/ros2_client_node/install/geometry_msgs/local/lib/python3.10/dist-packages:/mnt/d/prueba/TFG-ROS2/ros2_client_node/install/std_msgs/local/lib/python3.10/dist-packages:/mnt/d/prueba/TFG-ROS2/ros2_client_node/install/builtin_interfaces/local/lib/python3.10/dist-packages:${PYTHONPATH} /usr/bin/cmake --install /mnt/d/prueba/TFG-ROS2/ros2_client_node/build/diagnostic_msgs
