[0.815s] DEBUG:colcon:Command line arguments: ['/home/alu0101206011/.local/bin/colcon', 'build', '--packages-select', 'cpp_pubsub']
[0.815s] DEBUG:colcon:Parsed command line arguments: Namespace(log_base=None, log_level=None, verb_name='build', build_base='build', install_base='install', merge_install=False, symlink_install=False, test_result_base=None, continue_on_error=False, executor='parallel', parallel_workers=12, event_handlers=None, ignore_user_meta=False, metas=['./colcon.meta'], base_paths=['.'], packages_ignore=None, packages_ignore_regex=None, paths=None, packages_up_to=None, packages_up_to_regex=None, packages_above=None, packages_above_and_dependencies=None, packages_above_depth=None, packages_select_by_dep=None, packages_skip_by_dep=None, packages_skip_up_to=None, packages_select_build_failed=False, packages_skip_build_finished=False, packages_select_test_failures=False, packages_skip_test_passed=False, packages_select=['cpp_pubsub'], packages_skip=None, packages_select_regex=None, packages_skip_regex=None, packages_start=None, packages_end=None, allow_overriding=[], cmake_args=None, cmake_target=None, cmake_target_skip_unavailable=False, cmake_clean_cache=False, cmake_clean_first=False, cmake_force_configure=False, ament_cmake_args=None, catkin_cmake_args=None, catkin_skip_building_tests=False, verb_parser=<colcon_defaults.argument_parser.defaults.DefaultArgumentsDecorator object at 0x7f81e80196c0>, verb_extension=<colcon_core.verb.build.BuildVerb object at 0x7f81e816a830>, main=<bound method BuildVerb.main of <colcon_core.verb.build.BuildVerb object at 0x7f81e816a830>>)
[0.843s] Level 1:colcon.colcon_core.package_discovery:discover_packages(colcon_meta) check parameters
[0.843s] Level 1:colcon.colcon_core.package_discovery:discover_packages(recursive) check parameters
[0.843s] Level 1:colcon.colcon_core.package_discovery:discover_packages(ignore) check parameters
[0.843s] Level 1:colcon.colcon_core.package_discovery:discover_packages(path) check parameters
[0.843s] Level 1:colcon.colcon_core.package_discovery:discover_packages(colcon_meta) discover
[0.843s] Level 1:colcon.colcon_core.package_discovery:discover_packages(recursive) discover
[0.843s] INFO:colcon.colcon_core.package_discovery:Crawling recursively for packages in '/home/alu0101206011/ros2_ws/src'
[0.843s] Level 1:colcon.colcon_core.package_identification:_identify(.) by extensions ['ignore', 'ignore_ament_install']
[0.843s] Level 1:colcon.colcon_core.package_identification:_identify(.) by extension 'ignore'
[0.843s] Level 1:colcon.colcon_core.package_identification:_identify(.) by extension 'ignore_ament_install'
[0.843s] Level 1:colcon.colcon_core.package_identification:_identify(.) by extensions ['colcon_pkg']
[0.843s] Level 1:colcon.colcon_core.package_identification:_identify(.) by extension 'colcon_pkg'
[0.843s] Level 1:colcon.colcon_core.package_identification:_identify(.) by extensions ['colcon_meta']
[0.843s] Level 1:colcon.colcon_core.package_identification:_identify(.) by extension 'colcon_meta'
[0.843s] Level 1:colcon.colcon_core.package_identification:_identify(.) by extensions ['ros']
[0.843s] Level 1:colcon.colcon_core.package_identification:_identify(.) by extension 'ros'
[0.856s] Level 1:colcon.colcon_core.package_identification:_identify(.) by extensions ['cmake', 'python']
[0.856s] Level 1:colcon.colcon_core.package_identification:_identify(.) by extension 'cmake'
[0.856s] Level 1:colcon.colcon_core.package_identification:_identify(.) by extension 'python'
[0.856s] Level 1:colcon.colcon_core.package_identification:_identify(.) by extensions ['python_setup_py']
[0.857s] Level 1:colcon.colcon_core.package_identification:_identify(.) by extension 'python_setup_py'
[0.857s] Level 1:colcon.colcon_core.package_identification:_identify(build) by extensions ['ignore', 'ignore_ament_install']
[0.857s] Level 1:colcon.colcon_core.package_identification:_identify(build) by extension 'ignore'
[0.857s] Level 1:colcon.colcon_core.package_identification:_identify(build) ignored
[0.857s] Level 1:colcon.colcon_core.package_identification:_identify(cpp_pubsub) by extensions ['ignore', 'ignore_ament_install']
[0.857s] Level 1:colcon.colcon_core.package_identification:_identify(cpp_pubsub) by extension 'ignore'
[0.857s] Level 1:colcon.colcon_core.package_identification:_identify(cpp_pubsub) by extension 'ignore_ament_install'
[0.857s] Level 1:colcon.colcon_core.package_identification:_identify(cpp_pubsub) by extensions ['colcon_pkg']
[0.857s] Level 1:colcon.colcon_core.package_identification:_identify(cpp_pubsub) by extension 'colcon_pkg'
[0.857s] Level 1:colcon.colcon_core.package_identification:_identify(cpp_pubsub) by extensions ['colcon_meta']
[0.857s] Level 1:colcon.colcon_core.package_identification:_identify(cpp_pubsub) by extension 'colcon_meta'
[0.857s] Level 1:colcon.colcon_core.package_identification:_identify(cpp_pubsub) by extensions ['ros']
[0.857s] Level 1:colcon.colcon_core.package_identification:_identify(cpp_pubsub) by extension 'ros'
[0.861s] DEBUG:colcon.colcon_core.package_identification:Package 'cpp_pubsub' with type 'ros.ament_cmake' and name 'cpp_pubsub'
[0.861s] Level 1:colcon.colcon_core.package_identification:_identify(install) by extensions ['ignore', 'ignore_ament_install']
[0.861s] Level 1:colcon.colcon_core.package_identification:_identify(install) by extension 'ignore'
[0.861s] Level 1:colcon.colcon_core.package_identification:_identify(install) ignored
[0.861s] Level 1:colcon.colcon_core.package_identification:_identify(log) by extensions ['ignore', 'ignore_ament_install']
[0.862s] Level 1:colcon.colcon_core.package_identification:_identify(log) by extension 'ignore'
[0.862s] Level 1:colcon.colcon_core.package_identification:_identify(log) ignored
[0.862s] Level 1:colcon.colcon_core.package_discovery:discover_packages(recursive) using defaults
[0.862s] Level 1:colcon.colcon_core.package_discovery:discover_packages(ignore) discover
[0.862s] Level 1:colcon.colcon_core.package_discovery:discover_packages(ignore) using defaults
[0.862s] Level 1:colcon.colcon_core.package_discovery:discover_packages(path) discover
[0.862s] Level 1:colcon.colcon_core.package_discovery:discover_packages(path) using defaults
[0.901s] Level 1:colcon.colcon_core.package_discovery:discover_packages(prefix_path) check parameters
[0.901s] Level 1:colcon.colcon_core.package_discovery:discover_packages(prefix_path) discover
[0.908s] DEBUG:colcon.colcon_installed_package_information.package_discovery:Found 1 installed packages in /home/alu0101206011/ros2_ws/src/install
[0.912s] DEBUG:colcon.colcon_installed_package_information.package_discovery:Found 271 installed packages in /opt/ros/humble
[0.913s] Level 1:colcon.colcon_core.package_discovery:discover_packages(prefix_path) using defaults
[1.011s] Level 5:colcon.colcon_core.verb:set package 'cpp_pubsub' build argument 'cmake_args' from command line to 'None'
[1.011s] Level 5:colcon.colcon_core.verb:set package 'cpp_pubsub' build argument 'cmake_target' from command line to 'None'
[1.011s] Level 5:colcon.colcon_core.verb:set package 'cpp_pubsub' build argument 'cmake_target_skip_unavailable' from command line to 'False'
[1.012s] Level 5:colcon.colcon_core.verb:set package 'cpp_pubsub' build argument 'cmake_clean_cache' from command line to 'False'
[1.012s] Level 5:colcon.colcon_core.verb:set package 'cpp_pubsub' build argument 'cmake_clean_first' from command line to 'False'
[1.012s] Level 5:colcon.colcon_core.verb:set package 'cpp_pubsub' build argument 'cmake_force_configure' from command line to 'False'
[1.012s] Level 5:colcon.colcon_core.verb:set package 'cpp_pubsub' build argument 'ament_cmake_args' from command line to 'None'
[1.012s] Level 5:colcon.colcon_core.verb:set package 'cpp_pubsub' build argument 'catkin_cmake_args' from command line to 'None'
[1.012s] Level 5:colcon.colcon_core.verb:set package 'cpp_pubsub' build argument 'catkin_skip_building_tests' from command line to 'False'
[1.012s] DEBUG:colcon.colcon_core.verb:Building package 'cpp_pubsub' with the following arguments: {'ament_cmake_args': None, 'build_base': '/home/alu0101206011/ros2_ws/src/build/cpp_pubsub', 'catkin_cmake_args': None, 'catkin_skip_building_tests': False, 'cmake_args': None, 'cmake_clean_cache': False, 'cmake_clean_first': False, 'cmake_force_configure': False, 'cmake_target': None, 'cmake_target_skip_unavailable': False, 'install_base': '/home/alu0101206011/ros2_ws/src/install/cpp_pubsub', 'merge_install': False, 'path': '/home/alu0101206011/ros2_ws/src/cpp_pubsub', 'symlink_install': False, 'test_result_base': None}
[1.013s] INFO:colcon.colcon_core.executor:Executing jobs using 'parallel' executor
[1.025s] DEBUG:colcon.colcon_parallel_executor.executor.parallel:run_until_complete
[1.025s] INFO:colcon.colcon_ros.task.ament_cmake.build:Building ROS package in '/home/alu0101206011/ros2_ws/src/cpp_pubsub' with build type 'ament_cmake'
[1.026s] INFO:colcon.colcon_cmake.task.cmake.build:Building CMake package in '/home/alu0101206011/ros2_ws/src/cpp_pubsub'
[1.034s] INFO:colcon.colcon_core.plugin_system:Skipping extension 'colcon_core.shell.bat': Not used on non-Windows systems
[1.035s] INFO:colcon.colcon_core.shell:Skip shell extension 'powershell' for command environment: Not usable outside of PowerShell
[1.035s] DEBUG:colcon.colcon_core.shell:Skip shell extension 'dsv' for command environment
[1.056s] DEBUG:colcon.colcon_core.event_handler.log_command:Invoking command in '/home/alu0101206011/ros2_ws/src/build/cpp_pubsub': CMAKE_PREFIX_PATH=${CMAKE_PREFIX_PATH}:/opt/ros/humble /usr/bin/cmake /home/alu0101206011/ros2_ws/src/cpp_pubsub -DCMAKE_INSTALL_PREFIX=/home/alu0101206011/ros2_ws/src/install/cpp_pubsub
[10.379s] DEBUG:colcon.colcon_core.event_handler.log_command:Invoked command in '/home/alu0101206011/ros2_ws/src/build/cpp_pubsub' returned '0': CMAKE_PREFIX_PATH=${CMAKE_PREFIX_PATH}:/opt/ros/humble /usr/bin/cmake /home/alu0101206011/ros2_ws/src/cpp_pubsub -DCMAKE_INSTALL_PREFIX=/home/alu0101206011/ros2_ws/src/install/cpp_pubsub
[10.380s] DEBUG:colcon.colcon_core.event_handler.log_command:Invoking command in '/home/alu0101206011/ros2_ws/src/build/cpp_pubsub': CMAKE_PREFIX_PATH=${CMAKE_PREFIX_PATH}:/opt/ros/humble /usr/bin/cmake --build /home/alu0101206011/ros2_ws/src/build/cpp_pubsub -- -j12 -l12
[16.086s] DEBUG:colcon.colcon_core.event_handler.log_command:Invoked command in '/home/alu0101206011/ros2_ws/src/build/cpp_pubsub' returned '0': CMAKE_PREFIX_PATH=${CMAKE_PREFIX_PATH}:/opt/ros/humble /usr/bin/cmake --build /home/alu0101206011/ros2_ws/src/build/cpp_pubsub -- -j12 -l12
[16.124s] DEBUG:colcon.colcon_core.event_handler.log_command:Invoking command in '/home/alu0101206011/ros2_ws/src/build/cpp_pubsub': CMAKE_PREFIX_PATH=${CMAKE_PREFIX_PATH}:/opt/ros/humble /usr/bin/cmake --install /home/alu0101206011/ros2_ws/src/build/cpp_pubsub
[16.138s] Level 1:colcon.colcon_core.environment:create_environment_scripts_only(cpp_pubsub)
[16.139s] DEBUG:colcon.colcon_core.event_handler.log_command:Invoked command in '/home/alu0101206011/ros2_ws/src/build/cpp_pubsub' returned '0': CMAKE_PREFIX_PATH=${CMAKE_PREFIX_PATH}:/opt/ros/humble /usr/bin/cmake --install /home/alu0101206011/ros2_ws/src/build/cpp_pubsub
[16.146s] Level 1:colcon.colcon_core.environment:checking '/home/alu0101206011/ros2_ws/src/install/cpp_pubsub' for CMake module files
[16.147s] Level 1:colcon.colcon_core.environment:checking '/home/alu0101206011/ros2_ws/src/install/cpp_pubsub' for CMake config files
[16.147s] Level 1:colcon.colcon_core.shell:create_environment_hook('cpp_pubsub', 'cmake_prefix_path')
[16.155s] INFO:colcon.colcon_core.shell:Creating environment hook '/home/alu0101206011/ros2_ws/src/install/cpp_pubsub/share/cpp_pubsub/hook/cmake_prefix_path.ps1'
[16.156s] INFO:colcon.colcon_core.shell:Creating environment descriptor '/home/alu0101206011/ros2_ws/src/install/cpp_pubsub/share/cpp_pubsub/hook/cmake_prefix_path.dsv'
[16.156s] INFO:colcon.colcon_core.shell:Creating environment hook '/home/alu0101206011/ros2_ws/src/install/cpp_pubsub/share/cpp_pubsub/hook/cmake_prefix_path.sh'
[16.158s] Level 1:colcon.colcon_core.environment:checking '/home/alu0101206011/ros2_ws/src/install/cpp_pubsub/lib'
[16.158s] Level 1:colcon.colcon_core.environment:checking '/home/alu0101206011/ros2_ws/src/install/cpp_pubsub/bin'
[16.158s] Level 1:colcon.colcon_core.environment:checking '/home/alu0101206011/ros2_ws/src/install/cpp_pubsub/lib/pkgconfig/cpp_pubsub.pc'
[16.158s] Level 1:colcon.colcon_core.environment:checking '/home/alu0101206011/ros2_ws/src/install/cpp_pubsub/lib/python3.10/site-packages'
[16.159s] Level 1:colcon.colcon_core.environment:checking '/home/alu0101206011/ros2_ws/src/install/cpp_pubsub/bin'
[16.166s] INFO:colcon.colcon_core.shell:Creating package script '/home/alu0101206011/ros2_ws/src/install/cpp_pubsub/share/cpp_pubsub/package.ps1'
[16.167s] INFO:colcon.colcon_core.shell:Creating package descriptor '/home/alu0101206011/ros2_ws/src/install/cpp_pubsub/share/cpp_pubsub/package.dsv'
[16.168s] INFO:colcon.colcon_core.shell:Creating package script '/home/alu0101206011/ros2_ws/src/install/cpp_pubsub/share/cpp_pubsub/package.sh'
[16.168s] INFO:colcon.colcon_core.shell:Creating package script '/home/alu0101206011/ros2_ws/src/install/cpp_pubsub/share/cpp_pubsub/package.bash'
[16.169s] INFO:colcon.colcon_core.shell:Creating package script '/home/alu0101206011/ros2_ws/src/install/cpp_pubsub/share/cpp_pubsub/package.zsh'
[16.170s] Level 1:colcon.colcon_core.environment:create_file_with_runtime_dependencies(/home/alu0101206011/ros2_ws/src/install/cpp_pubsub/share/colcon-core/packages/cpp_pubsub)
[16.202s] Level 1:colcon.colcon_core.environment:create_environment_scripts_only(cpp_pubsub)
[16.207s] Level 1:colcon.colcon_core.environment:checking '/home/alu0101206011/ros2_ws/src/install/cpp_pubsub' for CMake module files
[16.208s] Level 1:colcon.colcon_core.environment:checking '/home/alu0101206011/ros2_ws/src/install/cpp_pubsub' for CMake config files
[16.208s] Level 1:colcon.colcon_core.shell:create_environment_hook('cpp_pubsub', 'cmake_prefix_path')
[16.213s] INFO:colcon.colcon_core.shell:Creating environment hook '/home/alu0101206011/ros2_ws/src/install/cpp_pubsub/share/cpp_pubsub/hook/cmake_prefix_path.ps1'
[16.213s] INFO:colcon.colcon_core.shell:Creating environment descriptor '/home/alu0101206011/ros2_ws/src/install/cpp_pubsub/share/cpp_pubsub/hook/cmake_prefix_path.dsv'
[16.214s] INFO:colcon.colcon_core.shell:Creating environment hook '/home/alu0101206011/ros2_ws/src/install/cpp_pubsub/share/cpp_pubsub/hook/cmake_prefix_path.sh'
[16.214s] Level 1:colcon.colcon_core.environment:checking '/home/alu0101206011/ros2_ws/src/install/cpp_pubsub/lib'
[16.214s] Level 1:colcon.colcon_core.environment:checking '/home/alu0101206011/ros2_ws/src/install/cpp_pubsub/bin'
[16.215s] Level 1:colcon.colcon_core.environment:checking '/home/alu0101206011/ros2_ws/src/install/cpp_pubsub/lib/pkgconfig/cpp_pubsub.pc'
[16.215s] Level 1:colcon.colcon_core.environment:checking '/home/alu0101206011/ros2_ws/src/install/cpp_pubsub/lib/python3.10/site-packages'
[16.215s] Level 1:colcon.colcon_core.environment:checking '/home/alu0101206011/ros2_ws/src/install/cpp_pubsub/bin'
[16.220s] INFO:colcon.colcon_core.shell:Creating package script '/home/alu0101206011/ros2_ws/src/install/cpp_pubsub/share/cpp_pubsub/package.ps1'
[16.221s] INFO:colcon.colcon_core.shell:Creating package descriptor '/home/alu0101206011/ros2_ws/src/install/cpp_pubsub/share/cpp_pubsub/package.dsv'
[16.221s] INFO:colcon.colcon_core.shell:Creating package script '/home/alu0101206011/ros2_ws/src/install/cpp_pubsub/share/cpp_pubsub/package.sh'
[16.222s] INFO:colcon.colcon_core.shell:Creating package script '/home/alu0101206011/ros2_ws/src/install/cpp_pubsub/share/cpp_pubsub/package.bash'
[16.222s] INFO:colcon.colcon_core.shell:Creating package script '/home/alu0101206011/ros2_ws/src/install/cpp_pubsub/share/cpp_pubsub/package.zsh'
[16.222s] Level 1:colcon.colcon_core.environment:create_file_with_runtime_dependencies(/home/alu0101206011/ros2_ws/src/install/cpp_pubsub/share/colcon-core/packages/cpp_pubsub)
[16.223s] DEBUG:colcon.colcon_parallel_executor.executor.parallel:closing loop
[16.223s] DEBUG:colcon.colcon_parallel_executor.executor.parallel:loop closed
[16.224s] DEBUG:colcon.colcon_parallel_executor.executor.parallel:run_until_complete finished with '0'
[16.224s] DEBUG:colcon.colcon_core.event_reactor:joining thread
[16.287s] INFO:colcon.colcon_core.plugin_system:Skipping extension 'colcon_notification.desktop_notification.notify_send': Could not find 'notify-send'
[16.288s] INFO:colcon.colcon_core.plugin_system:Skipping extension 'colcon_notification.desktop_notification.terminal_notifier': Not used on non-Darwin systems
[16.288s] INFO:colcon.colcon_core.plugin_system:Skipping extension 'colcon_notification.desktop_notification.win32': Not used on non-Windows systems
[16.288s] INFO:colcon.colcon_notification.desktop_notification:Sending desktop notification using 'notify2'
[16.306s] DEBUG:colcon.colcon_notification.desktop_notification.notify2:Failed to initialize notify2: org.freedesktop.DBus.Error.ServiceUnknown: The name org.freedesktop.Notifications was not provided by any .service files
[16.306s] DEBUG:colcon.colcon_core.event_reactor:joined thread
[16.312s] INFO:colcon.colcon_core.shell:Creating prefix script '/home/alu0101206011/ros2_ws/src/install/local_setup.ps1'
[16.313s] INFO:colcon.colcon_core.shell:Creating prefix util module '/home/alu0101206011/ros2_ws/src/install/_local_setup_util_ps1.py'
[16.315s] INFO:colcon.colcon_core.shell:Creating prefix chain script '/home/alu0101206011/ros2_ws/src/install/setup.ps1'
[16.320s] INFO:colcon.colcon_core.shell:Creating prefix script '/home/alu0101206011/ros2_ws/src/install/local_setup.sh'
[16.321s] INFO:colcon.colcon_core.shell:Creating prefix util module '/home/alu0101206011/ros2_ws/src/install/_local_setup_util_sh.py'
[16.321s] INFO:colcon.colcon_core.shell:Creating prefix chain script '/home/alu0101206011/ros2_ws/src/install/setup.sh'
[16.326s] INFO:colcon.colcon_core.shell:Creating prefix script '/home/alu0101206011/ros2_ws/src/install/local_setup.bash'
[16.326s] INFO:colcon.colcon_core.shell:Creating prefix chain script '/home/alu0101206011/ros2_ws/src/install/setup.bash'
[16.331s] INFO:colcon.colcon_core.shell:Creating prefix script '/home/alu0101206011/ros2_ws/src/install/local_setup.zsh'
[16.331s] INFO:colcon.colcon_core.shell:Creating prefix chain script '/home/alu0101206011/ros2_ws/src/install/setup.zsh'
