[0.399s] Invoking command in '/mnt/d/prueba/TFG-ROS2/ros2_client_node/build/lifecycle_msgs': CMAKE_PREFIX_PATH=${CMAKE_PREFIX_PATH}:/opt/ros/humble /usr/bin/cmake /mnt/d/prueba/TFG-ROS2/ros2_client_node/src/ros2/rcl_interfaces/lifecycle_msgs -DBUILD_TESTING=OFF -DBUILD_SHARED_LIBS=ON -DCMAKE_INSTALL_PREFIX=/mnt/d/prueba/TFG-ROS2/ros2_client_node/install/lifecycle_msgs
[2.305s] -- The C compiler identification is GNU 11.3.0
[3.652s] -- The CXX compiler identification is GNU 11.3.0
[4.275s] -- Detecting C compiler ABI info
[8.180s] -- Detecting C compiler ABI info - done
[8.232s] -- Check for working C compiler: /usr/bin/cc - skipped
[8.234s] -- Detecting C compile features
[8.236s] -- Detecting C compile features - done
[8.348s] -- Detecting CXX compiler ABI info
[12.643s] -- Detecting CXX compiler ABI info - done
[12.711s] -- Check for working CXX compiler: /usr/bin/c++ - skipped
[12.714s] -- Detecting CXX compile features
[12.718s] -- Detecting CXX compile features - done
[13.444s] -- Found ament_cmake: 1.3.3 (/opt/ros/humble/share/ament_cmake/cmake)
[19.913s] -- Found Python3: /usr/bin/python3.10 (found version "3.10.6") found components: Interpreter 
[28.380s] -- Found rosidl_default_generators: 1.2.0 (/opt/ros/humble/share/rosidl_default_generators/cmake)
[28.990s] -- Using all available rosidl_typesupport_c: rosidl_typesupport_microxrcedds_c;rosidl_typesupport_fastrtps_c;rosidl_typesupport_introspection_c
[30.616s] -- Found rosidl_adapter: 3.1.4 (/opt/ros/humble/share/rosidl_adapter/cmake)
[36.932s] -- Using all available rosidl_typesupport_cpp: rosidl_typesupport_microxrcedds_cpp;rosidl_typesupport_fastrtps_cpp;rosidl_typesupport_introspection_cpp
[54.980s] -- Found ament_cmake_ros: 0.10.0 (/opt/ros/humble/share/ament_cmake_ros/cmake)
[63.122s] -- Using all available rosidl_typesupport_c: rosidl_typesupport_microxrcedds_c;rosidl_typesupport_fastrtps_c;rosidl_typesupport_introspection_c
[73.435s] -- Using all available rosidl_typesupport_cpp: rosidl_typesupport_microxrcedds_cpp;rosidl_typesupport_fastrtps_cpp;rosidl_typesupport_introspection_cpp
[74.879s] -- Found PythonInterp: /usr/bin/python3 (found suitable version "3.10.6", minimum required is "3.6") 
[75.659s] -- Found python_cmake_module: 0.10.0 (/opt/ros/humble/share/python_cmake_module/cmake)
[77.139s] -- Found PythonLibs: /usr/lib/x86_64-linux-gnu/libpython3.10.so (found suitable version "3.10.6", minimum required is "3.5") 
[77.142s] -- Using PYTHON_EXECUTABLE: /usr/bin/python3
[77.144s] -- Using PYTHON_INCLUDE_DIRS: /usr/include/python3.10
[77.146s] -- Using PYTHON_LIBRARIES: /usr/lib/x86_64-linux-gnu/libpython3.10.so
[77.915s] -- Found PythonExtra: .so  
[83.252s] -- Configuring done
[101.293s] -- Generating done
[102.547s] -- Build files have been written to: /mnt/d/prueba/TFG-ROS2/ros2_client_node/build/lifecycle_msgs
[102.560s] Invoked command in '/mnt/d/prueba/TFG-ROS2/ros2_client_node/build/lifecycle_msgs' returned '0': CMAKE_PREFIX_PATH=${CMAKE_PREFIX_PATH}:/opt/ros/humble /usr/bin/cmake /mnt/d/prueba/TFG-ROS2/ros2_client_node/src/ros2/rcl_interfaces/lifecycle_msgs -DBUILD_TESTING=OFF -DBUILD_SHARED_LIBS=ON -DCMAKE_INSTALL_PREFIX=/mnt/d/prueba/TFG-ROS2/ros2_client_node/install/lifecycle_msgs
[102.589s] Invoking command in '/mnt/d/prueba/TFG-ROS2/ros2_client_node/build/lifecycle_msgs': CMAKE_PREFIX_PATH=${CMAKE_PREFIX_PATH}:/opt/ros/humble /usr/bin/cmake --build /mnt/d/prueba/TFG-ROS2/ros2_client_node/build/lifecycle_msgs -- -j12 -l12
[109.435s] [  0%] [34m[1mGenerating C++ code for ROS interfaces[0m
[132.791s] [  0%] Built target lifecycle_msgs__cpp
[134.549s] [  0%] Built target ament_cmake_python_copy_lifecycle_msgs
[135.232s] [  1%] [34m[1mGenerating C++ type support for eProsima Micro XRCE-DDS[0m
[135.325s] [  2%] [34m[1mGenerating C++ type support dispatch for ROS interfaces[0m
[142.791s] [  3%] [32mBuilding CXX object CMakeFiles/lifecycle_msgs__rosidl_typesupport_cpp.dir/rosidl_typesupport_cpp/lifecycle_msgs/msg/state__type_support.cpp.o[0m
[142.944s] [  4%] [32mBuilding CXX object CMakeFiles/lifecycle_msgs__rosidl_typesupport_cpp.dir/rosidl_typesupport_cpp/lifecycle_msgs/msg/transition__type_support.cpp.o[0m
[143.469s] [  4%] [32mBuilding CXX object CMakeFiles/lifecycle_msgs__rosidl_typesupport_cpp.dir/rosidl_typesupport_cpp/lifecycle_msgs/msg/transition_description__type_support.cpp.o[0m
[143.945s] [  5%] [32mBuilding CXX object CMakeFiles/lifecycle_msgs__rosidl_typesupport_cpp.dir/rosidl_typesupport_cpp/lifecycle_msgs/srv/change_state__type_support.cpp.o[0m
[145.125s] [  6%] [32mBuilding CXX object CMakeFiles/lifecycle_msgs__rosidl_typesupport_cpp.dir/rosidl_typesupport_cpp/lifecycle_msgs/srv/get_available_states__type_support.cpp.o[0m
[147.267s] [  7%] [32mBuilding CXX object CMakeFiles/lifecycle_msgs__rosidl_typesupport_microxrcedds_cpp.dir/rosidl_typesupport_microxrcedds_cpp/lifecycle_msgs/msg/detail/microxrcedds/state__type_support_cpp.cpp.o[0m
[147.854s] [  8%] [32mBuilding CXX object CMakeFiles/lifecycle_msgs__rosidl_typesupport_cpp.dir/rosidl_typesupport_cpp/lifecycle_msgs/srv/get_state__type_support.cpp.o[0m
[150.382s] [  9%] [32mBuilding CXX object CMakeFiles/lifecycle_msgs__rosidl_typesupport_cpp.dir/rosidl_typesupport_cpp/lifecycle_msgs/srv/get_available_transitions__type_support.cpp.o[0m
[153.260s] [ 10%] [32mBuilding CXX object CMakeFiles/lifecycle_msgs__rosidl_typesupport_cpp.dir/rosidl_typesupport_cpp/lifecycle_msgs/msg/transition_event__type_support.cpp.o[0m
[154.171s] [ 11%] [32mBuilding CXX object CMakeFiles/lifecycle_msgs__rosidl_typesupport_microxrcedds_cpp.dir/rosidl_typesupport_microxrcedds_cpp/lifecycle_msgs/srv/detail/microxrcedds/get_available_transitions__type_support_cpp.cpp.o[0m
[155.867s] [ 12%] [32m[1mLinking CXX shared library liblifecycle_msgs__rosidl_typesupport_cpp.so[0m
[158.415s] [ 12%] Built target lifecycle_msgs__rosidl_typesupport_cpp
[160.657s] [ 13%] [32mBuilding CXX object CMakeFiles/lifecycle_msgs__rosidl_typesupport_microxrcedds_cpp.dir/rosidl_typesupport_microxrcedds_cpp/lifecycle_msgs/srv/detail/microxrcedds/get_state__type_support_cpp.cpp.o[0m
[166.303s] [ 14%] [32mBuilding CXX object CMakeFiles/lifecycle_msgs__rosidl_typesupport_microxrcedds_cpp.dir/rosidl_typesupport_microxrcedds_cpp/lifecycle_msgs/srv/detail/microxrcedds/get_available_states__type_support_cpp.cpp.o[0m
[166.337s] [ 15%] [32mBuilding CXX object CMakeFiles/lifecycle_msgs__rosidl_typesupport_microxrcedds_cpp.dir/rosidl_typesupport_microxrcedds_cpp/lifecycle_msgs/srv/detail/microxrcedds/change_state__type_support_cpp.cpp.o[0m
[166.444s] [ 16%] [32mBuilding CXX object CMakeFiles/lifecycle_msgs__rosidl_typesupport_microxrcedds_cpp.dir/rosidl_typesupport_microxrcedds_cpp/lifecycle_msgs/msg/detail/microxrcedds/transition_event__type_support_cpp.cpp.o[0m
[171.891s] [ 17%] [32mBuilding CXX object CMakeFiles/lifecycle_msgs__rosidl_typesupport_microxrcedds_cpp.dir/rosidl_typesupport_microxrcedds_cpp/lifecycle_msgs/msg/detail/microxrcedds/transition_description__type_support_cpp.cpp.o[0m
[177.022s] [ 18%] [32mBuilding CXX object CMakeFiles/lifecycle_msgs__rosidl_typesupport_microxrcedds_cpp.dir/rosidl_typesupport_microxrcedds_cpp/lifecycle_msgs/msg/detail/microxrcedds/transition__type_support_cpp.cpp.o[0m
[183.595s] [ 19%] [32m[1mLinking CXX shared library liblifecycle_msgs__rosidl_typesupport_microxrcedds_cpp.so[0m
[186.252s] [ 19%] Built target lifecycle_msgs__rosidl_typesupport_microxrcedds_cpp
[187.041s] [ 21%] [34m[1mGenerating C++ introspection for ROS interfaces[0m
[187.049s] [ 21%] [34m[1mGenerating C code for ROS interfaces[0m
[187.157s] [ 22%] [34m[1mGenerating C++ type support for eProsima Fast-RTPS[0m
[190.608s] running egg_info
[190.611s] creating lifecycle_msgs.egg-info
[190.617s] writing lifecycle_msgs.egg-info/PKG-INFO
[190.633s] writing dependency_links to lifecycle_msgs.egg-info/dependency_links.txt
[190.652s] writing top-level names to lifecycle_msgs.egg-info/top_level.txt
[190.665s] writing manifest file 'lifecycle_msgs.egg-info/SOURCES.txt'
[190.721s] reading manifest file 'lifecycle_msgs.egg-info/SOURCES.txt'
[190.798s] writing manifest file 'lifecycle_msgs.egg-info/SOURCES.txt'
[191.653s] [ 22%] Built target ament_cmake_python_build_lifecycle_msgs_egg
[196.490s] [ 23%] [32mBuilding CXX object CMakeFiles/lifecycle_msgs__rosidl_typesupport_introspection_cpp.dir/rosidl_typesupport_introspection_cpp/lifecycle_msgs/msg/detail/state__type_support.cpp.o[0m
[196.703s] [ 24%] [32mBuilding CXX object CMakeFiles/lifecycle_msgs__rosidl_typesupport_introspection_cpp.dir/rosidl_typesupport_introspection_cpp/lifecycle_msgs/msg/detail/transition__type_support.cpp.o[0m
[197.424s] [ 25%] [32mBuilding CXX object CMakeFiles/lifecycle_msgs__rosidl_typesupport_fastrtps_cpp.dir/rosidl_typesupport_fastrtps_cpp/lifecycle_msgs/msg/detail/dds_fastrtps/state__type_support.cpp.o[0m
[197.457s] [ 25%] [32mBuilding CXX object CMakeFiles/lifecycle_msgs__rosidl_typesupport_introspection_cpp.dir/rosidl_typesupport_introspection_cpp/lifecycle_msgs/srv/detail/get_available_transitions__type_support.cpp.o[0m
[197.764s] [ 26%] [32mBuilding CXX object CMakeFiles/lifecycle_msgs__rosidl_typesupport_fastrtps_cpp.dir/rosidl_typesupport_fastrtps_cpp/lifecycle_msgs/msg/detail/dds_fastrtps/transition__type_support.cpp.o[0m
[199.248s] [ 27%] [32mBuilding CXX object CMakeFiles/lifecycle_msgs__rosidl_typesupport_introspection_cpp.dir/rosidl_typesupport_introspection_cpp/lifecycle_msgs/srv/detail/get_available_states__type_support.cpp.o[0m
[199.503s] [ 28%] [32mBuilding CXX object CMakeFiles/lifecycle_msgs__rosidl_typesupport_fastrtps_cpp.dir/rosidl_typesupport_fastrtps_cpp/lifecycle_msgs/msg/detail/dds_fastrtps/transition_event__type_support.cpp.o[0m
[199.578s] [ 29%] [32mBuilding CXX object CMakeFiles/lifecycle_msgs__rosidl_typesupport_introspection_cpp.dir/rosidl_typesupport_introspection_cpp/lifecycle_msgs/srv/detail/change_state__type_support.cpp.o[0m
[199.615s] [ 29%] [32mBuilding CXX object CMakeFiles/lifecycle_msgs__rosidl_typesupport_fastrtps_cpp.dir/rosidl_typesupport_fastrtps_cpp/lifecycle_msgs/srv/detail/dds_fastrtps/change_state__type_support.cpp.o[0m
[199.781s] [ 30%] [32mBuilding CXX object CMakeFiles/lifecycle_msgs__rosidl_typesupport_introspection_cpp.dir/rosidl_typesupport_introspection_cpp/lifecycle_msgs/msg/detail/transition_event__type_support.cpp.o[0m
[202.277s] [ 31%] [32mBuilding C object CMakeFiles/lifecycle_msgs__rosidl_generator_c.dir/rosidl_generator_c/lifecycle_msgs/msg/detail/state__functions.c.o[0m
[202.878s] [ 32%] [32mBuilding CXX object CMakeFiles/lifecycle_msgs__rosidl_typesupport_introspection_cpp.dir/rosidl_typesupport_introspection_cpp/lifecycle_msgs/srv/detail/get_state__type_support.cpp.o[0m
[202.995s] [ 33%] [32mBuilding CXX object CMakeFiles/lifecycle_msgs__rosidl_typesupport_fastrtps_cpp.dir/rosidl_typesupport_fastrtps_cpp/lifecycle_msgs/srv/detail/dds_fastrtps/get_state__type_support.cpp.o[0m
[203.799s] [ 34%] [32mBuilding C object CMakeFiles/lifecycle_msgs__rosidl_generator_c.dir/rosidl_generator_c/lifecycle_msgs/srv/detail/get_available_states__functions.c.o[0m
[205.439s] [ 35%] [32mBuilding C object CMakeFiles/lifecycle_msgs__rosidl_generator_c.dir/rosidl_generator_c/lifecycle_msgs/srv/detail/get_available_transitions__functions.c.o[0m
[205.466s] [ 36%] [32mBuilding C object CMakeFiles/lifecycle_msgs__rosidl_generator_c.dir/rosidl_generator_c/lifecycle_msgs/srv/detail/change_state__functions.c.o[0m
[205.596s] [ 37%] [32mBuilding CXX object CMakeFiles/lifecycle_msgs__rosidl_typesupport_introspection_cpp.dir/rosidl_typesupport_introspection_cpp/lifecycle_msgs/msg/detail/transition_description__type_support.cpp.o[0m
[205.881s] [ 38%] [32mBuilding CXX object CMakeFiles/lifecycle_msgs__rosidl_typesupport_fastrtps_cpp.dir/rosidl_typesupport_fastrtps_cpp/lifecycle_msgs/srv/detail/dds_fastrtps/get_available_transitions__type_support.cpp.o[0m
[206.070s] [ 39%] [32mBuilding CXX object CMakeFiles/lifecycle_msgs__rosidl_typesupport_fastrtps_cpp.dir/rosidl_typesupport_fastrtps_cpp/lifecycle_msgs/srv/detail/dds_fastrtps/get_available_states__type_support.cpp.o[0m
[207.238s] [ 40%] [32mBuilding C object CMakeFiles/lifecycle_msgs__rosidl_generator_c.dir/rosidl_generator_c/lifecycle_msgs/srv/detail/get_state__functions.c.o[0m
[207.268s] [ 41%] [32mBuilding C object CMakeFiles/lifecycle_msgs__rosidl_generator_c.dir/rosidl_generator_c/lifecycle_msgs/msg/detail/transition_event__functions.c.o[0m
[208.948s] [ 42%] [32m[1mLinking CXX shared library liblifecycle_msgs__rosidl_typesupport_introspection_cpp.so[0m
[209.149s] [ 43%] [32mBuilding C object CMakeFiles/lifecycle_msgs__rosidl_generator_c.dir/rosidl_generator_c/lifecycle_msgs/msg/detail/transition_description__functions.c.o[0m
[209.244s] [ 44%] [32mBuilding C object CMakeFiles/lifecycle_msgs__rosidl_generator_c.dir/rosidl_generator_c/lifecycle_msgs/msg/detail/transition__functions.c.o[0m
[209.507s] [ 45%] [32mBuilding CXX object CMakeFiles/lifecycle_msgs__rosidl_typesupport_fastrtps_cpp.dir/rosidl_typesupport_fastrtps_cpp/lifecycle_msgs/msg/detail/dds_fastrtps/transition_description__type_support.cpp.o[0m
[211.232s] [ 46%] [32m[1mLinking C shared library liblifecycle_msgs__rosidl_generator_c.so[0m
[211.859s] [ 46%] Built target lifecycle_msgs__rosidl_typesupport_introspection_cpp
[212.884s] [ 47%] [32m[1mLinking CXX shared library liblifecycle_msgs__rosidl_typesupport_fastrtps_cpp.so[0m
[213.782s] [ 47%] Built target lifecycle_msgs__rosidl_generator_c
[214.907s] [ 48%] [34m[1mGenerating C type support for eProsima Fast-RTPS[0m
[214.967s] [ 49%] [34m[1mGenerating C type support for eProsima Micro XRCE-DDS[0m
[215.880s] [ 49%] Built target lifecycle_msgs__rosidl_typesupport_fastrtps_cpp
[216.973s] [ 50%] [34m[1mGenerating C type support dispatch for ROS interfaces[0m
[217.191s] [ 51%] [34m[1mGenerating C introspection for ROS interfaces[0m
[225.065s] [ 52%] [32mBuilding CXX object CMakeFiles/lifecycle_msgs__rosidl_typesupport_fastrtps_c.dir/rosidl_typesupport_fastrtps_c/lifecycle_msgs/msg/detail/state__type_support_c.cpp.o[0m
[225.234s] [ 53%] [32mBuilding CXX object CMakeFiles/lifecycle_msgs__rosidl_typesupport_fastrtps_c.dir/rosidl_typesupport_fastrtps_c/lifecycle_msgs/msg/detail/transition__type_support_c.cpp.o[0m
[225.367s] [ 54%] [32mBuilding CXX object CMakeFiles/lifecycle_msgs__rosidl_typesupport_fastrtps_c.dir/rosidl_typesupport_fastrtps_c/lifecycle_msgs/msg/detail/transition_description__type_support_c.cpp.o[0m
[225.872s] [ 55%] [32mBuilding CXX object CMakeFiles/lifecycle_msgs__rosidl_typesupport_fastrtps_c.dir/rosidl_typesupport_fastrtps_c/lifecycle_msgs/srv/detail/get_available_transitions__type_support_c.cpp.o[0m
[225.962s] [ 56%] [32mBuilding CXX object CMakeFiles/lifecycle_msgs__rosidl_typesupport_fastrtps_c.dir/rosidl_typesupport_fastrtps_c/lifecycle_msgs/srv/detail/get_available_states__type_support_c.cpp.o[0m
[227.104s] [ 57%] [32mBuilding CXX object CMakeFiles/lifecycle_msgs__rosidl_typesupport_c.dir/rosidl_typesupport_c/lifecycle_msgs/msg/state__type_support.cpp.o[0m
[227.301s] [ 58%] [32mBuilding CXX object CMakeFiles/lifecycle_msgs__rosidl_typesupport_c.dir/rosidl_typesupport_c/lifecycle_msgs/msg/transition__type_support.cpp.o[0m
[228.231s] [ 59%] [32mBuilding C object CMakeFiles/lifecycle_msgs__rosidl_typesupport_microxrcedds_c.dir/rosidl_typesupport_microxrcedds_c/lifecycle_msgs/msg/detail/microxrcedds/state__type_support_c.c.o[0m
[228.611s] [ 60%] [32mBuilding C object CMakeFiles/lifecycle_msgs__rosidl_typesupport_introspection_c.dir/rosidl_typesupport_introspection_c/lifecycle_msgs/msg/detail/state__type_support.c.o[0m
[228.753s] [ 60%] [32mBuilding CXX object CMakeFiles/lifecycle_msgs__rosidl_typesupport_c.dir/rosidl_typesupport_c/lifecycle_msgs/msg/transition_description__type_support.cpp.o[0m
[228.802s] [ 60%] [32mBuilding CXX object CMakeFiles/lifecycle_msgs__rosidl_typesupport_fastrtps_c.dir/rosidl_typesupport_fastrtps_c/lifecycle_msgs/srv/detail/change_state__type_support_c.cpp.o[0m
[229.017s] [ 61%] [32mBuilding CXX object CMakeFiles/lifecycle_msgs__rosidl_typesupport_fastrtps_c.dir/rosidl_typesupport_fastrtps_c/lifecycle_msgs/srv/detail/get_state__type_support_c.cpp.o[0m
[229.104s] [ 62%] [32mBuilding C object CMakeFiles/lifecycle_msgs__rosidl_typesupport_introspection_c.dir/rosidl_typesupport_introspection_c/lifecycle_msgs/msg/detail/transition__type_support.c.o[0m
[229.160s] [ 63%] [32mBuilding CXX object CMakeFiles/lifecycle_msgs__rosidl_typesupport_fastrtps_c.dir/rosidl_typesupport_fastrtps_c/lifecycle_msgs/msg/detail/transition_event__type_support_c.cpp.o[0m
[229.240s] [ 64%] [32mBuilding C object CMakeFiles/lifecycle_msgs__rosidl_typesupport_microxrcedds_c.dir/rosidl_typesupport_microxrcedds_c/lifecycle_msgs/msg/detail/microxrcedds/transition__type_support_c.c.o[0m
[229.612s] [ 65%] [32mBuilding C object CMakeFiles/lifecycle_msgs__rosidl_typesupport_microxrcedds_c.dir/rosidl_typesupport_microxrcedds_c/lifecycle_msgs/msg/detail/microxrcedds/transition_description__type_support_c.c.o[0m
[229.997s] [ 66%] [32mBuilding C object CMakeFiles/lifecycle_msgs__rosidl_typesupport_introspection_c.dir/rosidl_typesupport_introspection_c/lifecycle_msgs/msg/detail/transition_description__type_support.c.o[0m
[230.216s] [ 67%] [32mBuilding C object CMakeFiles/lifecycle_msgs__rosidl_typesupport_introspection_c.dir/rosidl_typesupport_introspection_c/lifecycle_msgs/msg/detail/transition_event__type_support.c.o[0m
[230.322s] [ 68%] [32mBuilding CXX object CMakeFiles/lifecycle_msgs__rosidl_typesupport_c.dir/rosidl_typesupport_c/lifecycle_msgs/msg/transition_event__type_support.cpp.o[0m
[232.898s] [ 69%] [32mBuilding CXX object CMakeFiles/lifecycle_msgs__rosidl_typesupport_c.dir/rosidl_typesupport_c/lifecycle_msgs/srv/get_available_states__type_support.cpp.o[0m
[233.015s] [ 71%] [32m[1mLinking CXX shared library liblifecycle_msgs__rosidl_typesupport_fastrtps_c.so[0m
[233.018s] [ 71%] [32mBuilding C object CMakeFiles/lifecycle_msgs__rosidl_typesupport_introspection_c.dir/rosidl_typesupport_introspection_c/lifecycle_msgs/srv/detail/get_available_states__type_support.c.o[0m
[233.433s] [ 72%] [32mBuilding C object CMakeFiles/lifecycle_msgs__rosidl_typesupport_microxrcedds_c.dir/rosidl_typesupport_microxrcedds_c/lifecycle_msgs/srv/detail/microxrcedds/get_available_transitions__type_support_c.c.o[0m
[234.853s] [ 73%] [32mBuilding CXX object CMakeFiles/lifecycle_msgs__rosidl_typesupport_c.dir/rosidl_typesupport_c/lifecycle_msgs/srv/get_state__type_support.cpp.o[0m
[235.326s] [ 73%] [32mBuilding C object CMakeFiles/lifecycle_msgs__rosidl_typesupport_introspection_c.dir/rosidl_typesupport_introspection_c/lifecycle_msgs/srv/detail/get_available_transitions__type_support.c.o[0m
[235.925s] [ 73%] Built target lifecycle_msgs__rosidl_typesupport_fastrtps_c
[236.801s] [ 74%] [32mBuilding CXX object CMakeFiles/lifecycle_msgs__rosidl_typesupport_c.dir/rosidl_typesupport_c/lifecycle_msgs/srv/get_available_transitions__type_support.cpp.o[0m
[236.899s] [ 75%] [32mBuilding CXX object CMakeFiles/lifecycle_msgs__rosidl_typesupport_c.dir/rosidl_typesupport_c/lifecycle_msgs/srv/change_state__type_support.cpp.o[0m
[236.972s] [ 76%] [32mBuilding C object CMakeFiles/lifecycle_msgs__rosidl_typesupport_microxrcedds_c.dir/rosidl_typesupport_microxrcedds_c/lifecycle_msgs/srv/detail/microxrcedds/get_state__type_support_c.c.o[0m
[237.004s] [ 77%] [32mBuilding C object CMakeFiles/lifecycle_msgs__rosidl_typesupport_microxrcedds_c.dir/rosidl_typesupport_microxrcedds_c/lifecycle_msgs/srv/detail/microxrcedds/get_available_states__type_support_c.c.o[0m
[237.789s] [ 78%] [32mBuilding C object CMakeFiles/lifecycle_msgs__rosidl_typesupport_introspection_c.dir/rosidl_typesupport_introspection_c/lifecycle_msgs/srv/detail/change_state__type_support.c.o[0m
[237.889s] [ 79%] [32mBuilding C object CMakeFiles/lifecycle_msgs__rosidl_typesupport_introspection_c.dir/rosidl_typesupport_introspection_c/lifecycle_msgs/srv/detail/get_state__type_support.c.o[0m
[238.841s] [ 80%] [32m[1mLinking CXX shared library liblifecycle_msgs__rosidl_typesupport_c.so[0m
[239.904s] [ 81%] [32m[1mLinking C shared library liblifecycle_msgs__rosidl_typesupport_introspection_c.so[0m
[240.234s] [ 82%] [32mBuilding C object CMakeFiles/lifecycle_msgs__rosidl_typesupport_microxrcedds_c.dir/rosidl_typesupport_microxrcedds_c/lifecycle_msgs/srv/detail/microxrcedds/change_state__type_support_c.c.o[0m
[240.292s] [ 83%] [32mBuilding C object CMakeFiles/lifecycle_msgs__rosidl_typesupport_microxrcedds_c.dir/rosidl_typesupport_microxrcedds_c/lifecycle_msgs/msg/detail/microxrcedds/transition_event__type_support_c.c.o[0m
[241.549s] [ 83%] Built target lifecycle_msgs__rosidl_typesupport_c
[243.028s] [ 83%] Built target lifecycle_msgs__rosidl_typesupport_introspection_c
[243.264s] [ 83%] [32m[1mLinking C shared library liblifecycle_msgs__rosidl_typesupport_microxrcedds_c.so[0m
[246.381s] [ 83%] Built target lifecycle_msgs__rosidl_typesupport_microxrcedds_c
[248.614s] [ 83%] Built target lifecycle_msgs
[250.472s] [ 84%] [34m[1mGenerating Python code for ROS interfaces[0m
[258.948s] [ 84%] Built target lifecycle_msgs__py
[260.368s] [ 84%] [32mBuilding C object CMakeFiles/lifecycle_msgs__rosidl_generator_py.dir/rosidl_generator_py/lifecycle_msgs/msg/_state_s.c.o[0m
[260.415s] [ 86%] [32mBuilding C object CMakeFiles/lifecycle_msgs__rosidl_generator_py.dir/rosidl_generator_py/lifecycle_msgs/msg/_transition_s.c.o[0m
[260.418s] [ 86%] [32mBuilding C object CMakeFiles/lifecycle_msgs__rosidl_generator_py.dir/rosidl_generator_py/lifecycle_msgs/msg/_transition_description_s.c.o[0m
[260.427s] [ 88%] [32mBuilding C object CMakeFiles/lifecycle_msgs__rosidl_generator_py.dir/rosidl_generator_py/lifecycle_msgs/srv/_change_state_s.c.o[0m
[260.431s] [ 88%] [32mBuilding C object CMakeFiles/lifecycle_msgs__rosidl_generator_py.dir/rosidl_generator_py/lifecycle_msgs/msg/_transition_event_s.c.o[0m
[260.490s] [ 90%] [32mBuilding C object CMakeFiles/lifecycle_msgs__rosidl_generator_py.dir/rosidl_generator_py/lifecycle_msgs/srv/_get_available_states_s.c.o[0m
[260.494s] [ 90%] [32mBuilding C object CMakeFiles/lifecycle_msgs__rosidl_generator_py.dir/rosidl_generator_py/lifecycle_msgs/srv/_get_available_transitions_s.c.o[0m
[260.567s] [ 91%] [32mBuilding C object CMakeFiles/lifecycle_msgs__rosidl_generator_py.dir/rosidl_generator_py/lifecycle_msgs/srv/_get_state_s.c.o[0m
[262.314s] [ 92%] [32m[1mLinking C shared library rosidl_generator_py/lifecycle_msgs/liblifecycle_msgs__rosidl_generator_py.so[0m
[264.297s] [ 92%] Built target lifecycle_msgs__rosidl_generator_py
[265.929s] [ 94%] [32mBuilding C object CMakeFiles/lifecycle_msgs__rosidl_typesupport_c__pyext.dir/rosidl_generator_py/lifecycle_msgs/_lifecycle_msgs_s.ep.rosidl_typesupport_c.c.o[0m
[265.934s] [ 94%] [32mBuilding C object CMakeFiles/lifecycle_msgs__rosidl_typesupport_fastrtps_c__pyext.dir/rosidl_generator_py/lifecycle_msgs/_lifecycle_msgs_s.ep.rosidl_typesupport_fastrtps_c.c.o[0m
[266.005s] [ 95%] [32mBuilding C object CMakeFiles/lifecycle_msgs__rosidl_typesupport_introspection_c__pyext.dir/rosidl_generator_py/lifecycle_msgs/_lifecycle_msgs_s.ep.rosidl_typesupport_introspection_c.c.o[0m
[266.140s] [ 96%] [32mBuilding C object CMakeFiles/lifecycle_msgs__rosidl_typesupport_microxrcedds_c__pyext.dir/rosidl_generator_py/lifecycle_msgs/_lifecycle_msgs_s.ep.rosidl_typesupport_microxrcedds_c.c.o[0m
[268.641s] [ 97%] [32m[1mLinking C shared library rosidl_generator_py/lifecycle_msgs/lifecycle_msgs_s__rosidl_typesupport_c.cpython-310-x86_64-linux-gnu.so[0m
[268.907s] [ 98%] [32m[1mLinking C shared library rosidl_generator_py/lifecycle_msgs/lifecycle_msgs_s__rosidl_typesupport_fastrtps_c.cpython-310-x86_64-linux-gnu.so[0m
[269.047s] [ 99%] [32m[1mLinking C shared library rosidl_generator_py/lifecycle_msgs/lifecycle_msgs_s__rosidl_typesupport_introspection_c.cpython-310-x86_64-linux-gnu.so[0m
[270.939s] [ 99%] Built target lifecycle_msgs__rosidl_typesupport_c__pyext
[271.222s] [ 99%] Built target lifecycle_msgs__rosidl_typesupport_fastrtps_c__pyext
[271.525s] [ 99%] Built target lifecycle_msgs__rosidl_typesupport_introspection_c__pyext
[271.673s] [100%] [32m[1mLinking C shared library rosidl_generator_py/lifecycle_msgs/lifecycle_msgs_s__rosidl_typesupport_microxrcedds_c.cpython-310-x86_64-linux-gnu.so[0m
[273.788s] [100%] Built target lifecycle_msgs__rosidl_typesupport_microxrcedds_c__pyext
[276.530s] Invoked command in '/mnt/d/prueba/TFG-ROS2/ros2_client_node/build/lifecycle_msgs' returned '0': CMAKE_PREFIX_PATH=${CMAKE_PREFIX_PATH}:/opt/ros/humble /usr/bin/cmake --build /mnt/d/prueba/TFG-ROS2/ros2_client_node/build/lifecycle_msgs -- -j12 -l12
[332.979s] Invoking command in '/mnt/d/prueba/TFG-ROS2/ros2_client_node/build/lifecycle_msgs': CMAKE_PREFIX_PATH=${CMAKE_PREFIX_PATH}:/opt/ros/humble /usr/bin/cmake --install /mnt/d/prueba/TFG-ROS2/ros2_client_node/build/lifecycle_msgs
[333.638s] -- Install configuration: ""
[333.728s] -- Installing: /mnt/d/prueba/TFG-ROS2/ros2_client_node/install/lifecycle_msgs/share/ament_index/resource_index/rosidl_interfaces/lifecycle_msgs
[333.893s] -- Installing: /mnt/d/prueba/TFG-ROS2/ros2_client_node/install/lifecycle_msgs/include/lifecycle_msgs/lifecycle_msgs
[334.024s] -- Installing: /mnt/d/prueba/TFG-ROS2/ros2_client_node/install/lifecycle_msgs/include/lifecycle_msgs/lifecycle_msgs/msg
[334.102s] -- Installing: /mnt/d/prueba/TFG-ROS2/ros2_client_node/install/lifecycle_msgs/include/lifecycle_msgs/lifecycle_msgs/msg/detail
[334.220s] -- Installing: /mnt/d/prueba/TFG-ROS2/ros2_client_node/install/lifecycle_msgs/include/lifecycle_msgs/lifecycle_msgs/msg/detail/state__functions.c
[334.482s] -- Installing: /mnt/d/prueba/TFG-ROS2/ros2_client_node/install/lifecycle_msgs/include/lifecycle_msgs/lifecycle_msgs/msg/detail/state__functions.h
[334.726s] -- Installing: /mnt/d/prueba/TFG-ROS2/ros2_client_node/install/lifecycle_msgs/include/lifecycle_msgs/lifecycle_msgs/msg/detail/state__struct.h
[334.957s] -- Installing: /mnt/d/prueba/TFG-ROS2/ros2_client_node/install/lifecycle_msgs/include/lifecycle_msgs/lifecycle_msgs/msg/detail/state__type_support.h
[335.196s] -- Installing: /mnt/d/prueba/TFG-ROS2/ros2_client_node/install/lifecycle_msgs/include/lifecycle_msgs/lifecycle_msgs/msg/detail/transition_description__functions.c
[335.427s] -- Installing: /mnt/d/prueba/TFG-ROS2/ros2_client_node/install/lifecycle_msgs/include/lifecycle_msgs/lifecycle_msgs/msg/detail/transition_description__functions.h
[335.662s] -- Installing: /mnt/d/prueba/TFG-ROS2/ros2_client_node/install/lifecycle_msgs/include/lifecycle_msgs/lifecycle_msgs/msg/detail/transition_description__struct.h
[335.905s] -- Installing: /mnt/d/prueba/TFG-ROS2/ros2_client_node/install/lifecycle_msgs/include/lifecycle_msgs/lifecycle_msgs/msg/detail/transition_description__type_support.h
[336.139s] -- Installing: /mnt/d/prueba/TFG-ROS2/ros2_client_node/install/lifecycle_msgs/include/lifecycle_msgs/lifecycle_msgs/msg/detail/transition_event__functions.c
[336.378s] -- Installing: /mnt/d/prueba/TFG-ROS2/ros2_client_node/install/lifecycle_msgs/include/lifecycle_msgs/lifecycle_msgs/msg/detail/transition_event__functions.h
[336.608s] -- Installing: /mnt/d/prueba/TFG-ROS2/ros2_client_node/install/lifecycle_msgs/include/lifecycle_msgs/lifecycle_msgs/msg/detail/transition_event__struct.h
[336.850s] -- Installing: /mnt/d/prueba/TFG-ROS2/ros2_client_node/install/lifecycle_msgs/include/lifecycle_msgs/lifecycle_msgs/msg/detail/transition_event__type_support.h
[337.103s] -- Installing: /mnt/d/prueba/TFG-ROS2/ros2_client_node/install/lifecycle_msgs/include/lifecycle_msgs/lifecycle_msgs/msg/detail/transition__functions.c
[337.351s] -- Installing: /mnt/d/prueba/TFG-ROS2/ros2_client_node/install/lifecycle_msgs/include/lifecycle_msgs/lifecycle_msgs/msg/detail/transition__functions.h
[337.567s] -- Installing: /mnt/d/prueba/TFG-ROS2/ros2_client_node/install/lifecycle_msgs/include/lifecycle_msgs/lifecycle_msgs/msg/detail/transition__struct.h
[337.795s] -- Installing: /mnt/d/prueba/TFG-ROS2/ros2_client_node/install/lifecycle_msgs/include/lifecycle_msgs/lifecycle_msgs/msg/detail/transition__type_support.h
[338.022s] -- Installing: /mnt/d/prueba/TFG-ROS2/ros2_client_node/install/lifecycle_msgs/include/lifecycle_msgs/lifecycle_msgs/msg/rosidl_generator_c__visibility_control.h
[338.226s] -- Installing: /mnt/d/prueba/TFG-ROS2/ros2_client_node/install/lifecycle_msgs/include/lifecycle_msgs/lifecycle_msgs/msg/state.h
[338.424s] -- Installing: /mnt/d/prueba/TFG-ROS2/ros2_client_node/install/lifecycle_msgs/include/lifecycle_msgs/lifecycle_msgs/msg/transition.h
[338.620s] -- Installing: /mnt/d/prueba/TFG-ROS2/ros2_client_node/install/lifecycle_msgs/include/lifecycle_msgs/lifecycle_msgs/msg/transition_description.h
[338.816s] -- Installing: /mnt/d/prueba/TFG-ROS2/ros2_client_node/install/lifecycle_msgs/include/lifecycle_msgs/lifecycle_msgs/msg/transition_event.h
[339.040s] -- Installing: /mnt/d/prueba/TFG-ROS2/ros2_client_node/install/lifecycle_msgs/include/lifecycle_msgs/lifecycle_msgs/srv
[339.144s] -- Installing: /mnt/d/prueba/TFG-ROS2/ros2_client_node/install/lifecycle_msgs/include/lifecycle_msgs/lifecycle_msgs/srv/change_state.h
[339.331s] -- Installing: /mnt/d/prueba/TFG-ROS2/ros2_client_node/install/lifecycle_msgs/include/lifecycle_msgs/lifecycle_msgs/srv/detail
[339.438s] -- Installing: /mnt/d/prueba/TFG-ROS2/ros2_client_node/install/lifecycle_msgs/include/lifecycle_msgs/lifecycle_msgs/srv/detail/change_state__functions.c
[339.655s] -- Installing: /mnt/d/prueba/TFG-ROS2/ros2_client_node/install/lifecycle_msgs/include/lifecycle_msgs/lifecycle_msgs/srv/detail/change_state__functions.h
[339.866s] -- Installing: /mnt/d/prueba/TFG-ROS2/ros2_client_node/install/lifecycle_msgs/include/lifecycle_msgs/lifecycle_msgs/srv/detail/change_state__struct.h
[340.099s] -- Installing: /mnt/d/prueba/TFG-ROS2/ros2_client_node/install/lifecycle_msgs/include/lifecycle_msgs/lifecycle_msgs/srv/detail/change_state__type_support.h
[340.330s] -- Installing: /mnt/d/prueba/TFG-ROS2/ros2_client_node/install/lifecycle_msgs/include/lifecycle_msgs/lifecycle_msgs/srv/detail/get_available_states__functions.c
[340.525s] -- Installing: /mnt/d/prueba/TFG-ROS2/ros2_client_node/install/lifecycle_msgs/include/lifecycle_msgs/lifecycle_msgs/srv/detail/get_available_states__functions.h
[340.715s] -- Installing: /mnt/d/prueba/TFG-ROS2/ros2_client_node/install/lifecycle_msgs/include/lifecycle_msgs/lifecycle_msgs/srv/detail/get_available_states__struct.h
[340.950s] -- Installing: /mnt/d/prueba/TFG-ROS2/ros2_client_node/install/lifecycle_msgs/include/lifecycle_msgs/lifecycle_msgs/srv/detail/get_available_states__type_support.h
[341.226s] -- Installing: /mnt/d/prueba/TFG-ROS2/ros2_client_node/install/lifecycle_msgs/include/lifecycle_msgs/lifecycle_msgs/srv/detail/get_available_transitions__functions.c
[341.499s] -- Installing: /mnt/d/prueba/TFG-ROS2/ros2_client_node/install/lifecycle_msgs/include/lifecycle_msgs/lifecycle_msgs/srv/detail/get_available_transitions__functions.h
[341.716s] -- Installing: /mnt/d/prueba/TFG-ROS2/ros2_client_node/install/lifecycle_msgs/include/lifecycle_msgs/lifecycle_msgs/srv/detail/get_available_transitions__struct.h
[342.171s] -- Installing: /mnt/d/prueba/TFG-ROS2/ros2_client_node/install/lifecycle_msgs/include/lifecycle_msgs/lifecycle_msgs/srv/detail/get_available_transitions__type_support.h
[342.601s] -- Installing: /mnt/d/prueba/TFG-ROS2/ros2_client_node/install/lifecycle_msgs/include/lifecycle_msgs/lifecycle_msgs/srv/detail/get_state__functions.c
[342.947s] -- Installing: /mnt/d/prueba/TFG-ROS2/ros2_client_node/install/lifecycle_msgs/include/lifecycle_msgs/lifecycle_msgs/srv/detail/get_state__functions.h
[343.367s] -- Installing: /mnt/d/prueba/TFG-ROS2/ros2_client_node/install/lifecycle_msgs/include/lifecycle_msgs/lifecycle_msgs/srv/detail/get_state__struct.h
[343.946s] -- Installing: /mnt/d/prueba/TFG-ROS2/ros2_client_node/install/lifecycle_msgs/include/lifecycle_msgs/lifecycle_msgs/srv/detail/get_state__type_support.h
[344.418s] -- Installing: /mnt/d/prueba/TFG-ROS2/ros2_client_node/install/lifecycle_msgs/include/lifecycle_msgs/lifecycle_msgs/srv/get_available_states.h
[344.807s] -- Installing: /mnt/d/prueba/TFG-ROS2/ros2_client_node/install/lifecycle_msgs/include/lifecycle_msgs/lifecycle_msgs/srv/get_available_transitions.h
[345.144s] -- Installing: /mnt/d/prueba/TFG-ROS2/ros2_client_node/install/lifecycle_msgs/include/lifecycle_msgs/lifecycle_msgs/srv/get_state.h
[345.452s] -- Installing: /mnt/d/prueba/TFG-ROS2/ros2_client_node/install/lifecycle_msgs/share/lifecycle_msgs/environment/library_path.sh
[345.698s] -- Installing: /mnt/d/prueba/TFG-ROS2/ros2_client_node/install/lifecycle_msgs/share/lifecycle_msgs/environment/library_path.dsv
[345.952s] -- Installing: /mnt/d/prueba/TFG-ROS2/ros2_client_node/install/lifecycle_msgs/lib/liblifecycle_msgs__rosidl_generator_c.so
[346.312s] -- Set runtime path of "/mnt/d/prueba/TFG-ROS2/ros2_client_node/install/lifecycle_msgs/lib/liblifecycle_msgs__rosidl_generator_c.so" to ""
[346.346s] -- Up-to-date: /mnt/d/prueba/TFG-ROS2/ros2_client_node/install/lifecycle_msgs/include/lifecycle_msgs
[346.426s] -- Installing: /mnt/d/prueba/TFG-ROS2/ros2_client_node/install/lifecycle_msgs/include/lifecycle_msgs/msg
[346.539s] -- Installing: /mnt/d/prueba/TFG-ROS2/ros2_client_node/install/lifecycle_msgs/include/lifecycle_msgs/msg/detail
[346.700s] -- Installing: /mnt/d/prueba/TFG-ROS2/ros2_client_node/install/lifecycle_msgs/include/lifecycle_msgs/msg/detail/microxrcedds
[346.893s] -- Installing: /mnt/d/prueba/TFG-ROS2/ros2_client_node/install/lifecycle_msgs/include/lifecycle_msgs/msg/detail/state__rosidl_typesupport_microxrcedds_c.h
[347.623s] -- Installing: /mnt/d/prueba/TFG-ROS2/ros2_client_node/install/lifecycle_msgs/include/lifecycle_msgs/msg/detail/transition_description__rosidl_typesupport_microxrcedds_c.h
[348.116s] -- Installing: /mnt/d/prueba/TFG-ROS2/ros2_client_node/install/lifecycle_msgs/include/lifecycle_msgs/msg/detail/transition_event__rosidl_typesupport_microxrcedds_c.h
[348.682s] -- Installing: /mnt/d/prueba/TFG-ROS2/ros2_client_node/install/lifecycle_msgs/include/lifecycle_msgs/msg/detail/transition__rosidl_typesupport_microxrcedds_c.h
[349.127s] -- Installing: /mnt/d/prueba/TFG-ROS2/ros2_client_node/install/lifecycle_msgs/include/lifecycle_msgs/msg/rosidl_typesupport_microxrcedds_c__visibility_control.h
[349.465s] -- Installing: /mnt/d/prueba/TFG-ROS2/ros2_client_node/install/lifecycle_msgs/include/lifecycle_msgs/srv
[349.615s] -- Installing: /mnt/d/prueba/TFG-ROS2/ros2_client_node/install/lifecycle_msgs/include/lifecycle_msgs/srv/detail
[349.855s] -- Installing: /mnt/d/prueba/TFG-ROS2/ros2_client_node/install/lifecycle_msgs/include/lifecycle_msgs/srv/detail/change_state__rosidl_typesupport_microxrcedds_c.h
[350.384s] -- Installing: /mnt/d/prueba/TFG-ROS2/ros2_client_node/install/lifecycle_msgs/include/lifecycle_msgs/srv/detail/get_available_states__rosidl_typesupport_microxrcedds_c.h
[350.984s] -- Installing: /mnt/d/prueba/TFG-ROS2/ros2_client_node/install/lifecycle_msgs/include/lifecycle_msgs/srv/detail/get_available_transitions__rosidl_typesupport_microxrcedds_c.h
[351.570s] -- Installing: /mnt/d/prueba/TFG-ROS2/ros2_client_node/install/lifecycle_msgs/include/lifecycle_msgs/srv/detail/get_state__rosidl_typesupport_microxrcedds_c.h
[352.115s] -- Installing: /mnt/d/prueba/TFG-ROS2/ros2_client_node/install/lifecycle_msgs/include/lifecycle_msgs/srv/detail/microxrcedds
[352.296s] -- Installing: /mnt/d/prueba/TFG-ROS2/ros2_client_node/install/lifecycle_msgs/lib/liblifecycle_msgs__rosidl_typesupport_microxrcedds_c.so
[352.686s] -- Set runtime path of "/mnt/d/prueba/TFG-ROS2/ros2_client_node/install/lifecycle_msgs/lib/liblifecycle_msgs__rosidl_typesupport_microxrcedds_c.so" to ""
[352.730s] -- Up-to-date: /mnt/d/prueba/TFG-ROS2/ros2_client_node/install/lifecycle_msgs/include/lifecycle_msgs/lifecycle_msgs
[352.833s] -- Up-to-date: /mnt/d/prueba/TFG-ROS2/ros2_client_node/install/lifecycle_msgs/include/lifecycle_msgs/lifecycle_msgs/msg
[352.970s] -- Up-to-date: /mnt/d/prueba/TFG-ROS2/ros2_client_node/install/lifecycle_msgs/include/lifecycle_msgs/lifecycle_msgs/msg/detail
[353.159s] -- Installing: /mnt/d/prueba/TFG-ROS2/ros2_client_node/install/lifecycle_msgs/include/lifecycle_msgs/lifecycle_msgs/msg/detail/state__rosidl_typesupport_fastrtps_c.h
[353.745s] -- Installing: /mnt/d/prueba/TFG-ROS2/ros2_client_node/install/lifecycle_msgs/include/lifecycle_msgs/lifecycle_msgs/msg/detail/transition_description__rosidl_typesupport_fastrtps_c.h
[354.294s] -- Installing: /mnt/d/prueba/TFG-ROS2/ros2_client_node/install/lifecycle_msgs/include/lifecycle_msgs/lifecycle_msgs/msg/detail/transition_event__rosidl_typesupport_fastrtps_c.h
[354.815s] -- Installing: /mnt/d/prueba/TFG-ROS2/ros2_client_node/install/lifecycle_msgs/include/lifecycle_msgs/lifecycle_msgs/msg/detail/transition__rosidl_typesupport_fastrtps_c.h
[355.228s] -- Installing: /mnt/d/prueba/TFG-ROS2/ros2_client_node/install/lifecycle_msgs/include/lifecycle_msgs/lifecycle_msgs/msg/rosidl_typesupport_fastrtps_c__visibility_control.h
[355.534s] -- Up-to-date: /mnt/d/prueba/TFG-ROS2/ros2_client_node/install/lifecycle_msgs/include/lifecycle_msgs/lifecycle_msgs/srv
[355.660s] -- Up-to-date: /mnt/d/prueba/TFG-ROS2/ros2_client_node/install/lifecycle_msgs/include/lifecycle_msgs/lifecycle_msgs/srv/detail
[355.836s] -- Installing: /mnt/d/prueba/TFG-ROS2/ros2_client_node/install/lifecycle_msgs/include/lifecycle_msgs/lifecycle_msgs/srv/detail/change_state__rosidl_typesupport_fastrtps_c.h
[356.324s] -- Installing: /mnt/d/prueba/TFG-ROS2/ros2_client_node/install/lifecycle_msgs/include/lifecycle_msgs/lifecycle_msgs/srv/detail/get_available_states__rosidl_typesupport_fastrtps_c.h
[356.793s] -- Installing: /mnt/d/prueba/TFG-ROS2/ros2_client_node/install/lifecycle_msgs/include/lifecycle_msgs/lifecycle_msgs/srv/detail/get_available_transitions__rosidl_typesupport_fastrtps_c.h
[357.337s] -- Installing: /mnt/d/prueba/TFG-ROS2/ros2_client_node/install/lifecycle_msgs/include/lifecycle_msgs/lifecycle_msgs/srv/detail/get_state__rosidl_typesupport_fastrtps_c.h
[357.771s] -- Installing: /mnt/d/prueba/TFG-ROS2/ros2_client_node/install/lifecycle_msgs/lib/liblifecycle_msgs__rosidl_typesupport_fastrtps_c.so
[358.235s] -- Set runtime path of "/mnt/d/prueba/TFG-ROS2/ros2_client_node/install/lifecycle_msgs/lib/liblifecycle_msgs__rosidl_typesupport_fastrtps_c.so" to ""
[358.290s] -- Up-to-date: /mnt/d/prueba/TFG-ROS2/ros2_client_node/install/lifecycle_msgs/include/lifecycle_msgs/lifecycle_msgs
[358.410s] -- Up-to-date: /mnt/d/prueba/TFG-ROS2/ros2_client_node/install/lifecycle_msgs/include/lifecycle_msgs/lifecycle_msgs/msg
[358.560s] -- Up-to-date: /mnt/d/prueba/TFG-ROS2/ros2_client_node/install/lifecycle_msgs/include/lifecycle_msgs/lifecycle_msgs/msg/detail
[358.749s] -- Installing: /mnt/d/prueba/TFG-ROS2/ros2_client_node/install/lifecycle_msgs/include/lifecycle_msgs/lifecycle_msgs/msg/detail/state__rosidl_typesupport_introspection_c.h
[359.191s] -- Installing: /mnt/d/prueba/TFG-ROS2/ros2_client_node/install/lifecycle_msgs/include/lifecycle_msgs/lifecycle_msgs/msg/detail/state__type_support.c
[359.623s] -- Installing: /mnt/d/prueba/TFG-ROS2/ros2_client_node/install/lifecycle_msgs/include/lifecycle_msgs/lifecycle_msgs/msg/detail/transition_description__rosidl_typesupport_introspection_c.h
[360.024s] -- Installing: /mnt/d/prueba/TFG-ROS2/ros2_client_node/install/lifecycle_msgs/include/lifecycle_msgs/lifecycle_msgs/msg/detail/transition_description__type_support.c
[360.404s] -- Installing: /mnt/d/prueba/TFG-ROS2/ros2_client_node/install/lifecycle_msgs/include/lifecycle_msgs/lifecycle_msgs/msg/detail/transition_event__rosidl_typesupport_introspection_c.h
[360.802s] -- Installing: /mnt/d/prueba/TFG-ROS2/ros2_client_node/install/lifecycle_msgs/include/lifecycle_msgs/lifecycle_msgs/msg/detail/transition_event__type_support.c
[361.152s] -- Installing: /mnt/d/prueba/TFG-ROS2/ros2_client_node/install/lifecycle_msgs/include/lifecycle_msgs/lifecycle_msgs/msg/detail/transition__rosidl_typesupport_introspection_c.h
[361.456s] -- Installing: /mnt/d/prueba/TFG-ROS2/ros2_client_node/install/lifecycle_msgs/include/lifecycle_msgs/lifecycle_msgs/msg/detail/transition__type_support.c
[361.680s] -- Installing: /mnt/d/prueba/TFG-ROS2/ros2_client_node/install/lifecycle_msgs/include/lifecycle_msgs/lifecycle_msgs/msg/rosidl_typesupport_introspection_c__visibility_control.h
[361.910s] -- Up-to-date: /mnt/d/prueba/TFG-ROS2/ros2_client_node/install/lifecycle_msgs/include/lifecycle_msgs/lifecycle_msgs/srv
[361.987s] -- Up-to-date: /mnt/d/prueba/TFG-ROS2/ros2_client_node/install/lifecycle_msgs/include/lifecycle_msgs/lifecycle_msgs/srv/detail
[362.082s] -- Installing: /mnt/d/prueba/TFG-ROS2/ros2_client_node/install/lifecycle_msgs/include/lifecycle_msgs/lifecycle_msgs/srv/detail/change_state__rosidl_typesupport_introspection_c.h
[362.338s] -- Installing: /mnt/d/prueba/TFG-ROS2/ros2_client_node/install/lifecycle_msgs/include/lifecycle_msgs/lifecycle_msgs/srv/detail/change_state__type_support.c
[362.579s] -- Installing: /mnt/d/prueba/TFG-ROS2/ros2_client_node/install/lifecycle_msgs/include/lifecycle_msgs/lifecycle_msgs/srv/detail/get_available_states__rosidl_typesupport_introspection_c.h
[362.824s] -- Installing: /mnt/d/prueba/TFG-ROS2/ros2_client_node/install/lifecycle_msgs/include/lifecycle_msgs/lifecycle_msgs/srv/detail/get_available_states__type_support.c
[363.060s] -- Installing: /mnt/d/prueba/TFG-ROS2/ros2_client_node/install/lifecycle_msgs/include/lifecycle_msgs/lifecycle_msgs/srv/detail/get_available_transitions__rosidl_typesupport_introspection_c.h
[363.327s] -- Installing: /mnt/d/prueba/TFG-ROS2/ros2_client_node/install/lifecycle_msgs/include/lifecycle_msgs/lifecycle_msgs/srv/detail/get_available_transitions__type_support.c
[363.590s] -- Installing: /mnt/d/prueba/TFG-ROS2/ros2_client_node/install/lifecycle_msgs/include/lifecycle_msgs/lifecycle_msgs/srv/detail/get_state__rosidl_typesupport_introspection_c.h
[363.898s] -- Installing: /mnt/d/prueba/TFG-ROS2/ros2_client_node/install/lifecycle_msgs/include/lifecycle_msgs/lifecycle_msgs/srv/detail/get_state__type_support.c
[364.172s] -- Installing: /mnt/d/prueba/TFG-ROS2/ros2_client_node/install/lifecycle_msgs/lib/liblifecycle_msgs__rosidl_typesupport_introspection_c.so
[364.445s] -- Set runtime path of "/mnt/d/prueba/TFG-ROS2/ros2_client_node/install/lifecycle_msgs/lib/liblifecycle_msgs__rosidl_typesupport_introspection_c.so" to ""
[364.484s] -- Installing: /mnt/d/prueba/TFG-ROS2/ros2_client_node/install/lifecycle_msgs/lib/liblifecycle_msgs__rosidl_typesupport_c.so
[364.730s] -- Set runtime path of "/mnt/d/prueba/TFG-ROS2/ros2_client_node/install/lifecycle_msgs/lib/liblifecycle_msgs__rosidl_typesupport_c.so" to ""
[364.763s] -- Up-to-date: /mnt/d/prueba/TFG-ROS2/ros2_client_node/install/lifecycle_msgs/include/lifecycle_msgs/lifecycle_msgs
[364.835s] -- Up-to-date: /mnt/d/prueba/TFG-ROS2/ros2_client_node/install/lifecycle_msgs/include/lifecycle_msgs/lifecycle_msgs/msg
[364.921s] -- Up-to-date: /mnt/d/prueba/TFG-ROS2/ros2_client_node/install/lifecycle_msgs/include/lifecycle_msgs/lifecycle_msgs/msg/detail
[365.046s] -- Installing: /mnt/d/prueba/TFG-ROS2/ros2_client_node/install/lifecycle_msgs/include/lifecycle_msgs/lifecycle_msgs/msg/detail/state__builder.hpp
[365.375s] -- Installing: /mnt/d/prueba/TFG-ROS2/ros2_client_node/install/lifecycle_msgs/include/lifecycle_msgs/lifecycle_msgs/msg/detail/state__struct.hpp
[365.645s] -- Installing: /mnt/d/prueba/TFG-ROS2/ros2_client_node/install/lifecycle_msgs/include/lifecycle_msgs/lifecycle_msgs/msg/detail/state__traits.hpp
[366.019s] -- Installing: /mnt/d/prueba/TFG-ROS2/ros2_client_node/install/lifecycle_msgs/include/lifecycle_msgs/lifecycle_msgs/msg/detail/transition_description__builder.hpp
[366.324s] -- Installing: /mnt/d/prueba/TFG-ROS2/ros2_client_node/install/lifecycle_msgs/include/lifecycle_msgs/lifecycle_msgs/msg/detail/transition_description__struct.hpp
[366.616s] -- Installing: /mnt/d/prueba/TFG-ROS2/ros2_client_node/install/lifecycle_msgs/include/lifecycle_msgs/lifecycle_msgs/msg/detail/transition_description__traits.hpp
[366.935s] -- Installing: /mnt/d/prueba/TFG-ROS2/ros2_client_node/install/lifecycle_msgs/include/lifecycle_msgs/lifecycle_msgs/msg/detail/transition_event__builder.hpp
[367.230s] -- Installing: /mnt/d/prueba/TFG-ROS2/ros2_client_node/install/lifecycle_msgs/include/lifecycle_msgs/lifecycle_msgs/msg/detail/transition_event__struct.hpp
[367.516s] -- Installing: /mnt/d/prueba/TFG-ROS2/ros2_client_node/install/lifecycle_msgs/include/lifecycle_msgs/lifecycle_msgs/msg/detail/transition_event__traits.hpp
[367.803s] -- Installing: /mnt/d/prueba/TFG-ROS2/ros2_client_node/install/lifecycle_msgs/include/lifecycle_msgs/lifecycle_msgs/msg/detail/transition__builder.hpp
[368.084s] -- Installing: /mnt/d/prueba/TFG-ROS2/ros2_client_node/install/lifecycle_msgs/include/lifecycle_msgs/lifecycle_msgs/msg/detail/transition__struct.hpp
[368.389s] -- Installing: /mnt/d/prueba/TFG-ROS2/ros2_client_node/install/lifecycle_msgs/include/lifecycle_msgs/lifecycle_msgs/msg/detail/transition__traits.hpp
[368.725s] -- Installing: /mnt/d/prueba/TFG-ROS2/ros2_client_node/install/lifecycle_msgs/include/lifecycle_msgs/lifecycle_msgs/msg/state.hpp
[368.980s] -- Installing: /mnt/d/prueba/TFG-ROS2/ros2_client_node/install/lifecycle_msgs/include/lifecycle_msgs/lifecycle_msgs/msg/transition.hpp
[369.248s] -- Installing: /mnt/d/prueba/TFG-ROS2/ros2_client_node/install/lifecycle_msgs/include/lifecycle_msgs/lifecycle_msgs/msg/transition_description.hpp
[369.528s] -- Installing: /mnt/d/prueba/TFG-ROS2/ros2_client_node/install/lifecycle_msgs/include/lifecycle_msgs/lifecycle_msgs/msg/transition_event.hpp
[369.766s] -- Up-to-date: /mnt/d/prueba/TFG-ROS2/ros2_client_node/install/lifecycle_msgs/include/lifecycle_msgs/lifecycle_msgs/srv
[369.859s] -- Installing: /mnt/d/prueba/TFG-ROS2/ros2_client_node/install/lifecycle_msgs/include/lifecycle_msgs/lifecycle_msgs/srv/change_state.hpp
[370.088s] -- Up-to-date: /mnt/d/prueba/TFG-ROS2/ros2_client_node/install/lifecycle_msgs/include/lifecycle_msgs/lifecycle_msgs/srv/detail
[370.196s] -- Installing: /mnt/d/prueba/TFG-ROS2/ros2_client_node/install/lifecycle_msgs/include/lifecycle_msgs/lifecycle_msgs/srv/detail/change_state__builder.hpp
[370.520s] -- Installing: /mnt/d/prueba/TFG-ROS2/ros2_client_node/install/lifecycle_msgs/include/lifecycle_msgs/lifecycle_msgs/srv/detail/change_state__struct.hpp
[370.874s] -- Installing: /mnt/d/prueba/TFG-ROS2/ros2_client_node/install/lifecycle_msgs/include/lifecycle_msgs/lifecycle_msgs/srv/detail/change_state__traits.hpp
[371.218s] -- Installing: /mnt/d/prueba/TFG-ROS2/ros2_client_node/install/lifecycle_msgs/include/lifecycle_msgs/lifecycle_msgs/srv/detail/get_available_states__builder.hpp
[371.576s] -- Installing: /mnt/d/prueba/TFG-ROS2/ros2_client_node/install/lifecycle_msgs/include/lifecycle_msgs/lifecycle_msgs/srv/detail/get_available_states__struct.hpp
[371.946s] -- Installing: /mnt/d/prueba/TFG-ROS2/ros2_client_node/install/lifecycle_msgs/include/lifecycle_msgs/lifecycle_msgs/srv/detail/get_available_states__traits.hpp
[372.315s] -- Installing: /mnt/d/prueba/TFG-ROS2/ros2_client_node/install/lifecycle_msgs/include/lifecycle_msgs/lifecycle_msgs/srv/detail/get_available_transitions__builder.hpp
[372.711s] -- Installing: /mnt/d/prueba/TFG-ROS2/ros2_client_node/install/lifecycle_msgs/include/lifecycle_msgs/lifecycle_msgs/srv/detail/get_available_transitions__struct.hpp
[373.122s] -- Installing: /mnt/d/prueba/TFG-ROS2/ros2_client_node/install/lifecycle_msgs/include/lifecycle_msgs/lifecycle_msgs/srv/detail/get_available_transitions__traits.hpp
[373.573s] -- Installing: /mnt/d/prueba/TFG-ROS2/ros2_client_node/install/lifecycle_msgs/include/lifecycle_msgs/lifecycle_msgs/srv/detail/get_state__builder.hpp
[374.067s] -- Installing: /mnt/d/prueba/TFG-ROS2/ros2_client_node/install/lifecycle_msgs/include/lifecycle_msgs/lifecycle_msgs/srv/detail/get_state__struct.hpp
[374.544s] -- Installing: /mnt/d/prueba/TFG-ROS2/ros2_client_node/install/lifecycle_msgs/include/lifecycle_msgs/lifecycle_msgs/srv/detail/get_state__traits.hpp
[374.984s] -- Installing: /mnt/d/prueba/TFG-ROS2/ros2_client_node/install/lifecycle_msgs/include/lifecycle_msgs/lifecycle_msgs/srv/get_available_states.hpp
[375.369s] -- Installing: /mnt/d/prueba/TFG-ROS2/ros2_client_node/install/lifecycle_msgs/include/lifecycle_msgs/lifecycle_msgs/srv/get_available_transitions.hpp
[375.763s] -- Installing: /mnt/d/prueba/TFG-ROS2/ros2_client_node/install/lifecycle_msgs/include/lifecycle_msgs/lifecycle_msgs/srv/get_state.hpp
[376.100s] -- Up-to-date: /mnt/d/prueba/TFG-ROS2/ros2_client_node/install/lifecycle_msgs/include/lifecycle_msgs
[376.185s] -- Up-to-date: /mnt/d/prueba/TFG-ROS2/ros2_client_node/install/lifecycle_msgs/include/lifecycle_msgs/msg
[376.299s] -- Up-to-date: /mnt/d/prueba/TFG-ROS2/ros2_client_node/install/lifecycle_msgs/include/lifecycle_msgs/msg/detail
[376.430s] -- Up-to-date: /mnt/d/prueba/TFG-ROS2/ros2_client_node/install/lifecycle_msgs/include/lifecycle_msgs/msg/detail/microxrcedds
[376.625s] -- Installing: /mnt/d/prueba/TFG-ROS2/ros2_client_node/install/lifecycle_msgs/include/lifecycle_msgs/msg/detail/microxrcedds/state__type_support_cpp.cpp
[377.127s] -- Installing: /mnt/d/prueba/TFG-ROS2/ros2_client_node/install/lifecycle_msgs/include/lifecycle_msgs/msg/detail/microxrcedds/transition_description__type_support_cpp.cpp
[377.523s] -- Installing: /mnt/d/prueba/TFG-ROS2/ros2_client_node/install/lifecycle_msgs/include/lifecycle_msgs/msg/detail/microxrcedds/transition_event__type_support_cpp.cpp
[377.922s] -- Installing: /mnt/d/prueba/TFG-ROS2/ros2_client_node/install/lifecycle_msgs/include/lifecycle_msgs/msg/detail/microxrcedds/transition__type_support_cpp.cpp
[378.374s] -- Installing: /mnt/d/prueba/TFG-ROS2/ros2_client_node/install/lifecycle_msgs/include/lifecycle_msgs/msg/detail/state__rosidl_typesupport_microxrcedds_cpp.hpp
[378.767s] -- Installing: /mnt/d/prueba/TFG-ROS2/ros2_client_node/install/lifecycle_msgs/include/lifecycle_msgs/msg/detail/transition_description__rosidl_typesupport_microxrcedds_cpp.hpp
[379.216s] -- Installing: /mnt/d/prueba/TFG-ROS2/ros2_client_node/install/lifecycle_msgs/include/lifecycle_msgs/msg/detail/transition_event__rosidl_typesupport_microxrcedds_cpp.hpp
[379.626s] -- Installing: /mnt/d/prueba/TFG-ROS2/ros2_client_node/install/lifecycle_msgs/include/lifecycle_msgs/msg/detail/transition__rosidl_typesupport_microxrcedds_cpp.hpp
[380.008s] -- Installing: /mnt/d/prueba/TFG-ROS2/ros2_client_node/install/lifecycle_msgs/include/lifecycle_msgs/msg/rosidl_typesupport_microxrcedds_cpp__visibility_control.h
[380.292s] -- Up-to-date: /mnt/d/prueba/TFG-ROS2/ros2_client_node/install/lifecycle_msgs/include/lifecycle_msgs/srv
[380.395s] -- Up-to-date: /mnt/d/prueba/TFG-ROS2/ros2_client_node/install/lifecycle_msgs/include/lifecycle_msgs/srv/detail
[380.551s] -- Installing: /mnt/d/prueba/TFG-ROS2/ros2_client_node/install/lifecycle_msgs/include/lifecycle_msgs/srv/detail/change_state__rosidl_typesupport_microxrcedds_cpp.hpp
[380.942s] -- Installing: /mnt/d/prueba/TFG-ROS2/ros2_client_node/install/lifecycle_msgs/include/lifecycle_msgs/srv/detail/get_available_states__rosidl_typesupport_microxrcedds_cpp.hpp
[381.321s] -- Installing: /mnt/d/prueba/TFG-ROS2/ros2_client_node/install/lifecycle_msgs/include/lifecycle_msgs/srv/detail/get_available_transitions__rosidl_typesupport_microxrcedds_cpp.hpp
[381.705s] -- Installing: /mnt/d/prueba/TFG-ROS2/ros2_client_node/install/lifecycle_msgs/include/lifecycle_msgs/srv/detail/get_state__rosidl_typesupport_microxrcedds_cpp.hpp
[382.137s] -- Up-to-date: /mnt/d/prueba/TFG-ROS2/ros2_client_node/install/lifecycle_msgs/include/lifecycle_msgs/srv/detail/microxrcedds
[382.329s] -- Installing: /mnt/d/prueba/TFG-ROS2/ros2_client_node/install/lifecycle_msgs/include/lifecycle_msgs/srv/detail/microxrcedds/change_state__type_support_cpp.cpp
[382.775s] -- Installing: /mnt/d/prueba/TFG-ROS2/ros2_client_node/install/lifecycle_msgs/include/lifecycle_msgs/srv/detail/microxrcedds/get_available_states__type_support_cpp.cpp
[383.197s] -- Installing: /mnt/d/prueba/TFG-ROS2/ros2_client_node/install/lifecycle_msgs/include/lifecycle_msgs/srv/detail/microxrcedds/get_available_transitions__type_support_cpp.cpp
[383.578s] -- Installing: /mnt/d/prueba/TFG-ROS2/ros2_client_node/install/lifecycle_msgs/include/lifecycle_msgs/srv/detail/microxrcedds/get_state__type_support_cpp.cpp
[383.870s] -- Installing: /mnt/d/prueba/TFG-ROS2/ros2_client_node/install/lifecycle_msgs/lib/liblifecycle_msgs__rosidl_typesupport_microxrcedds_cpp.so
[384.139s] -- Set runtime path of "/mnt/d/prueba/TFG-ROS2/ros2_client_node/install/lifecycle_msgs/lib/liblifecycle_msgs__rosidl_typesupport_microxrcedds_cpp.so" to ""
[384.169s] -- Up-to-date: /mnt/d/prueba/TFG-ROS2/ros2_client_node/install/lifecycle_msgs/include/lifecycle_msgs/lifecycle_msgs
[384.239s] -- Up-to-date: /mnt/d/prueba/TFG-ROS2/ros2_client_node/install/lifecycle_msgs/include/lifecycle_msgs/lifecycle_msgs/msg
[384.327s] -- Up-to-date: /mnt/d/prueba/TFG-ROS2/ros2_client_node/install/lifecycle_msgs/include/lifecycle_msgs/lifecycle_msgs/msg/detail
[384.428s] -- Installing: /mnt/d/prueba/TFG-ROS2/ros2_client_node/install/lifecycle_msgs/include/lifecycle_msgs/lifecycle_msgs/msg/detail/dds_fastrtps
[384.596s] -- Installing: /mnt/d/prueba/TFG-ROS2/ros2_client_node/install/lifecycle_msgs/include/lifecycle_msgs/lifecycle_msgs/msg/detail/state__rosidl_typesupport_fastrtps_cpp.hpp
[384.897s] -- Installing: /mnt/d/prueba/TFG-ROS2/ros2_client_node/install/lifecycle_msgs/include/lifecycle_msgs/lifecycle_msgs/msg/detail/transition_description__rosidl_typesupport_fastrtps_cpp.hpp
[385.179s] -- Installing: /mnt/d/prueba/TFG-ROS2/ros2_client_node/install/lifecycle_msgs/include/lifecycle_msgs/lifecycle_msgs/msg/detail/transition_event__rosidl_typesupport_fastrtps_cpp.hpp
[385.490s] -- Installing: /mnt/d/prueba/TFG-ROS2/ros2_client_node/install/lifecycle_msgs/include/lifecycle_msgs/lifecycle_msgs/msg/detail/transition__rosidl_typesupport_fastrtps_cpp.hpp
[385.821s] -- Installing: /mnt/d/prueba/TFG-ROS2/ros2_client_node/install/lifecycle_msgs/include/lifecycle_msgs/lifecycle_msgs/msg/rosidl_typesupport_fastrtps_cpp__visibility_control.h
[386.044s] -- Up-to-date: /mnt/d/prueba/TFG-ROS2/ros2_client_node/install/lifecycle_msgs/include/lifecycle_msgs/lifecycle_msgs/srv
[386.113s] -- Up-to-date: /mnt/d/prueba/TFG-ROS2/ros2_client_node/install/lifecycle_msgs/include/lifecycle_msgs/lifecycle_msgs/srv/detail
[386.208s] -- Installing: /mnt/d/prueba/TFG-ROS2/ros2_client_node/install/lifecycle_msgs/include/lifecycle_msgs/lifecycle_msgs/srv/detail/change_state__rosidl_typesupport_fastrtps_cpp.hpp
[386.493s] -- Installing: /mnt/d/prueba/TFG-ROS2/ros2_client_node/install/lifecycle_msgs/include/lifecycle_msgs/lifecycle_msgs/srv/detail/dds_fastrtps
[386.677s] -- Installing: /mnt/d/prueba/TFG-ROS2/ros2_client_node/install/lifecycle_msgs/include/lifecycle_msgs/lifecycle_msgs/srv/detail/get_available_states__rosidl_typesupport_fastrtps_cpp.hpp
[386.964s] -- Installing: /mnt/d/prueba/TFG-ROS2/ros2_client_node/install/lifecycle_msgs/include/lifecycle_msgs/lifecycle_msgs/srv/detail/get_available_transitions__rosidl_typesupport_fastrtps_cpp.hpp
[387.230s] -- Installing: /mnt/d/prueba/TFG-ROS2/ros2_client_node/install/lifecycle_msgs/include/lifecycle_msgs/lifecycle_msgs/srv/detail/get_state__rosidl_typesupport_fastrtps_cpp.hpp
[387.468s] -- Installing: /mnt/d/prueba/TFG-ROS2/ros2_client_node/install/lifecycle_msgs/lib/liblifecycle_msgs__rosidl_typesupport_fastrtps_cpp.so
[387.708s] -- Set runtime path of "/mnt/d/prueba/TFG-ROS2/ros2_client_node/install/lifecycle_msgs/lib/liblifecycle_msgs__rosidl_typesupport_fastrtps_cpp.so" to ""
[387.731s] -- Up-to-date: /mnt/d/prueba/TFG-ROS2/ros2_client_node/install/lifecycle_msgs/include/lifecycle_msgs/lifecycle_msgs
[387.787s] -- Up-to-date: /mnt/d/prueba/TFG-ROS2/ros2_client_node/install/lifecycle_msgs/include/lifecycle_msgs/lifecycle_msgs/msg
[387.850s] -- Up-to-date: /mnt/d/prueba/TFG-ROS2/ros2_client_node/install/lifecycle_msgs/include/lifecycle_msgs/lifecycle_msgs/msg/detail
[387.949s] -- Installing: /mnt/d/prueba/TFG-ROS2/ros2_client_node/install/lifecycle_msgs/include/lifecycle_msgs/lifecycle_msgs/msg/detail/state__rosidl_typesupport_introspection_cpp.hpp
[388.223s] -- Installing: /mnt/d/prueba/TFG-ROS2/ros2_client_node/install/lifecycle_msgs/include/lifecycle_msgs/lifecycle_msgs/msg/detail/state__type_support.cpp
[388.479s] -- Installing: /mnt/d/prueba/TFG-ROS2/ros2_client_node/install/lifecycle_msgs/include/lifecycle_msgs/lifecycle_msgs/msg/detail/transition_description__rosidl_typesupport_introspection_cpp.hpp
[388.728s] -- Installing: /mnt/d/prueba/TFG-ROS2/ros2_client_node/install/lifecycle_msgs/include/lifecycle_msgs/lifecycle_msgs/msg/detail/transition_description__type_support.cpp
[388.958s] -- Installing: /mnt/d/prueba/TFG-ROS2/ros2_client_node/install/lifecycle_msgs/include/lifecycle_msgs/lifecycle_msgs/msg/detail/transition_event__rosidl_typesupport_introspection_cpp.hpp
[389.238s] -- Installing: /mnt/d/prueba/TFG-ROS2/ros2_client_node/install/lifecycle_msgs/include/lifecycle_msgs/lifecycle_msgs/msg/detail/transition_event__type_support.cpp
[389.514s] -- Installing: /mnt/d/prueba/TFG-ROS2/ros2_client_node/install/lifecycle_msgs/include/lifecycle_msgs/lifecycle_msgs/msg/detail/transition__rosidl_typesupport_introspection_cpp.hpp
[389.791s] -- Installing: /mnt/d/prueba/TFG-ROS2/ros2_client_node/install/lifecycle_msgs/include/lifecycle_msgs/lifecycle_msgs/msg/detail/transition__type_support.cpp
[390.031s] -- Up-to-date: /mnt/d/prueba/TFG-ROS2/ros2_client_node/install/lifecycle_msgs/include/lifecycle_msgs/lifecycle_msgs/srv
[390.101s] -- Up-to-date: /mnt/d/prueba/TFG-ROS2/ros2_client_node/install/lifecycle_msgs/include/lifecycle_msgs/lifecycle_msgs/srv/detail
[390.202s] -- Installing: /mnt/d/prueba/TFG-ROS2/ros2_client_node/install/lifecycle_msgs/include/lifecycle_msgs/lifecycle_msgs/srv/detail/change_state__rosidl_typesupport_introspection_cpp.hpp
[390.487s] -- Installing: /mnt/d/prueba/TFG-ROS2/ros2_client_node/install/lifecycle_msgs/include/lifecycle_msgs/lifecycle_msgs/srv/detail/change_state__type_support.cpp
[390.742s] -- Installing: /mnt/d/prueba/TFG-ROS2/ros2_client_node/install/lifecycle_msgs/include/lifecycle_msgs/lifecycle_msgs/srv/detail/get_available_states__rosidl_typesupport_introspection_cpp.hpp
[390.972s] -- Installing: /mnt/d/prueba/TFG-ROS2/ros2_client_node/install/lifecycle_msgs/include/lifecycle_msgs/lifecycle_msgs/srv/detail/get_available_states__type_support.cpp
[391.214s] -- Installing: /mnt/d/prueba/TFG-ROS2/ros2_client_node/install/lifecycle_msgs/include/lifecycle_msgs/lifecycle_msgs/srv/detail/get_available_transitions__rosidl_typesupport_introspection_cpp.hpp
[391.474s] -- Installing: /mnt/d/prueba/TFG-ROS2/ros2_client_node/install/lifecycle_msgs/include/lifecycle_msgs/lifecycle_msgs/srv/detail/get_available_transitions__type_support.cpp
[391.747s] -- Installing: /mnt/d/prueba/TFG-ROS2/ros2_client_node/install/lifecycle_msgs/include/lifecycle_msgs/lifecycle_msgs/srv/detail/get_state__rosidl_typesupport_introspection_cpp.hpp
[392.003s] -- Installing: /mnt/d/prueba/TFG-ROS2/ros2_client_node/install/lifecycle_msgs/include/lifecycle_msgs/lifecycle_msgs/srv/detail/get_state__type_support.cpp
[392.211s] -- Installing: /mnt/d/prueba/TFG-ROS2/ros2_client_node/install/lifecycle_msgs/lib/liblifecycle_msgs__rosidl_typesupport_introspection_cpp.so
[392.424s] -- Set runtime path of "/mnt/d/prueba/TFG-ROS2/ros2_client_node/install/lifecycle_msgs/lib/liblifecycle_msgs__rosidl_typesupport_introspection_cpp.so" to ""
[392.450s] -- Installing: /mnt/d/prueba/TFG-ROS2/ros2_client_node/install/lifecycle_msgs/lib/liblifecycle_msgs__rosidl_typesupport_cpp.so
[392.634s] -- Set runtime path of "/mnt/d/prueba/TFG-ROS2/ros2_client_node/install/lifecycle_msgs/lib/liblifecycle_msgs__rosidl_typesupport_cpp.so" to ""
[392.693s] -- Installing: /mnt/d/prueba/TFG-ROS2/ros2_client_node/install/lifecycle_msgs/share/lifecycle_msgs/environment/pythonpath.sh
[392.878s] -- Installing: /mnt/d/prueba/TFG-ROS2/ros2_client_node/install/lifecycle_msgs/share/lifecycle_msgs/environment/pythonpath.dsv
[393.033s] -- Installing: /mnt/d/prueba/TFG-ROS2/ros2_client_node/install/lifecycle_msgs/local/lib/python3.10/dist-packages/lifecycle_msgs-1.2.1-py3.10.egg-info
[393.125s] -- Installing: /mnt/d/prueba/TFG-ROS2/ros2_client_node/install/lifecycle_msgs/local/lib/python3.10/dist-packages/lifecycle_msgs-1.2.1-py3.10.egg-info/dependency_links.txt
[393.341s] -- Installing: /mnt/d/prueba/TFG-ROS2/ros2_client_node/install/lifecycle_msgs/local/lib/python3.10/dist-packages/lifecycle_msgs-1.2.1-py3.10.egg-info/PKG-INFO
[393.556s] -- Installing: /mnt/d/prueba/TFG-ROS2/ros2_client_node/install/lifecycle_msgs/local/lib/python3.10/dist-packages/lifecycle_msgs-1.2.1-py3.10.egg-info/SOURCES.txt
[393.792s] -- Installing: /mnt/d/prueba/TFG-ROS2/ros2_client_node/install/lifecycle_msgs/local/lib/python3.10/dist-packages/lifecycle_msgs-1.2.1-py3.10.egg-info/top_level.txt
[393.974s] -- Installing: /mnt/d/prueba/TFG-ROS2/ros2_client_node/install/lifecycle_msgs/local/lib/python3.10/dist-packages/lifecycle_msgs
[394.060s] -- Installing: /mnt/d/prueba/TFG-ROS2/ros2_client_node/install/lifecycle_msgs/local/lib/python3.10/dist-packages/lifecycle_msgs/liblifecycle_msgs__rosidl_generator_py.so
[394.280s] -- Installing: /mnt/d/prueba/TFG-ROS2/ros2_client_node/install/lifecycle_msgs/local/lib/python3.10/dist-packages/lifecycle_msgs/lifecycle_msgs_s__rosidl_typesupport_c.cpython-310-x86_64-linux-gnu.so
[394.536s] -- Installing: /mnt/d/prueba/TFG-ROS2/ros2_client_node/install/lifecycle_msgs/local/lib/python3.10/dist-packages/lifecycle_msgs/lifecycle_msgs_s__rosidl_typesupport_fastrtps_c.cpython-310-x86_64-linux-gnu.so
[394.775s] -- Installing: /mnt/d/prueba/TFG-ROS2/ros2_client_node/install/lifecycle_msgs/local/lib/python3.10/dist-packages/lifecycle_msgs/lifecycle_msgs_s__rosidl_typesupport_introspection_c.cpython-310-x86_64-linux-gnu.so
[395.035s] -- Installing: /mnt/d/prueba/TFG-ROS2/ros2_client_node/install/lifecycle_msgs/local/lib/python3.10/dist-packages/lifecycle_msgs/lifecycle_msgs_s__rosidl_typesupport_microxrcedds_c.cpython-310-x86_64-linux-gnu.so
[395.306s] -- Installing: /mnt/d/prueba/TFG-ROS2/ros2_client_node/install/lifecycle_msgs/local/lib/python3.10/dist-packages/lifecycle_msgs/msg
[395.449s] -- Installing: /mnt/d/prueba/TFG-ROS2/ros2_client_node/install/lifecycle_msgs/local/lib/python3.10/dist-packages/lifecycle_msgs/msg/_state.py
[395.718s] -- Installing: /mnt/d/prueba/TFG-ROS2/ros2_client_node/install/lifecycle_msgs/local/lib/python3.10/dist-packages/lifecycle_msgs/msg/_state_s.c
[395.972s] -- Installing: /mnt/d/prueba/TFG-ROS2/ros2_client_node/install/lifecycle_msgs/local/lib/python3.10/dist-packages/lifecycle_msgs/msg/_transition.py
[396.272s] -- Installing: /mnt/d/prueba/TFG-ROS2/ros2_client_node/install/lifecycle_msgs/local/lib/python3.10/dist-packages/lifecycle_msgs/msg/_transition_description.py
[396.611s] -- Installing: /mnt/d/prueba/TFG-ROS2/ros2_client_node/install/lifecycle_msgs/local/lib/python3.10/dist-packages/lifecycle_msgs/msg/_transition_description_s.c
[396.965s] -- Installing: /mnt/d/prueba/TFG-ROS2/ros2_client_node/install/lifecycle_msgs/local/lib/python3.10/dist-packages/lifecycle_msgs/msg/_transition_event.py
[397.327s] -- Installing: /mnt/d/prueba/TFG-ROS2/ros2_client_node/install/lifecycle_msgs/local/lib/python3.10/dist-packages/lifecycle_msgs/msg/_transition_event_s.c
[397.699s] -- Installing: /mnt/d/prueba/TFG-ROS2/ros2_client_node/install/lifecycle_msgs/local/lib/python3.10/dist-packages/lifecycle_msgs/msg/_transition_s.c
[398.073s] -- Installing: /mnt/d/prueba/TFG-ROS2/ros2_client_node/install/lifecycle_msgs/local/lib/python3.10/dist-packages/lifecycle_msgs/msg/__init__.py
[398.377s] -- Installing: /mnt/d/prueba/TFG-ROS2/ros2_client_node/install/lifecycle_msgs/local/lib/python3.10/dist-packages/lifecycle_msgs/srv
[398.554s] -- Installing: /mnt/d/prueba/TFG-ROS2/ros2_client_node/install/lifecycle_msgs/local/lib/python3.10/dist-packages/lifecycle_msgs/srv/_change_state.py
[398.972s] -- Installing: /mnt/d/prueba/TFG-ROS2/ros2_client_node/install/lifecycle_msgs/local/lib/python3.10/dist-packages/lifecycle_msgs/srv/_change_state_s.c
[399.354s] -- Installing: /mnt/d/prueba/TFG-ROS2/ros2_client_node/install/lifecycle_msgs/local/lib/python3.10/dist-packages/lifecycle_msgs/srv/_get_available_states.py
[399.714s] -- Installing: /mnt/d/prueba/TFG-ROS2/ros2_client_node/install/lifecycle_msgs/local/lib/python3.10/dist-packages/lifecycle_msgs/srv/_get_available_states_s.c
[400.068s] -- Installing: /mnt/d/prueba/TFG-ROS2/ros2_client_node/install/lifecycle_msgs/local/lib/python3.10/dist-packages/lifecycle_msgs/srv/_get_available_transitions.py
[400.485s] -- Installing: /mnt/d/prueba/TFG-ROS2/ros2_client_node/install/lifecycle_msgs/local/lib/python3.10/dist-packages/lifecycle_msgs/srv/_get_available_transitions_s.c
[400.948s] -- Installing: /mnt/d/prueba/TFG-ROS2/ros2_client_node/install/lifecycle_msgs/local/lib/python3.10/dist-packages/lifecycle_msgs/srv/_get_state.py
[401.314s] -- Installing: /mnt/d/prueba/TFG-ROS2/ros2_client_node/install/lifecycle_msgs/local/lib/python3.10/dist-packages/lifecycle_msgs/srv/_get_state_s.c
[401.684s] -- Installing: /mnt/d/prueba/TFG-ROS2/ros2_client_node/install/lifecycle_msgs/local/lib/python3.10/dist-packages/lifecycle_msgs/srv/__init__.py
[402.045s] -- Installing: /mnt/d/prueba/TFG-ROS2/ros2_client_node/install/lifecycle_msgs/local/lib/python3.10/dist-packages/lifecycle_msgs/_lifecycle_msgs_s.ep.rosidl_typesupport_c.c
[402.396s] -- Installing: /mnt/d/prueba/TFG-ROS2/ros2_client_node/install/lifecycle_msgs/local/lib/python3.10/dist-packages/lifecycle_msgs/_lifecycle_msgs_s.ep.rosidl_typesupport_fastrtps_c.c
[402.777s] -- Installing: /mnt/d/prueba/TFG-ROS2/ros2_client_node/install/lifecycle_msgs/local/lib/python3.10/dist-packages/lifecycle_msgs/_lifecycle_msgs_s.ep.rosidl_typesupport_introspection_c.c
[403.140s] -- Installing: /mnt/d/prueba/TFG-ROS2/ros2_client_node/install/lifecycle_msgs/local/lib/python3.10/dist-packages/lifecycle_msgs/_lifecycle_msgs_s.ep.rosidl_typesupport_microxrcedds_c.c
[403.550s] -- Installing: /mnt/d/prueba/TFG-ROS2/ros2_client_node/install/lifecycle_msgs/local/lib/python3.10/dist-packages/lifecycle_msgs/__init__.py
[410.313s] Listing '/mnt/d/prueba/TFG-ROS2/ros2_client_node/install/lifecycle_msgs/local/lib/python3.10/dist-packages/lifecycle_msgs'...
[410.317s] Compiling '/mnt/d/prueba/TFG-ROS2/ros2_client_node/install/lifecycle_msgs/local/lib/python3.10/dist-packages/lifecycle_msgs/__init__.py'...
[410.321s] Listing '/mnt/d/prueba/TFG-ROS2/ros2_client_node/install/lifecycle_msgs/local/lib/python3.10/dist-packages/lifecycle_msgs/msg'...
[410.326s] Compiling '/mnt/d/prueba/TFG-ROS2/ros2_client_node/install/lifecycle_msgs/local/lib/python3.10/dist-packages/lifecycle_msgs/msg/__init__.py'...
[410.330s] Compiling '/mnt/d/prueba/TFG-ROS2/ros2_client_node/install/lifecycle_msgs/local/lib/python3.10/dist-packages/lifecycle_msgs/msg/_state.py'...
[410.334s] Compiling '/mnt/d/prueba/TFG-ROS2/ros2_client_node/install/lifecycle_msgs/local/lib/python3.10/dist-packages/lifecycle_msgs/msg/_transition.py'...
[410.338s] Compiling '/mnt/d/prueba/TFG-ROS2/ros2_client_node/install/lifecycle_msgs/local/lib/python3.10/dist-packages/lifecycle_msgs/msg/_transition_description.py'...
[410.343s] Compiling '/mnt/d/prueba/TFG-ROS2/ros2_client_node/install/lifecycle_msgs/local/lib/python3.10/dist-packages/lifecycle_msgs/msg/_transition_event.py'...
[410.347s] Listing '/mnt/d/prueba/TFG-ROS2/ros2_client_node/install/lifecycle_msgs/local/lib/python3.10/dist-packages/lifecycle_msgs/srv'...
[410.350s] Compiling '/mnt/d/prueba/TFG-ROS2/ros2_client_node/install/lifecycle_msgs/local/lib/python3.10/dist-packages/lifecycle_msgs/srv/__init__.py'...
[410.354s] Compiling '/mnt/d/prueba/TFG-ROS2/ros2_client_node/install/lifecycle_msgs/local/lib/python3.10/dist-packages/lifecycle_msgs/srv/_change_state.py'...
[410.359s] Compiling '/mnt/d/prueba/TFG-ROS2/ros2_client_node/install/lifecycle_msgs/local/lib/python3.10/dist-packages/lifecycle_msgs/srv/_get_available_states.py'...
[410.362s] Compiling '/mnt/d/prueba/TFG-ROS2/ros2_client_node/install/lifecycle_msgs/local/lib/python3.10/dist-packages/lifecycle_msgs/srv/_get_available_transitions.py'...
[410.365s] Compiling '/mnt/d/prueba/TFG-ROS2/ros2_client_node/install/lifecycle_msgs/local/lib/python3.10/dist-packages/lifecycle_msgs/srv/_get_state.py'...
[410.588s] -- Installing: /mnt/d/prueba/TFG-ROS2/ros2_client_node/install/lifecycle_msgs/local/lib/python3.10/dist-packages/lifecycle_msgs/lifecycle_msgs_s__rosidl_typesupport_microxrcedds_c.cpython-310-x86_64-linux-gnu.so
[411.122s] -- Set runtime path of "/mnt/d/prueba/TFG-ROS2/ros2_client_node/install/lifecycle_msgs/local/lib/python3.10/dist-packages/lifecycle_msgs/lifecycle_msgs_s__rosidl_typesupport_microxrcedds_c.cpython-310-x86_64-linux-gnu.so" to ""
[411.375s] -- Installing: /mnt/d/prueba/TFG-ROS2/ros2_client_node/install/lifecycle_msgs/local/lib/python3.10/dist-packages/lifecycle_msgs/lifecycle_msgs_s__rosidl_typesupport_fastrtps_c.cpython-310-x86_64-linux-gnu.so
[411.885s] -- Set runtime path of "/mnt/d/prueba/TFG-ROS2/ros2_client_node/install/lifecycle_msgs/local/lib/python3.10/dist-packages/lifecycle_msgs/lifecycle_msgs_s__rosidl_typesupport_fastrtps_c.cpython-310-x86_64-linux-gnu.so" to ""
[412.108s] -- Installing: /mnt/d/prueba/TFG-ROS2/ros2_client_node/install/lifecycle_msgs/local/lib/python3.10/dist-packages/lifecycle_msgs/lifecycle_msgs_s__rosidl_typesupport_introspection_c.cpython-310-x86_64-linux-gnu.so
[412.590s] -- Set runtime path of "/mnt/d/prueba/TFG-ROS2/ros2_client_node/install/lifecycle_msgs/local/lib/python3.10/dist-packages/lifecycle_msgs/lifecycle_msgs_s__rosidl_typesupport_introspection_c.cpython-310-x86_64-linux-gnu.so" to ""
[412.829s] -- Installing: /mnt/d/prueba/TFG-ROS2/ros2_client_node/install/lifecycle_msgs/local/lib/python3.10/dist-packages/lifecycle_msgs/lifecycle_msgs_s__rosidl_typesupport_c.cpython-310-x86_64-linux-gnu.so
[413.294s] -- Set runtime path of "/mnt/d/prueba/TFG-ROS2/ros2_client_node/install/lifecycle_msgs/local/lib/python3.10/dist-packages/lifecycle_msgs/lifecycle_msgs_s__rosidl_typesupport_c.cpython-310-x86_64-linux-gnu.so" to ""
[413.358s] -- Installing: /mnt/d/prueba/TFG-ROS2/ros2_client_node/install/lifecycle_msgs/lib/liblifecycle_msgs__rosidl_generator_py.so
[413.663s] -- Set runtime path of "/mnt/d/prueba/TFG-ROS2/ros2_client_node/install/lifecycle_msgs/lib/liblifecycle_msgs__rosidl_generator_py.so" to ""
[413.779s] -- Installing: /mnt/d/prueba/TFG-ROS2/ros2_client_node/install/lifecycle_msgs/share/lifecycle_msgs/msg/State.idl
[414.063s] -- Installing: /mnt/d/prueba/TFG-ROS2/ros2_client_node/install/lifecycle_msgs/share/lifecycle_msgs/msg/Transition.idl
[414.321s] -- Installing: /mnt/d/prueba/TFG-ROS2/ros2_client_node/install/lifecycle_msgs/share/lifecycle_msgs/msg/TransitionDescription.idl
[414.562s] -- Installing: /mnt/d/prueba/TFG-ROS2/ros2_client_node/install/lifecycle_msgs/share/lifecycle_msgs/msg/TransitionEvent.idl
[414.824s] -- Installing: /mnt/d/prueba/TFG-ROS2/ros2_client_node/install/lifecycle_msgs/share/lifecycle_msgs/srv/ChangeState.idl
[415.039s] -- Installing: /mnt/d/prueba/TFG-ROS2/ros2_client_node/install/lifecycle_msgs/share/lifecycle_msgs/srv/GetAvailableStates.idl
[415.260s] -- Installing: /mnt/d/prueba/TFG-ROS2/ros2_client_node/install/lifecycle_msgs/share/lifecycle_msgs/srv/GetAvailableTransitions.idl
[415.473s] -- Installing: /mnt/d/prueba/TFG-ROS2/ros2_client_node/install/lifecycle_msgs/share/lifecycle_msgs/srv/GetState.idl
[415.680s] -- Installing: /mnt/d/prueba/TFG-ROS2/ros2_client_node/install/lifecycle_msgs/share/lifecycle_msgs/msg/State.msg
[415.913s] -- Installing: /mnt/d/prueba/TFG-ROS2/ros2_client_node/install/lifecycle_msgs/share/lifecycle_msgs/msg/Transition.msg
[416.123s] -- Installing: /mnt/d/prueba/TFG-ROS2/ros2_client_node/install/lifecycle_msgs/share/lifecycle_msgs/msg/TransitionDescription.msg
[416.360s] -- Installing: /mnt/d/prueba/TFG-ROS2/ros2_client_node/install/lifecycle_msgs/share/lifecycle_msgs/msg/TransitionEvent.msg
[416.571s] -- Installing: /mnt/d/prueba/TFG-ROS2/ros2_client_node/install/lifecycle_msgs/share/lifecycle_msgs/srv/ChangeState.srv
[416.756s] -- Installing: /mnt/d/prueba/TFG-ROS2/ros2_client_node/install/lifecycle_msgs/share/lifecycle_msgs/srv/ChangeState_Request.msg
[416.917s] -- Installing: /mnt/d/prueba/TFG-ROS2/ros2_client_node/install/lifecycle_msgs/share/lifecycle_msgs/srv/ChangeState_Response.msg
[417.100s] -- Installing: /mnt/d/prueba/TFG-ROS2/ros2_client_node/install/lifecycle_msgs/share/lifecycle_msgs/srv/GetAvailableStates.srv
[417.301s] -- Installing: /mnt/d/prueba/TFG-ROS2/ros2_client_node/install/lifecycle_msgs/share/lifecycle_msgs/srv/GetAvailableStates_Request.msg
[417.477s] -- Installing: /mnt/d/prueba/TFG-ROS2/ros2_client_node/install/lifecycle_msgs/share/lifecycle_msgs/srv/GetAvailableStates_Response.msg
[417.702s] -- Installing: /mnt/d/prueba/TFG-ROS2/ros2_client_node/install/lifecycle_msgs/share/lifecycle_msgs/srv/GetAvailableTransitions.srv
[417.927s] -- Installing: /mnt/d/prueba/TFG-ROS2/ros2_client_node/install/lifecycle_msgs/share/lifecycle_msgs/srv/GetAvailableTransitions_Request.msg
[418.109s] -- Installing: /mnt/d/prueba/TFG-ROS2/ros2_client_node/install/lifecycle_msgs/share/lifecycle_msgs/srv/GetAvailableTransitions_Response.msg
[418.294s] -- Installing: /mnt/d/prueba/TFG-ROS2/ros2_client_node/install/lifecycle_msgs/share/lifecycle_msgs/srv/GetState.srv
[418.475s] -- Installing: /mnt/d/prueba/TFG-ROS2/ros2_client_node/install/lifecycle_msgs/share/lifecycle_msgs/srv/GetState_Request.msg
[418.636s] -- Installing: /mnt/d/prueba/TFG-ROS2/ros2_client_node/install/lifecycle_msgs/share/lifecycle_msgs/srv/GetState_Response.msg
[418.907s] -- Installing: /mnt/d/prueba/TFG-ROS2/ros2_client_node/install/lifecycle_msgs/share/ament_index/resource_index/package_run_dependencies/lifecycle_msgs
[419.199s] -- Installing: /mnt/d/prueba/TFG-ROS2/ros2_client_node/install/lifecycle_msgs/share/ament_index/resource_index/parent_prefix_path/lifecycle_msgs
[419.384s] -- Installing: /mnt/d/prueba/TFG-ROS2/ros2_client_node/install/lifecycle_msgs/share/lifecycle_msgs/environment/ament_prefix_path.sh
[419.531s] -- Installing: /mnt/d/prueba/TFG-ROS2/ros2_client_node/install/lifecycle_msgs/share/lifecycle_msgs/environment/ament_prefix_path.dsv
[419.663s] -- Installing: /mnt/d/prueba/TFG-ROS2/ros2_client_node/install/lifecycle_msgs/share/lifecycle_msgs/environment/path.sh
[419.806s] -- Installing: /mnt/d/prueba/TFG-ROS2/ros2_client_node/install/lifecycle_msgs/share/lifecycle_msgs/environment/path.dsv
[419.966s] -- Installing: /mnt/d/prueba/TFG-ROS2/ros2_client_node/install/lifecycle_msgs/share/lifecycle_msgs/local_setup.bash
[420.140s] -- Installing: /mnt/d/prueba/TFG-ROS2/ros2_client_node/install/lifecycle_msgs/share/lifecycle_msgs/local_setup.sh
[420.314s] -- Installing: /mnt/d/prueba/TFG-ROS2/ros2_client_node/install/lifecycle_msgs/share/lifecycle_msgs/local_setup.zsh
[420.463s] -- Installing: /mnt/d/prueba/TFG-ROS2/ros2_client_node/install/lifecycle_msgs/share/lifecycle_msgs/local_setup.dsv
[420.612s] -- Installing: /mnt/d/prueba/TFG-ROS2/ros2_client_node/install/lifecycle_msgs/share/lifecycle_msgs/package.dsv
[420.875s] -- Installing: /mnt/d/prueba/TFG-ROS2/ros2_client_node/install/lifecycle_msgs/share/ament_index/resource_index/packages/lifecycle_msgs
[421.242s] -- Installing: /mnt/d/prueba/TFG-ROS2/ros2_client_node/install/lifecycle_msgs/share/lifecycle_msgs/cmake/export_lifecycle_msgs__rosidl_generator_cExport.cmake
[421.516s] -- Installing: /mnt/d/prueba/TFG-ROS2/ros2_client_node/install/lifecycle_msgs/share/lifecycle_msgs/cmake/export_lifecycle_msgs__rosidl_generator_cExport-noconfig.cmake
[421.859s] -- Installing: /mnt/d/prueba/TFG-ROS2/ros2_client_node/install/lifecycle_msgs/share/lifecycle_msgs/cmake/export_lifecycle_msgs__rosidl_typesupport_fastrtps_cExport.cmake
[422.167s] -- Installing: /mnt/d/prueba/TFG-ROS2/ros2_client_node/install/lifecycle_msgs/share/lifecycle_msgs/cmake/export_lifecycle_msgs__rosidl_typesupport_fastrtps_cExport-noconfig.cmake
[422.482s] -- Installing: /mnt/d/prueba/TFG-ROS2/ros2_client_node/install/lifecycle_msgs/share/lifecycle_msgs/cmake/lifecycle_msgs__rosidl_typesupport_introspection_cExport.cmake
[422.808s] -- Installing: /mnt/d/prueba/TFG-ROS2/ros2_client_node/install/lifecycle_msgs/share/lifecycle_msgs/cmake/lifecycle_msgs__rosidl_typesupport_introspection_cExport-noconfig.cmake
[423.134s] -- Installing: /mnt/d/prueba/TFG-ROS2/ros2_client_node/install/lifecycle_msgs/share/lifecycle_msgs/cmake/lifecycle_msgs__rosidl_typesupport_cExport.cmake
[423.395s] -- Installing: /mnt/d/prueba/TFG-ROS2/ros2_client_node/install/lifecycle_msgs/share/lifecycle_msgs/cmake/lifecycle_msgs__rosidl_typesupport_cExport-noconfig.cmake
[423.742s] -- Installing: /mnt/d/prueba/TFG-ROS2/ros2_client_node/install/lifecycle_msgs/share/lifecycle_msgs/cmake/export_lifecycle_msgs__rosidl_generator_cppExport.cmake
[424.104s] -- Installing: /mnt/d/prueba/TFG-ROS2/ros2_client_node/install/lifecycle_msgs/share/lifecycle_msgs/cmake/export_lifecycle_msgs__rosidl_typesupport_fastrtps_cppExport.cmake
[424.357s] -- Installing: /mnt/d/prueba/TFG-ROS2/ros2_client_node/install/lifecycle_msgs/share/lifecycle_msgs/cmake/export_lifecycle_msgs__rosidl_typesupport_fastrtps_cppExport-noconfig.cmake
[424.701s] -- Installing: /mnt/d/prueba/TFG-ROS2/ros2_client_node/install/lifecycle_msgs/share/lifecycle_msgs/cmake/lifecycle_msgs__rosidl_typesupport_introspection_cppExport.cmake
[425.084s] -- Installing: /mnt/d/prueba/TFG-ROS2/ros2_client_node/install/lifecycle_msgs/share/lifecycle_msgs/cmake/lifecycle_msgs__rosidl_typesupport_introspection_cppExport-noconfig.cmake
[425.376s] -- Installing: /mnt/d/prueba/TFG-ROS2/ros2_client_node/install/lifecycle_msgs/share/lifecycle_msgs/cmake/lifecycle_msgs__rosidl_typesupport_cppExport.cmake
[425.642s] -- Installing: /mnt/d/prueba/TFG-ROS2/ros2_client_node/install/lifecycle_msgs/share/lifecycle_msgs/cmake/lifecycle_msgs__rosidl_typesupport_cppExport-noconfig.cmake
[425.905s] -- Installing: /mnt/d/prueba/TFG-ROS2/ros2_client_node/install/lifecycle_msgs/share/lifecycle_msgs/cmake/export_lifecycle_msgs__rosidl_generator_pyExport.cmake
[426.118s] -- Installing: /mnt/d/prueba/TFG-ROS2/ros2_client_node/install/lifecycle_msgs/share/lifecycle_msgs/cmake/export_lifecycle_msgs__rosidl_generator_pyExport-noconfig.cmake
[426.315s] -- Installing: /mnt/d/prueba/TFG-ROS2/ros2_client_node/install/lifecycle_msgs/share/lifecycle_msgs/cmake/rosidl_cmake-extras.cmake
[426.508s] -- Installing: /mnt/d/prueba/TFG-ROS2/ros2_client_node/install/lifecycle_msgs/share/lifecycle_msgs/cmake/ament_cmake_export_include_directories-extras.cmake
[426.701s] -- Installing: /mnt/d/prueba/TFG-ROS2/ros2_client_node/install/lifecycle_msgs/share/lifecycle_msgs/cmake/ament_cmake_export_libraries-extras.cmake
[426.876s] -- Installing: /mnt/d/prueba/TFG-ROS2/ros2_client_node/install/lifecycle_msgs/share/lifecycle_msgs/cmake/ament_cmake_export_targets-extras.cmake
[427.048s] -- Installing: /mnt/d/prueba/TFG-ROS2/ros2_client_node/install/lifecycle_msgs/share/lifecycle_msgs/cmake/rosidl_cmake_export_typesupport_targets-extras.cmake
[427.229s] -- Installing: /mnt/d/prueba/TFG-ROS2/ros2_client_node/install/lifecycle_msgs/share/lifecycle_msgs/cmake/ament_cmake_export_dependencies-extras.cmake
[427.437s] -- Installing: /mnt/d/prueba/TFG-ROS2/ros2_client_node/install/lifecycle_msgs/share/lifecycle_msgs/cmake/rosidl_cmake_export_typesupport_libraries-extras.cmake
[427.636s] -- Installing: /mnt/d/prueba/TFG-ROS2/ros2_client_node/install/lifecycle_msgs/share/lifecycle_msgs/cmake/lifecycle_msgsConfig.cmake
[427.807s] -- Installing: /mnt/d/prueba/TFG-ROS2/ros2_client_node/install/lifecycle_msgs/share/lifecycle_msgs/cmake/lifecycle_msgsConfig-version.cmake
[427.998s] -- Installing: /mnt/d/prueba/TFG-ROS2/ros2_client_node/install/lifecycle_msgs/share/lifecycle_msgs/package.xml
[428.226s] Invoked command in '/mnt/d/prueba/TFG-ROS2/ros2_client_node/build/lifecycle_msgs' returned '0': CMAKE_PREFIX_PATH=${CMAKE_PREFIX_PATH}:/opt/ros/humble /usr/bin/cmake --install /mnt/d/prueba/TFG-ROS2/ros2_client_node/build/lifecycle_msgs
