[1.454s] Invoking command in '/mnt/d/prueba/TFG-ROS2/ros2_client_node/build/action_msgs': AMENT_PREFIX_PATH=/mnt/d/prueba/TFG-ROS2/ros2_client_node/install/unique_identifier_msgs:/mnt/d/prueba/TFG-ROS2/ros2_client_node/install/builtin_interfaces:${AMENT_PREFIX_PATH} CMAKE_PREFIX_PATH=/mnt/d/prueba/TFG-ROS2/ros2_client_node/install/unique_identifier_msgs:/mnt/d/prueba/TFG-ROS2/ros2_client_node/install/builtin_interfaces:/mnt/d/prueba/TFG-ROS2/ros2_client_node/install/rosidl_typesupport_microxrcedds_cpp:/mnt/d/prueba/TFG-ROS2/ros2_client_node/install/rosidl_typesupport_microxrcedds_c:/mnt/d/prueba/TFG-ROS2/ros2_client_node/install/microcdr:/mnt/d/prueba/TFG-ROS2/ros2_client_node/install/micro_ros_setup:/mnt/d/prueba/TFG-ROS2/ros2_agent_node/install/micro_ros_agent:/mnt/d/prueba/TFG-ROS2/ros2_agent_node/install/micro_ros_msgs:/mnt/d/prueba/TFG-ROS2/ros2_agent_node/install/micro_ros_setup:/opt/ros/humble LD_LIBRARY_PATH=/mnt/d/prueba/TFG-ROS2/ros2_client_node/install/unique_identifier_msgs/lib:/mnt/d/prueba/TFG-ROS2/ros2_client_node/install/builtin_interfaces/lib:${LD_LIBRARY_PATH} PYTHONPATH=/mnt/d/prueba/TFG-ROS2/ros2_client_node/install/unique_identifier_msgs/local/lib/python3.10/dist-packages:/mnt/d/prueba/TFG-ROS2/ros2_client_node/install/builtin_interfaces/local/lib/python3.10/dist-packages:${PYTHONPATH} /usr/bin/cmake /mnt/d/prueba/TFG-ROS2/ros2_client_node/src/ros2/rcl_interfaces/action_msgs -DBUILD_TESTING=OFF -DBUILD_SHARED_LIBS=ON -DCMAKE_INSTALL_PREFIX=/mnt/d/prueba/TFG-ROS2/ros2_client_node/install/action_msgs
[6.100s] -- The C compiler identification is GNU 11.3.0
[9.054s] -- The CXX compiler identification is GNU 11.3.0
[9.705s] -- Detecting C compiler ABI info
[16.347s] -- Detecting C compiler ABI info - done
[16.401s] -- Check for working C compiler: /usr/bin/cc - skipped
[16.404s] -- Detecting C compile features
[16.407s] -- Detecting C compile features - done
[16.536s] -- Detecting CXX compiler ABI info
[23.391s] -- Detecting CXX compiler ABI info - done
[23.447s] -- Check for working CXX compiler: /usr/bin/c++ - skipped
[23.449s] -- Detecting CXX compile features
[23.451s] -- Detecting CXX compile features - done
[24.224s] -- Found ament_cmake: 1.3.3 (/opt/ros/humble/share/ament_cmake/cmake)
[35.486s] -- Found Python3: /usr/bin/python3.10 (found version "3.10.6") found components: Interpreter 
[47.251s] -- Found builtin_interfaces: 1.2.1 (/mnt/d/prueba/TFG-ROS2/ros2_client_node/install/builtin_interfaces/share/builtin_interfaces/cmake)
[54.185s] -- Found rosidl_generator_c: 3.1.4 (/opt/ros/humble/share/rosidl_generator_c/cmake)
[55.473s] -- Found rosidl_adapter: 3.1.4 (/opt/ros/humble/share/rosidl_adapter/cmake)
[57.020s] -- Found rosidl_generator_cpp: 3.1.4 (/opt/ros/humble/share/rosidl_generator_cpp/cmake)
[58.472s] -- Using all available rosidl_typesupport_c: rosidl_typesupport_microxrcedds_c;rosidl_typesupport_fastrtps_c;rosidl_typesupport_introspection_c
[62.058s] -- Using all available rosidl_typesupport_cpp: rosidl_typesupport_microxrcedds_cpp;rosidl_typesupport_fastrtps_cpp;rosidl_typesupport_introspection_cpp
[65.155s] -- Found rosidl_default_generators: 1.2.0 (/opt/ros/humble/share/rosidl_default_generators/cmake)
[66.250s] -- Found unique_identifier_msgs: 2.2.1 (/mnt/d/prueba/TFG-ROS2/ros2_client_node/install/unique_identifier_msgs/share/unique_identifier_msgs/cmake)
[80.930s] -- Found ament_cmake_ros: 0.10.0 (/opt/ros/humble/share/ament_cmake_ros/cmake)
[116.013s] -- Using all available rosidl_typesupport_c: rosidl_typesupport_microxrcedds_c;rosidl_typesupport_fastrtps_c;rosidl_typesupport_introspection_c
[128.793s] -- Using all available rosidl_typesupport_cpp: rosidl_typesupport_microxrcedds_cpp;rosidl_typesupport_fastrtps_cpp;rosidl_typesupport_introspection_cpp
[130.279s] -- Found PythonInterp: /usr/bin/python3 (found suitable version "3.10.6", minimum required is "3.6") 
[131.101s] -- Found python_cmake_module: 0.10.0 (/opt/ros/humble/share/python_cmake_module/cmake)
[133.378s] -- Found PythonLibs: /usr/lib/x86_64-linux-gnu/libpython3.10.so (found suitable version "3.10.6", minimum required is "3.5") 
[133.383s] -- Using PYTHON_EXECUTABLE: /usr/bin/python3
[133.386s] -- Using PYTHON_INCLUDE_DIRS: /usr/include/python3.10
[133.389s] -- Using PYTHON_LIBRARIES: /usr/lib/x86_64-linux-gnu/libpython3.10.so
[135.227s] -- Found PythonExtra: .so  
[141.765s] -- Configuring done
[155.328s] -- Generating done
[156.025s] -- Build files have been written to: /mnt/d/prueba/TFG-ROS2/ros2_client_node/build/action_msgs
[156.035s] Invoked command in '/mnt/d/prueba/TFG-ROS2/ros2_client_node/build/action_msgs' returned '0': AMENT_PREFIX_PATH=/mnt/d/prueba/TFG-ROS2/ros2_client_node/install/unique_identifier_msgs:/mnt/d/prueba/TFG-ROS2/ros2_client_node/install/builtin_interfaces:${AMENT_PREFIX_PATH} CMAKE_PREFIX_PATH=/mnt/d/prueba/TFG-ROS2/ros2_client_node/install/unique_identifier_msgs:/mnt/d/prueba/TFG-ROS2/ros2_client_node/install/builtin_interfaces:/mnt/d/prueba/TFG-ROS2/ros2_client_node/install/rosidl_typesupport_microxrcedds_cpp:/mnt/d/prueba/TFG-ROS2/ros2_client_node/install/rosidl_typesupport_microxrcedds_c:/mnt/d/prueba/TFG-ROS2/ros2_client_node/install/microcdr:/mnt/d/prueba/TFG-ROS2/ros2_client_node/install/micro_ros_setup:/mnt/d/prueba/TFG-ROS2/ros2_agent_node/install/micro_ros_agent:/mnt/d/prueba/TFG-ROS2/ros2_agent_node/install/micro_ros_msgs:/mnt/d/prueba/TFG-ROS2/ros2_agent_node/install/micro_ros_setup:/opt/ros/humble LD_LIBRARY_PATH=/mnt/d/prueba/TFG-ROS2/ros2_client_node/install/unique_identifier_msgs/lib:/mnt/d/prueba/TFG-ROS2/ros2_client_node/install/builtin_interfaces/lib:${LD_LIBRARY_PATH} PYTHONPATH=/mnt/d/prueba/TFG-ROS2/ros2_client_node/install/unique_identifier_msgs/local/lib/python3.10/dist-packages:/mnt/d/prueba/TFG-ROS2/ros2_client_node/install/builtin_interfaces/local/lib/python3.10/dist-packages:${PYTHONPATH} /usr/bin/cmake /mnt/d/prueba/TFG-ROS2/ros2_client_node/src/ros2/rcl_interfaces/action_msgs -DBUILD_TESTING=OFF -DBUILD_SHARED_LIBS=ON -DCMAKE_INSTALL_PREFIX=/mnt/d/prueba/TFG-ROS2/ros2_client_node/install/action_msgs
[156.061s] Invoking command in '/mnt/d/prueba/TFG-ROS2/ros2_client_node/build/action_msgs': AMENT_PREFIX_PATH=/mnt/d/prueba/TFG-ROS2/ros2_client_node/install/unique_identifier_msgs:/mnt/d/prueba/TFG-ROS2/ros2_client_node/install/builtin_interfaces:${AMENT_PREFIX_PATH} CMAKE_PREFIX_PATH=/mnt/d/prueba/TFG-ROS2/ros2_client_node/install/unique_identifier_msgs:/mnt/d/prueba/TFG-ROS2/ros2_client_node/install/builtin_interfaces:/mnt/d/prueba/TFG-ROS2/ros2_client_node/install/rosidl_typesupport_microxrcedds_cpp:/mnt/d/prueba/TFG-ROS2/ros2_client_node/install/rosidl_typesupport_microxrcedds_c:/mnt/d/prueba/TFG-ROS2/ros2_client_node/install/microcdr:/mnt/d/prueba/TFG-ROS2/ros2_client_node/install/micro_ros_setup:/mnt/d/prueba/TFG-ROS2/ros2_agent_node/install/micro_ros_agent:/mnt/d/prueba/TFG-ROS2/ros2_agent_node/install/micro_ros_msgs:/mnt/d/prueba/TFG-ROS2/ros2_agent_node/install/micro_ros_setup:/opt/ros/humble LD_LIBRARY_PATH=/mnt/d/prueba/TFG-ROS2/ros2_client_node/install/unique_identifier_msgs/lib:/mnt/d/prueba/TFG-ROS2/ros2_client_node/install/builtin_interfaces/lib:${LD_LIBRARY_PATH} PYTHONPATH=/mnt/d/prueba/TFG-ROS2/ros2_client_node/install/unique_identifier_msgs/local/lib/python3.10/dist-packages:/mnt/d/prueba/TFG-ROS2/ros2_client_node/install/builtin_interfaces/local/lib/python3.10/dist-packages:${PYTHONPATH} /usr/bin/cmake --build /mnt/d/prueba/TFG-ROS2/ros2_client_node/build/action_msgs -- -j12 -l12
[163.264s] [  1%] [34m[1mGenerating C code for ROS interfaces[0m
[164.913s] [  2%] [34m[1mGenerating C++ code for ROS interfaces[0m
[185.805s] [  2%] Built target action_msgs__cpp
[189.592s] [  4%] [32mBuilding C object CMakeFiles/action_msgs__rosidl_generator_c.dir/rosidl_generator_c/action_msgs/msg/detail/goal_info__functions.c.o[0m
[194.232s] [  5%] [32mBuilding C object CMakeFiles/action_msgs__rosidl_generator_c.dir/rosidl_generator_c/action_msgs/srv/detail/cancel_goal__functions.c.o[0m
[194.302s] [  7%] [32mBuilding C object CMakeFiles/action_msgs__rosidl_generator_c.dir/rosidl_generator_c/action_msgs/msg/detail/goal_status_array__functions.c.o[0m
[199.512s] [  8%] [32mBuilding C object CMakeFiles/action_msgs__rosidl_generator_c.dir/rosidl_generator_c/action_msgs/msg/detail/goal_status__functions.c.o[0m
[205.616s] [ 10%] [32m[1mLinking C shared library libaction_msgs__rosidl_generator_c.so[0m
[210.165s] [ 10%] Built target action_msgs__rosidl_generator_c
[211.828s] [ 11%] [34m[1mGenerating C++ introspection for ROS interfaces[0m
[225.292s] [ 13%] [32mBuilding CXX object CMakeFiles/action_msgs__rosidl_typesupport_introspection_cpp.dir/rosidl_typesupport_introspection_cpp/action_msgs/msg/detail/goal_info__type_support.cpp.o[0m
[234.557s] [ 14%] [32mBuilding CXX object CMakeFiles/action_msgs__rosidl_typesupport_introspection_cpp.dir/rosidl_typesupport_introspection_cpp/action_msgs/srv/detail/cancel_goal__type_support.cpp.o[0m
[242.955s] [ 15%] [32mBuilding CXX object CMakeFiles/action_msgs__rosidl_typesupport_introspection_cpp.dir/rosidl_typesupport_introspection_cpp/action_msgs/msg/detail/goal_status_array__type_support.cpp.o[0m
[252.829s] [ 17%] [32mBuilding CXX object CMakeFiles/action_msgs__rosidl_typesupport_introspection_cpp.dir/rosidl_typesupport_introspection_cpp/action_msgs/msg/detail/goal_status__type_support.cpp.o[0m
[263.656s] [ 18%] [32m[1mLinking CXX shared library libaction_msgs__rosidl_typesupport_introspection_cpp.so[0m
[267.902s] [ 18%] Built target action_msgs__rosidl_typesupport_introspection_cpp
[269.576s] [ 20%] [34m[1mGenerating C type support dispatch for ROS interfaces[0m
[279.649s] [ 21%] [32mBuilding CXX object CMakeFiles/action_msgs__rosidl_typesupport_c.dir/rosidl_typesupport_c/action_msgs/msg/goal_info__type_support.cpp.o[0m
[282.980s] [ 23%] [32mBuilding CXX object CMakeFiles/action_msgs__rosidl_typesupport_c.dir/rosidl_typesupport_c/action_msgs/srv/cancel_goal__type_support.cpp.o[0m
[286.078s] [ 24%] [32mBuilding CXX object CMakeFiles/action_msgs__rosidl_typesupport_c.dir/rosidl_typesupport_c/action_msgs/msg/goal_status_array__type_support.cpp.o[0m
[286.140s] [ 26%] [32mBuilding CXX object CMakeFiles/action_msgs__rosidl_typesupport_c.dir/rosidl_typesupport_c/action_msgs/msg/goal_status__type_support.cpp.o[0m
[289.647s] [ 27%] [32m[1mLinking CXX shared library libaction_msgs__rosidl_typesupport_c.so[0m
[293.540s] [ 27%] Built target action_msgs__rosidl_typesupport_c
[295.176s] [ 28%] [34m[1mGenerating C introspection for ROS interfaces[0m
[295.372s] [ 30%] [34m[1mGenerating C type support for eProsima Micro XRCE-DDS[0m
[308.425s] [ 31%] [32mBuilding C object CMakeFiles/action_msgs__rosidl_typesupport_introspection_c.dir/rosidl_typesupport_introspection_c/action_msgs/msg/detail/goal_info__type_support.c.o[0m
[312.703s] [ 33%] [32mBuilding C object CMakeFiles/action_msgs__rosidl_typesupport_microxrcedds_c.dir/rosidl_typesupport_microxrcedds_c/action_msgs/msg/detail/microxrcedds/goal_info__type_support_c.c.o[0m
[314.250s] [ 34%] [32mBuilding C object CMakeFiles/action_msgs__rosidl_typesupport_introspection_c.dir/rosidl_typesupport_introspection_c/action_msgs/srv/detail/cancel_goal__type_support.c.o[0m
[318.493s] [ 36%] [32mBuilding C object CMakeFiles/action_msgs__rosidl_typesupport_introspection_c.dir/rosidl_typesupport_introspection_c/action_msgs/msg/detail/goal_status_array__type_support.c.o[0m
[318.645s] [ 37%] [32mBuilding C object CMakeFiles/action_msgs__rosidl_typesupport_microxrcedds_c.dir/rosidl_typesupport_microxrcedds_c/action_msgs/srv/detail/microxrcedds/cancel_goal__type_support_c.c.o[0m
[322.338s] [ 39%] [32mBuilding C object CMakeFiles/action_msgs__rosidl_typesupport_introspection_c.dir/rosidl_typesupport_introspection_c/action_msgs/msg/detail/goal_status__type_support.c.o[0m
[324.322s] [ 40%] [32mBuilding C object CMakeFiles/action_msgs__rosidl_typesupport_microxrcedds_c.dir/rosidl_typesupport_microxrcedds_c/action_msgs/msg/detail/microxrcedds/goal_status_array__type_support_c.c.o[0m
[326.522s] [ 42%] [32m[1mLinking C shared library libaction_msgs__rosidl_typesupport_introspection_c.so[0m
[329.988s] [ 43%] [32mBuilding C object CMakeFiles/action_msgs__rosidl_typesupport_microxrcedds_c.dir/rosidl_typesupport_microxrcedds_c/action_msgs/msg/detail/microxrcedds/goal_status__type_support_c.c.o[0m
[330.457s] [ 43%] Built target action_msgs__rosidl_typesupport_introspection_c
[335.960s] [ 44%] [32m[1mLinking C shared library libaction_msgs__rosidl_typesupport_microxrcedds_c.so[0m
[341.464s] [ 44%] Built target action_msgs__rosidl_typesupport_microxrcedds_c
[343.045s] [ 46%] [34m[1mGenerating C type support for eProsima Fast-RTPS[0m
[358.780s] [ 47%] [32mBuilding CXX object CMakeFiles/action_msgs__rosidl_typesupport_fastrtps_c.dir/rosidl_typesupport_fastrtps_c/action_msgs/msg/detail/goal_info__type_support_c.cpp.o[0m
[359.228s] [ 49%] [32mBuilding CXX object CMakeFiles/action_msgs__rosidl_typesupport_fastrtps_c.dir/rosidl_typesupport_fastrtps_c/action_msgs/msg/detail/goal_status__type_support_c.cpp.o[0m
[366.702s] [ 50%] [32mBuilding CXX object CMakeFiles/action_msgs__rosidl_typesupport_fastrtps_c.dir/rosidl_typesupport_fastrtps_c/action_msgs/srv/detail/cancel_goal__type_support_c.cpp.o[0m
[375.837s] [ 52%] [32mBuilding CXX object CMakeFiles/action_msgs__rosidl_typesupport_fastrtps_c.dir/rosidl_typesupport_fastrtps_c/action_msgs/msg/detail/goal_status_array__type_support_c.cpp.o[0m
[384.978s] [ 53%] [32m[1mLinking CXX shared library libaction_msgs__rosidl_typesupport_fastrtps_c.so[0m
[389.180s] [ 53%] Built target action_msgs__rosidl_typesupport_fastrtps_c
[391.008s] [ 56%] [34m[1mGenerating C++ type support for eProsima Fast-RTPS[0m
[391.012s] [ 56%] [34m[1mGenerating C++ type support for eProsima Micro XRCE-DDS[0m
[408.406s] [ 57%] [32mBuilding CXX object CMakeFiles/action_msgs__rosidl_typesupport_fastrtps_cpp.dir/rosidl_typesupport_fastrtps_cpp/action_msgs/msg/detail/dds_fastrtps/goal_info__type_support.cpp.o[0m
[411.329s] [ 59%] [32mBuilding CXX object CMakeFiles/action_msgs__rosidl_typesupport_microxrcedds_cpp.dir/rosidl_typesupport_microxrcedds_cpp/action_msgs/msg/detail/microxrcedds/goal_info__type_support_cpp.cpp.o[0m
[419.077s] [ 60%] [32mBuilding CXX object CMakeFiles/action_msgs__rosidl_typesupport_fastrtps_cpp.dir/rosidl_typesupport_fastrtps_cpp/action_msgs/srv/detail/dds_fastrtps/cancel_goal__type_support.cpp.o[0m
[419.182s] [ 62%] [32mBuilding CXX object CMakeFiles/action_msgs__rosidl_typesupport_fastrtps_cpp.dir/rosidl_typesupport_fastrtps_cpp/action_msgs/msg/detail/dds_fastrtps/goal_status_array__type_support.cpp.o[0m
[425.328s] [ 63%] [32mBuilding CXX object CMakeFiles/action_msgs__rosidl_typesupport_microxrcedds_cpp.dir/rosidl_typesupport_microxrcedds_cpp/action_msgs/srv/detail/microxrcedds/cancel_goal__type_support_cpp.cpp.o[0m
[428.652s] [ 65%] [32mBuilding CXX object CMakeFiles/action_msgs__rosidl_typesupport_fastrtps_cpp.dir/rosidl_typesupport_fastrtps_cpp/action_msgs/msg/detail/dds_fastrtps/goal_status__type_support.cpp.o[0m
[438.197s] [ 66%] [32m[1mLinking CXX shared library libaction_msgs__rosidl_typesupport_fastrtps_cpp.so[0m
[438.299s] [ 68%] [32mBuilding CXX object CMakeFiles/action_msgs__rosidl_typesupport_microxrcedds_cpp.dir/rosidl_typesupport_microxrcedds_cpp/action_msgs/msg/detail/microxrcedds/goal_status_array__type_support_cpp.cpp.o[0m
[442.041s] [ 68%] Built target action_msgs__rosidl_typesupport_fastrtps_cpp
[450.718s] [ 69%] [32mBuilding CXX object CMakeFiles/action_msgs__rosidl_typesupport_microxrcedds_cpp.dir/rosidl_typesupport_microxrcedds_cpp/action_msgs/msg/detail/microxrcedds/goal_status__type_support_cpp.cpp.o[0m
[463.487s] [ 71%] [32m[1mLinking CXX shared library libaction_msgs__rosidl_typesupport_microxrcedds_cpp.so[0m
[468.834s] [ 71%] Built target action_msgs__rosidl_typesupport_microxrcedds_cpp
[470.502s] [ 72%] [34m[1mGenerating C++ type support dispatch for ROS interfaces[0m
[480.435s] [ 73%] [32mBuilding CXX object CMakeFiles/action_msgs__rosidl_typesupport_cpp.dir/rosidl_typesupport_cpp/action_msgs/msg/goal_info__type_support.cpp.o[0m
[480.597s] [ 75%] [32mBuilding CXX object CMakeFiles/action_msgs__rosidl_typesupport_cpp.dir/rosidl_typesupport_cpp/action_msgs/msg/goal_status__type_support.cpp.o[0m
[486.259s] [ 76%] [32mBuilding CXX object CMakeFiles/action_msgs__rosidl_typesupport_cpp.dir/rosidl_typesupport_cpp/action_msgs/srv/cancel_goal__type_support.cpp.o[0m
[486.615s] [ 78%] [32mBuilding CXX object CMakeFiles/action_msgs__rosidl_typesupport_cpp.dir/rosidl_typesupport_cpp/action_msgs/msg/goal_status_array__type_support.cpp.o[0m
[492.302s] [ 79%] [32m[1mLinking CXX shared library libaction_msgs__rosidl_typesupport_cpp.so[0m
[495.602s] [ 79%] Built target action_msgs__rosidl_typesupport_cpp
[498.320s] [ 79%] Built target action_msgs
[498.984s] [ 79%] Built target ament_cmake_python_copy_action_msgs
[502.136s] [ 81%] [34m[1mGenerating Python code for ROS interfaces[0m
[510.349s] running egg_info
[510.360s] creating action_msgs.egg-info
[510.371s] writing action_msgs.egg-info/PKG-INFO
[510.406s] writing dependency_links to action_msgs.egg-info/dependency_links.txt
[510.465s] writing top-level names to action_msgs.egg-info/top_level.txt
[510.496s] writing manifest file 'action_msgs.egg-info/SOURCES.txt'
[510.604s] reading manifest file 'action_msgs.egg-info/SOURCES.txt'
[510.735s] writing manifest file 'action_msgs.egg-info/SOURCES.txt'
[513.620s] [ 81%] Built target ament_cmake_python_build_action_msgs_egg
[527.087s] [ 81%] Built target action_msgs__py
[529.820s] [ 82%] [32mBuilding C object CMakeFiles/action_msgs__rosidl_generator_py.dir/rosidl_generator_py/action_msgs/msg/_goal_info_s.c.o[0m
[535.776s] [ 84%] [32mBuilding C object CMakeFiles/action_msgs__rosidl_generator_py.dir/rosidl_generator_py/action_msgs/srv/_cancel_goal_s.c.o[0m
[541.721s] [ 85%] [32mBuilding C object CMakeFiles/action_msgs__rosidl_generator_py.dir/rosidl_generator_py/action_msgs/msg/_goal_status_array_s.c.o[0m
[549.032s] [ 86%] [32mBuilding C object CMakeFiles/action_msgs__rosidl_generator_py.dir/rosidl_generator_py/action_msgs/msg/_goal_status_s.c.o[0m
[554.326s] [ 88%] [32m[1mLinking C shared library rosidl_generator_py/action_msgs/libaction_msgs__rosidl_generator_py.so[0m
[558.499s] [ 88%] Built target action_msgs__rosidl_generator_py
[562.017s] [ 89%] [32mBuilding C object CMakeFiles/action_msgs__rosidl_typesupport_microxrcedds_c__pyext.dir/rosidl_generator_py/action_msgs/_action_msgs_s.ep.rosidl_typesupport_microxrcedds_c.c.o[0m
[569.968s] [ 91%] [32m[1mLinking C shared library rosidl_generator_py/action_msgs/action_msgs_s__rosidl_typesupport_microxrcedds_c.cpython-310-x86_64-linux-gnu.so[0m
[575.816s] [ 91%] Built target action_msgs__rosidl_typesupport_microxrcedds_c__pyext
[578.999s] [ 92%] [32mBuilding C object CMakeFiles/action_msgs__rosidl_typesupport_c__pyext.dir/rosidl_generator_py/action_msgs/_action_msgs_s.ep.rosidl_typesupport_c.c.o[0m
[586.875s] [ 94%] [32m[1mLinking C shared library rosidl_generator_py/action_msgs/action_msgs_s__rosidl_typesupport_c.cpython-310-x86_64-linux-gnu.so[0m
[590.790s] [ 94%] Built target action_msgs__rosidl_typesupport_c__pyext
[593.763s] [ 95%] [32mBuilding C object CMakeFiles/action_msgs__rosidl_typesupport_introspection_c__pyext.dir/rosidl_generator_py/action_msgs/_action_msgs_s.ep.rosidl_typesupport_introspection_c.c.o[0m
[601.092s] [ 97%] [32m[1mLinking C shared library rosidl_generator_py/action_msgs/action_msgs_s__rosidl_typesupport_introspection_c.cpython-310-x86_64-linux-gnu.so[0m
[604.944s] [ 97%] Built target action_msgs__rosidl_typesupport_introspection_c__pyext
[609.318s] [ 98%] [32mBuilding C object CMakeFiles/action_msgs__rosidl_typesupport_fastrtps_c__pyext.dir/rosidl_generator_py/action_msgs/_action_msgs_s.ep.rosidl_typesupport_fastrtps_c.c.o[0m
[615.423s] [100%] [32m[1mLinking C shared library rosidl_generator_py/action_msgs/action_msgs_s__rosidl_typesupport_fastrtps_c.cpython-310-x86_64-linux-gnu.so[0m
[619.067s] [100%] Built target action_msgs__rosidl_typesupport_fastrtps_c__pyext
[621.691s] Invoked command in '/mnt/d/prueba/TFG-ROS2/ros2_client_node/build/action_msgs' returned '0': AMENT_PREFIX_PATH=/mnt/d/prueba/TFG-ROS2/ros2_client_node/install/unique_identifier_msgs:/mnt/d/prueba/TFG-ROS2/ros2_client_node/install/builtin_interfaces:${AMENT_PREFIX_PATH} CMAKE_PREFIX_PATH=/mnt/d/prueba/TFG-ROS2/ros2_client_node/install/unique_identifier_msgs:/mnt/d/prueba/TFG-ROS2/ros2_client_node/install/builtin_interfaces:/mnt/d/prueba/TFG-ROS2/ros2_client_node/install/rosidl_typesupport_microxrcedds_cpp:/mnt/d/prueba/TFG-ROS2/ros2_client_node/install/rosidl_typesupport_microxrcedds_c:/mnt/d/prueba/TFG-ROS2/ros2_client_node/install/microcdr:/mnt/d/prueba/TFG-ROS2/ros2_client_node/install/micro_ros_setup:/mnt/d/prueba/TFG-ROS2/ros2_agent_node/install/micro_ros_agent:/mnt/d/prueba/TFG-ROS2/ros2_agent_node/install/micro_ros_msgs:/mnt/d/prueba/TFG-ROS2/ros2_agent_node/install/micro_ros_setup:/opt/ros/humble LD_LIBRARY_PATH=/mnt/d/prueba/TFG-ROS2/ros2_client_node/install/unique_identifier_msgs/lib:/mnt/d/prueba/TFG-ROS2/ros2_client_node/install/builtin_interfaces/lib:${LD_LIBRARY_PATH} PYTHONPATH=/mnt/d/prueba/TFG-ROS2/ros2_client_node/install/unique_identifier_msgs/local/lib/python3.10/dist-packages:/mnt/d/prueba/TFG-ROS2/ros2_client_node/install/builtin_interfaces/local/lib/python3.10/dist-packages:${PYTHONPATH} /usr/bin/cmake --build /mnt/d/prueba/TFG-ROS2/ros2_client_node/build/action_msgs -- -j12 -l12
[652.507s] Invoking command in '/mnt/d/prueba/TFG-ROS2/ros2_client_node/build/action_msgs': AMENT_PREFIX_PATH=/mnt/d/prueba/TFG-ROS2/ros2_client_node/install/unique_identifier_msgs:/mnt/d/prueba/TFG-ROS2/ros2_client_node/install/builtin_interfaces:${AMENT_PREFIX_PATH} CMAKE_PREFIX_PATH=/mnt/d/prueba/TFG-ROS2/ros2_client_node/install/unique_identifier_msgs:/mnt/d/prueba/TFG-ROS2/ros2_client_node/install/builtin_interfaces:/mnt/d/prueba/TFG-ROS2/ros2_client_node/install/rosidl_typesupport_microxrcedds_cpp:/mnt/d/prueba/TFG-ROS2/ros2_client_node/install/rosidl_typesupport_microxrcedds_c:/mnt/d/prueba/TFG-ROS2/ros2_client_node/install/microcdr:/mnt/d/prueba/TFG-ROS2/ros2_client_node/install/micro_ros_setup:/mnt/d/prueba/TFG-ROS2/ros2_agent_node/install/micro_ros_agent:/mnt/d/prueba/TFG-ROS2/ros2_agent_node/install/micro_ros_msgs:/mnt/d/prueba/TFG-ROS2/ros2_agent_node/install/micro_ros_setup:/opt/ros/humble LD_LIBRARY_PATH=/mnt/d/prueba/TFG-ROS2/ros2_client_node/install/unique_identifier_msgs/lib:/mnt/d/prueba/TFG-ROS2/ros2_client_node/install/builtin_interfaces/lib:${LD_LIBRARY_PATH} PYTHONPATH=/mnt/d/prueba/TFG-ROS2/ros2_client_node/install/unique_identifier_msgs/local/lib/python3.10/dist-packages:/mnt/d/prueba/TFG-ROS2/ros2_client_node/install/builtin_interfaces/local/lib/python3.10/dist-packages:${PYTHONPATH} /usr/bin/cmake --install /mnt/d/prueba/TFG-ROS2/ros2_client_node/build/action_msgs
[653.150s] -- Install configuration: ""
[653.191s] -- Installing: /mnt/d/prueba/TFG-ROS2/ros2_client_node/install/action_msgs/share/ament_index/resource_index/rosidl_interfaces/action_msgs
[653.284s] -- Installing: /mnt/d/prueba/TFG-ROS2/ros2_client_node/install/action_msgs/include/action_msgs/action_msgs
[653.314s] -- Installing: /mnt/d/prueba/TFG-ROS2/ros2_client_node/install/action_msgs/include/action_msgs/action_msgs/msg
[653.350s] -- Installing: /mnt/d/prueba/TFG-ROS2/ros2_client_node/install/action_msgs/include/action_msgs/action_msgs/msg/detail
[653.403s] -- Installing: /mnt/d/prueba/TFG-ROS2/ros2_client_node/install/action_msgs/include/action_msgs/action_msgs/msg/detail/goal_info__functions.c
[653.516s] -- Installing: /mnt/d/prueba/TFG-ROS2/ros2_client_node/install/action_msgs/include/action_msgs/action_msgs/msg/detail/goal_info__functions.h
[653.637s] -- Installing: /mnt/d/prueba/TFG-ROS2/ros2_client_node/install/action_msgs/include/action_msgs/action_msgs/msg/detail/goal_info__struct.h
[653.759s] -- Installing: /mnt/d/prueba/TFG-ROS2/ros2_client_node/install/action_msgs/include/action_msgs/action_msgs/msg/detail/goal_info__type_support.h
[653.873s] -- Installing: /mnt/d/prueba/TFG-ROS2/ros2_client_node/install/action_msgs/include/action_msgs/action_msgs/msg/detail/goal_status_array__functions.c
[653.993s] -- Installing: /mnt/d/prueba/TFG-ROS2/ros2_client_node/install/action_msgs/include/action_msgs/action_msgs/msg/detail/goal_status_array__functions.h
[654.113s] -- Installing: /mnt/d/prueba/TFG-ROS2/ros2_client_node/install/action_msgs/include/action_msgs/action_msgs/msg/detail/goal_status_array__struct.h
[654.238s] -- Installing: /mnt/d/prueba/TFG-ROS2/ros2_client_node/install/action_msgs/include/action_msgs/action_msgs/msg/detail/goal_status_array__type_support.h
[654.354s] -- Installing: /mnt/d/prueba/TFG-ROS2/ros2_client_node/install/action_msgs/include/action_msgs/action_msgs/msg/detail/goal_status__functions.c
[654.473s] -- Installing: /mnt/d/prueba/TFG-ROS2/ros2_client_node/install/action_msgs/include/action_msgs/action_msgs/msg/detail/goal_status__functions.h
[654.637s] -- Installing: /mnt/d/prueba/TFG-ROS2/ros2_client_node/install/action_msgs/include/action_msgs/action_msgs/msg/detail/goal_status__struct.h
[654.765s] -- Installing: /mnt/d/prueba/TFG-ROS2/ros2_client_node/install/action_msgs/include/action_msgs/action_msgs/msg/detail/goal_status__type_support.h
[654.888s] -- Installing: /mnt/d/prueba/TFG-ROS2/ros2_client_node/install/action_msgs/include/action_msgs/action_msgs/msg/goal_info.h
[654.976s] -- Installing: /mnt/d/prueba/TFG-ROS2/ros2_client_node/install/action_msgs/include/action_msgs/action_msgs/msg/goal_status.h
[655.068s] -- Installing: /mnt/d/prueba/TFG-ROS2/ros2_client_node/install/action_msgs/include/action_msgs/action_msgs/msg/goal_status_array.h
[655.159s] -- Installing: /mnt/d/prueba/TFG-ROS2/ros2_client_node/install/action_msgs/include/action_msgs/action_msgs/msg/rosidl_generator_c__visibility_control.h
[655.246s] -- Installing: /mnt/d/prueba/TFG-ROS2/ros2_client_node/install/action_msgs/include/action_msgs/action_msgs/srv
[655.316s] -- Installing: /mnt/d/prueba/TFG-ROS2/ros2_client_node/install/action_msgs/include/action_msgs/action_msgs/srv/cancel_goal.h
[655.409s] -- Installing: /mnt/d/prueba/TFG-ROS2/ros2_client_node/install/action_msgs/include/action_msgs/action_msgs/srv/detail
[655.461s] -- Installing: /mnt/d/prueba/TFG-ROS2/ros2_client_node/install/action_msgs/include/action_msgs/action_msgs/srv/detail/cancel_goal__functions.c
[655.583s] -- Installing: /mnt/d/prueba/TFG-ROS2/ros2_client_node/install/action_msgs/include/action_msgs/action_msgs/srv/detail/cancel_goal__functions.h
[655.710s] -- Installing: /mnt/d/prueba/TFG-ROS2/ros2_client_node/install/action_msgs/include/action_msgs/action_msgs/srv/detail/cancel_goal__struct.h
[655.823s] -- Installing: /mnt/d/prueba/TFG-ROS2/ros2_client_node/install/action_msgs/include/action_msgs/action_msgs/srv/detail/cancel_goal__type_support.h
[655.940s] -- Installing: /mnt/d/prueba/TFG-ROS2/ros2_client_node/install/action_msgs/share/action_msgs/environment/library_path.sh
[656.004s] -- Installing: /mnt/d/prueba/TFG-ROS2/ros2_client_node/install/action_msgs/share/action_msgs/environment/library_path.dsv
[656.083s] -- Installing: /mnt/d/prueba/TFG-ROS2/ros2_client_node/install/action_msgs/lib/libaction_msgs__rosidl_generator_c.so
[656.187s] -- Set runtime path of "/mnt/d/prueba/TFG-ROS2/ros2_client_node/install/action_msgs/lib/libaction_msgs__rosidl_generator_c.so" to ""
[656.199s] -- Up-to-date: /mnt/d/prueba/TFG-ROS2/ros2_client_node/install/action_msgs/include/action_msgs/action_msgs
[656.225s] -- Up-to-date: /mnt/d/prueba/TFG-ROS2/ros2_client_node/install/action_msgs/include/action_msgs/action_msgs/msg
[656.261s] -- Up-to-date: /mnt/d/prueba/TFG-ROS2/ros2_client_node/install/action_msgs/include/action_msgs/action_msgs/msg/detail
[656.302s] -- Installing: /mnt/d/prueba/TFG-ROS2/ros2_client_node/install/action_msgs/include/action_msgs/action_msgs/msg/detail/goal_info__rosidl_typesupport_fastrtps_c.h
[656.411s] -- Installing: /mnt/d/prueba/TFG-ROS2/ros2_client_node/install/action_msgs/include/action_msgs/action_msgs/msg/detail/goal_status_array__rosidl_typesupport_fastrtps_c.h
[656.563s] -- Installing: /mnt/d/prueba/TFG-ROS2/ros2_client_node/install/action_msgs/include/action_msgs/action_msgs/msg/detail/goal_status__rosidl_typesupport_fastrtps_c.h
[656.746s] -- Installing: /mnt/d/prueba/TFG-ROS2/ros2_client_node/install/action_msgs/include/action_msgs/action_msgs/msg/rosidl_typesupport_fastrtps_c__visibility_control.h
[656.905s] -- Up-to-date: /mnt/d/prueba/TFG-ROS2/ros2_client_node/install/action_msgs/include/action_msgs/action_msgs/srv
[656.955s] -- Up-to-date: /mnt/d/prueba/TFG-ROS2/ros2_client_node/install/action_msgs/include/action_msgs/action_msgs/srv/detail
[657.023s] -- Installing: /mnt/d/prueba/TFG-ROS2/ros2_client_node/install/action_msgs/include/action_msgs/action_msgs/srv/detail/cancel_goal__rosidl_typesupport_fastrtps_c.h
[657.267s] -- Installing: /mnt/d/prueba/TFG-ROS2/ros2_client_node/install/action_msgs/lib/libaction_msgs__rosidl_typesupport_fastrtps_c.so
[657.521s] -- Set runtime path of "/mnt/d/prueba/TFG-ROS2/ros2_client_node/install/action_msgs/lib/libaction_msgs__rosidl_typesupport_fastrtps_c.so" to ""
[657.548s] -- Up-to-date: /mnt/d/prueba/TFG-ROS2/ros2_client_node/install/action_msgs/include/action_msgs/action_msgs
[657.599s] -- Up-to-date: /mnt/d/prueba/TFG-ROS2/ros2_client_node/install/action_msgs/include/action_msgs/action_msgs/msg
[657.664s] -- Up-to-date: /mnt/d/prueba/TFG-ROS2/ros2_client_node/install/action_msgs/include/action_msgs/action_msgs/msg/detail
[657.745s] -- Installing: /mnt/d/prueba/TFG-ROS2/ros2_client_node/install/action_msgs/include/action_msgs/action_msgs/msg/detail/goal_info__builder.hpp
[658.015s] -- Installing: /mnt/d/prueba/TFG-ROS2/ros2_client_node/install/action_msgs/include/action_msgs/action_msgs/msg/detail/goal_info__struct.hpp
[658.399s] -- Installing: /mnt/d/prueba/TFG-ROS2/ros2_client_node/install/action_msgs/include/action_msgs/action_msgs/msg/detail/goal_info__traits.hpp
[658.708s] -- Installing: /mnt/d/prueba/TFG-ROS2/ros2_client_node/install/action_msgs/include/action_msgs/action_msgs/msg/detail/goal_status_array__builder.hpp
[659.004s] -- Installing: /mnt/d/prueba/TFG-ROS2/ros2_client_node/install/action_msgs/include/action_msgs/action_msgs/msg/detail/goal_status_array__struct.hpp
[659.409s] -- Installing: /mnt/d/prueba/TFG-ROS2/ros2_client_node/install/action_msgs/include/action_msgs/action_msgs/msg/detail/goal_status_array__traits.hpp
[659.796s] -- Installing: /mnt/d/prueba/TFG-ROS2/ros2_client_node/install/action_msgs/include/action_msgs/action_msgs/msg/detail/goal_status__builder.hpp
[660.126s] -- Installing: /mnt/d/prueba/TFG-ROS2/ros2_client_node/install/action_msgs/include/action_msgs/action_msgs/msg/detail/goal_status__struct.hpp
[660.398s] -- Installing: /mnt/d/prueba/TFG-ROS2/ros2_client_node/install/action_msgs/include/action_msgs/action_msgs/msg/detail/goal_status__traits.hpp
[660.712s] -- Installing: /mnt/d/prueba/TFG-ROS2/ros2_client_node/install/action_msgs/include/action_msgs/action_msgs/msg/goal_info.hpp
[661.025s] -- Installing: /mnt/d/prueba/TFG-ROS2/ros2_client_node/install/action_msgs/include/action_msgs/action_msgs/msg/goal_status.hpp
[661.265s] -- Installing: /mnt/d/prueba/TFG-ROS2/ros2_client_node/install/action_msgs/include/action_msgs/action_msgs/msg/goal_status_array.hpp
[661.496s] -- Up-to-date: /mnt/d/prueba/TFG-ROS2/ros2_client_node/install/action_msgs/include/action_msgs/action_msgs/srv
[661.571s] -- Installing: /mnt/d/prueba/TFG-ROS2/ros2_client_node/install/action_msgs/include/action_msgs/action_msgs/srv/cancel_goal.hpp
[661.829s] -- Up-to-date: /mnt/d/prueba/TFG-ROS2/ros2_client_node/install/action_msgs/include/action_msgs/action_msgs/srv/detail
[661.984s] -- Installing: /mnt/d/prueba/TFG-ROS2/ros2_client_node/install/action_msgs/include/action_msgs/action_msgs/srv/detail/cancel_goal__builder.hpp
[662.301s] -- Installing: /mnt/d/prueba/TFG-ROS2/ros2_client_node/install/action_msgs/include/action_msgs/action_msgs/srv/detail/cancel_goal__struct.hpp
[662.491s] -- Installing: /mnt/d/prueba/TFG-ROS2/ros2_client_node/install/action_msgs/include/action_msgs/action_msgs/srv/detail/cancel_goal__traits.hpp
[662.639s] -- Up-to-date: /mnt/d/prueba/TFG-ROS2/ros2_client_node/install/action_msgs/include/action_msgs/action_msgs
[662.680s] -- Up-to-date: /mnt/d/prueba/TFG-ROS2/ros2_client_node/install/action_msgs/include/action_msgs/action_msgs/msg
[662.728s] -- Up-to-date: /mnt/d/prueba/TFG-ROS2/ros2_client_node/install/action_msgs/include/action_msgs/action_msgs/msg/detail
[662.778s] -- Installing: /mnt/d/prueba/TFG-ROS2/ros2_client_node/install/action_msgs/include/action_msgs/action_msgs/msg/detail/dds_fastrtps
[662.854s] -- Installing: /mnt/d/prueba/TFG-ROS2/ros2_client_node/install/action_msgs/include/action_msgs/action_msgs/msg/detail/goal_info__rosidl_typesupport_fastrtps_cpp.hpp
[663.011s] -- Installing: /mnt/d/prueba/TFG-ROS2/ros2_client_node/install/action_msgs/include/action_msgs/action_msgs/msg/detail/goal_status_array__rosidl_typesupport_fastrtps_cpp.hpp
[663.164s] -- Installing: /mnt/d/prueba/TFG-ROS2/ros2_client_node/install/action_msgs/include/action_msgs/action_msgs/msg/detail/goal_status__rosidl_typesupport_fastrtps_cpp.hpp
[663.302s] -- Installing: /mnt/d/prueba/TFG-ROS2/ros2_client_node/install/action_msgs/include/action_msgs/action_msgs/msg/rosidl_typesupport_fastrtps_cpp__visibility_control.h
[663.410s] -- Up-to-date: /mnt/d/prueba/TFG-ROS2/ros2_client_node/install/action_msgs/include/action_msgs/action_msgs/srv
[663.449s] -- Up-to-date: /mnt/d/prueba/TFG-ROS2/ros2_client_node/install/action_msgs/include/action_msgs/action_msgs/srv/detail
[663.504s] -- Installing: /mnt/d/prueba/TFG-ROS2/ros2_client_node/install/action_msgs/include/action_msgs/action_msgs/srv/detail/cancel_goal__rosidl_typesupport_fastrtps_cpp.hpp
[663.633s] -- Installing: /mnt/d/prueba/TFG-ROS2/ros2_client_node/install/action_msgs/include/action_msgs/action_msgs/srv/detail/dds_fastrtps
[663.689s] -- Installing: /mnt/d/prueba/TFG-ROS2/ros2_client_node/install/action_msgs/lib/libaction_msgs__rosidl_typesupport_fastrtps_cpp.so
[663.815s] -- Set runtime path of "/mnt/d/prueba/TFG-ROS2/ros2_client_node/install/action_msgs/lib/libaction_msgs__rosidl_typesupport_fastrtps_cpp.so" to ""
[663.829s] -- Up-to-date: /mnt/d/prueba/TFG-ROS2/ros2_client_node/install/action_msgs/include/action_msgs
[663.854s] -- Installing: /mnt/d/prueba/TFG-ROS2/ros2_client_node/install/action_msgs/include/action_msgs/msg
[663.893s] -- Installing: /mnt/d/prueba/TFG-ROS2/ros2_client_node/install/action_msgs/include/action_msgs/msg/detail
[663.946s] -- Installing: /mnt/d/prueba/TFG-ROS2/ros2_client_node/install/action_msgs/include/action_msgs/msg/detail/goal_info__rosidl_typesupport_microxrcedds_c.h
[664.079s] -- Installing: /mnt/d/prueba/TFG-ROS2/ros2_client_node/install/action_msgs/include/action_msgs/msg/detail/goal_status_array__rosidl_typesupport_microxrcedds_c.h
[664.248s] -- Installing: /mnt/d/prueba/TFG-ROS2/ros2_client_node/install/action_msgs/include/action_msgs/msg/detail/goal_status__rosidl_typesupport_microxrcedds_c.h
[664.657s] -- Installing: /mnt/d/prueba/TFG-ROS2/ros2_client_node/install/action_msgs/include/action_msgs/msg/detail/microxrcedds
[664.784s] -- Installing: /mnt/d/prueba/TFG-ROS2/ros2_client_node/install/action_msgs/include/action_msgs/msg/rosidl_typesupport_microxrcedds_c__visibility_control.h
[664.932s] -- Installing: /mnt/d/prueba/TFG-ROS2/ros2_client_node/install/action_msgs/include/action_msgs/srv
[664.986s] -- Installing: /mnt/d/prueba/TFG-ROS2/ros2_client_node/install/action_msgs/include/action_msgs/srv/detail
[665.074s] -- Installing: /mnt/d/prueba/TFG-ROS2/ros2_client_node/install/action_msgs/include/action_msgs/srv/detail/cancel_goal__rosidl_typesupport_microxrcedds_c.h
[665.390s] -- Installing: /mnt/d/prueba/TFG-ROS2/ros2_client_node/install/action_msgs/include/action_msgs/srv/detail/microxrcedds
[665.553s] -- Installing: /mnt/d/prueba/TFG-ROS2/ros2_client_node/install/action_msgs/lib/libaction_msgs__rosidl_typesupport_microxrcedds_c.so
[665.928s] -- Set runtime path of "/mnt/d/prueba/TFG-ROS2/ros2_client_node/install/action_msgs/lib/libaction_msgs__rosidl_typesupport_microxrcedds_c.so" to ""
[665.997s] -- Up-to-date: /mnt/d/prueba/TFG-ROS2/ros2_client_node/install/action_msgs/include/action_msgs/action_msgs
[666.103s] -- Up-to-date: /mnt/d/prueba/TFG-ROS2/ros2_client_node/install/action_msgs/include/action_msgs/action_msgs/msg
[666.211s] -- Up-to-date: /mnt/d/prueba/TFG-ROS2/ros2_client_node/install/action_msgs/include/action_msgs/action_msgs/msg/detail
[666.358s] -- Installing: /mnt/d/prueba/TFG-ROS2/ros2_client_node/install/action_msgs/include/action_msgs/action_msgs/msg/detail/goal_info__rosidl_typesupport_introspection_c.h
[666.922s] -- Installing: /mnt/d/prueba/TFG-ROS2/ros2_client_node/install/action_msgs/include/action_msgs/action_msgs/msg/detail/goal_info__type_support.c
[667.491s] -- Installing: /mnt/d/prueba/TFG-ROS2/ros2_client_node/install/action_msgs/include/action_msgs/action_msgs/msg/detail/goal_status_array__rosidl_typesupport_introspection_c.h
[668.173s] -- Installing: /mnt/d/prueba/TFG-ROS2/ros2_client_node/install/action_msgs/include/action_msgs/action_msgs/msg/detail/goal_status_array__type_support.c
[668.647s] -- Installing: /mnt/d/prueba/TFG-ROS2/ros2_client_node/install/action_msgs/include/action_msgs/action_msgs/msg/detail/goal_status__rosidl_typesupport_introspection_c.h
[669.234s] -- Installing: /mnt/d/prueba/TFG-ROS2/ros2_client_node/install/action_msgs/include/action_msgs/action_msgs/msg/detail/goal_status__type_support.c
[669.772s] -- Installing: /mnt/d/prueba/TFG-ROS2/ros2_client_node/install/action_msgs/include/action_msgs/action_msgs/msg/rosidl_typesupport_introspection_c__visibility_control.h
[670.248s] -- Up-to-date: /mnt/d/prueba/TFG-ROS2/ros2_client_node/install/action_msgs/include/action_msgs/action_msgs/srv
[670.396s] -- Up-to-date: /mnt/d/prueba/TFG-ROS2/ros2_client_node/install/action_msgs/include/action_msgs/action_msgs/srv/detail
[670.604s] -- Installing: /mnt/d/prueba/TFG-ROS2/ros2_client_node/install/action_msgs/include/action_msgs/action_msgs/srv/detail/cancel_goal__rosidl_typesupport_introspection_c.h
[671.104s] -- Installing: /mnt/d/prueba/TFG-ROS2/ros2_client_node/install/action_msgs/include/action_msgs/action_msgs/srv/detail/cancel_goal__type_support.c
[671.612s] -- Installing: /mnt/d/prueba/TFG-ROS2/ros2_client_node/install/action_msgs/lib/libaction_msgs__rosidl_typesupport_introspection_c.so
[672.094s] -- Set runtime path of "/mnt/d/prueba/TFG-ROS2/ros2_client_node/install/action_msgs/lib/libaction_msgs__rosidl_typesupport_introspection_c.so" to ""
[672.167s] -- Installing: /mnt/d/prueba/TFG-ROS2/ros2_client_node/install/action_msgs/lib/libaction_msgs__rosidl_typesupport_c.so
[672.751s] -- Set runtime path of "/mnt/d/prueba/TFG-ROS2/ros2_client_node/install/action_msgs/lib/libaction_msgs__rosidl_typesupport_c.so" to ""
[672.809s] -- Up-to-date: /mnt/d/prueba/TFG-ROS2/ros2_client_node/install/action_msgs/include/action_msgs
[672.921s] -- Up-to-date: /mnt/d/prueba/TFG-ROS2/ros2_client_node/install/action_msgs/include/action_msgs/msg
[673.041s] -- Up-to-date: /mnt/d/prueba/TFG-ROS2/ros2_client_node/install/action_msgs/include/action_msgs/msg/detail
[673.175s] -- Installing: /mnt/d/prueba/TFG-ROS2/ros2_client_node/install/action_msgs/include/action_msgs/msg/detail/goal_info__rosidl_typesupport_microxrcedds_cpp.hpp
[673.519s] -- Installing: /mnt/d/prueba/TFG-ROS2/ros2_client_node/install/action_msgs/include/action_msgs/msg/detail/goal_status_array__rosidl_typesupport_microxrcedds_cpp.hpp
[673.818s] -- Installing: /mnt/d/prueba/TFG-ROS2/ros2_client_node/install/action_msgs/include/action_msgs/msg/detail/goal_status__rosidl_typesupport_microxrcedds_cpp.hpp
[674.037s] -- Up-to-date: /mnt/d/prueba/TFG-ROS2/ros2_client_node/install/action_msgs/include/action_msgs/msg/detail/microxrcedds
[674.126s] -- Installing: /mnt/d/prueba/TFG-ROS2/ros2_client_node/install/action_msgs/include/action_msgs/msg/detail/microxrcedds/goal_info__type_support_cpp.cpp
[674.339s] -- Installing: /mnt/d/prueba/TFG-ROS2/ros2_client_node/install/action_msgs/include/action_msgs/msg/detail/microxrcedds/goal_status_array__type_support_cpp.cpp
[674.546s] -- Installing: /mnt/d/prueba/TFG-ROS2/ros2_client_node/install/action_msgs/include/action_msgs/msg/detail/microxrcedds/goal_status__type_support_cpp.cpp
[674.718s] -- Installing: /mnt/d/prueba/TFG-ROS2/ros2_client_node/install/action_msgs/include/action_msgs/msg/rosidl_typesupport_microxrcedds_cpp__visibility_control.h
[674.844s] -- Up-to-date: /mnt/d/prueba/TFG-ROS2/ros2_client_node/install/action_msgs/include/action_msgs/srv
[674.892s] -- Up-to-date: /mnt/d/prueba/TFG-ROS2/ros2_client_node/install/action_msgs/include/action_msgs/srv/detail
[674.961s] -- Installing: /mnt/d/prueba/TFG-ROS2/ros2_client_node/install/action_msgs/include/action_msgs/srv/detail/cancel_goal__rosidl_typesupport_microxrcedds_cpp.hpp
[675.144s] -- Up-to-date: /mnt/d/prueba/TFG-ROS2/ros2_client_node/install/action_msgs/include/action_msgs/srv/detail/microxrcedds
[675.222s] -- Installing: /mnt/d/prueba/TFG-ROS2/ros2_client_node/install/action_msgs/include/action_msgs/srv/detail/microxrcedds/cancel_goal__type_support_cpp.cpp
[675.420s] -- Installing: /mnt/d/prueba/TFG-ROS2/ros2_client_node/install/action_msgs/lib/libaction_msgs__rosidl_typesupport_microxrcedds_cpp.so
[675.607s] -- Set runtime path of "/mnt/d/prueba/TFG-ROS2/ros2_client_node/install/action_msgs/lib/libaction_msgs__rosidl_typesupport_microxrcedds_cpp.so" to ""
[675.625s] -- Up-to-date: /mnt/d/prueba/TFG-ROS2/ros2_client_node/install/action_msgs/include/action_msgs/action_msgs
[675.661s] -- Up-to-date: /mnt/d/prueba/TFG-ROS2/ros2_client_node/install/action_msgs/include/action_msgs/action_msgs/msg
[675.709s] -- Up-to-date: /mnt/d/prueba/TFG-ROS2/ros2_client_node/install/action_msgs/include/action_msgs/action_msgs/msg/detail
[675.776s] -- Installing: /mnt/d/prueba/TFG-ROS2/ros2_client_node/install/action_msgs/include/action_msgs/action_msgs/msg/detail/goal_info__rosidl_typesupport_introspection_cpp.hpp
[675.982s] -- Installing: /mnt/d/prueba/TFG-ROS2/ros2_client_node/install/action_msgs/include/action_msgs/action_msgs/msg/detail/goal_info__type_support.cpp
[676.179s] -- Installing: /mnt/d/prueba/TFG-ROS2/ros2_client_node/install/action_msgs/include/action_msgs/action_msgs/msg/detail/goal_status_array__rosidl_typesupport_introspection_cpp.hpp
[676.381s] -- Installing: /mnt/d/prueba/TFG-ROS2/ros2_client_node/install/action_msgs/include/action_msgs/action_msgs/msg/detail/goal_status_array__type_support.cpp
[676.548s] -- Installing: /mnt/d/prueba/TFG-ROS2/ros2_client_node/install/action_msgs/include/action_msgs/action_msgs/msg/detail/goal_status__rosidl_typesupport_introspection_cpp.hpp
[676.695s] -- Installing: /mnt/d/prueba/TFG-ROS2/ros2_client_node/install/action_msgs/include/action_msgs/action_msgs/msg/detail/goal_status__type_support.cpp
[676.841s] -- Up-to-date: /mnt/d/prueba/TFG-ROS2/ros2_client_node/install/action_msgs/include/action_msgs/action_msgs/srv
[676.882s] -- Up-to-date: /mnt/d/prueba/TFG-ROS2/ros2_client_node/install/action_msgs/include/action_msgs/action_msgs/srv/detail
[676.950s] -- Installing: /mnt/d/prueba/TFG-ROS2/ros2_client_node/install/action_msgs/include/action_msgs/action_msgs/srv/detail/cancel_goal__rosidl_typesupport_introspection_cpp.hpp
[677.100s] -- Installing: /mnt/d/prueba/TFG-ROS2/ros2_client_node/install/action_msgs/include/action_msgs/action_msgs/srv/detail/cancel_goal__type_support.cpp
[677.225s] -- Installing: /mnt/d/prueba/TFG-ROS2/ros2_client_node/install/action_msgs/lib/libaction_msgs__rosidl_typesupport_introspection_cpp.so
[677.354s] -- Set runtime path of "/mnt/d/prueba/TFG-ROS2/ros2_client_node/install/action_msgs/lib/libaction_msgs__rosidl_typesupport_introspection_cpp.so" to ""
[677.370s] -- Installing: /mnt/d/prueba/TFG-ROS2/ros2_client_node/install/action_msgs/lib/libaction_msgs__rosidl_typesupport_cpp.so
[677.476s] -- Set runtime path of "/mnt/d/prueba/TFG-ROS2/ros2_client_node/install/action_msgs/lib/libaction_msgs__rosidl_typesupport_cpp.so" to ""
[677.497s] -- Installing: /mnt/d/prueba/TFG-ROS2/ros2_client_node/install/action_msgs/share/action_msgs/environment/pythonpath.sh
[677.584s] -- Installing: /mnt/d/prueba/TFG-ROS2/ros2_client_node/install/action_msgs/share/action_msgs/environment/pythonpath.dsv
[677.662s] -- Installing: /mnt/d/prueba/TFG-ROS2/ros2_client_node/install/action_msgs/local/lib/python3.10/dist-packages/action_msgs-1.2.1-py3.10.egg-info
[677.720s] -- Installing: /mnt/d/prueba/TFG-ROS2/ros2_client_node/install/action_msgs/local/lib/python3.10/dist-packages/action_msgs-1.2.1-py3.10.egg-info/dependency_links.txt
[677.844s] -- Installing: /mnt/d/prueba/TFG-ROS2/ros2_client_node/install/action_msgs/local/lib/python3.10/dist-packages/action_msgs-1.2.1-py3.10.egg-info/PKG-INFO
[677.965s] -- Installing: /mnt/d/prueba/TFG-ROS2/ros2_client_node/install/action_msgs/local/lib/python3.10/dist-packages/action_msgs-1.2.1-py3.10.egg-info/SOURCES.txt
[678.116s] -- Installing: /mnt/d/prueba/TFG-ROS2/ros2_client_node/install/action_msgs/local/lib/python3.10/dist-packages/action_msgs-1.2.1-py3.10.egg-info/top_level.txt
[678.241s] -- Installing: /mnt/d/prueba/TFG-ROS2/ros2_client_node/install/action_msgs/local/lib/python3.10/dist-packages/action_msgs
[678.292s] -- Installing: /mnt/d/prueba/TFG-ROS2/ros2_client_node/install/action_msgs/local/lib/python3.10/dist-packages/action_msgs/action_msgs_s__rosidl_typesupport_c.cpython-310-x86_64-linux-gnu.so
[678.397s] -- Installing: /mnt/d/prueba/TFG-ROS2/ros2_client_node/install/action_msgs/local/lib/python3.10/dist-packages/action_msgs/action_msgs_s__rosidl_typesupport_fastrtps_c.cpython-310-x86_64-linux-gnu.so
[678.497s] -- Installing: /mnt/d/prueba/TFG-ROS2/ros2_client_node/install/action_msgs/local/lib/python3.10/dist-packages/action_msgs/action_msgs_s__rosidl_typesupport_introspection_c.cpython-310-x86_64-linux-gnu.so
[678.592s] -- Installing: /mnt/d/prueba/TFG-ROS2/ros2_client_node/install/action_msgs/local/lib/python3.10/dist-packages/action_msgs/action_msgs_s__rosidl_typesupport_microxrcedds_c.cpython-310-x86_64-linux-gnu.so
[678.689s] -- Installing: /mnt/d/prueba/TFG-ROS2/ros2_client_node/install/action_msgs/local/lib/python3.10/dist-packages/action_msgs/libaction_msgs__rosidl_generator_py.so
[678.779s] -- Installing: /mnt/d/prueba/TFG-ROS2/ros2_client_node/install/action_msgs/local/lib/python3.10/dist-packages/action_msgs/msg
[678.831s] -- Installing: /mnt/d/prueba/TFG-ROS2/ros2_client_node/install/action_msgs/local/lib/python3.10/dist-packages/action_msgs/msg/_goal_info.py
[678.930s] -- Installing: /mnt/d/prueba/TFG-ROS2/ros2_client_node/install/action_msgs/local/lib/python3.10/dist-packages/action_msgs/msg/_goal_info_s.c
[679.040s] -- Installing: /mnt/d/prueba/TFG-ROS2/ros2_client_node/install/action_msgs/local/lib/python3.10/dist-packages/action_msgs/msg/_goal_status.py
[679.159s] -- Installing: /mnt/d/prueba/TFG-ROS2/ros2_client_node/install/action_msgs/local/lib/python3.10/dist-packages/action_msgs/msg/_goal_status_array.py
[679.289s] -- Installing: /mnt/d/prueba/TFG-ROS2/ros2_client_node/install/action_msgs/local/lib/python3.10/dist-packages/action_msgs/msg/_goal_status_array_s.c
[679.411s] -- Installing: /mnt/d/prueba/TFG-ROS2/ros2_client_node/install/action_msgs/local/lib/python3.10/dist-packages/action_msgs/msg/_goal_status_s.c
[679.529s] -- Installing: /mnt/d/prueba/TFG-ROS2/ros2_client_node/install/action_msgs/local/lib/python3.10/dist-packages/action_msgs/msg/__init__.py
[679.634s] -- Installing: /mnt/d/prueba/TFG-ROS2/ros2_client_node/install/action_msgs/local/lib/python3.10/dist-packages/action_msgs/srv
[679.685s] -- Installing: /mnt/d/prueba/TFG-ROS2/ros2_client_node/install/action_msgs/local/lib/python3.10/dist-packages/action_msgs/srv/_cancel_goal.py
[679.789s] -- Installing: /mnt/d/prueba/TFG-ROS2/ros2_client_node/install/action_msgs/local/lib/python3.10/dist-packages/action_msgs/srv/_cancel_goal_s.c
[679.902s] -- Installing: /mnt/d/prueba/TFG-ROS2/ros2_client_node/install/action_msgs/local/lib/python3.10/dist-packages/action_msgs/srv/__init__.py
[680.011s] -- Installing: /mnt/d/prueba/TFG-ROS2/ros2_client_node/install/action_msgs/local/lib/python3.10/dist-packages/action_msgs/_action_msgs_s.ep.rosidl_typesupport_c.c
[680.107s] -- Installing: /mnt/d/prueba/TFG-ROS2/ros2_client_node/install/action_msgs/local/lib/python3.10/dist-packages/action_msgs/_action_msgs_s.ep.rosidl_typesupport_fastrtps_c.c
[680.214s] -- Installing: /mnt/d/prueba/TFG-ROS2/ros2_client_node/install/action_msgs/local/lib/python3.10/dist-packages/action_msgs/_action_msgs_s.ep.rosidl_typesupport_introspection_c.c
[680.317s] -- Installing: /mnt/d/prueba/TFG-ROS2/ros2_client_node/install/action_msgs/local/lib/python3.10/dist-packages/action_msgs/_action_msgs_s.ep.rosidl_typesupport_microxrcedds_c.c
[680.437s] -- Installing: /mnt/d/prueba/TFG-ROS2/ros2_client_node/install/action_msgs/local/lib/python3.10/dist-packages/action_msgs/__init__.py
[682.969s] Listing '/mnt/d/prueba/TFG-ROS2/ros2_client_node/install/action_msgs/local/lib/python3.10/dist-packages/action_msgs'...
[682.970s] Compiling '/mnt/d/prueba/TFG-ROS2/ros2_client_node/install/action_msgs/local/lib/python3.10/dist-packages/action_msgs/__init__.py'...
[682.972s] Listing '/mnt/d/prueba/TFG-ROS2/ros2_client_node/install/action_msgs/local/lib/python3.10/dist-packages/action_msgs/msg'...
[682.973s] Compiling '/mnt/d/prueba/TFG-ROS2/ros2_client_node/install/action_msgs/local/lib/python3.10/dist-packages/action_msgs/msg/__init__.py'...
[682.975s] Compiling '/mnt/d/prueba/TFG-ROS2/ros2_client_node/install/action_msgs/local/lib/python3.10/dist-packages/action_msgs/msg/_goal_info.py'...
[682.976s] Compiling '/mnt/d/prueba/TFG-ROS2/ros2_client_node/install/action_msgs/local/lib/python3.10/dist-packages/action_msgs/msg/_goal_status.py'...
[682.977s] Compiling '/mnt/d/prueba/TFG-ROS2/ros2_client_node/install/action_msgs/local/lib/python3.10/dist-packages/action_msgs/msg/_goal_status_array.py'...
[682.979s] Listing '/mnt/d/prueba/TFG-ROS2/ros2_client_node/install/action_msgs/local/lib/python3.10/dist-packages/action_msgs/srv'...
[682.980s] Compiling '/mnt/d/prueba/TFG-ROS2/ros2_client_node/install/action_msgs/local/lib/python3.10/dist-packages/action_msgs/srv/__init__.py'...
[682.982s] Compiling '/mnt/d/prueba/TFG-ROS2/ros2_client_node/install/action_msgs/local/lib/python3.10/dist-packages/action_msgs/srv/_cancel_goal.py'...
[683.065s] -- Installing: /mnt/d/prueba/TFG-ROS2/ros2_client_node/install/action_msgs/local/lib/python3.10/dist-packages/action_msgs/action_msgs_s__rosidl_typesupport_microxrcedds_c.cpython-310-x86_64-linux-gnu.so
[683.315s] -- Set runtime path of "/mnt/d/prueba/TFG-ROS2/ros2_client_node/install/action_msgs/local/lib/python3.10/dist-packages/action_msgs/action_msgs_s__rosidl_typesupport_microxrcedds_c.cpython-310-x86_64-linux-gnu.so" to ""
[683.484s] -- Installing: /mnt/d/prueba/TFG-ROS2/ros2_client_node/install/action_msgs/local/lib/python3.10/dist-packages/action_msgs/action_msgs_s__rosidl_typesupport_fastrtps_c.cpython-310-x86_64-linux-gnu.so
[683.851s] -- Set runtime path of "/mnt/d/prueba/TFG-ROS2/ros2_client_node/install/action_msgs/local/lib/python3.10/dist-packages/action_msgs/action_msgs_s__rosidl_typesupport_fastrtps_c.cpython-310-x86_64-linux-gnu.so" to ""
[684.070s] -- Installing: /mnt/d/prueba/TFG-ROS2/ros2_client_node/install/action_msgs/local/lib/python3.10/dist-packages/action_msgs/action_msgs_s__rosidl_typesupport_introspection_c.cpython-310-x86_64-linux-gnu.so
[684.570s] -- Set runtime path of "/mnt/d/prueba/TFG-ROS2/ros2_client_node/install/action_msgs/local/lib/python3.10/dist-packages/action_msgs/action_msgs_s__rosidl_typesupport_introspection_c.cpython-310-x86_64-linux-gnu.so" to ""
[684.784s] -- Installing: /mnt/d/prueba/TFG-ROS2/ros2_client_node/install/action_msgs/local/lib/python3.10/dist-packages/action_msgs/action_msgs_s__rosidl_typesupport_c.cpython-310-x86_64-linux-gnu.so
[685.298s] -- Set runtime path of "/mnt/d/prueba/TFG-ROS2/ros2_client_node/install/action_msgs/local/lib/python3.10/dist-packages/action_msgs/action_msgs_s__rosidl_typesupport_c.cpython-310-x86_64-linux-gnu.so" to ""
[685.378s] -- Installing: /mnt/d/prueba/TFG-ROS2/ros2_client_node/install/action_msgs/lib/libaction_msgs__rosidl_generator_py.so
[685.742s] -- Set runtime path of "/mnt/d/prueba/TFG-ROS2/ros2_client_node/install/action_msgs/lib/libaction_msgs__rosidl_generator_py.so" to ""
[685.820s] -- Installing: /mnt/d/prueba/TFG-ROS2/ros2_client_node/install/action_msgs/share/action_msgs/msg/GoalInfo.idl
[686.035s] -- Installing: /mnt/d/prueba/TFG-ROS2/ros2_client_node/install/action_msgs/share/action_msgs/msg/GoalStatus.idl
[686.249s] -- Installing: /mnt/d/prueba/TFG-ROS2/ros2_client_node/install/action_msgs/share/action_msgs/msg/GoalStatusArray.idl
[686.571s] -- Installing: /mnt/d/prueba/TFG-ROS2/ros2_client_node/install/action_msgs/share/action_msgs/srv/CancelGoal.idl
[686.938s] -- Installing: /mnt/d/prueba/TFG-ROS2/ros2_client_node/install/action_msgs/share/action_msgs/msg/GoalInfo.msg
[687.354s] -- Installing: /mnt/d/prueba/TFG-ROS2/ros2_client_node/install/action_msgs/share/action_msgs/msg/GoalStatus.msg
[687.734s] -- Installing: /mnt/d/prueba/TFG-ROS2/ros2_client_node/install/action_msgs/share/action_msgs/msg/GoalStatusArray.msg
[688.183s] -- Installing: /mnt/d/prueba/TFG-ROS2/ros2_client_node/install/action_msgs/share/action_msgs/srv/CancelGoal.srv
[688.587s] -- Installing: /mnt/d/prueba/TFG-ROS2/ros2_client_node/install/action_msgs/share/action_msgs/srv/CancelGoal_Request.msg
[688.919s] -- Installing: /mnt/d/prueba/TFG-ROS2/ros2_client_node/install/action_msgs/share/action_msgs/srv/CancelGoal_Response.msg
[689.260s] -- Installing: /mnt/d/prueba/TFG-ROS2/ros2_client_node/install/action_msgs/share/ament_index/resource_index/package_run_dependencies/action_msgs
[689.582s] -- Installing: /mnt/d/prueba/TFG-ROS2/ros2_client_node/install/action_msgs/share/ament_index/resource_index/parent_prefix_path/action_msgs
[689.852s] -- Installing: /mnt/d/prueba/TFG-ROS2/ros2_client_node/install/action_msgs/share/action_msgs/environment/ament_prefix_path.sh
[690.027s] -- Installing: /mnt/d/prueba/TFG-ROS2/ros2_client_node/install/action_msgs/share/action_msgs/environment/ament_prefix_path.dsv
[690.236s] -- Installing: /mnt/d/prueba/TFG-ROS2/ros2_client_node/install/action_msgs/share/action_msgs/environment/path.sh
[690.459s] -- Installing: /mnt/d/prueba/TFG-ROS2/ros2_client_node/install/action_msgs/share/action_msgs/environment/path.dsv
[690.725s] -- Installing: /mnt/d/prueba/TFG-ROS2/ros2_client_node/install/action_msgs/share/action_msgs/local_setup.bash
[690.954s] -- Installing: /mnt/d/prueba/TFG-ROS2/ros2_client_node/install/action_msgs/share/action_msgs/local_setup.sh
[691.137s] -- Installing: /mnt/d/prueba/TFG-ROS2/ros2_client_node/install/action_msgs/share/action_msgs/local_setup.zsh
[691.326s] -- Installing: /mnt/d/prueba/TFG-ROS2/ros2_client_node/install/action_msgs/share/action_msgs/local_setup.dsv
[691.508s] -- Installing: /mnt/d/prueba/TFG-ROS2/ros2_client_node/install/action_msgs/share/action_msgs/package.dsv
[691.782s] -- Installing: /mnt/d/prueba/TFG-ROS2/ros2_client_node/install/action_msgs/share/ament_index/resource_index/packages/action_msgs
[692.186s] -- Installing: /mnt/d/prueba/TFG-ROS2/ros2_client_node/install/action_msgs/share/action_msgs/cmake/export_action_msgs__rosidl_generator_cExport.cmake
[692.535s] -- Installing: /mnt/d/prueba/TFG-ROS2/ros2_client_node/install/action_msgs/share/action_msgs/cmake/export_action_msgs__rosidl_generator_cExport-noconfig.cmake
[692.761s] -- Installing: /mnt/d/prueba/TFG-ROS2/ros2_client_node/install/action_msgs/share/action_msgs/cmake/export_action_msgs__rosidl_typesupport_fastrtps_cExport.cmake
[692.957s] -- Installing: /mnt/d/prueba/TFG-ROS2/ros2_client_node/install/action_msgs/share/action_msgs/cmake/export_action_msgs__rosidl_typesupport_fastrtps_cExport-noconfig.cmake
[693.127s] -- Installing: /mnt/d/prueba/TFG-ROS2/ros2_client_node/install/action_msgs/share/action_msgs/cmake/export_action_msgs__rosidl_generator_cppExport.cmake
[693.343s] -- Installing: /mnt/d/prueba/TFG-ROS2/ros2_client_node/install/action_msgs/share/action_msgs/cmake/export_action_msgs__rosidl_typesupport_fastrtps_cppExport.cmake
[693.572s] -- Installing: /mnt/d/prueba/TFG-ROS2/ros2_client_node/install/action_msgs/share/action_msgs/cmake/export_action_msgs__rosidl_typesupport_fastrtps_cppExport-noconfig.cmake
[693.881s] -- Installing: /mnt/d/prueba/TFG-ROS2/ros2_client_node/install/action_msgs/share/action_msgs/cmake/action_msgs__rosidl_typesupport_introspection_cExport.cmake
[694.097s] -- Installing: /mnt/d/prueba/TFG-ROS2/ros2_client_node/install/action_msgs/share/action_msgs/cmake/action_msgs__rosidl_typesupport_introspection_cExport-noconfig.cmake
[694.235s] -- Installing: /mnt/d/prueba/TFG-ROS2/ros2_client_node/install/action_msgs/share/action_msgs/cmake/action_msgs__rosidl_typesupport_cExport.cmake
[694.353s] -- Installing: /mnt/d/prueba/TFG-ROS2/ros2_client_node/install/action_msgs/share/action_msgs/cmake/action_msgs__rosidl_typesupport_cExport-noconfig.cmake
[694.463s] -- Installing: /mnt/d/prueba/TFG-ROS2/ros2_client_node/install/action_msgs/share/action_msgs/cmake/action_msgs__rosidl_typesupport_introspection_cppExport.cmake
[694.573s] -- Installing: /mnt/d/prueba/TFG-ROS2/ros2_client_node/install/action_msgs/share/action_msgs/cmake/action_msgs__rosidl_typesupport_introspection_cppExport-noconfig.cmake
[694.690s] -- Installing: /mnt/d/prueba/TFG-ROS2/ros2_client_node/install/action_msgs/share/action_msgs/cmake/action_msgs__rosidl_typesupport_cppExport.cmake
[694.798s] -- Installing: /mnt/d/prueba/TFG-ROS2/ros2_client_node/install/action_msgs/share/action_msgs/cmake/action_msgs__rosidl_typesupport_cppExport-noconfig.cmake
[694.903s] -- Installing: /mnt/d/prueba/TFG-ROS2/ros2_client_node/install/action_msgs/share/action_msgs/cmake/export_action_msgs__rosidl_generator_pyExport.cmake
[695.003s] -- Installing: /mnt/d/prueba/TFG-ROS2/ros2_client_node/install/action_msgs/share/action_msgs/cmake/export_action_msgs__rosidl_generator_pyExport-noconfig.cmake
[695.090s] -- Installing: /mnt/d/prueba/TFG-ROS2/ros2_client_node/install/action_msgs/share/action_msgs/cmake/rosidl_cmake-extras.cmake
[695.161s] -- Installing: /mnt/d/prueba/TFG-ROS2/ros2_client_node/install/action_msgs/share/action_msgs/cmake/ament_cmake_export_dependencies-extras.cmake
[695.231s] -- Installing: /mnt/d/prueba/TFG-ROS2/ros2_client_node/install/action_msgs/share/action_msgs/cmake/ament_cmake_export_include_directories-extras.cmake
[695.305s] -- Installing: /mnt/d/prueba/TFG-ROS2/ros2_client_node/install/action_msgs/share/action_msgs/cmake/ament_cmake_export_libraries-extras.cmake
[695.388s] -- Installing: /mnt/d/prueba/TFG-ROS2/ros2_client_node/install/action_msgs/share/action_msgs/cmake/ament_cmake_export_targets-extras.cmake
[695.463s] -- Installing: /mnt/d/prueba/TFG-ROS2/ros2_client_node/install/action_msgs/share/action_msgs/cmake/rosidl_cmake_export_typesupport_targets-extras.cmake
[695.536s] -- Installing: /mnt/d/prueba/TFG-ROS2/ros2_client_node/install/action_msgs/share/action_msgs/cmake/rosidl_cmake_export_typesupport_libraries-extras.cmake
[695.610s] -- Installing: /mnt/d/prueba/TFG-ROS2/ros2_client_node/install/action_msgs/share/action_msgs/cmake/action_msgsConfig.cmake
[695.677s] -- Installing: /mnt/d/prueba/TFG-ROS2/ros2_client_node/install/action_msgs/share/action_msgs/cmake/action_msgsConfig-version.cmake
[695.757s] -- Installing: /mnt/d/prueba/TFG-ROS2/ros2_client_node/install/action_msgs/share/action_msgs/package.xml
[695.839s] Invoked command in '/mnt/d/prueba/TFG-ROS2/ros2_client_node/build/action_msgs' returned '0': AMENT_PREFIX_PATH=/mnt/d/prueba/TFG-ROS2/ros2_client_node/install/unique_identifier_msgs:/mnt/d/prueba/TFG-ROS2/ros2_client_node/install/builtin_interfaces:${AMENT_PREFIX_PATH} CMAKE_PREFIX_PATH=/mnt/d/prueba/TFG-ROS2/ros2_client_node/install/unique_identifier_msgs:/mnt/d/prueba/TFG-ROS2/ros2_client_node/install/builtin_interfaces:/mnt/d/prueba/TFG-ROS2/ros2_client_node/install/rosidl_typesupport_microxrcedds_cpp:/mnt/d/prueba/TFG-ROS2/ros2_client_node/install/rosidl_typesupport_microxrcedds_c:/mnt/d/prueba/TFG-ROS2/ros2_client_node/install/microcdr:/mnt/d/prueba/TFG-ROS2/ros2_client_node/install/micro_ros_setup:/mnt/d/prueba/TFG-ROS2/ros2_agent_node/install/micro_ros_agent:/mnt/d/prueba/TFG-ROS2/ros2_agent_node/install/micro_ros_msgs:/mnt/d/prueba/TFG-ROS2/ros2_agent_node/install/micro_ros_setup:/opt/ros/humble LD_LIBRARY_PATH=/mnt/d/prueba/TFG-ROS2/ros2_client_node/install/unique_identifier_msgs/lib:/mnt/d/prueba/TFG-ROS2/ros2_client_node/install/builtin_interfaces/lib:${LD_LIBRARY_PATH} PYTHONPATH=/mnt/d/prueba/TFG-ROS2/ros2_client_node/install/unique_identifier_msgs/local/lib/python3.10/dist-packages:/mnt/d/prueba/TFG-ROS2/ros2_client_node/install/builtin_interfaces/local/lib/python3.10/dist-packages:${PYTHONPATH} /usr/bin/cmake --install /mnt/d/prueba/TFG-ROS2/ros2_client_node/build/action_msgs
