[1.074s] Invoking command in '/mnt/d/prueba/TFG-ROS2/ros2_client_node/build/statistics_msgs': AMENT_PREFIX_PATH=/mnt/d/prueba/TFG-ROS2/ros2_client_node/install/builtin_interfaces:${AMENT_PREFIX_PATH} CMAKE_PREFIX_PATH=/mnt/d/prueba/TFG-ROS2/ros2_client_node/install/builtin_interfaces:/mnt/d/prueba/TFG-ROS2/ros2_client_node/install/rosidl_typesupport_microxrcedds_cpp:/mnt/d/prueba/TFG-ROS2/ros2_client_node/install/rosidl_typesupport_microxrcedds_c:/mnt/d/prueba/TFG-ROS2/ros2_client_node/install/microcdr:/mnt/d/prueba/TFG-ROS2/ros2_client_node/install/micro_ros_setup:/mnt/d/prueba/TFG-ROS2/ros2_agent_node/install/micro_ros_agent:/mnt/d/prueba/TFG-ROS2/ros2_agent_node/install/micro_ros_msgs:/mnt/d/prueba/TFG-ROS2/ros2_agent_node/install/micro_ros_setup:/opt/ros/humble LD_LIBRARY_PATH=/mnt/d/prueba/TFG-ROS2/ros2_client_node/install/builtin_interfaces/lib:${LD_LIBRARY_PATH} PYTHONPATH=/mnt/d/prueba/TFG-ROS2/ros2_client_node/install/builtin_interfaces/local/lib/python3.10/dist-packages:${PYTHONPATH} /usr/bin/cmake /mnt/d/prueba/TFG-ROS2/ros2_client_node/src/ros2/rcl_interfaces/statistics_msgs -DBUILD_TESTING=OFF -DBUILD_SHARED_LIBS=ON -DCMAKE_INSTALL_PREFIX=/mnt/d/prueba/TFG-ROS2/ros2_client_node/install/statistics_msgs
[4.965s] -- The C compiler identification is GNU 11.3.0
[7.637s] -- The CXX compiler identification is GNU 11.3.0
[8.224s] -- Detecting C compiler ABI info
[13.643s] -- Detecting C compiler ABI info - done
[13.700s] -- Check for working C compiler: /usr/bin/cc - skipped
[13.702s] -- Detecting C compile features
[13.704s] -- Detecting C compile features - done
[13.834s] -- Detecting CXX compiler ABI info
[19.356s] -- Detecting CXX compiler ABI info - done
[19.429s] -- Check for working CXX compiler: /usr/bin/c++ - skipped
[19.432s] -- Detecting CXX compile features
[19.436s] -- Detecting CXX compile features - done
[20.121s] -- Found ament_cmake: 1.3.3 (/opt/ros/humble/share/ament_cmake/cmake)
[28.245s] -- Found Python3: /usr/bin/python3.10 (found version "3.10.6") found components: Interpreter 
[37.094s] -- Found builtin_interfaces: 1.2.1 (/mnt/d/prueba/TFG-ROS2/ros2_client_node/install/builtin_interfaces/share/builtin_interfaces/cmake)
[42.492s] -- Found rosidl_generator_c: 3.1.4 (/opt/ros/humble/share/rosidl_generator_c/cmake)
[43.442s] -- Found rosidl_adapter: 3.1.4 (/opt/ros/humble/share/rosidl_adapter/cmake)
[44.338s] -- Found rosidl_generator_cpp: 3.1.4 (/opt/ros/humble/share/rosidl_generator_cpp/cmake)
[45.705s] -- Using all available rosidl_typesupport_c: rosidl_typesupport_microxrcedds_c;rosidl_typesupport_fastrtps_c;rosidl_typesupport_introspection_c
[48.934s] -- Using all available rosidl_typesupport_cpp: rosidl_typesupport_microxrcedds_cpp;rosidl_typesupport_fastrtps_cpp;rosidl_typesupport_introspection_cpp
[51.536s] -- Found rosidl_default_generators: 1.2.0 (/opt/ros/humble/share/rosidl_default_generators/cmake)
[61.718s] -- Found ament_cmake_ros: 0.10.0 (/opt/ros/humble/share/ament_cmake_ros/cmake)
[77.998s] -- Using all available rosidl_typesupport_c: rosidl_typesupport_microxrcedds_c;rosidl_typesupport_fastrtps_c;rosidl_typesupport_introspection_c
[91.029s] -- Using all available rosidl_typesupport_cpp: rosidl_typesupport_microxrcedds_cpp;rosidl_typesupport_fastrtps_cpp;rosidl_typesupport_introspection_cpp
[93.122s] -- Found PythonInterp: /usr/bin/python3 (found suitable version "3.10.6", minimum required is "3.6") 
[94.458s] -- Found python_cmake_module: 0.10.0 (/opt/ros/humble/share/python_cmake_module/cmake)
[97.035s] -- Found PythonLibs: /usr/lib/x86_64-linux-gnu/libpython3.10.so (found suitable version "3.10.6", minimum required is "3.5") 
[97.039s] -- Using PYTHON_EXECUTABLE: /usr/bin/python3
[97.043s] -- Using PYTHON_INCLUDE_DIRS: /usr/include/python3.10
[97.046s] -- Using PYTHON_LIBRARIES: /usr/lib/x86_64-linux-gnu/libpython3.10.so
[98.109s] -- Found PythonExtra: .so  
[102.780s] -- Configuring done
[113.694s] -- Generating done
[114.889s] -- Build files have been written to: /mnt/d/prueba/TFG-ROS2/ros2_client_node/build/statistics_msgs
[114.899s] Invoked command in '/mnt/d/prueba/TFG-ROS2/ros2_client_node/build/statistics_msgs' returned '0': AMENT_PREFIX_PATH=/mnt/d/prueba/TFG-ROS2/ros2_client_node/install/builtin_interfaces:${AMENT_PREFIX_PATH} CMAKE_PREFIX_PATH=/mnt/d/prueba/TFG-ROS2/ros2_client_node/install/builtin_interfaces:/mnt/d/prueba/TFG-ROS2/ros2_client_node/install/rosidl_typesupport_microxrcedds_cpp:/mnt/d/prueba/TFG-ROS2/ros2_client_node/install/rosidl_typesupport_microxrcedds_c:/mnt/d/prueba/TFG-ROS2/ros2_client_node/install/microcdr:/mnt/d/prueba/TFG-ROS2/ros2_client_node/install/micro_ros_setup:/mnt/d/prueba/TFG-ROS2/ros2_agent_node/install/micro_ros_agent:/mnt/d/prueba/TFG-ROS2/ros2_agent_node/install/micro_ros_msgs:/mnt/d/prueba/TFG-ROS2/ros2_agent_node/install/micro_ros_setup:/opt/ros/humble LD_LIBRARY_PATH=/mnt/d/prueba/TFG-ROS2/ros2_client_node/install/builtin_interfaces/lib:${LD_LIBRARY_PATH} PYTHONPATH=/mnt/d/prueba/TFG-ROS2/ros2_client_node/install/builtin_interfaces/local/lib/python3.10/dist-packages:${PYTHONPATH} /usr/bin/cmake /mnt/d/prueba/TFG-ROS2/ros2_client_node/src/ros2/rcl_interfaces/statistics_msgs -DBUILD_TESTING=OFF -DBUILD_SHARED_LIBS=ON -DCMAKE_INSTALL_PREFIX=/mnt/d/prueba/TFG-ROS2/ros2_client_node/install/statistics_msgs
[114.938s] Invoking command in '/mnt/d/prueba/TFG-ROS2/ros2_client_node/build/statistics_msgs': AMENT_PREFIX_PATH=/mnt/d/prueba/TFG-ROS2/ros2_client_node/install/builtin_interfaces:${AMENT_PREFIX_PATH} CMAKE_PREFIX_PATH=/mnt/d/prueba/TFG-ROS2/ros2_client_node/install/builtin_interfaces:/mnt/d/prueba/TFG-ROS2/ros2_client_node/install/rosidl_typesupport_microxrcedds_cpp:/mnt/d/prueba/TFG-ROS2/ros2_client_node/install/rosidl_typesupport_microxrcedds_c:/mnt/d/prueba/TFG-ROS2/ros2_client_node/install/microcdr:/mnt/d/prueba/TFG-ROS2/ros2_client_node/install/micro_ros_setup:/mnt/d/prueba/TFG-ROS2/ros2_agent_node/install/micro_ros_agent:/mnt/d/prueba/TFG-ROS2/ros2_agent_node/install/micro_ros_msgs:/mnt/d/prueba/TFG-ROS2/ros2_agent_node/install/micro_ros_setup:/opt/ros/humble LD_LIBRARY_PATH=/mnt/d/prueba/TFG-ROS2/ros2_client_node/install/builtin_interfaces/lib:${LD_LIBRARY_PATH} PYTHONPATH=/mnt/d/prueba/TFG-ROS2/ros2_client_node/install/builtin_interfaces/local/lib/python3.10/dist-packages:${PYTHONPATH} /usr/bin/cmake --build /mnt/d/prueba/TFG-ROS2/ros2_client_node/build/statistics_msgs -- -j12 -l12
[123.758s] [  1%] [34m[1mGenerating C++ code for ROS interfaces[0m
[139.839s] [  1%] Built target statistics_msgs__cpp
[142.034s] [  3%] [34m[1mGenerating C code for ROS interfaces[0m
[145.977s] [  3%] Built target ament_cmake_python_copy_statistics_msgs
[162.275s] [  5%] [32mBuilding C object CMakeFiles/statistics_msgs__rosidl_generator_c.dir/rosidl_generator_c/statistics_msgs/msg/detail/metrics_message__functions.c.o[0m
[165.321s] [  6%] [32mBuilding C object CMakeFiles/statistics_msgs__rosidl_generator_c.dir/rosidl_generator_c/statistics_msgs/msg/detail/statistic_data_type__functions.c.o[0m
[168.598s] [  8%] [32mBuilding C object CMakeFiles/statistics_msgs__rosidl_generator_c.dir/rosidl_generator_c/statistics_msgs/msg/detail/statistic_data_point__functions.c.o[0m
[171.409s] [ 10%] [32m[1mLinking C shared library libstatistics_msgs__rosidl_generator_c.so[0m
[174.049s] [ 10%] Built target statistics_msgs__rosidl_generator_c
[179.963s] running egg_info
[179.966s] creating statistics_msgs.egg-info
[179.971s] writing statistics_msgs.egg-info/PKG-INFO
[179.981s] writing dependency_links to statistics_msgs.egg-info/dependency_links.txt
[179.997s] writing top-level names to statistics_msgs.egg-info/top_level.txt
[180.018s] writing manifest file 'statistics_msgs.egg-info/SOURCES.txt'
[180.067s] reading manifest file 'statistics_msgs.egg-info/SOURCES.txt'
[180.126s] writing manifest file 'statistics_msgs.egg-info/SOURCES.txt'
[181.078s] [ 10%] Built target ament_cmake_python_build_statistics_msgs_egg
[182.279s] [ 11%] [34m[1mGenerating C type support dispatch for ROS interfaces[0m
[189.097s] [ 13%] [32mBuilding CXX object CMakeFiles/statistics_msgs__rosidl_typesupport_c.dir/rosidl_typesupport_c/statistics_msgs/msg/metrics_message__type_support.cpp.o[0m
[191.034s] [ 15%] [32mBuilding CXX object CMakeFiles/statistics_msgs__rosidl_typesupport_c.dir/rosidl_typesupport_c/statistics_msgs/msg/statistic_data_type__type_support.cpp.o[0m
[193.534s] [ 16%] [32mBuilding CXX object CMakeFiles/statistics_msgs__rosidl_typesupport_c.dir/rosidl_typesupport_c/statistics_msgs/msg/statistic_data_point__type_support.cpp.o[0m
[196.915s] [ 18%] [32m[1mLinking CXX shared library libstatistics_msgs__rosidl_typesupport_c.so[0m
[200.915s] [ 18%] Built target statistics_msgs__rosidl_typesupport_c
[202.455s] [ 20%] [34m[1mGenerating C introspection for ROS interfaces[0m
[213.240s] [ 22%] [32mBuilding C object CMakeFiles/statistics_msgs__rosidl_typesupport_introspection_c.dir/rosidl_typesupport_introspection_c/statistics_msgs/msg/detail/metrics_message__type_support.c.o[0m
[217.816s] [ 23%] [32mBuilding C object CMakeFiles/statistics_msgs__rosidl_typesupport_introspection_c.dir/rosidl_typesupport_introspection_c/statistics_msgs/msg/detail/statistic_data_type__type_support.c.o[0m
[217.849s] [ 25%] [32mBuilding C object CMakeFiles/statistics_msgs__rosidl_typesupport_introspection_c.dir/rosidl_typesupport_introspection_c/statistics_msgs/msg/detail/statistic_data_point__type_support.c.o[0m
[222.279s] [ 27%] [32m[1mLinking C shared library libstatistics_msgs__rosidl_typesupport_introspection_c.so[0m
[225.097s] [ 27%] Built target statistics_msgs__rosidl_typesupport_introspection_c
[226.473s] [ 28%] [34m[1mGenerating C type support for eProsima Micro XRCE-DDS[0m
[237.053s] [ 30%] [32mBuilding C object CMakeFiles/statistics_msgs__rosidl_typesupport_microxrcedds_c.dir/rosidl_typesupport_microxrcedds_c/statistics_msgs/msg/detail/microxrcedds/metrics_message__type_support_c.c.o[0m
[240.843s] [ 32%] [32mBuilding C object CMakeFiles/statistics_msgs__rosidl_typesupport_microxrcedds_c.dir/rosidl_typesupport_microxrcedds_c/statistics_msgs/msg/detail/microxrcedds/statistic_data_type__type_support_c.c.o[0m
[244.963s] [ 33%] [32mBuilding C object CMakeFiles/statistics_msgs__rosidl_typesupport_microxrcedds_c.dir/rosidl_typesupport_microxrcedds_c/statistics_msgs/msg/detail/microxrcedds/statistic_data_point__type_support_c.c.o[0m
[249.523s] [ 35%] [32m[1mLinking C shared library libstatistics_msgs__rosidl_typesupport_microxrcedds_c.so[0m
[252.285s] [ 35%] Built target statistics_msgs__rosidl_typesupport_microxrcedds_c
[253.533s] [ 37%] [34m[1mGenerating C++ introspection for ROS interfaces[0m
[253.732s] [ 38%] [34m[1mGenerating C type support for eProsima Fast-RTPS[0m
[263.213s] [ 40%] [32mBuilding CXX object CMakeFiles/statistics_msgs__rosidl_typesupport_introspection_cpp.dir/rosidl_typesupport_introspection_cpp/statistics_msgs/msg/detail/metrics_message__type_support.cpp.o[0m
[263.597s] [ 42%] [32mBuilding CXX object CMakeFiles/statistics_msgs__rosidl_typesupport_fastrtps_c.dir/rosidl_typesupport_fastrtps_c/statistics_msgs/msg/detail/metrics_message__type_support_c.cpp.o[0m
[268.015s] [ 44%] [32mBuilding CXX object CMakeFiles/statistics_msgs__rosidl_typesupport_introspection_cpp.dir/rosidl_typesupport_introspection_cpp/statistics_msgs/msg/detail/statistic_data_type__type_support.cpp.o[0m
[268.437s] [ 45%] [32mBuilding CXX object CMakeFiles/statistics_msgs__rosidl_typesupport_fastrtps_c.dir/rosidl_typesupport_fastrtps_c/statistics_msgs/msg/detail/statistic_data_type__type_support_c.cpp.o[0m
[272.428s] [ 47%] [32mBuilding CXX object CMakeFiles/statistics_msgs__rosidl_typesupport_introspection_cpp.dir/rosidl_typesupport_introspection_cpp/statistics_msgs/msg/detail/statistic_data_point__type_support.cpp.o[0m
[272.565s] [ 49%] [32mBuilding CXX object CMakeFiles/statistics_msgs__rosidl_typesupport_fastrtps_c.dir/rosidl_typesupport_fastrtps_c/statistics_msgs/msg/detail/statistic_data_point__type_support_c.cpp.o[0m
[277.123s] [ 50%] [32m[1mLinking CXX shared library libstatistics_msgs__rosidl_typesupport_introspection_cpp.so[0m
[277.394s] [ 52%] [32m[1mLinking CXX shared library libstatistics_msgs__rosidl_typesupport_fastrtps_c.so[0m
[279.961s] [ 52%] Built target statistics_msgs__rosidl_typesupport_introspection_cpp
[280.316s] [ 52%] Built target statistics_msgs__rosidl_typesupport_fastrtps_c
[281.698s] [ 54%] [34m[1mGenerating C++ type support for eProsima Micro XRCE-DDS[0m
[291.034s] [ 55%] [32mBuilding CXX object CMakeFiles/statistics_msgs__rosidl_typesupport_microxrcedds_cpp.dir/rosidl_typesupport_microxrcedds_cpp/statistics_msgs/msg/detail/microxrcedds/metrics_message__type_support_cpp.cpp.o[0m
[291.089s] [ 57%] [32mBuilding CXX object CMakeFiles/statistics_msgs__rosidl_typesupport_microxrcedds_cpp.dir/rosidl_typesupport_microxrcedds_cpp/statistics_msgs/msg/detail/microxrcedds/statistic_data_point__type_support_cpp.cpp.o[0m
[297.885s] [ 59%] [32mBuilding CXX object CMakeFiles/statistics_msgs__rosidl_typesupport_microxrcedds_cpp.dir/rosidl_typesupport_microxrcedds_cpp/statistics_msgs/msg/detail/microxrcedds/statistic_data_type__type_support_cpp.cpp.o[0m
[309.185s] [ 61%] [32m[1mLinking CXX shared library libstatistics_msgs__rosidl_typesupport_microxrcedds_cpp.so[0m
[312.608s] [ 61%] Built target statistics_msgs__rosidl_typesupport_microxrcedds_cpp
[314.232s] [ 62%] [34m[1mGenerating C++ type support for eProsima Fast-RTPS[0m
[325.098s] [ 64%] [32mBuilding CXX object CMakeFiles/statistics_msgs__rosidl_typesupport_fastrtps_cpp.dir/rosidl_typesupport_fastrtps_cpp/statistics_msgs/msg/detail/dds_fastrtps/metrics_message__type_support.cpp.o[0m
[330.301s] [ 66%] [32mBuilding CXX object CMakeFiles/statistics_msgs__rosidl_typesupport_fastrtps_cpp.dir/rosidl_typesupport_fastrtps_cpp/statistics_msgs/msg/detail/dds_fastrtps/statistic_data_type__type_support.cpp.o[0m
[335.668s] [ 67%] [32mBuilding CXX object CMakeFiles/statistics_msgs__rosidl_typesupport_fastrtps_cpp.dir/rosidl_typesupport_fastrtps_cpp/statistics_msgs/msg/detail/dds_fastrtps/statistic_data_point__type_support.cpp.o[0m
[341.014s] [ 69%] [32m[1mLinking CXX shared library libstatistics_msgs__rosidl_typesupport_fastrtps_cpp.so[0m
[343.936s] [ 69%] Built target statistics_msgs__rosidl_typesupport_fastrtps_cpp
[345.331s] [ 71%] [34m[1mGenerating C++ type support dispatch for ROS interfaces[0m
[353.462s] [ 74%] [32mBuilding CXX object CMakeFiles/statistics_msgs__rosidl_typesupport_cpp.dir/rosidl_typesupport_cpp/statistics_msgs/msg/statistic_data_point__type_support.cpp.o[0m
[353.470s] [ 74%] [32mBuilding CXX object CMakeFiles/statistics_msgs__rosidl_typesupport_cpp.dir/rosidl_typesupport_cpp/statistics_msgs/msg/metrics_message__type_support.cpp.o[0m
[358.882s] [ 76%] [32mBuilding CXX object CMakeFiles/statistics_msgs__rosidl_typesupport_cpp.dir/rosidl_typesupport_cpp/statistics_msgs/msg/statistic_data_type__type_support.cpp.o[0m
[363.881s] [ 77%] [32m[1mLinking CXX shared library libstatistics_msgs__rosidl_typesupport_cpp.so[0m
[366.772s] [ 77%] Built target statistics_msgs__rosidl_typesupport_cpp
[369.368s] [ 77%] Built target statistics_msgs
[372.299s] [ 79%] [34m[1mGenerating Python code for ROS interfaces[0m
[387.561s] [ 79%] Built target statistics_msgs__py
[390.745s] [ 81%] [32mBuilding C object CMakeFiles/statistics_msgs__rosidl_generator_py.dir/rosidl_generator_py/statistics_msgs/msg/_metrics_message_s.c.o[0m
[390.938s] [ 83%] [32mBuilding C object CMakeFiles/statistics_msgs__rosidl_generator_py.dir/rosidl_generator_py/statistics_msgs/msg/_statistic_data_point_s.c.o[0m
[395.328s] [ 84%] [32mBuilding C object CMakeFiles/statistics_msgs__rosidl_generator_py.dir/rosidl_generator_py/statistics_msgs/msg/_statistic_data_type_s.c.o[0m
[400.084s] [ 86%] [32m[1mLinking C shared library rosidl_generator_py/statistics_msgs/libstatistics_msgs__rosidl_generator_py.so[0m
[403.681s] [ 86%] Built target statistics_msgs__rosidl_generator_py
[407.055s] [ 88%] [32mBuilding C object CMakeFiles/statistics_msgs__rosidl_typesupport_microxrcedds_c__pyext.dir/rosidl_generator_py/statistics_msgs/_statistics_msgs_s.ep.rosidl_typesupport_microxrcedds_c.c.o[0m
[413.470s] [ 89%] [32m[1mLinking C shared library rosidl_generator_py/statistics_msgs/statistics_msgs_s__rosidl_typesupport_microxrcedds_c.cpython-310-x86_64-linux-gnu.so[0m
[417.643s] [ 89%] Built target statistics_msgs__rosidl_typesupport_microxrcedds_c__pyext
[420.946s] [ 91%] [32mBuilding C object CMakeFiles/statistics_msgs__rosidl_typesupport_introspection_c__pyext.dir/rosidl_generator_py/statistics_msgs/_statistics_msgs_s.ep.rosidl_typesupport_introspection_c.c.o[0m
[421.242s] [ 93%] [32mBuilding C object CMakeFiles/statistics_msgs__rosidl_typesupport_c__pyext.dir/rosidl_generator_py/statistics_msgs/_statistics_msgs_s.ep.rosidl_typesupport_c.c.o[0m
[425.409s] [ 94%] [32m[1mLinking C shared library rosidl_generator_py/statistics_msgs/statistics_msgs_s__rosidl_typesupport_c.cpython-310-x86_64-linux-gnu.so[0m
[425.801s] [ 96%] [32m[1mLinking C shared library rosidl_generator_py/statistics_msgs/statistics_msgs_s__rosidl_typesupport_introspection_c.cpython-310-x86_64-linux-gnu.so[0m
[429.484s] [ 96%] Built target statistics_msgs__rosidl_typesupport_c__pyext
[429.942s] [ 96%] Built target statistics_msgs__rosidl_typesupport_introspection_c__pyext
[433.041s] [ 98%] [32mBuilding C object CMakeFiles/statistics_msgs__rosidl_typesupport_fastrtps_c__pyext.dir/rosidl_generator_py/statistics_msgs/_statistics_msgs_s.ep.rosidl_typesupport_fastrtps_c.c.o[0m
[437.325s] [100%] [32m[1mLinking C shared library rosidl_generator_py/statistics_msgs/statistics_msgs_s__rosidl_typesupport_fastrtps_c.cpython-310-x86_64-linux-gnu.so[0m
[440.361s] [100%] Built target statistics_msgs__rosidl_typesupport_fastrtps_c__pyext
[441.813s] Invoked command in '/mnt/d/prueba/TFG-ROS2/ros2_client_node/build/statistics_msgs' returned '0': AMENT_PREFIX_PATH=/mnt/d/prueba/TFG-ROS2/ros2_client_node/install/builtin_interfaces:${AMENT_PREFIX_PATH} CMAKE_PREFIX_PATH=/mnt/d/prueba/TFG-ROS2/ros2_client_node/install/builtin_interfaces:/mnt/d/prueba/TFG-ROS2/ros2_client_node/install/rosidl_typesupport_microxrcedds_cpp:/mnt/d/prueba/TFG-ROS2/ros2_client_node/install/rosidl_typesupport_microxrcedds_c:/mnt/d/prueba/TFG-ROS2/ros2_client_node/install/microcdr:/mnt/d/prueba/TFG-ROS2/ros2_client_node/install/micro_ros_setup:/mnt/d/prueba/TFG-ROS2/ros2_agent_node/install/micro_ros_agent:/mnt/d/prueba/TFG-ROS2/ros2_agent_node/install/micro_ros_msgs:/mnt/d/prueba/TFG-ROS2/ros2_agent_node/install/micro_ros_setup:/opt/ros/humble LD_LIBRARY_PATH=/mnt/d/prueba/TFG-ROS2/ros2_client_node/install/builtin_interfaces/lib:${LD_LIBRARY_PATH} PYTHONPATH=/mnt/d/prueba/TFG-ROS2/ros2_client_node/install/builtin_interfaces/local/lib/python3.10/dist-packages:${PYTHONPATH} /usr/bin/cmake --build /mnt/d/prueba/TFG-ROS2/ros2_client_node/build/statistics_msgs -- -j12 -l12
[469.355s] Invoking command in '/mnt/d/prueba/TFG-ROS2/ros2_client_node/build/statistics_msgs': AMENT_PREFIX_PATH=/mnt/d/prueba/TFG-ROS2/ros2_client_node/install/builtin_interfaces:${AMENT_PREFIX_PATH} CMAKE_PREFIX_PATH=/mnt/d/prueba/TFG-ROS2/ros2_client_node/install/builtin_interfaces:/mnt/d/prueba/TFG-ROS2/ros2_client_node/install/rosidl_typesupport_microxrcedds_cpp:/mnt/d/prueba/TFG-ROS2/ros2_client_node/install/rosidl_typesupport_microxrcedds_c:/mnt/d/prueba/TFG-ROS2/ros2_client_node/install/microcdr:/mnt/d/prueba/TFG-ROS2/ros2_client_node/install/micro_ros_setup:/mnt/d/prueba/TFG-ROS2/ros2_agent_node/install/micro_ros_agent:/mnt/d/prueba/TFG-ROS2/ros2_agent_node/install/micro_ros_msgs:/mnt/d/prueba/TFG-ROS2/ros2_agent_node/install/micro_ros_setup:/opt/ros/humble LD_LIBRARY_PATH=/mnt/d/prueba/TFG-ROS2/ros2_client_node/install/builtin_interfaces/lib:${LD_LIBRARY_PATH} PYTHONPATH=/mnt/d/prueba/TFG-ROS2/ros2_client_node/install/builtin_interfaces/local/lib/python3.10/dist-packages:${PYTHONPATH} /usr/bin/cmake --install /mnt/d/prueba/TFG-ROS2/ros2_client_node/build/statistics_msgs
[469.939s] -- Install configuration: ""
[470.016s] -- Installing: /mnt/d/prueba/TFG-ROS2/ros2_client_node/install/statistics_msgs/share/ament_index/resource_index/rosidl_interfaces/statistics_msgs
[470.202s] -- Installing: /mnt/d/prueba/TFG-ROS2/ros2_client_node/install/statistics_msgs/include/statistics_msgs/statistics_msgs
[470.256s] -- Installing: /mnt/d/prueba/TFG-ROS2/ros2_client_node/install/statistics_msgs/include/statistics_msgs/statistics_msgs/msg
[470.323s] -- Installing: /mnt/d/prueba/TFG-ROS2/ros2_client_node/install/statistics_msgs/include/statistics_msgs/statistics_msgs/msg/detail
[470.422s] -- Installing: /mnt/d/prueba/TFG-ROS2/ros2_client_node/install/statistics_msgs/include/statistics_msgs/statistics_msgs/msg/detail/metrics_message__functions.c
[470.636s] -- Installing: /mnt/d/prueba/TFG-ROS2/ros2_client_node/install/statistics_msgs/include/statistics_msgs/statistics_msgs/msg/detail/metrics_message__functions.h
[470.835s] -- Installing: /mnt/d/prueba/TFG-ROS2/ros2_client_node/install/statistics_msgs/include/statistics_msgs/statistics_msgs/msg/detail/metrics_message__struct.h
[471.037s] -- Installing: /mnt/d/prueba/TFG-ROS2/ros2_client_node/install/statistics_msgs/include/statistics_msgs/statistics_msgs/msg/detail/metrics_message__type_support.h
[471.238s] -- Installing: /mnt/d/prueba/TFG-ROS2/ros2_client_node/install/statistics_msgs/include/statistics_msgs/statistics_msgs/msg/detail/statistic_data_point__functions.c
[471.461s] -- Installing: /mnt/d/prueba/TFG-ROS2/ros2_client_node/install/statistics_msgs/include/statistics_msgs/statistics_msgs/msg/detail/statistic_data_point__functions.h
[471.691s] -- Installing: /mnt/d/prueba/TFG-ROS2/ros2_client_node/install/statistics_msgs/include/statistics_msgs/statistics_msgs/msg/detail/statistic_data_point__struct.h
[471.928s] -- Installing: /mnt/d/prueba/TFG-ROS2/ros2_client_node/install/statistics_msgs/include/statistics_msgs/statistics_msgs/msg/detail/statistic_data_point__type_support.h
[472.204s] -- Installing: /mnt/d/prueba/TFG-ROS2/ros2_client_node/install/statistics_msgs/include/statistics_msgs/statistics_msgs/msg/detail/statistic_data_type__functions.c
[472.501s] -- Installing: /mnt/d/prueba/TFG-ROS2/ros2_client_node/install/statistics_msgs/include/statistics_msgs/statistics_msgs/msg/detail/statistic_data_type__functions.h
[472.761s] -- Installing: /mnt/d/prueba/TFG-ROS2/ros2_client_node/install/statistics_msgs/include/statistics_msgs/statistics_msgs/msg/detail/statistic_data_type__struct.h
[472.993s] -- Installing: /mnt/d/prueba/TFG-ROS2/ros2_client_node/install/statistics_msgs/include/statistics_msgs/statistics_msgs/msg/detail/statistic_data_type__type_support.h
[473.253s] -- Installing: /mnt/d/prueba/TFG-ROS2/ros2_client_node/install/statistics_msgs/include/statistics_msgs/statistics_msgs/msg/metrics_message.h
[473.507s] -- Installing: /mnt/d/prueba/TFG-ROS2/ros2_client_node/install/statistics_msgs/include/statistics_msgs/statistics_msgs/msg/rosidl_generator_c__visibility_control.h
[473.754s] -- Installing: /mnt/d/prueba/TFG-ROS2/ros2_client_node/install/statistics_msgs/include/statistics_msgs/statistics_msgs/msg/statistic_data_point.h
[474.045s] -- Installing: /mnt/d/prueba/TFG-ROS2/ros2_client_node/install/statistics_msgs/include/statistics_msgs/statistics_msgs/msg/statistic_data_type.h
[474.303s] -- Installing: /mnt/d/prueba/TFG-ROS2/ros2_client_node/install/statistics_msgs/share/statistics_msgs/environment/library_path.sh
[474.481s] -- Installing: /mnt/d/prueba/TFG-ROS2/ros2_client_node/install/statistics_msgs/share/statistics_msgs/environment/library_path.dsv
[474.704s] -- Installing: /mnt/d/prueba/TFG-ROS2/ros2_client_node/install/statistics_msgs/lib/libstatistics_msgs__rosidl_generator_c.so
[475.028s] -- Set runtime path of "/mnt/d/prueba/TFG-ROS2/ros2_client_node/install/statistics_msgs/lib/libstatistics_msgs__rosidl_generator_c.so" to ""
[475.056s] -- Up-to-date: /mnt/d/prueba/TFG-ROS2/ros2_client_node/install/statistics_msgs/include/statistics_msgs/statistics_msgs
[475.121s] -- Up-to-date: /mnt/d/prueba/TFG-ROS2/ros2_client_node/install/statistics_msgs/include/statistics_msgs/statistics_msgs/msg
[475.197s] -- Up-to-date: /mnt/d/prueba/TFG-ROS2/ros2_client_node/install/statistics_msgs/include/statistics_msgs/statistics_msgs/msg/detail
[475.300s] -- Installing: /mnt/d/prueba/TFG-ROS2/ros2_client_node/install/statistics_msgs/include/statistics_msgs/statistics_msgs/msg/detail/metrics_message__rosidl_typesupport_fastrtps_c.h
[475.585s] -- Installing: /mnt/d/prueba/TFG-ROS2/ros2_client_node/install/statistics_msgs/include/statistics_msgs/statistics_msgs/msg/detail/statistic_data_point__rosidl_typesupport_fastrtps_c.h
[475.877s] -- Installing: /mnt/d/prueba/TFG-ROS2/ros2_client_node/install/statistics_msgs/include/statistics_msgs/statistics_msgs/msg/detail/statistic_data_type__rosidl_typesupport_fastrtps_c.h
[476.163s] -- Installing: /mnt/d/prueba/TFG-ROS2/ros2_client_node/install/statistics_msgs/include/statistics_msgs/statistics_msgs/msg/rosidl_typesupport_fastrtps_c__visibility_control.h
[476.393s] -- Installing: /mnt/d/prueba/TFG-ROS2/ros2_client_node/install/statistics_msgs/lib/libstatistics_msgs__rosidl_typesupport_fastrtps_c.so
[476.655s] -- Set runtime path of "/mnt/d/prueba/TFG-ROS2/ros2_client_node/install/statistics_msgs/lib/libstatistics_msgs__rosidl_typesupport_fastrtps_c.so" to ""
[476.680s] -- Up-to-date: /mnt/d/prueba/TFG-ROS2/ros2_client_node/install/statistics_msgs/include/statistics_msgs/statistics_msgs
[476.748s] -- Up-to-date: /mnt/d/prueba/TFG-ROS2/ros2_client_node/install/statistics_msgs/include/statistics_msgs/statistics_msgs/msg
[476.839s] -- Up-to-date: /mnt/d/prueba/TFG-ROS2/ros2_client_node/install/statistics_msgs/include/statistics_msgs/statistics_msgs/msg/detail
[476.954s] -- Installing: /mnt/d/prueba/TFG-ROS2/ros2_client_node/install/statistics_msgs/include/statistics_msgs/statistics_msgs/msg/detail/metrics_message__builder.hpp
[477.271s] -- Installing: /mnt/d/prueba/TFG-ROS2/ros2_client_node/install/statistics_msgs/include/statistics_msgs/statistics_msgs/msg/detail/metrics_message__struct.hpp
[477.567s] -- Installing: /mnt/d/prueba/TFG-ROS2/ros2_client_node/install/statistics_msgs/include/statistics_msgs/statistics_msgs/msg/detail/metrics_message__traits.hpp
[477.878s] -- Installing: /mnt/d/prueba/TFG-ROS2/ros2_client_node/install/statistics_msgs/include/statistics_msgs/statistics_msgs/msg/detail/statistic_data_point__builder.hpp
[478.170s] -- Installing: /mnt/d/prueba/TFG-ROS2/ros2_client_node/install/statistics_msgs/include/statistics_msgs/statistics_msgs/msg/detail/statistic_data_point__struct.hpp
[478.491s] -- Installing: /mnt/d/prueba/TFG-ROS2/ros2_client_node/install/statistics_msgs/include/statistics_msgs/statistics_msgs/msg/detail/statistic_data_point__traits.hpp
[478.834s] -- Installing: /mnt/d/prueba/TFG-ROS2/ros2_client_node/install/statistics_msgs/include/statistics_msgs/statistics_msgs/msg/detail/statistic_data_type__builder.hpp
[479.148s] -- Installing: /mnt/d/prueba/TFG-ROS2/ros2_client_node/install/statistics_msgs/include/statistics_msgs/statistics_msgs/msg/detail/statistic_data_type__struct.hpp
[479.447s] -- Installing: /mnt/d/prueba/TFG-ROS2/ros2_client_node/install/statistics_msgs/include/statistics_msgs/statistics_msgs/msg/detail/statistic_data_type__traits.hpp
[479.790s] -- Installing: /mnt/d/prueba/TFG-ROS2/ros2_client_node/install/statistics_msgs/include/statistics_msgs/statistics_msgs/msg/metrics_message.hpp
[480.037s] -- Installing: /mnt/d/prueba/TFG-ROS2/ros2_client_node/install/statistics_msgs/include/statistics_msgs/statistics_msgs/msg/statistic_data_point.hpp
[480.289s] -- Installing: /mnt/d/prueba/TFG-ROS2/ros2_client_node/install/statistics_msgs/include/statistics_msgs/statistics_msgs/msg/statistic_data_type.hpp
[480.495s] -- Up-to-date: /mnt/d/prueba/TFG-ROS2/ros2_client_node/install/statistics_msgs/include/statistics_msgs/statistics_msgs
[480.554s] -- Up-to-date: /mnt/d/prueba/TFG-ROS2/ros2_client_node/install/statistics_msgs/include/statistics_msgs/statistics_msgs/msg
[480.621s] -- Up-to-date: /mnt/d/prueba/TFG-ROS2/ros2_client_node/install/statistics_msgs/include/statistics_msgs/statistics_msgs/msg/detail
[480.696s] -- Installing: /mnt/d/prueba/TFG-ROS2/ros2_client_node/install/statistics_msgs/include/statistics_msgs/statistics_msgs/msg/detail/dds_fastrtps
[480.832s] -- Installing: /mnt/d/prueba/TFG-ROS2/ros2_client_node/install/statistics_msgs/include/statistics_msgs/statistics_msgs/msg/detail/metrics_message__rosidl_typesupport_fastrtps_cpp.hpp
[481.102s] -- Installing: /mnt/d/prueba/TFG-ROS2/ros2_client_node/install/statistics_msgs/include/statistics_msgs/statistics_msgs/msg/detail/statistic_data_point__rosidl_typesupport_fastrtps_cpp.hpp
[481.369s] -- Installing: /mnt/d/prueba/TFG-ROS2/ros2_client_node/install/statistics_msgs/include/statistics_msgs/statistics_msgs/msg/detail/statistic_data_type__rosidl_typesupport_fastrtps_cpp.hpp
[481.606s] -- Installing: /mnt/d/prueba/TFG-ROS2/ros2_client_node/install/statistics_msgs/include/statistics_msgs/statistics_msgs/msg/rosidl_typesupport_fastrtps_cpp__visibility_control.h
[481.807s] -- Installing: /mnt/d/prueba/TFG-ROS2/ros2_client_node/install/statistics_msgs/lib/libstatistics_msgs__rosidl_typesupport_fastrtps_cpp.so
[482.067s] -- Set runtime path of "/mnt/d/prueba/TFG-ROS2/ros2_client_node/install/statistics_msgs/lib/libstatistics_msgs__rosidl_typesupport_fastrtps_cpp.so" to ""
[482.095s] -- Up-to-date: /mnt/d/prueba/TFG-ROS2/ros2_client_node/install/statistics_msgs/include/statistics_msgs
[482.151s] -- Installing: /mnt/d/prueba/TFG-ROS2/ros2_client_node/install/statistics_msgs/include/statistics_msgs/msg
[482.224s] -- Installing: /mnt/d/prueba/TFG-ROS2/ros2_client_node/install/statistics_msgs/include/statistics_msgs/msg/detail
[482.326s] -- Installing: /mnt/d/prueba/TFG-ROS2/ros2_client_node/install/statistics_msgs/include/statistics_msgs/msg/detail/metrics_message__rosidl_typesupport_microxrcedds_c.h
[482.556s] -- Installing: /mnt/d/prueba/TFG-ROS2/ros2_client_node/install/statistics_msgs/include/statistics_msgs/msg/detail/microxrcedds
[482.681s] -- Installing: /mnt/d/prueba/TFG-ROS2/ros2_client_node/install/statistics_msgs/include/statistics_msgs/msg/detail/statistic_data_point__rosidl_typesupport_microxrcedds_c.h
[482.935s] -- Installing: /mnt/d/prueba/TFG-ROS2/ros2_client_node/install/statistics_msgs/include/statistics_msgs/msg/detail/statistic_data_type__rosidl_typesupport_microxrcedds_c.h
[483.163s] -- Installing: /mnt/d/prueba/TFG-ROS2/ros2_client_node/install/statistics_msgs/include/statistics_msgs/msg/rosidl_typesupport_microxrcedds_c__visibility_control.h
[483.349s] -- Installing: /mnt/d/prueba/TFG-ROS2/ros2_client_node/install/statistics_msgs/lib/libstatistics_msgs__rosidl_typesupport_microxrcedds_c.so
[483.632s] -- Set runtime path of "/mnt/d/prueba/TFG-ROS2/ros2_client_node/install/statistics_msgs/lib/libstatistics_msgs__rosidl_typesupport_microxrcedds_c.so" to ""
[483.660s] -- Up-to-date: /mnt/d/prueba/TFG-ROS2/ros2_client_node/install/statistics_msgs/include/statistics_msgs/statistics_msgs
[483.720s] -- Up-to-date: /mnt/d/prueba/TFG-ROS2/ros2_client_node/install/statistics_msgs/include/statistics_msgs/statistics_msgs/msg
[483.802s] -- Up-to-date: /mnt/d/prueba/TFG-ROS2/ros2_client_node/install/statistics_msgs/include/statistics_msgs/statistics_msgs/msg/detail
[483.917s] -- Installing: /mnt/d/prueba/TFG-ROS2/ros2_client_node/install/statistics_msgs/include/statistics_msgs/statistics_msgs/msg/detail/metrics_message__rosidl_typesupport_introspection_c.h
[484.205s] -- Installing: /mnt/d/prueba/TFG-ROS2/ros2_client_node/install/statistics_msgs/include/statistics_msgs/statistics_msgs/msg/detail/metrics_message__type_support.c
[484.510s] -- Installing: /mnt/d/prueba/TFG-ROS2/ros2_client_node/install/statistics_msgs/include/statistics_msgs/statistics_msgs/msg/detail/statistic_data_point__rosidl_typesupport_introspection_c.h
[484.794s] -- Installing: /mnt/d/prueba/TFG-ROS2/ros2_client_node/install/statistics_msgs/include/statistics_msgs/statistics_msgs/msg/detail/statistic_data_point__type_support.c
[485.053s] -- Installing: /mnt/d/prueba/TFG-ROS2/ros2_client_node/install/statistics_msgs/include/statistics_msgs/statistics_msgs/msg/detail/statistic_data_type__rosidl_typesupport_introspection_c.h
[485.304s] -- Installing: /mnt/d/prueba/TFG-ROS2/ros2_client_node/install/statistics_msgs/include/statistics_msgs/statistics_msgs/msg/detail/statistic_data_type__type_support.c
[485.587s] -- Installing: /mnt/d/prueba/TFG-ROS2/ros2_client_node/install/statistics_msgs/include/statistics_msgs/statistics_msgs/msg/rosidl_typesupport_introspection_c__visibility_control.h
[485.800s] -- Installing: /mnt/d/prueba/TFG-ROS2/ros2_client_node/install/statistics_msgs/lib/libstatistics_msgs__rosidl_typesupport_introspection_c.so
[486.038s] -- Set runtime path of "/mnt/d/prueba/TFG-ROS2/ros2_client_node/install/statistics_msgs/lib/libstatistics_msgs__rosidl_typesupport_introspection_c.so" to ""
[486.071s] -- Installing: /mnt/d/prueba/TFG-ROS2/ros2_client_node/install/statistics_msgs/lib/libstatistics_msgs__rosidl_typesupport_c.so
[486.330s] -- Set runtime path of "/mnt/d/prueba/TFG-ROS2/ros2_client_node/install/statistics_msgs/lib/libstatistics_msgs__rosidl_typesupport_c.so" to ""
[486.356s] -- Up-to-date: /mnt/d/prueba/TFG-ROS2/ros2_client_node/install/statistics_msgs/include/statistics_msgs
[486.408s] -- Up-to-date: /mnt/d/prueba/TFG-ROS2/ros2_client_node/install/statistics_msgs/include/statistics_msgs/msg
[486.480s] -- Up-to-date: /mnt/d/prueba/TFG-ROS2/ros2_client_node/install/statistics_msgs/include/statistics_msgs/msg/detail
[486.580s] -- Installing: /mnt/d/prueba/TFG-ROS2/ros2_client_node/install/statistics_msgs/include/statistics_msgs/msg/detail/metrics_message__rosidl_typesupport_microxrcedds_cpp.hpp
[486.835s] -- Up-to-date: /mnt/d/prueba/TFG-ROS2/ros2_client_node/install/statistics_msgs/include/statistics_msgs/msg/detail/microxrcedds
[486.942s] -- Installing: /mnt/d/prueba/TFG-ROS2/ros2_client_node/install/statistics_msgs/include/statistics_msgs/msg/detail/microxrcedds/metrics_message__type_support_cpp.cpp
[487.214s] -- Installing: /mnt/d/prueba/TFG-ROS2/ros2_client_node/install/statistics_msgs/include/statistics_msgs/msg/detail/microxrcedds/statistic_data_point__type_support_cpp.cpp
[487.486s] -- Installing: /mnt/d/prueba/TFG-ROS2/ros2_client_node/install/statistics_msgs/include/statistics_msgs/msg/detail/microxrcedds/statistic_data_type__type_support_cpp.cpp
[487.724s] -- Installing: /mnt/d/prueba/TFG-ROS2/ros2_client_node/install/statistics_msgs/include/statistics_msgs/msg/detail/statistic_data_point__rosidl_typesupport_microxrcedds_cpp.hpp
[487.919s] -- Installing: /mnt/d/prueba/TFG-ROS2/ros2_client_node/install/statistics_msgs/include/statistics_msgs/msg/detail/statistic_data_type__rosidl_typesupport_microxrcedds_cpp.hpp
[488.085s] -- Installing: /mnt/d/prueba/TFG-ROS2/ros2_client_node/install/statistics_msgs/include/statistics_msgs/msg/rosidl_typesupport_microxrcedds_cpp__visibility_control.h
[488.220s] -- Installing: /mnt/d/prueba/TFG-ROS2/ros2_client_node/install/statistics_msgs/lib/libstatistics_msgs__rosidl_typesupport_microxrcedds_cpp.so
[488.414s] -- Set runtime path of "/mnt/d/prueba/TFG-ROS2/ros2_client_node/install/statistics_msgs/lib/libstatistics_msgs__rosidl_typesupport_microxrcedds_cpp.so" to ""
[488.435s] -- Up-to-date: /mnt/d/prueba/TFG-ROS2/ros2_client_node/install/statistics_msgs/include/statistics_msgs/statistics_msgs
[488.482s] -- Up-to-date: /mnt/d/prueba/TFG-ROS2/ros2_client_node/install/statistics_msgs/include/statistics_msgs/statistics_msgs/msg
[488.545s] -- Up-to-date: /mnt/d/prueba/TFG-ROS2/ros2_client_node/install/statistics_msgs/include/statistics_msgs/statistics_msgs/msg/detail
[488.640s] -- Installing: /mnt/d/prueba/TFG-ROS2/ros2_client_node/install/statistics_msgs/include/statistics_msgs/statistics_msgs/msg/detail/metrics_message__rosidl_typesupport_introspection_cpp.hpp
[488.875s] -- Installing: /mnt/d/prueba/TFG-ROS2/ros2_client_node/install/statistics_msgs/include/statistics_msgs/statistics_msgs/msg/detail/metrics_message__type_support.cpp
[489.073s] -- Installing: /mnt/d/prueba/TFG-ROS2/ros2_client_node/install/statistics_msgs/include/statistics_msgs/statistics_msgs/msg/detail/statistic_data_point__rosidl_typesupport_introspection_cpp.hpp
[489.256s] -- Installing: /mnt/d/prueba/TFG-ROS2/ros2_client_node/install/statistics_msgs/include/statistics_msgs/statistics_msgs/msg/detail/statistic_data_point__type_support.cpp
[489.466s] -- Installing: /mnt/d/prueba/TFG-ROS2/ros2_client_node/install/statistics_msgs/include/statistics_msgs/statistics_msgs/msg/detail/statistic_data_type__rosidl_typesupport_introspection_cpp.hpp
[489.709s] -- Installing: /mnt/d/prueba/TFG-ROS2/ros2_client_node/install/statistics_msgs/include/statistics_msgs/statistics_msgs/msg/detail/statistic_data_type__type_support.cpp
[489.909s] -- Installing: /mnt/d/prueba/TFG-ROS2/ros2_client_node/install/statistics_msgs/lib/libstatistics_msgs__rosidl_typesupport_introspection_cpp.so
[490.085s] -- Set runtime path of "/mnt/d/prueba/TFG-ROS2/ros2_client_node/install/statistics_msgs/lib/libstatistics_msgs__rosidl_typesupport_introspection_cpp.so" to ""
[490.110s] -- Installing: /mnt/d/prueba/TFG-ROS2/ros2_client_node/install/statistics_msgs/lib/libstatistics_msgs__rosidl_typesupport_cpp.so
[490.280s] -- Set runtime path of "/mnt/d/prueba/TFG-ROS2/ros2_client_node/install/statistics_msgs/lib/libstatistics_msgs__rosidl_typesupport_cpp.so" to ""
[490.307s] -- Installing: /mnt/d/prueba/TFG-ROS2/ros2_client_node/install/statistics_msgs/share/statistics_msgs/environment/pythonpath.sh
[490.418s] -- Installing: /mnt/d/prueba/TFG-ROS2/ros2_client_node/install/statistics_msgs/share/statistics_msgs/environment/pythonpath.dsv
[490.515s] -- Installing: /mnt/d/prueba/TFG-ROS2/ros2_client_node/install/statistics_msgs/local/lib/python3.10/dist-packages/statistics_msgs-1.2.1-py3.10.egg-info
[490.578s] -- Installing: /mnt/d/prueba/TFG-ROS2/ros2_client_node/install/statistics_msgs/local/lib/python3.10/dist-packages/statistics_msgs-1.2.1-py3.10.egg-info/dependency_links.txt
[490.723s] -- Installing: /mnt/d/prueba/TFG-ROS2/ros2_client_node/install/statistics_msgs/local/lib/python3.10/dist-packages/statistics_msgs-1.2.1-py3.10.egg-info/PKG-INFO
[490.898s] -- Installing: /mnt/d/prueba/TFG-ROS2/ros2_client_node/install/statistics_msgs/local/lib/python3.10/dist-packages/statistics_msgs-1.2.1-py3.10.egg-info/SOURCES.txt
[491.061s] -- Installing: /mnt/d/prueba/TFG-ROS2/ros2_client_node/install/statistics_msgs/local/lib/python3.10/dist-packages/statistics_msgs-1.2.1-py3.10.egg-info/top_level.txt
[491.203s] -- Installing: /mnt/d/prueba/TFG-ROS2/ros2_client_node/install/statistics_msgs/local/lib/python3.10/dist-packages/statistics_msgs
[491.267s] -- Installing: /mnt/d/prueba/TFG-ROS2/ros2_client_node/install/statistics_msgs/local/lib/python3.10/dist-packages/statistics_msgs/libstatistics_msgs__rosidl_generator_py.so
[491.408s] -- Installing: /mnt/d/prueba/TFG-ROS2/ros2_client_node/install/statistics_msgs/local/lib/python3.10/dist-packages/statistics_msgs/msg
[491.485s] -- Installing: /mnt/d/prueba/TFG-ROS2/ros2_client_node/install/statistics_msgs/local/lib/python3.10/dist-packages/statistics_msgs/msg/_metrics_message.py
[491.639s] -- Installing: /mnt/d/prueba/TFG-ROS2/ros2_client_node/install/statistics_msgs/local/lib/python3.10/dist-packages/statistics_msgs/msg/_metrics_message_s.c
[491.800s] -- Installing: /mnt/d/prueba/TFG-ROS2/ros2_client_node/install/statistics_msgs/local/lib/python3.10/dist-packages/statistics_msgs/msg/_statistic_data_point.py
[491.946s] -- Installing: /mnt/d/prueba/TFG-ROS2/ros2_client_node/install/statistics_msgs/local/lib/python3.10/dist-packages/statistics_msgs/msg/_statistic_data_point_s.c
[492.107s] -- Installing: /mnt/d/prueba/TFG-ROS2/ros2_client_node/install/statistics_msgs/local/lib/python3.10/dist-packages/statistics_msgs/msg/_statistic_data_type.py
[492.257s] -- Installing: /mnt/d/prueba/TFG-ROS2/ros2_client_node/install/statistics_msgs/local/lib/python3.10/dist-packages/statistics_msgs/msg/_statistic_data_type_s.c
[492.417s] -- Installing: /mnt/d/prueba/TFG-ROS2/ros2_client_node/install/statistics_msgs/local/lib/python3.10/dist-packages/statistics_msgs/msg/__init__.py
[492.601s] -- Installing: /mnt/d/prueba/TFG-ROS2/ros2_client_node/install/statistics_msgs/local/lib/python3.10/dist-packages/statistics_msgs/statistics_msgs_s__rosidl_typesupport_c.cpython-310-x86_64-linux-gnu.so
[492.769s] -- Installing: /mnt/d/prueba/TFG-ROS2/ros2_client_node/install/statistics_msgs/local/lib/python3.10/dist-packages/statistics_msgs/statistics_msgs_s__rosidl_typesupport_fastrtps_c.cpython-310-x86_64-linux-gnu.so
[492.911s] -- Installing: /mnt/d/prueba/TFG-ROS2/ros2_client_node/install/statistics_msgs/local/lib/python3.10/dist-packages/statistics_msgs/statistics_msgs_s__rosidl_typesupport_introspection_c.cpython-310-x86_64-linux-gnu.so
[493.047s] -- Installing: /mnt/d/prueba/TFG-ROS2/ros2_client_node/install/statistics_msgs/local/lib/python3.10/dist-packages/statistics_msgs/statistics_msgs_s__rosidl_typesupport_microxrcedds_c.cpython-310-x86_64-linux-gnu.so
[493.200s] -- Installing: /mnt/d/prueba/TFG-ROS2/ros2_client_node/install/statistics_msgs/local/lib/python3.10/dist-packages/statistics_msgs/_statistics_msgs_s.ep.rosidl_typesupport_c.c
[493.351s] -- Installing: /mnt/d/prueba/TFG-ROS2/ros2_client_node/install/statistics_msgs/local/lib/python3.10/dist-packages/statistics_msgs/_statistics_msgs_s.ep.rosidl_typesupport_fastrtps_c.c
[493.512s] -- Installing: /mnt/d/prueba/TFG-ROS2/ros2_client_node/install/statistics_msgs/local/lib/python3.10/dist-packages/statistics_msgs/_statistics_msgs_s.ep.rosidl_typesupport_introspection_c.c
[493.654s] -- Installing: /mnt/d/prueba/TFG-ROS2/ros2_client_node/install/statistics_msgs/local/lib/python3.10/dist-packages/statistics_msgs/_statistics_msgs_s.ep.rosidl_typesupport_microxrcedds_c.c
[493.801s] -- Installing: /mnt/d/prueba/TFG-ROS2/ros2_client_node/install/statistics_msgs/local/lib/python3.10/dist-packages/statistics_msgs/__init__.py
[496.088s] Listing '/mnt/d/prueba/TFG-ROS2/ros2_client_node/install/statistics_msgs/local/lib/python3.10/dist-packages/statistics_msgs'...
[496.091s] Compiling '/mnt/d/prueba/TFG-ROS2/ros2_client_node/install/statistics_msgs/local/lib/python3.10/dist-packages/statistics_msgs/__init__.py'...
[496.093s] Listing '/mnt/d/prueba/TFG-ROS2/ros2_client_node/install/statistics_msgs/local/lib/python3.10/dist-packages/statistics_msgs/msg'...
[496.094s] Compiling '/mnt/d/prueba/TFG-ROS2/ros2_client_node/install/statistics_msgs/local/lib/python3.10/dist-packages/statistics_msgs/msg/__init__.py'...
[496.097s] Compiling '/mnt/d/prueba/TFG-ROS2/ros2_client_node/install/statistics_msgs/local/lib/python3.10/dist-packages/statistics_msgs/msg/_metrics_message.py'...
[496.099s] Compiling '/mnt/d/prueba/TFG-ROS2/ros2_client_node/install/statistics_msgs/local/lib/python3.10/dist-packages/statistics_msgs/msg/_statistic_data_point.py'...
[496.101s] Compiling '/mnt/d/prueba/TFG-ROS2/ros2_client_node/install/statistics_msgs/local/lib/python3.10/dist-packages/statistics_msgs/msg/_statistic_data_type.py'...
[496.238s] -- Installing: /mnt/d/prueba/TFG-ROS2/ros2_client_node/install/statistics_msgs/local/lib/python3.10/dist-packages/statistics_msgs/statistics_msgs_s__rosidl_typesupport_microxrcedds_c.cpython-310-x86_64-linux-gnu.so
[496.552s] -- Set runtime path of "/mnt/d/prueba/TFG-ROS2/ros2_client_node/install/statistics_msgs/local/lib/python3.10/dist-packages/statistics_msgs/statistics_msgs_s__rosidl_typesupport_microxrcedds_c.cpython-310-x86_64-linux-gnu.so" to ""
[496.704s] -- Installing: /mnt/d/prueba/TFG-ROS2/ros2_client_node/install/statistics_msgs/local/lib/python3.10/dist-packages/statistics_msgs/statistics_msgs_s__rosidl_typesupport_fastrtps_c.cpython-310-x86_64-linux-gnu.so
[497.007s] -- Set runtime path of "/mnt/d/prueba/TFG-ROS2/ros2_client_node/install/statistics_msgs/local/lib/python3.10/dist-packages/statistics_msgs/statistics_msgs_s__rosidl_typesupport_fastrtps_c.cpython-310-x86_64-linux-gnu.so" to ""
[497.158s] -- Installing: /mnt/d/prueba/TFG-ROS2/ros2_client_node/install/statistics_msgs/local/lib/python3.10/dist-packages/statistics_msgs/statistics_msgs_s__rosidl_typesupport_introspection_c.cpython-310-x86_64-linux-gnu.so
[497.455s] -- Set runtime path of "/mnt/d/prueba/TFG-ROS2/ros2_client_node/install/statistics_msgs/local/lib/python3.10/dist-packages/statistics_msgs/statistics_msgs_s__rosidl_typesupport_introspection_c.cpython-310-x86_64-linux-gnu.so" to ""
[497.610s] -- Installing: /mnt/d/prueba/TFG-ROS2/ros2_client_node/install/statistics_msgs/local/lib/python3.10/dist-packages/statistics_msgs/statistics_msgs_s__rosidl_typesupport_c.cpython-310-x86_64-linux-gnu.so
[497.912s] -- Set runtime path of "/mnt/d/prueba/TFG-ROS2/ros2_client_node/install/statistics_msgs/local/lib/python3.10/dist-packages/statistics_msgs/statistics_msgs_s__rosidl_typesupport_c.cpython-310-x86_64-linux-gnu.so" to ""
[497.948s] -- Installing: /mnt/d/prueba/TFG-ROS2/ros2_client_node/install/statistics_msgs/lib/libstatistics_msgs__rosidl_generator_py.so
[498.179s] -- Set runtime path of "/mnt/d/prueba/TFG-ROS2/ros2_client_node/install/statistics_msgs/lib/libstatistics_msgs__rosidl_generator_py.so" to ""
[498.232s] -- Installing: /mnt/d/prueba/TFG-ROS2/ros2_client_node/install/statistics_msgs/share/statistics_msgs/msg/MetricsMessage.idl
[498.409s] -- Installing: /mnt/d/prueba/TFG-ROS2/ros2_client_node/install/statistics_msgs/share/statistics_msgs/msg/StatisticDataPoint.idl
[498.681s] -- Installing: /mnt/d/prueba/TFG-ROS2/ros2_client_node/install/statistics_msgs/share/statistics_msgs/msg/StatisticDataType.idl
[499.056s] -- Installing: /mnt/d/prueba/TFG-ROS2/ros2_client_node/install/statistics_msgs/share/statistics_msgs/msg/MetricsMessage.msg
[499.444s] -- Installing: /mnt/d/prueba/TFG-ROS2/ros2_client_node/install/statistics_msgs/share/statistics_msgs/msg/StatisticDataPoint.msg
[499.717s] -- Installing: /mnt/d/prueba/TFG-ROS2/ros2_client_node/install/statistics_msgs/share/statistics_msgs/msg/StatisticDataType.msg
[500.019s] -- Installing: /mnt/d/prueba/TFG-ROS2/ros2_client_node/install/statistics_msgs/share/ament_index/resource_index/package_run_dependencies/statistics_msgs
[500.387s] -- Installing: /mnt/d/prueba/TFG-ROS2/ros2_client_node/install/statistics_msgs/share/ament_index/resource_index/parent_prefix_path/statistics_msgs
[500.644s] -- Installing: /mnt/d/prueba/TFG-ROS2/ros2_client_node/install/statistics_msgs/share/statistics_msgs/environment/ament_prefix_path.sh
[500.832s] -- Installing: /mnt/d/prueba/TFG-ROS2/ros2_client_node/install/statistics_msgs/share/statistics_msgs/environment/ament_prefix_path.dsv
[501.009s] -- Installing: /mnt/d/prueba/TFG-ROS2/ros2_client_node/install/statistics_msgs/share/statistics_msgs/environment/path.sh
[501.163s] -- Installing: /mnt/d/prueba/TFG-ROS2/ros2_client_node/install/statistics_msgs/share/statistics_msgs/environment/path.dsv
[501.327s] -- Installing: /mnt/d/prueba/TFG-ROS2/ros2_client_node/install/statistics_msgs/share/statistics_msgs/local_setup.bash
[501.479s] -- Installing: /mnt/d/prueba/TFG-ROS2/ros2_client_node/install/statistics_msgs/share/statistics_msgs/local_setup.sh
[501.625s] -- Installing: /mnt/d/prueba/TFG-ROS2/ros2_client_node/install/statistics_msgs/share/statistics_msgs/local_setup.zsh
[501.793s] -- Installing: /mnt/d/prueba/TFG-ROS2/ros2_client_node/install/statistics_msgs/share/statistics_msgs/local_setup.dsv
[501.928s] -- Installing: /mnt/d/prueba/TFG-ROS2/ros2_client_node/install/statistics_msgs/share/statistics_msgs/package.dsv
[502.150s] -- Installing: /mnt/d/prueba/TFG-ROS2/ros2_client_node/install/statistics_msgs/share/ament_index/resource_index/packages/statistics_msgs
[502.487s] -- Installing: /mnt/d/prueba/TFG-ROS2/ros2_client_node/install/statistics_msgs/share/statistics_msgs/cmake/export_statistics_msgs__rosidl_generator_cExport.cmake
[502.827s] -- Installing: /mnt/d/prueba/TFG-ROS2/ros2_client_node/install/statistics_msgs/share/statistics_msgs/cmake/export_statistics_msgs__rosidl_generator_cExport-noconfig.cmake
[503.271s] -- Installing: /mnt/d/prueba/TFG-ROS2/ros2_client_node/install/statistics_msgs/share/statistics_msgs/cmake/export_statistics_msgs__rosidl_typesupport_fastrtps_cExport.cmake
[503.934s] -- Installing: /mnt/d/prueba/TFG-ROS2/ros2_client_node/install/statistics_msgs/share/statistics_msgs/cmake/export_statistics_msgs__rosidl_typesupport_fastrtps_cExport-noconfig.cmake
[504.554s] -- Installing: /mnt/d/prueba/TFG-ROS2/ros2_client_node/install/statistics_msgs/share/statistics_msgs/cmake/export_statistics_msgs__rosidl_generator_cppExport.cmake
[505.167s] -- Installing: /mnt/d/prueba/TFG-ROS2/ros2_client_node/install/statistics_msgs/share/statistics_msgs/cmake/export_statistics_msgs__rosidl_typesupport_fastrtps_cppExport.cmake
[505.845s] -- Installing: /mnt/d/prueba/TFG-ROS2/ros2_client_node/install/statistics_msgs/share/statistics_msgs/cmake/export_statistics_msgs__rosidl_typesupport_fastrtps_cppExport-noconfig.cmake
[506.404s] -- Installing: /mnt/d/prueba/TFG-ROS2/ros2_client_node/install/statistics_msgs/share/statistics_msgs/cmake/statistics_msgs__rosidl_typesupport_introspection_cExport.cmake
[507.091s] -- Installing: /mnt/d/prueba/TFG-ROS2/ros2_client_node/install/statistics_msgs/share/statistics_msgs/cmake/statistics_msgs__rosidl_typesupport_introspection_cExport-noconfig.cmake
[507.771s] -- Installing: /mnt/d/prueba/TFG-ROS2/ros2_client_node/install/statistics_msgs/share/statistics_msgs/cmake/statistics_msgs__rosidl_typesupport_cExport.cmake
[508.317s] -- Installing: /mnt/d/prueba/TFG-ROS2/ros2_client_node/install/statistics_msgs/share/statistics_msgs/cmake/statistics_msgs__rosidl_typesupport_cExport-noconfig.cmake
[508.863s] -- Installing: /mnt/d/prueba/TFG-ROS2/ros2_client_node/install/statistics_msgs/share/statistics_msgs/cmake/statistics_msgs__rosidl_typesupport_introspection_cppExport.cmake
[509.504s] -- Installing: /mnt/d/prueba/TFG-ROS2/ros2_client_node/install/statistics_msgs/share/statistics_msgs/cmake/statistics_msgs__rosidl_typesupport_introspection_cppExport-noconfig.cmake
[510.130s] -- Installing: /mnt/d/prueba/TFG-ROS2/ros2_client_node/install/statistics_msgs/share/statistics_msgs/cmake/statistics_msgs__rosidl_typesupport_cppExport.cmake
[510.861s] -- Installing: /mnt/d/prueba/TFG-ROS2/ros2_client_node/install/statistics_msgs/share/statistics_msgs/cmake/statistics_msgs__rosidl_typesupport_cppExport-noconfig.cmake
[511.529s] -- Installing: /mnt/d/prueba/TFG-ROS2/ros2_client_node/install/statistics_msgs/share/statistics_msgs/cmake/export_statistics_msgs__rosidl_generator_pyExport.cmake
[512.059s] -- Installing: /mnt/d/prueba/TFG-ROS2/ros2_client_node/install/statistics_msgs/share/statistics_msgs/cmake/export_statistics_msgs__rosidl_generator_pyExport-noconfig.cmake
[512.423s] -- Installing: /mnt/d/prueba/TFG-ROS2/ros2_client_node/install/statistics_msgs/share/statistics_msgs/cmake/rosidl_cmake-extras.cmake
[512.692s] -- Installing: /mnt/d/prueba/TFG-ROS2/ros2_client_node/install/statistics_msgs/share/statistics_msgs/cmake/ament_cmake_export_dependencies-extras.cmake
[512.907s] -- Installing: /mnt/d/prueba/TFG-ROS2/ros2_client_node/install/statistics_msgs/share/statistics_msgs/cmake/ament_cmake_export_include_directories-extras.cmake
[513.109s] -- Installing: /mnt/d/prueba/TFG-ROS2/ros2_client_node/install/statistics_msgs/share/statistics_msgs/cmake/ament_cmake_export_libraries-extras.cmake
[513.278s] -- Installing: /mnt/d/prueba/TFG-ROS2/ros2_client_node/install/statistics_msgs/share/statistics_msgs/cmake/ament_cmake_export_targets-extras.cmake
[513.462s] -- Installing: /mnt/d/prueba/TFG-ROS2/ros2_client_node/install/statistics_msgs/share/statistics_msgs/cmake/rosidl_cmake_export_typesupport_targets-extras.cmake
[513.677s] -- Installing: /mnt/d/prueba/TFG-ROS2/ros2_client_node/install/statistics_msgs/share/statistics_msgs/cmake/rosidl_cmake_export_typesupport_libraries-extras.cmake
[513.907s] -- Installing: /mnt/d/prueba/TFG-ROS2/ros2_client_node/install/statistics_msgs/share/statistics_msgs/cmake/statistics_msgsConfig.cmake
[514.073s] -- Installing: /mnt/d/prueba/TFG-ROS2/ros2_client_node/install/statistics_msgs/share/statistics_msgs/cmake/statistics_msgsConfig-version.cmake
[514.263s] -- Installing: /mnt/d/prueba/TFG-ROS2/ros2_client_node/install/statistics_msgs/share/statistics_msgs/package.xml
[514.448s] Invoked command in '/mnt/d/prueba/TFG-ROS2/ros2_client_node/build/statistics_msgs' returned '0': AMENT_PREFIX_PATH=/mnt/d/prueba/TFG-ROS2/ros2_client_node/install/builtin_interfaces:${AMENT_PREFIX_PATH} CMAKE_PREFIX_PATH=/mnt/d/prueba/TFG-ROS2/ros2_client_node/install/builtin_interfaces:/mnt/d/prueba/TFG-ROS2/ros2_client_node/install/rosidl_typesupport_microxrcedds_cpp:/mnt/d/prueba/TFG-ROS2/ros2_client_node/install/rosidl_typesupport_microxrcedds_c:/mnt/d/prueba/TFG-ROS2/ros2_client_node/install/microcdr:/mnt/d/prueba/TFG-ROS2/ros2_client_node/install/micro_ros_setup:/mnt/d/prueba/TFG-ROS2/ros2_agent_node/install/micro_ros_agent:/mnt/d/prueba/TFG-ROS2/ros2_agent_node/install/micro_ros_msgs:/mnt/d/prueba/TFG-ROS2/ros2_agent_node/install/micro_ros_setup:/opt/ros/humble LD_LIBRARY_PATH=/mnt/d/prueba/TFG-ROS2/ros2_client_node/install/builtin_interfaces/lib:${LD_LIBRARY_PATH} PYTHONPATH=/mnt/d/prueba/TFG-ROS2/ros2_client_node/install/builtin_interfaces/local/lib/python3.10/dist-packages:${PYTHONPATH} /usr/bin/cmake --install /mnt/d/prueba/TFG-ROS2/ros2_client_node/build/statistics_msgs
