[0.028s] Invoking command in '/home/alu0101206011/ros2_ws/src/build/cpp_pubsub': CMAKE_PREFIX_PATH=${CMAKE_PREFIX_PATH}:/opt/ros/humble /usr/bin/cmake /home/alu0101206011/ros2_ws/src/cpp_pubsub -DCMAKE_INSTALL_PREFIX=/home/alu0101206011/ros2_ws/src/install/cpp_pubsub
[0.232s] -- The C compiler identification is GNU 11.3.0
[0.842s] -- The CXX compiler identification is GNU 11.3.0
[1.290s] -- Detecting C compiler ABI info
[1.474s] -- Detecting C compiler ABI info - done
[1.483s] -- Check for working C compiler: /usr/bin/cc - skipped
[1.483s] -- Detecting C compile features
[1.483s] -- Detecting C compile features - done
[1.487s] -- Detecting CXX compiler ABI info
[1.685s] -- Detecting CXX compiler ABI info - done
[1.708s] -- Check for working CXX compiler: /usr/bin/c++ - skipped
[1.708s] -- Detecting CXX compile features
[1.709s] -- Detecting CXX compile features - done
[1.714s] -- Found ament_cmake: 1.3.3 (/opt/ros/humble/share/ament_cmake/cmake)
[1.910s] -- Found Python3: /usr/bin/python3.10 (found version "3.10.6") found components: Interpreter 
[2.023s] -- Found rclcpp: 16.0.3 (/opt/ros/humble/share/rclcpp/cmake)
[2.248s] -- Found rosidl_generator_c: 3.1.4 (/opt/ros/humble/share/rosidl_generator_c/cmake)
[2.256s] -- Found rosidl_adapter: 3.1.4 (/opt/ros/humble/share/rosidl_adapter/cmake)
[2.272s] -- Found rosidl_generator_cpp: 3.1.4 (/opt/ros/humble/share/rosidl_generator_cpp/cmake)
[2.302s] -- Using all available rosidl_typesupport_c: rosidl_typesupport_fastrtps_c;rosidl_typesupport_introspection_c
[2.332s] -- Using all available rosidl_typesupport_cpp: rosidl_typesupport_fastrtps_cpp;rosidl_typesupport_introspection_cpp
[2.438s] -- Found rmw_implementation_cmake: 6.1.1 (/opt/ros/humble/share/rmw_implementation_cmake/cmake)
[2.442s] -- Found rmw_fastrtps_cpp: 6.2.2 (/opt/ros/humble/share/rmw_fastrtps_cpp/cmake)
[3.985s] -- Found OpenSSL: /usr/lib/x86_64-linux-gnu/libcrypto.so (found version "3.0.2")  
[5.631s] -- Found FastRTPS: /opt/ros/humble/include  
[8.609s] -- Using RMW implementation 'rmw_fastrtps_cpp' as default
[8.621s] -- Looking for pthread.h
[8.801s] -- Looking for pthread.h - found
[8.801s] -- Performing Test CMAKE_HAVE_LIBC_PTHREAD
[8.996s] -- Performing Test CMAKE_HAVE_LIBC_PTHREAD - Success
[8.997s] -- Found Threads: TRUE  
[9.237s] -- Found ament_lint_auto: 0.12.5 (/opt/ros/humble/share/ament_lint_auto/cmake)
[9.321s] -- Added test 'cppcheck' to perform static code analysis on C / C++ code
[9.322s] -- Configured cppcheck include dirs: 
[9.322s] -- Configured cppcheck exclude dirs and/or files: 
[9.322s] -- Added test 'lint_cmake' to check CMake code style
[9.324s] -- Added test 'uncrustify' to check C / C++ code style
[9.324s] -- Configured uncrustify additional arguments: 
[9.325s] -- Added test 'xmllint' to check XML markup files
[9.327s] -- Configuring done
[9.338s] -- Generating done
[9.340s] -- Build files have been written to: /home/alu0101206011/ros2_ws/src/build/cpp_pubsub
[9.349s] Invoked command in '/home/alu0101206011/ros2_ws/src/build/cpp_pubsub' returned '0': CMAKE_PREFIX_PATH=${CMAKE_PREFIX_PATH}:/opt/ros/humble /usr/bin/cmake /home/alu0101206011/ros2_ws/src/cpp_pubsub -DCMAKE_INSTALL_PREFIX=/home/alu0101206011/ros2_ws/src/install/cpp_pubsub
[9.352s] Invoking command in '/home/alu0101206011/ros2_ws/src/build/cpp_pubsub': CMAKE_PREFIX_PATH=${CMAKE_PREFIX_PATH}:/opt/ros/humble /usr/bin/cmake --build /home/alu0101206011/ros2_ws/src/build/cpp_pubsub -- -j12 -l12
[9.400s] [ 50%] [32mBuilding CXX object CMakeFiles/talker.dir/src/publisher_member_function.cpp.o[0m
[14.724s] [100%] [32m[1mLinking CXX executable talker[0m
[15.046s] [100%] Built target talker
[15.058s] Invoked command in '/home/alu0101206011/ros2_ws/src/build/cpp_pubsub' returned '0': CMAKE_PREFIX_PATH=${CMAKE_PREFIX_PATH}:/opt/ros/humble /usr/bin/cmake --build /home/alu0101206011/ros2_ws/src/build/cpp_pubsub -- -j12 -l12
[15.096s] Invoking command in '/home/alu0101206011/ros2_ws/src/build/cpp_pubsub': CMAKE_PREFIX_PATH=${CMAKE_PREFIX_PATH}:/opt/ros/humble /usr/bin/cmake --install /home/alu0101206011/ros2_ws/src/build/cpp_pubsub
[15.103s] -- Install configuration: ""
[15.103s] -- Installing: /home/alu0101206011/ros2_ws/src/install/cpp_pubsub/lib/cpp_pubsub/talker
[15.105s] -- Set runtime path of "/home/alu0101206011/ros2_ws/src/install/cpp_pubsub/lib/cpp_pubsub/talker" to ""
[15.105s] -- Installing: /home/alu0101206011/ros2_ws/src/install/cpp_pubsub/share/ament_index/resource_index/package_run_dependencies/cpp_pubsub
[15.105s] -- Installing: /home/alu0101206011/ros2_ws/src/install/cpp_pubsub/share/ament_index/resource_index/parent_prefix_path/cpp_pubsub
[15.106s] -- Up-to-date: /home/alu0101206011/ros2_ws/src/install/cpp_pubsub/share/cpp_pubsub/environment/ament_prefix_path.sh
[15.106s] -- Installing: /home/alu0101206011/ros2_ws/src/install/cpp_pubsub/share/cpp_pubsub/environment/ament_prefix_path.dsv
[15.106s] -- Up-to-date: /home/alu0101206011/ros2_ws/src/install/cpp_pubsub/share/cpp_pubsub/environment/path.sh
[15.106s] -- Installing: /home/alu0101206011/ros2_ws/src/install/cpp_pubsub/share/cpp_pubsub/environment/path.dsv
[15.107s] -- Installing: /home/alu0101206011/ros2_ws/src/install/cpp_pubsub/share/cpp_pubsub/local_setup.bash
[15.107s] -- Installing: /home/alu0101206011/ros2_ws/src/install/cpp_pubsub/share/cpp_pubsub/local_setup.sh
[15.107s] -- Installing: /home/alu0101206011/ros2_ws/src/install/cpp_pubsub/share/cpp_pubsub/local_setup.zsh
[15.108s] -- Installing: /home/alu0101206011/ros2_ws/src/install/cpp_pubsub/share/cpp_pubsub/local_setup.dsv
[15.108s] -- Installing: /home/alu0101206011/ros2_ws/src/install/cpp_pubsub/share/cpp_pubsub/package.dsv
[15.108s] -- Installing: /home/alu0101206011/ros2_ws/src/install/cpp_pubsub/share/ament_index/resource_index/packages/cpp_pubsub
[15.108s] -- Installing: /home/alu0101206011/ros2_ws/src/install/cpp_pubsub/share/cpp_pubsub/cmake/cpp_pubsubConfig.cmake
[15.108s] -- Installing: /home/alu0101206011/ros2_ws/src/install/cpp_pubsub/share/cpp_pubsub/cmake/cpp_pubsubConfig-version.cmake
[15.108s] -- Up-to-date: /home/alu0101206011/ros2_ws/src/install/cpp_pubsub/share/cpp_pubsub/package.xml
[15.111s] Invoked command in '/home/alu0101206011/ros2_ws/src/build/cpp_pubsub' returned '0': CMAKE_PREFIX_PATH=${CMAKE_PREFIX_PATH}:/opt/ros/humble /usr/bin/cmake --install /home/alu0101206011/ros2_ws/src/build/cpp_pubsub
