[0.876s] Invoking command in '/mnt/d/prueba/TFG-ROS2/ros2_client_node/build/rosgraph_msgs': AMENT_PREFIX_PATH=/mnt/d/prueba/TFG-ROS2/ros2_client_node/install/builtin_interfaces:${AMENT_PREFIX_PATH} CMAKE_PREFIX_PATH=/mnt/d/prueba/TFG-ROS2/ros2_client_node/install/builtin_interfaces:/mnt/d/prueba/TFG-ROS2/ros2_client_node/install/rosidl_typesupport_microxrcedds_cpp:/mnt/d/prueba/TFG-ROS2/ros2_client_node/install/rosidl_typesupport_microxrcedds_c:/mnt/d/prueba/TFG-ROS2/ros2_client_node/install/microcdr:/mnt/d/prueba/TFG-ROS2/ros2_client_node/install/micro_ros_setup:/mnt/d/prueba/TFG-ROS2/ros2_agent_node/install/micro_ros_agent:/mnt/d/prueba/TFG-ROS2/ros2_agent_node/install/micro_ros_msgs:/mnt/d/prueba/TFG-ROS2/ros2_agent_node/install/micro_ros_setup:/opt/ros/humble LD_LIBRARY_PATH=/mnt/d/prueba/TFG-ROS2/ros2_client_node/install/builtin_interfaces/lib:${LD_LIBRARY_PATH} PYTHONPATH=/mnt/d/prueba/TFG-ROS2/ros2_client_node/install/builtin_interfaces/local/lib/python3.10/dist-packages:${PYTHONPATH} /usr/bin/cmake /mnt/d/prueba/TFG-ROS2/ros2_client_node/src/ros2/rcl_interfaces/rosgraph_msgs -DBUILD_TESTING=OFF -DBUILD_SHARED_LIBS=ON -DCMAKE_INSTALL_PREFIX=/mnt/d/prueba/TFG-ROS2/ros2_client_node/install/rosgraph_msgs
[4.551s] -- The C compiler identification is GNU 11.3.0
[6.971s] -- The CXX compiler identification is GNU 11.3.0
[7.672s] -- Detecting C compiler ABI info
[12.582s] -- Detecting C compiler ABI info - done
[12.659s] -- Check for working C compiler: /usr/bin/cc - skipped
[12.662s] -- Detecting C compile features
[12.665s] -- Detecting C compile features - done
[12.864s] -- Detecting CXX compiler ABI info
[17.935s] -- Detecting CXX compiler ABI info - done
[18.007s] -- Check for working CXX compiler: /usr/bin/c++ - skipped
[18.011s] -- Detecting CXX compile features
[18.013s] -- Detecting CXX compile features - done
[18.767s] -- Found ament_cmake: 1.3.3 (/opt/ros/humble/share/ament_cmake/cmake)
[26.554s] -- Found Python3: /usr/bin/python3.10 (found version "3.10.6") found components: Interpreter 
[35.416s] -- Found builtin_interfaces: 1.2.1 (/mnt/d/prueba/TFG-ROS2/ros2_client_node/install/builtin_interfaces/share/builtin_interfaces/cmake)
[41.104s] -- Found rosidl_generator_c: 3.1.4 (/opt/ros/humble/share/rosidl_generator_c/cmake)
[41.910s] -- Found rosidl_adapter: 3.1.4 (/opt/ros/humble/share/rosidl_adapter/cmake)
[43.127s] -- Found rosidl_generator_cpp: 3.1.4 (/opt/ros/humble/share/rosidl_generator_cpp/cmake)
[44.181s] -- Using all available rosidl_typesupport_c: rosidl_typesupport_microxrcedds_c;rosidl_typesupport_fastrtps_c;rosidl_typesupport_introspection_c
[46.911s] -- Using all available rosidl_typesupport_cpp: rosidl_typesupport_microxrcedds_cpp;rosidl_typesupport_fastrtps_cpp;rosidl_typesupport_introspection_cpp
[49.367s] -- Found rosidl_default_generators: 1.2.0 (/opt/ros/humble/share/rosidl_default_generators/cmake)
[58.804s] -- Found ament_cmake_ros: 0.10.0 (/opt/ros/humble/share/ament_cmake_ros/cmake)
[75.055s] -- Using all available rosidl_typesupport_c: rosidl_typesupport_microxrcedds_c;rosidl_typesupport_fastrtps_c;rosidl_typesupport_introspection_c
[84.063s] -- Using all available rosidl_typesupport_cpp: rosidl_typesupport_microxrcedds_cpp;rosidl_typesupport_fastrtps_cpp;rosidl_typesupport_introspection_cpp
[86.145s] -- Found PythonInterp: /usr/bin/python3 (found suitable version "3.10.6", minimum required is "3.6") 
[87.560s] -- Found python_cmake_module: 0.10.0 (/opt/ros/humble/share/python_cmake_module/cmake)
[90.062s] -- Found PythonLibs: /usr/lib/x86_64-linux-gnu/libpython3.10.so (found suitable version "3.10.6", minimum required is "3.5") 
[90.066s] -- Using PYTHON_EXECUTABLE: /usr/bin/python3
[90.071s] -- Using PYTHON_INCLUDE_DIRS: /usr/include/python3.10
[90.075s] -- Using PYTHON_LIBRARIES: /usr/lib/x86_64-linux-gnu/libpython3.10.so
[91.555s] -- Found PythonExtra: .so  
[97.873s] -- Configuring done
[106.319s] -- Generating done
[107.244s] -- Build files have been written to: /mnt/d/prueba/TFG-ROS2/ros2_client_node/build/rosgraph_msgs
[107.256s] Invoked command in '/mnt/d/prueba/TFG-ROS2/ros2_client_node/build/rosgraph_msgs' returned '0': AMENT_PREFIX_PATH=/mnt/d/prueba/TFG-ROS2/ros2_client_node/install/builtin_interfaces:${AMENT_PREFIX_PATH} CMAKE_PREFIX_PATH=/mnt/d/prueba/TFG-ROS2/ros2_client_node/install/builtin_interfaces:/mnt/d/prueba/TFG-ROS2/ros2_client_node/install/rosidl_typesupport_microxrcedds_cpp:/mnt/d/prueba/TFG-ROS2/ros2_client_node/install/rosidl_typesupport_microxrcedds_c:/mnt/d/prueba/TFG-ROS2/ros2_client_node/install/microcdr:/mnt/d/prueba/TFG-ROS2/ros2_client_node/install/micro_ros_setup:/mnt/d/prueba/TFG-ROS2/ros2_agent_node/install/micro_ros_agent:/mnt/d/prueba/TFG-ROS2/ros2_agent_node/install/micro_ros_msgs:/mnt/d/prueba/TFG-ROS2/ros2_agent_node/install/micro_ros_setup:/opt/ros/humble LD_LIBRARY_PATH=/mnt/d/prueba/TFG-ROS2/ros2_client_node/install/builtin_interfaces/lib:${LD_LIBRARY_PATH} PYTHONPATH=/mnt/d/prueba/TFG-ROS2/ros2_client_node/install/builtin_interfaces/local/lib/python3.10/dist-packages:${PYTHONPATH} /usr/bin/cmake /mnt/d/prueba/TFG-ROS2/ros2_client_node/src/ros2/rcl_interfaces/rosgraph_msgs -DBUILD_TESTING=OFF -DBUILD_SHARED_LIBS=ON -DCMAKE_INSTALL_PREFIX=/mnt/d/prueba/TFG-ROS2/ros2_client_node/install/rosgraph_msgs
[107.285s] Invoking command in '/mnt/d/prueba/TFG-ROS2/ros2_client_node/build/rosgraph_msgs': AMENT_PREFIX_PATH=/mnt/d/prueba/TFG-ROS2/ros2_client_node/install/builtin_interfaces:${AMENT_PREFIX_PATH} CMAKE_PREFIX_PATH=/mnt/d/prueba/TFG-ROS2/ros2_client_node/install/builtin_interfaces:/mnt/d/prueba/TFG-ROS2/ros2_client_node/install/rosidl_typesupport_microxrcedds_cpp:/mnt/d/prueba/TFG-ROS2/ros2_client_node/install/rosidl_typesupport_microxrcedds_c:/mnt/d/prueba/TFG-ROS2/ros2_client_node/install/microcdr:/mnt/d/prueba/TFG-ROS2/ros2_client_node/install/micro_ros_setup:/mnt/d/prueba/TFG-ROS2/ros2_agent_node/install/micro_ros_agent:/mnt/d/prueba/TFG-ROS2/ros2_agent_node/install/micro_ros_msgs:/mnt/d/prueba/TFG-ROS2/ros2_agent_node/install/micro_ros_setup:/opt/ros/humble LD_LIBRARY_PATH=/mnt/d/prueba/TFG-ROS2/ros2_client_node/install/builtin_interfaces/lib:${LD_LIBRARY_PATH} PYTHONPATH=/mnt/d/prueba/TFG-ROS2/ros2_client_node/install/builtin_interfaces/local/lib/python3.10/dist-packages:${PYTHONPATH} /usr/bin/cmake --build /mnt/d/prueba/TFG-ROS2/ros2_client_node/build/rosgraph_msgs -- -j12 -l12
[118.366s] [  2%] [34m[1mGenerating C++ code for ROS interfaces[0m
[126.419s] [  2%] Built target rosgraph_msgs__cpp
[130.465s] [  2%] Built target ament_cmake_python_copy_rosgraph_msgs
[132.225s] [  5%] [34m[1mGenerating C++ introspection for ROS interfaces[0m
[142.120s] [  7%] [32mBuilding CXX object CMakeFiles/rosgraph_msgs__rosidl_typesupport_introspection_cpp.dir/rosidl_typesupport_introspection_cpp/rosgraph_msgs/msg/detail/clock__type_support.cpp.o[0m
[152.176s] [ 10%] [32m[1mLinking CXX shared library librosgraph_msgs__rosidl_typesupport_introspection_cpp.so[0m
[155.183s] [ 10%] Built target rosgraph_msgs__rosidl_typesupport_introspection_cpp
[162.289s] running egg_info
[162.292s] creating rosgraph_msgs.egg-info
[162.297s] writing rosgraph_msgs.egg-info/PKG-INFO
[162.305s] writing dependency_links to rosgraph_msgs.egg-info/dependency_links.txt
[162.321s] writing top-level names to rosgraph_msgs.egg-info/top_level.txt
[162.330s] writing manifest file 'rosgraph_msgs.egg-info/SOURCES.txt'
[162.375s] reading manifest file 'rosgraph_msgs.egg-info/SOURCES.txt'
[162.434s] writing manifest file 'rosgraph_msgs.egg-info/SOURCES.txt'
[163.513s] [ 10%] Built target ament_cmake_python_build_rosgraph_msgs_egg
[164.964s] [ 12%] [34m[1mGenerating C++ type support for eProsima Micro XRCE-DDS[0m
[171.807s] [ 15%] [32mBuilding CXX object CMakeFiles/rosgraph_msgs__rosidl_typesupport_microxrcedds_cpp.dir/rosidl_typesupport_microxrcedds_cpp/rosgraph_msgs/msg/detail/microxrcedds/clock__type_support_cpp.cpp.o[0m
[181.794s] [ 17%] [32m[1mLinking CXX shared library librosgraph_msgs__rosidl_typesupport_microxrcedds_cpp.so[0m
[184.544s] [ 17%] Built target rosgraph_msgs__rosidl_typesupport_microxrcedds_cpp
[185.582s] [ 20%] [34m[1mGenerating C++ type support for eProsima Fast-RTPS[0m
[191.367s] [ 23%] [32mBuilding CXX object CMakeFiles/rosgraph_msgs__rosidl_typesupport_fastrtps_cpp.dir/rosidl_typesupport_fastrtps_cpp/rosgraph_msgs/msg/detail/dds_fastrtps/clock__type_support.cpp.o[0m
[198.847s] [ 25%] [32m[1mLinking CXX shared library librosgraph_msgs__rosidl_typesupport_fastrtps_cpp.so[0m
[202.669s] [ 25%] Built target rosgraph_msgs__rosidl_typesupport_fastrtps_cpp
[204.053s] [ 28%] [34m[1mGenerating C++ type support dispatch for ROS interfaces[0m
[210.136s] [ 30%] [32mBuilding CXX object CMakeFiles/rosgraph_msgs__rosidl_typesupport_cpp.dir/rosidl_typesupport_cpp/rosgraph_msgs/msg/clock__type_support.cpp.o[0m
[214.183s] [ 33%] [32m[1mLinking CXX shared library librosgraph_msgs__rosidl_typesupport_cpp.so[0m
[217.487s] [ 33%] Built target rosgraph_msgs__rosidl_typesupport_cpp
[219.383s] [ 35%] [34m[1mGenerating C code for ROS interfaces[0m
[229.273s] [ 38%] [32mBuilding C object CMakeFiles/rosgraph_msgs__rosidl_generator_c.dir/rosidl_generator_c/rosgraph_msgs/msg/detail/clock__functions.c.o[0m
[232.281s] [ 41%] [32m[1mLinking C shared library librosgraph_msgs__rosidl_generator_c.so[0m
[234.667s] [ 41%] Built target rosgraph_msgs__rosidl_generator_c
[235.800s] [ 43%] [34m[1mGenerating C type support for eProsima Fast-RTPS[0m
[241.348s] [ 46%] [32mBuilding CXX object CMakeFiles/rosgraph_msgs__rosidl_typesupport_fastrtps_c.dir/rosidl_typesupport_fastrtps_c/rosgraph_msgs/msg/detail/clock__type_support_c.cpp.o[0m
[246.478s] [ 48%] [32m[1mLinking CXX shared library librosgraph_msgs__rosidl_typesupport_fastrtps_c.so[0m
[250.095s] [ 48%] Built target rosgraph_msgs__rosidl_typesupport_fastrtps_c
[251.289s] [ 51%] [34m[1mGenerating C type support dispatch for ROS interfaces[0m
[256.696s] [ 53%] [32mBuilding CXX object CMakeFiles/rosgraph_msgs__rosidl_typesupport_c.dir/rosidl_typesupport_c/rosgraph_msgs/msg/clock__type_support.cpp.o[0m
[259.247s] [ 56%] [32m[1mLinking CXX shared library librosgraph_msgs__rosidl_typesupport_c.so[0m
[262.665s] [ 56%] Built target rosgraph_msgs__rosidl_typesupport_c
[264.083s] [ 58%] [34m[1mGenerating C introspection for ROS interfaces[0m
[270.785s] [ 61%] [32mBuilding C object CMakeFiles/rosgraph_msgs__rosidl_typesupport_introspection_c.dir/rosidl_typesupport_introspection_c/rosgraph_msgs/msg/detail/clock__type_support.c.o[0m
[274.377s] [ 64%] [32m[1mLinking C shared library librosgraph_msgs__rosidl_typesupport_introspection_c.so[0m
[277.388s] [ 64%] Built target rosgraph_msgs__rosidl_typesupport_introspection_c
[278.732s] [ 66%] [34m[1mGenerating C type support for eProsima Micro XRCE-DDS[0m
[285.301s] [ 69%] [32mBuilding C object CMakeFiles/rosgraph_msgs__rosidl_typesupport_microxrcedds_c.dir/rosidl_typesupport_microxrcedds_c/rosgraph_msgs/msg/detail/microxrcedds/clock__type_support_c.c.o[0m
[289.536s] [ 71%] [32m[1mLinking C shared library librosgraph_msgs__rosidl_typesupport_microxrcedds_c.so[0m
[292.609s] [ 71%] Built target rosgraph_msgs__rosidl_typesupport_microxrcedds_c
[295.306s] [ 71%] Built target rosgraph_msgs
[298.144s] [ 74%] [34m[1mGenerating Python code for ROS interfaces[0m
[308.921s] [ 74%] Built target rosgraph_msgs__py
[311.758s] [ 76%] [32mBuilding C object CMakeFiles/rosgraph_msgs__rosidl_generator_py.dir/rosidl_generator_py/rosgraph_msgs/msg/_clock_s.c.o[0m
[316.062s] [ 79%] [32m[1mLinking C shared library rosidl_generator_py/rosgraph_msgs/librosgraph_msgs__rosidl_generator_py.so[0m
[318.946s] [ 79%] Built target rosgraph_msgs__rosidl_generator_py
[321.643s] [ 82%] [32mBuilding C object CMakeFiles/rosgraph_msgs__rosidl_typesupport_microxrcedds_c__pyext.dir/rosidl_generator_py/rosgraph_msgs/_rosgraph_msgs_s.ep.rosidl_typesupport_microxrcedds_c.c.o[0m
[327.690s] [ 84%] [32m[1mLinking C shared library rosidl_generator_py/rosgraph_msgs/rosgraph_msgs_s__rosidl_typesupport_microxrcedds_c.cpython-310-x86_64-linux-gnu.so[0m
[330.739s] [ 84%] Built target rosgraph_msgs__rosidl_typesupport_microxrcedds_c__pyext
[333.646s] [ 87%] [32mBuilding C object CMakeFiles/rosgraph_msgs__rosidl_typesupport_c__pyext.dir/rosidl_generator_py/rosgraph_msgs/_rosgraph_msgs_s.ep.rosidl_typesupport_c.c.o[0m
[337.536s] [ 89%] [32m[1mLinking C shared library rosidl_generator_py/rosgraph_msgs/rosgraph_msgs_s__rosidl_typesupport_c.cpython-310-x86_64-linux-gnu.so[0m
[340.729s] [ 89%] Built target rosgraph_msgs__rosidl_typesupport_c__pyext
[343.263s] [ 92%] [32mBuilding C object CMakeFiles/rosgraph_msgs__rosidl_typesupport_introspection_c__pyext.dir/rosidl_generator_py/rosgraph_msgs/_rosgraph_msgs_s.ep.rosidl_typesupport_introspection_c.c.o[0m
[346.854s] [ 94%] [32m[1mLinking C shared library rosidl_generator_py/rosgraph_msgs/rosgraph_msgs_s__rosidl_typesupport_introspection_c.cpython-310-x86_64-linux-gnu.so[0m
[350.000s] [ 94%] Built target rosgraph_msgs__rosidl_typesupport_introspection_c__pyext
[352.584s] [ 97%] [32mBuilding C object CMakeFiles/rosgraph_msgs__rosidl_typesupport_fastrtps_c__pyext.dir/rosidl_generator_py/rosgraph_msgs/_rosgraph_msgs_s.ep.rosidl_typesupport_fastrtps_c.c.o[0m
[357.686s] [100%] [32m[1mLinking C shared library rosidl_generator_py/rosgraph_msgs/rosgraph_msgs_s__rosidl_typesupport_fastrtps_c.cpython-310-x86_64-linux-gnu.so[0m
[362.681s] [100%] Built target rosgraph_msgs__rosidl_typesupport_fastrtps_c__pyext
[364.093s] Invoked command in '/mnt/d/prueba/TFG-ROS2/ros2_client_node/build/rosgraph_msgs' returned '0': AMENT_PREFIX_PATH=/mnt/d/prueba/TFG-ROS2/ros2_client_node/install/builtin_interfaces:${AMENT_PREFIX_PATH} CMAKE_PREFIX_PATH=/mnt/d/prueba/TFG-ROS2/ros2_client_node/install/builtin_interfaces:/mnt/d/prueba/TFG-ROS2/ros2_client_node/install/rosidl_typesupport_microxrcedds_cpp:/mnt/d/prueba/TFG-ROS2/ros2_client_node/install/rosidl_typesupport_microxrcedds_c:/mnt/d/prueba/TFG-ROS2/ros2_client_node/install/microcdr:/mnt/d/prueba/TFG-ROS2/ros2_client_node/install/micro_ros_setup:/mnt/d/prueba/TFG-ROS2/ros2_agent_node/install/micro_ros_agent:/mnt/d/prueba/TFG-ROS2/ros2_agent_node/install/micro_ros_msgs:/mnt/d/prueba/TFG-ROS2/ros2_agent_node/install/micro_ros_setup:/opt/ros/humble LD_LIBRARY_PATH=/mnt/d/prueba/TFG-ROS2/ros2_client_node/install/builtin_interfaces/lib:${LD_LIBRARY_PATH} PYTHONPATH=/mnt/d/prueba/TFG-ROS2/ros2_client_node/install/builtin_interfaces/local/lib/python3.10/dist-packages:${PYTHONPATH} /usr/bin/cmake --build /mnt/d/prueba/TFG-ROS2/ros2_client_node/build/rosgraph_msgs -- -j12 -l12
[381.004s] Invoking command in '/mnt/d/prueba/TFG-ROS2/ros2_client_node/build/rosgraph_msgs': AMENT_PREFIX_PATH=/mnt/d/prueba/TFG-ROS2/ros2_client_node/install/builtin_interfaces:${AMENT_PREFIX_PATH} CMAKE_PREFIX_PATH=/mnt/d/prueba/TFG-ROS2/ros2_client_node/install/builtin_interfaces:/mnt/d/prueba/TFG-ROS2/ros2_client_node/install/rosidl_typesupport_microxrcedds_cpp:/mnt/d/prueba/TFG-ROS2/ros2_client_node/install/rosidl_typesupport_microxrcedds_c:/mnt/d/prueba/TFG-ROS2/ros2_client_node/install/microcdr:/mnt/d/prueba/TFG-ROS2/ros2_client_node/install/micro_ros_setup:/mnt/d/prueba/TFG-ROS2/ros2_agent_node/install/micro_ros_agent:/mnt/d/prueba/TFG-ROS2/ros2_agent_node/install/micro_ros_msgs:/mnt/d/prueba/TFG-ROS2/ros2_agent_node/install/micro_ros_setup:/opt/ros/humble LD_LIBRARY_PATH=/mnt/d/prueba/TFG-ROS2/ros2_client_node/install/builtin_interfaces/lib:${LD_LIBRARY_PATH} PYTHONPATH=/mnt/d/prueba/TFG-ROS2/ros2_client_node/install/builtin_interfaces/local/lib/python3.10/dist-packages:${PYTHONPATH} /usr/bin/cmake --install /mnt/d/prueba/TFG-ROS2/ros2_client_node/build/rosgraph_msgs
[381.917s] -- Install configuration: ""
[382.001s] -- Installing: /mnt/d/prueba/TFG-ROS2/ros2_client_node/install/rosgraph_msgs/share/ament_index/resource_index/rosidl_interfaces/rosgraph_msgs
[382.203s] -- Installing: /mnt/d/prueba/TFG-ROS2/ros2_client_node/install/rosgraph_msgs/include/rosgraph_msgs/rosgraph_msgs
[382.263s] -- Installing: /mnt/d/prueba/TFG-ROS2/ros2_client_node/install/rosgraph_msgs/include/rosgraph_msgs/rosgraph_msgs/msg
[382.358s] -- Installing: /mnt/d/prueba/TFG-ROS2/ros2_client_node/install/rosgraph_msgs/include/rosgraph_msgs/rosgraph_msgs/msg/clock.h
[382.565s] -- Installing: /mnt/d/prueba/TFG-ROS2/ros2_client_node/install/rosgraph_msgs/include/rosgraph_msgs/rosgraph_msgs/msg/detail
[382.686s] -- Installing: /mnt/d/prueba/TFG-ROS2/ros2_client_node/install/rosgraph_msgs/include/rosgraph_msgs/rosgraph_msgs/msg/detail/clock__functions.c
[382.968s] -- Installing: /mnt/d/prueba/TFG-ROS2/ros2_client_node/install/rosgraph_msgs/include/rosgraph_msgs/rosgraph_msgs/msg/detail/clock__functions.h
[383.222s] -- Installing: /mnt/d/prueba/TFG-ROS2/ros2_client_node/install/rosgraph_msgs/include/rosgraph_msgs/rosgraph_msgs/msg/detail/clock__struct.h
[383.457s] -- Installing: /mnt/d/prueba/TFG-ROS2/ros2_client_node/install/rosgraph_msgs/include/rosgraph_msgs/rosgraph_msgs/msg/detail/clock__type_support.h
[383.680s] -- Installing: /mnt/d/prueba/TFG-ROS2/ros2_client_node/install/rosgraph_msgs/include/rosgraph_msgs/rosgraph_msgs/msg/rosidl_generator_c__visibility_control.h
[383.873s] -- Installing: /mnt/d/prueba/TFG-ROS2/ros2_client_node/install/rosgraph_msgs/share/rosgraph_msgs/environment/library_path.sh
[384.031s] -- Installing: /mnt/d/prueba/TFG-ROS2/ros2_client_node/install/rosgraph_msgs/share/rosgraph_msgs/environment/library_path.dsv
[384.185s] -- Installing: /mnt/d/prueba/TFG-ROS2/ros2_client_node/install/rosgraph_msgs/lib/librosgraph_msgs__rosidl_generator_c.so
[384.413s] -- Set runtime path of "/mnt/d/prueba/TFG-ROS2/ros2_client_node/install/rosgraph_msgs/lib/librosgraph_msgs__rosidl_generator_c.so" to ""
[384.438s] -- Up-to-date: /mnt/d/prueba/TFG-ROS2/ros2_client_node/install/rosgraph_msgs/include/rosgraph_msgs/rosgraph_msgs
[384.487s] -- Up-to-date: /mnt/d/prueba/TFG-ROS2/ros2_client_node/install/rosgraph_msgs/include/rosgraph_msgs/rosgraph_msgs/msg
[384.544s] -- Up-to-date: /mnt/d/prueba/TFG-ROS2/ros2_client_node/install/rosgraph_msgs/include/rosgraph_msgs/rosgraph_msgs/msg/detail
[384.630s] -- Installing: /mnt/d/prueba/TFG-ROS2/ros2_client_node/install/rosgraph_msgs/include/rosgraph_msgs/rosgraph_msgs/msg/detail/clock__rosidl_typesupport_fastrtps_c.h
[384.854s] -- Installing: /mnt/d/prueba/TFG-ROS2/ros2_client_node/install/rosgraph_msgs/include/rosgraph_msgs/rosgraph_msgs/msg/rosidl_typesupport_fastrtps_c__visibility_control.h
[385.082s] -- Installing: /mnt/d/prueba/TFG-ROS2/ros2_client_node/install/rosgraph_msgs/lib/librosgraph_msgs__rosidl_typesupport_fastrtps_c.so
[385.354s] -- Set runtime path of "/mnt/d/prueba/TFG-ROS2/ros2_client_node/install/rosgraph_msgs/lib/librosgraph_msgs__rosidl_typesupport_fastrtps_c.so" to ""
[385.381s] -- Up-to-date: /mnt/d/prueba/TFG-ROS2/ros2_client_node/install/rosgraph_msgs/include/rosgraph_msgs/rosgraph_msgs
[385.437s] -- Up-to-date: /mnt/d/prueba/TFG-ROS2/ros2_client_node/install/rosgraph_msgs/include/rosgraph_msgs/rosgraph_msgs/msg
[385.514s] -- Installing: /mnt/d/prueba/TFG-ROS2/ros2_client_node/install/rosgraph_msgs/include/rosgraph_msgs/rosgraph_msgs/msg/clock.hpp
[385.710s] -- Up-to-date: /mnt/d/prueba/TFG-ROS2/ros2_client_node/install/rosgraph_msgs/include/rosgraph_msgs/rosgraph_msgs/msg/detail
[385.796s] -- Installing: /mnt/d/prueba/TFG-ROS2/ros2_client_node/install/rosgraph_msgs/include/rosgraph_msgs/rosgraph_msgs/msg/detail/clock__builder.hpp
[386.035s] -- Installing: /mnt/d/prueba/TFG-ROS2/ros2_client_node/install/rosgraph_msgs/include/rosgraph_msgs/rosgraph_msgs/msg/detail/clock__struct.hpp
[386.258s] -- Installing: /mnt/d/prueba/TFG-ROS2/ros2_client_node/install/rosgraph_msgs/include/rosgraph_msgs/rosgraph_msgs/msg/detail/clock__traits.hpp
[386.478s] -- Up-to-date: /mnt/d/prueba/TFG-ROS2/ros2_client_node/install/rosgraph_msgs/include/rosgraph_msgs/rosgraph_msgs
[386.535s] -- Up-to-date: /mnt/d/prueba/TFG-ROS2/ros2_client_node/install/rosgraph_msgs/include/rosgraph_msgs/rosgraph_msgs/msg
[386.600s] -- Up-to-date: /mnt/d/prueba/TFG-ROS2/ros2_client_node/install/rosgraph_msgs/include/rosgraph_msgs/rosgraph_msgs/msg/detail
[386.693s] -- Installing: /mnt/d/prueba/TFG-ROS2/ros2_client_node/install/rosgraph_msgs/include/rosgraph_msgs/rosgraph_msgs/msg/detail/clock__rosidl_typesupport_fastrtps_cpp.hpp
[386.926s] -- Installing: /mnt/d/prueba/TFG-ROS2/ros2_client_node/install/rosgraph_msgs/include/rosgraph_msgs/rosgraph_msgs/msg/detail/dds_fastrtps
[387.039s] -- Installing: /mnt/d/prueba/TFG-ROS2/ros2_client_node/install/rosgraph_msgs/include/rosgraph_msgs/rosgraph_msgs/msg/rosidl_typesupport_fastrtps_cpp__visibility_control.h
[387.227s] -- Installing: /mnt/d/prueba/TFG-ROS2/ros2_client_node/install/rosgraph_msgs/lib/librosgraph_msgs__rosidl_typesupport_fastrtps_cpp.so
[387.475s] -- Set runtime path of "/mnt/d/prueba/TFG-ROS2/ros2_client_node/install/rosgraph_msgs/lib/librosgraph_msgs__rosidl_typesupport_fastrtps_cpp.so" to ""
[387.503s] -- Up-to-date: /mnt/d/prueba/TFG-ROS2/ros2_client_node/install/rosgraph_msgs/include/rosgraph_msgs
[387.551s] -- Installing: /mnt/d/prueba/TFG-ROS2/ros2_client_node/install/rosgraph_msgs/include/rosgraph_msgs/msg
[387.625s] -- Installing: /mnt/d/prueba/TFG-ROS2/ros2_client_node/install/rosgraph_msgs/include/rosgraph_msgs/msg/detail
[387.733s] -- Installing: /mnt/d/prueba/TFG-ROS2/ros2_client_node/install/rosgraph_msgs/include/rosgraph_msgs/msg/detail/clock__rosidl_typesupport_microxrcedds_c.h
[387.953s] -- Installing: /mnt/d/prueba/TFG-ROS2/ros2_client_node/install/rosgraph_msgs/include/rosgraph_msgs/msg/detail/microxrcedds
[388.064s] -- Installing: /mnt/d/prueba/TFG-ROS2/ros2_client_node/install/rosgraph_msgs/include/rosgraph_msgs/msg/rosidl_typesupport_microxrcedds_c__visibility_control.h
[388.251s] -- Installing: /mnt/d/prueba/TFG-ROS2/ros2_client_node/install/rosgraph_msgs/lib/librosgraph_msgs__rosidl_typesupport_microxrcedds_c.so
[388.552s] -- Set runtime path of "/mnt/d/prueba/TFG-ROS2/ros2_client_node/install/rosgraph_msgs/lib/librosgraph_msgs__rosidl_typesupport_microxrcedds_c.so" to ""
[388.587s] -- Up-to-date: /mnt/d/prueba/TFG-ROS2/ros2_client_node/install/rosgraph_msgs/include/rosgraph_msgs/rosgraph_msgs
[388.664s] -- Up-to-date: /mnt/d/prueba/TFG-ROS2/ros2_client_node/install/rosgraph_msgs/include/rosgraph_msgs/rosgraph_msgs/msg
[388.760s] -- Up-to-date: /mnt/d/prueba/TFG-ROS2/ros2_client_node/install/rosgraph_msgs/include/rosgraph_msgs/rosgraph_msgs/msg/detail
[388.890s] -- Installing: /mnt/d/prueba/TFG-ROS2/ros2_client_node/install/rosgraph_msgs/include/rosgraph_msgs/rosgraph_msgs/msg/detail/clock__rosidl_typesupport_introspection_c.h
[389.190s] -- Installing: /mnt/d/prueba/TFG-ROS2/ros2_client_node/install/rosgraph_msgs/include/rosgraph_msgs/rosgraph_msgs/msg/detail/clock__type_support.c
[389.494s] -- Installing: /mnt/d/prueba/TFG-ROS2/ros2_client_node/install/rosgraph_msgs/include/rosgraph_msgs/rosgraph_msgs/msg/rosidl_typesupport_introspection_c__visibility_control.h
[389.740s] -- Installing: /mnt/d/prueba/TFG-ROS2/ros2_client_node/install/rosgraph_msgs/lib/librosgraph_msgs__rosidl_typesupport_introspection_c.so
[390.115s] -- Set runtime path of "/mnt/d/prueba/TFG-ROS2/ros2_client_node/install/rosgraph_msgs/lib/librosgraph_msgs__rosidl_typesupport_introspection_c.so" to ""
[390.163s] -- Installing: /mnt/d/prueba/TFG-ROS2/ros2_client_node/install/rosgraph_msgs/lib/librosgraph_msgs__rosidl_typesupport_c.so
[390.492s] -- Set runtime path of "/mnt/d/prueba/TFG-ROS2/ros2_client_node/install/rosgraph_msgs/lib/librosgraph_msgs__rosidl_typesupport_c.so" to ""
[390.521s] -- Up-to-date: /mnt/d/prueba/TFG-ROS2/ros2_client_node/install/rosgraph_msgs/include/rosgraph_msgs
[390.586s] -- Up-to-date: /mnt/d/prueba/TFG-ROS2/ros2_client_node/install/rosgraph_msgs/include/rosgraph_msgs/msg
[390.663s] -- Up-to-date: /mnt/d/prueba/TFG-ROS2/ros2_client_node/install/rosgraph_msgs/include/rosgraph_msgs/msg/detail
[390.760s] -- Installing: /mnt/d/prueba/TFG-ROS2/ros2_client_node/install/rosgraph_msgs/include/rosgraph_msgs/msg/detail/clock__rosidl_typesupport_microxrcedds_cpp.hpp
[391.022s] -- Up-to-date: /mnt/d/prueba/TFG-ROS2/ros2_client_node/install/rosgraph_msgs/include/rosgraph_msgs/msg/detail/microxrcedds
[391.154s] -- Installing: /mnt/d/prueba/TFG-ROS2/ros2_client_node/install/rosgraph_msgs/include/rosgraph_msgs/msg/detail/microxrcedds/clock__type_support_cpp.cpp
[391.498s] -- Installing: /mnt/d/prueba/TFG-ROS2/ros2_client_node/install/rosgraph_msgs/include/rosgraph_msgs/msg/rosidl_typesupport_microxrcedds_cpp__visibility_control.h
[391.750s] -- Installing: /mnt/d/prueba/TFG-ROS2/ros2_client_node/install/rosgraph_msgs/lib/librosgraph_msgs__rosidl_typesupport_microxrcedds_cpp.so
[392.119s] -- Set runtime path of "/mnt/d/prueba/TFG-ROS2/ros2_client_node/install/rosgraph_msgs/lib/librosgraph_msgs__rosidl_typesupport_microxrcedds_cpp.so" to ""
[392.161s] -- Up-to-date: /mnt/d/prueba/TFG-ROS2/ros2_client_node/install/rosgraph_msgs/include/rosgraph_msgs/rosgraph_msgs
[392.244s] -- Up-to-date: /mnt/d/prueba/TFG-ROS2/ros2_client_node/install/rosgraph_msgs/include/rosgraph_msgs/rosgraph_msgs/msg
[392.352s] -- Up-to-date: /mnt/d/prueba/TFG-ROS2/ros2_client_node/install/rosgraph_msgs/include/rosgraph_msgs/rosgraph_msgs/msg/detail
[392.500s] -- Installing: /mnt/d/prueba/TFG-ROS2/ros2_client_node/install/rosgraph_msgs/include/rosgraph_msgs/rosgraph_msgs/msg/detail/clock__rosidl_typesupport_introspection_cpp.hpp
[392.873s] -- Installing: /mnt/d/prueba/TFG-ROS2/ros2_client_node/install/rosgraph_msgs/include/rosgraph_msgs/rosgraph_msgs/msg/detail/clock__type_support.cpp
[393.207s] -- Installing: /mnt/d/prueba/TFG-ROS2/ros2_client_node/install/rosgraph_msgs/lib/librosgraph_msgs__rosidl_typesupport_introspection_cpp.so
[393.599s] -- Set runtime path of "/mnt/d/prueba/TFG-ROS2/ros2_client_node/install/rosgraph_msgs/lib/librosgraph_msgs__rosidl_typesupport_introspection_cpp.so" to ""
[393.652s] -- Installing: /mnt/d/prueba/TFG-ROS2/ros2_client_node/install/rosgraph_msgs/lib/librosgraph_msgs__rosidl_typesupport_cpp.so
[394.027s] -- Set runtime path of "/mnt/d/prueba/TFG-ROS2/ros2_client_node/install/rosgraph_msgs/lib/librosgraph_msgs__rosidl_typesupport_cpp.so" to ""
[394.089s] -- Installing: /mnt/d/prueba/TFG-ROS2/ros2_client_node/install/rosgraph_msgs/share/rosgraph_msgs/environment/pythonpath.sh
[394.348s] -- Installing: /mnt/d/prueba/TFG-ROS2/ros2_client_node/install/rosgraph_msgs/share/rosgraph_msgs/environment/pythonpath.dsv
[394.537s] -- Installing: /mnt/d/prueba/TFG-ROS2/ros2_client_node/install/rosgraph_msgs/local/lib/python3.10/dist-packages/rosgraph_msgs-1.2.1-py3.10.egg-info
[394.684s] -- Installing: /mnt/d/prueba/TFG-ROS2/ros2_client_node/install/rosgraph_msgs/local/lib/python3.10/dist-packages/rosgraph_msgs-1.2.1-py3.10.egg-info/dependency_links.txt
[395.018s] -- Installing: /mnt/d/prueba/TFG-ROS2/ros2_client_node/install/rosgraph_msgs/local/lib/python3.10/dist-packages/rosgraph_msgs-1.2.1-py3.10.egg-info/PKG-INFO
[395.344s] -- Installing: /mnt/d/prueba/TFG-ROS2/ros2_client_node/install/rosgraph_msgs/local/lib/python3.10/dist-packages/rosgraph_msgs-1.2.1-py3.10.egg-info/SOURCES.txt
[395.659s] -- Installing: /mnt/d/prueba/TFG-ROS2/ros2_client_node/install/rosgraph_msgs/local/lib/python3.10/dist-packages/rosgraph_msgs-1.2.1-py3.10.egg-info/top_level.txt
[395.988s] -- Installing: /mnt/d/prueba/TFG-ROS2/ros2_client_node/install/rosgraph_msgs/local/lib/python3.10/dist-packages/rosgraph_msgs
[396.158s] -- Installing: /mnt/d/prueba/TFG-ROS2/ros2_client_node/install/rosgraph_msgs/local/lib/python3.10/dist-packages/rosgraph_msgs/librosgraph_msgs__rosidl_generator_py.so
[396.506s] -- Installing: /mnt/d/prueba/TFG-ROS2/ros2_client_node/install/rosgraph_msgs/local/lib/python3.10/dist-packages/rosgraph_msgs/msg
[396.696s] -- Installing: /mnt/d/prueba/TFG-ROS2/ros2_client_node/install/rosgraph_msgs/local/lib/python3.10/dist-packages/rosgraph_msgs/msg/_clock.py
[397.091s] -- Installing: /mnt/d/prueba/TFG-ROS2/ros2_client_node/install/rosgraph_msgs/local/lib/python3.10/dist-packages/rosgraph_msgs/msg/_clock_s.c
[397.511s] -- Installing: /mnt/d/prueba/TFG-ROS2/ros2_client_node/install/rosgraph_msgs/local/lib/python3.10/dist-packages/rosgraph_msgs/msg/__init__.py
[397.815s] -- Installing: /mnt/d/prueba/TFG-ROS2/ros2_client_node/install/rosgraph_msgs/local/lib/python3.10/dist-packages/rosgraph_msgs/rosgraph_msgs_s__rosidl_typesupport_c.cpython-310-x86_64-linux-gnu.so
[398.101s] -- Installing: /mnt/d/prueba/TFG-ROS2/ros2_client_node/install/rosgraph_msgs/local/lib/python3.10/dist-packages/rosgraph_msgs/rosgraph_msgs_s__rosidl_typesupport_fastrtps_c.cpython-310-x86_64-linux-gnu.so
[398.383s] -- Installing: /mnt/d/prueba/TFG-ROS2/ros2_client_node/install/rosgraph_msgs/local/lib/python3.10/dist-packages/rosgraph_msgs/rosgraph_msgs_s__rosidl_typesupport_introspection_c.cpython-310-x86_64-linux-gnu.so
[398.719s] -- Installing: /mnt/d/prueba/TFG-ROS2/ros2_client_node/install/rosgraph_msgs/local/lib/python3.10/dist-packages/rosgraph_msgs/rosgraph_msgs_s__rosidl_typesupport_microxrcedds_c.cpython-310-x86_64-linux-gnu.so
[399.057s] -- Installing: /mnt/d/prueba/TFG-ROS2/ros2_client_node/install/rosgraph_msgs/local/lib/python3.10/dist-packages/rosgraph_msgs/_rosgraph_msgs_s.ep.rosidl_typesupport_c.c
[399.393s] -- Installing: /mnt/d/prueba/TFG-ROS2/ros2_client_node/install/rosgraph_msgs/local/lib/python3.10/dist-packages/rosgraph_msgs/_rosgraph_msgs_s.ep.rosidl_typesupport_fastrtps_c.c
[399.734s] -- Installing: /mnt/d/prueba/TFG-ROS2/ros2_client_node/install/rosgraph_msgs/local/lib/python3.10/dist-packages/rosgraph_msgs/_rosgraph_msgs_s.ep.rosidl_typesupport_introspection_c.c
[400.080s] -- Installing: /mnt/d/prueba/TFG-ROS2/ros2_client_node/install/rosgraph_msgs/local/lib/python3.10/dist-packages/rosgraph_msgs/_rosgraph_msgs_s.ep.rosidl_typesupport_microxrcedds_c.c
[400.389s] -- Installing: /mnt/d/prueba/TFG-ROS2/ros2_client_node/install/rosgraph_msgs/local/lib/python3.10/dist-packages/rosgraph_msgs/__init__.py
[403.890s] Listing '/mnt/d/prueba/TFG-ROS2/ros2_client_node/install/rosgraph_msgs/local/lib/python3.10/dist-packages/rosgraph_msgs'...
[403.894s] Compiling '/mnt/d/prueba/TFG-ROS2/ros2_client_node/install/rosgraph_msgs/local/lib/python3.10/dist-packages/rosgraph_msgs/__init__.py'...
[403.897s] Listing '/mnt/d/prueba/TFG-ROS2/ros2_client_node/install/rosgraph_msgs/local/lib/python3.10/dist-packages/rosgraph_msgs/msg'...
[403.900s] Compiling '/mnt/d/prueba/TFG-ROS2/ros2_client_node/install/rosgraph_msgs/local/lib/python3.10/dist-packages/rosgraph_msgs/msg/__init__.py'...
[403.903s] Compiling '/mnt/d/prueba/TFG-ROS2/ros2_client_node/install/rosgraph_msgs/local/lib/python3.10/dist-packages/rosgraph_msgs/msg/_clock.py'...
[404.086s] -- Installing: /mnt/d/prueba/TFG-ROS2/ros2_client_node/install/rosgraph_msgs/local/lib/python3.10/dist-packages/rosgraph_msgs/rosgraph_msgs_s__rosidl_typesupport_microxrcedds_c.cpython-310-x86_64-linux-gnu.so
[404.543s] -- Set runtime path of "/mnt/d/prueba/TFG-ROS2/ros2_client_node/install/rosgraph_msgs/local/lib/python3.10/dist-packages/rosgraph_msgs/rosgraph_msgs_s__rosidl_typesupport_microxrcedds_c.cpython-310-x86_64-linux-gnu.so" to ""
[404.766s] -- Installing: /mnt/d/prueba/TFG-ROS2/ros2_client_node/install/rosgraph_msgs/local/lib/python3.10/dist-packages/rosgraph_msgs/rosgraph_msgs_s__rosidl_typesupport_fastrtps_c.cpython-310-x86_64-linux-gnu.so
[405.224s] -- Set runtime path of "/mnt/d/prueba/TFG-ROS2/ros2_client_node/install/rosgraph_msgs/local/lib/python3.10/dist-packages/rosgraph_msgs/rosgraph_msgs_s__rosidl_typesupport_fastrtps_c.cpython-310-x86_64-linux-gnu.so" to ""
[405.404s] -- Installing: /mnt/d/prueba/TFG-ROS2/ros2_client_node/install/rosgraph_msgs/local/lib/python3.10/dist-packages/rosgraph_msgs/rosgraph_msgs_s__rosidl_typesupport_introspection_c.cpython-310-x86_64-linux-gnu.so
[405.810s] -- Set runtime path of "/mnt/d/prueba/TFG-ROS2/ros2_client_node/install/rosgraph_msgs/local/lib/python3.10/dist-packages/rosgraph_msgs/rosgraph_msgs_s__rosidl_typesupport_introspection_c.cpython-310-x86_64-linux-gnu.so" to ""
[406.022s] -- Installing: /mnt/d/prueba/TFG-ROS2/ros2_client_node/install/rosgraph_msgs/local/lib/python3.10/dist-packages/rosgraph_msgs/rosgraph_msgs_s__rosidl_typesupport_c.cpython-310-x86_64-linux-gnu.so
[406.441s] -- Set runtime path of "/mnt/d/prueba/TFG-ROS2/ros2_client_node/install/rosgraph_msgs/local/lib/python3.10/dist-packages/rosgraph_msgs/rosgraph_msgs_s__rosidl_typesupport_c.cpython-310-x86_64-linux-gnu.so" to ""
[406.493s] -- Installing: /mnt/d/prueba/TFG-ROS2/ros2_client_node/install/rosgraph_msgs/lib/librosgraph_msgs__rosidl_generator_py.so
[406.787s] -- Set runtime path of "/mnt/d/prueba/TFG-ROS2/ros2_client_node/install/rosgraph_msgs/lib/librosgraph_msgs__rosidl_generator_py.so" to ""
[406.868s] -- Installing: /mnt/d/prueba/TFG-ROS2/ros2_client_node/install/rosgraph_msgs/share/rosgraph_msgs/msg/Clock.idl
[407.089s] -- Installing: /mnt/d/prueba/TFG-ROS2/ros2_client_node/install/rosgraph_msgs/share/rosgraph_msgs/msg/Clock.msg
[407.382s] -- Installing: /mnt/d/prueba/TFG-ROS2/ros2_client_node/install/rosgraph_msgs/share/ament_index/resource_index/package_run_dependencies/rosgraph_msgs
[407.670s] -- Installing: /mnt/d/prueba/TFG-ROS2/ros2_client_node/install/rosgraph_msgs/share/ament_index/resource_index/parent_prefix_path/rosgraph_msgs
[407.891s] -- Installing: /mnt/d/prueba/TFG-ROS2/ros2_client_node/install/rosgraph_msgs/share/rosgraph_msgs/environment/ament_prefix_path.sh
[408.052s] -- Installing: /mnt/d/prueba/TFG-ROS2/ros2_client_node/install/rosgraph_msgs/share/rosgraph_msgs/environment/ament_prefix_path.dsv
[408.219s] -- Installing: /mnt/d/prueba/TFG-ROS2/ros2_client_node/install/rosgraph_msgs/share/rosgraph_msgs/environment/path.sh
[408.380s] -- Installing: /mnt/d/prueba/TFG-ROS2/ros2_client_node/install/rosgraph_msgs/share/rosgraph_msgs/environment/path.dsv
[408.622s] -- Installing: /mnt/d/prueba/TFG-ROS2/ros2_client_node/install/rosgraph_msgs/share/rosgraph_msgs/local_setup.bash
[408.780s] -- Installing: /mnt/d/prueba/TFG-ROS2/ros2_client_node/install/rosgraph_msgs/share/rosgraph_msgs/local_setup.sh
[408.932s] -- Installing: /mnt/d/prueba/TFG-ROS2/ros2_client_node/install/rosgraph_msgs/share/rosgraph_msgs/local_setup.zsh
[409.083s] -- Installing: /mnt/d/prueba/TFG-ROS2/ros2_client_node/install/rosgraph_msgs/share/rosgraph_msgs/local_setup.dsv
[409.244s] -- Installing: /mnt/d/prueba/TFG-ROS2/ros2_client_node/install/rosgraph_msgs/share/rosgraph_msgs/package.dsv
[409.489s] -- Installing: /mnt/d/prueba/TFG-ROS2/ros2_client_node/install/rosgraph_msgs/share/ament_index/resource_index/packages/rosgraph_msgs
[409.808s] -- Installing: /mnt/d/prueba/TFG-ROS2/ros2_client_node/install/rosgraph_msgs/share/rosgraph_msgs/cmake/export_rosgraph_msgs__rosidl_generator_cExport.cmake
[410.081s] -- Installing: /mnt/d/prueba/TFG-ROS2/ros2_client_node/install/rosgraph_msgs/share/rosgraph_msgs/cmake/export_rosgraph_msgs__rosidl_generator_cExport-noconfig.cmake
[410.352s] -- Installing: /mnt/d/prueba/TFG-ROS2/ros2_client_node/install/rosgraph_msgs/share/rosgraph_msgs/cmake/export_rosgraph_msgs__rosidl_typesupport_fastrtps_cExport.cmake
[410.631s] -- Installing: /mnt/d/prueba/TFG-ROS2/ros2_client_node/install/rosgraph_msgs/share/rosgraph_msgs/cmake/export_rosgraph_msgs__rosidl_typesupport_fastrtps_cExport-noconfig.cmake
[410.927s] -- Installing: /mnt/d/prueba/TFG-ROS2/ros2_client_node/install/rosgraph_msgs/share/rosgraph_msgs/cmake/export_rosgraph_msgs__rosidl_generator_cppExport.cmake
[411.186s] -- Installing: /mnt/d/prueba/TFG-ROS2/ros2_client_node/install/rosgraph_msgs/share/rosgraph_msgs/cmake/export_rosgraph_msgs__rosidl_typesupport_fastrtps_cppExport.cmake
[411.456s] -- Installing: /mnt/d/prueba/TFG-ROS2/ros2_client_node/install/rosgraph_msgs/share/rosgraph_msgs/cmake/export_rosgraph_msgs__rosidl_typesupport_fastrtps_cppExport-noconfig.cmake
[411.742s] -- Installing: /mnt/d/prueba/TFG-ROS2/ros2_client_node/install/rosgraph_msgs/share/rosgraph_msgs/cmake/rosgraph_msgs__rosidl_typesupport_introspection_cExport.cmake
[412.039s] -- Installing: /mnt/d/prueba/TFG-ROS2/ros2_client_node/install/rosgraph_msgs/share/rosgraph_msgs/cmake/rosgraph_msgs__rosidl_typesupport_introspection_cExport-noconfig.cmake
[412.321s] -- Installing: /mnt/d/prueba/TFG-ROS2/ros2_client_node/install/rosgraph_msgs/share/rosgraph_msgs/cmake/rosgraph_msgs__rosidl_typesupport_cExport.cmake
[412.578s] -- Installing: /mnt/d/prueba/TFG-ROS2/ros2_client_node/install/rosgraph_msgs/share/rosgraph_msgs/cmake/rosgraph_msgs__rosidl_typesupport_cExport-noconfig.cmake
[412.832s] -- Installing: /mnt/d/prueba/TFG-ROS2/ros2_client_node/install/rosgraph_msgs/share/rosgraph_msgs/cmake/rosgraph_msgs__rosidl_typesupport_introspection_cppExport.cmake
[413.189s] -- Installing: /mnt/d/prueba/TFG-ROS2/ros2_client_node/install/rosgraph_msgs/share/rosgraph_msgs/cmake/rosgraph_msgs__rosidl_typesupport_introspection_cppExport-noconfig.cmake
[413.485s] -- Installing: /mnt/d/prueba/TFG-ROS2/ros2_client_node/install/rosgraph_msgs/share/rosgraph_msgs/cmake/rosgraph_msgs__rosidl_typesupport_cppExport.cmake
[413.764s] -- Installing: /mnt/d/prueba/TFG-ROS2/ros2_client_node/install/rosgraph_msgs/share/rosgraph_msgs/cmake/rosgraph_msgs__rosidl_typesupport_cppExport-noconfig.cmake
[414.054s] -- Installing: /mnt/d/prueba/TFG-ROS2/ros2_client_node/install/rosgraph_msgs/share/rosgraph_msgs/cmake/export_rosgraph_msgs__rosidl_generator_pyExport.cmake
[414.313s] -- Installing: /mnt/d/prueba/TFG-ROS2/ros2_client_node/install/rosgraph_msgs/share/rosgraph_msgs/cmake/export_rosgraph_msgs__rosidl_generator_pyExport-noconfig.cmake
[414.550s] -- Installing: /mnt/d/prueba/TFG-ROS2/ros2_client_node/install/rosgraph_msgs/share/rosgraph_msgs/cmake/rosidl_cmake-extras.cmake
[414.747s] -- Installing: /mnt/d/prueba/TFG-ROS2/ros2_client_node/install/rosgraph_msgs/share/rosgraph_msgs/cmake/ament_cmake_export_dependencies-extras.cmake
[414.950s] -- Installing: /mnt/d/prueba/TFG-ROS2/ros2_client_node/install/rosgraph_msgs/share/rosgraph_msgs/cmake/ament_cmake_export_include_directories-extras.cmake
[415.146s] -- Installing: /mnt/d/prueba/TFG-ROS2/ros2_client_node/install/rosgraph_msgs/share/rosgraph_msgs/cmake/ament_cmake_export_libraries-extras.cmake
[415.352s] -- Installing: /mnt/d/prueba/TFG-ROS2/ros2_client_node/install/rosgraph_msgs/share/rosgraph_msgs/cmake/ament_cmake_export_targets-extras.cmake
[415.555s] -- Installing: /mnt/d/prueba/TFG-ROS2/ros2_client_node/install/rosgraph_msgs/share/rosgraph_msgs/cmake/rosidl_cmake_export_typesupport_targets-extras.cmake
[415.789s] -- Installing: /mnt/d/prueba/TFG-ROS2/ros2_client_node/install/rosgraph_msgs/share/rosgraph_msgs/cmake/rosidl_cmake_export_typesupport_libraries-extras.cmake
[416.021s] -- Installing: /mnt/d/prueba/TFG-ROS2/ros2_client_node/install/rosgraph_msgs/share/rosgraph_msgs/cmake/rosgraph_msgsConfig.cmake
[416.211s] -- Installing: /mnt/d/prueba/TFG-ROS2/ros2_client_node/install/rosgraph_msgs/share/rosgraph_msgs/cmake/rosgraph_msgsConfig-version.cmake
[416.437s] -- Installing: /mnt/d/prueba/TFG-ROS2/ros2_client_node/install/rosgraph_msgs/share/rosgraph_msgs/package.xml
[416.634s] Invoked command in '/mnt/d/prueba/TFG-ROS2/ros2_client_node/build/rosgraph_msgs' returned '0': AMENT_PREFIX_PATH=/mnt/d/prueba/TFG-ROS2/ros2_client_node/install/builtin_interfaces:${AMENT_PREFIX_PATH} CMAKE_PREFIX_PATH=/mnt/d/prueba/TFG-ROS2/ros2_client_node/install/builtin_interfaces:/mnt/d/prueba/TFG-ROS2/ros2_client_node/install/rosidl_typesupport_microxrcedds_cpp:/mnt/d/prueba/TFG-ROS2/ros2_client_node/install/rosidl_typesupport_microxrcedds_c:/mnt/d/prueba/TFG-ROS2/ros2_client_node/install/microcdr:/mnt/d/prueba/TFG-ROS2/ros2_client_node/install/micro_ros_setup:/mnt/d/prueba/TFG-ROS2/ros2_agent_node/install/micro_ros_agent:/mnt/d/prueba/TFG-ROS2/ros2_agent_node/install/micro_ros_msgs:/mnt/d/prueba/TFG-ROS2/ros2_agent_node/install/micro_ros_setup:/opt/ros/humble LD_LIBRARY_PATH=/mnt/d/prueba/TFG-ROS2/ros2_client_node/install/builtin_interfaces/lib:${LD_LIBRARY_PATH} PYTHONPATH=/mnt/d/prueba/TFG-ROS2/ros2_client_node/install/builtin_interfaces/local/lib/python3.10/dist-packages:${PYTHONPATH} /usr/bin/cmake --install /mnt/d/prueba/TFG-ROS2/ros2_client_node/build/rosgraph_msgs
