[0.629s] Invoking command in '/mnt/d/prueba/TFG-ROS2/ros2_server_endpoint/build/unity_robotics_demo_msgs': CMAKE_PREFIX_PATH=/opt/ros/humble /usr/bin/cmake /mnt/d/prueba/TFG-ROS2/ros2_server_endpoint/src/unity_robotics_demo_msgs -DCMAKE_INSTALL_PREFIX=/mnt/d/prueba/TFG-ROS2/ros2_server_endpoint/install/unity_robotics_demo_msgs
[0.993s] -- The C compiler identification is GNU 11.3.0
[1.420s] -- The CXX compiler identification is GNU 11.3.0
[1.592s] -- Detecting C compiler ABI info
[2.155s] -- Detecting C compiler ABI info - done
[2.187s] -- Check for working C compiler: /usr/bin/cc - skipped
[2.190s] -- Detecting C compile features
[2.192s] -- Detecting C compile features - done
[2.262s] -- Detecting CXX compiler ABI info
[3.035s] -- Detecting CXX compiler ABI info - done
[3.072s] -- Check for working CXX compiler: /usr/bin/c++ - skipped
[3.074s] -- Detecting CXX compile features
[3.076s] -- Detecting CXX compile features - done
[3.149s] -- Found rosidl_default_generators: 1.2.0 (/opt/ros/humble/share/rosidl_default_generators/cmake)
[3.150s] -- Found ament_cmake_core: 1.3.3 (/opt/ros/humble/share/ament_cmake_core/cmake)
[3.437s] -- Found Python3: /usr/bin/python3.10 (found version "3.10.6") found components: Interpreter 
[3.661s] -- Using all available rosidl_typesupport_c: rosidl_typesupport_fastrtps_c;rosidl_typesupport_introspection_c
[3.672s] -- Found rosidl_adapter: 3.1.4 (/opt/ros/humble/share/rosidl_adapter/cmake)
[3.883s] -- Using all available rosidl_typesupport_cpp: rosidl_typesupport_fastrtps_cpp;rosidl_typesupport_introspection_cpp
[3.950s] -- Found builtin_interfaces: 1.2.1 (/opt/ros/humble/share/builtin_interfaces/cmake)
[3.987s] -- Found geometry_msgs: 4.2.3 (/opt/ros/humble/share/geometry_msgs/cmake)
[5.869s] -- Found ament_cmake_ros: 0.10.0 (/opt/ros/humble/share/ament_cmake_ros/cmake)
[7.677s] -- Using all available rosidl_typesupport_c: rosidl_typesupport_fastrtps_c;rosidl_typesupport_introspection_c
[10.060s] -- Using all available rosidl_typesupport_cpp: rosidl_typesupport_fastrtps_cpp;rosidl_typesupport_introspection_cpp
[10.143s] -- Found PythonInterp: /usr/bin/python3 (found suitable version "3.10.6", minimum required is "3.6") 
[10.145s] -- Found python_cmake_module: 0.10.0 (/opt/ros/humble/share/python_cmake_module/cmake)
[10.325s] -- Found PythonLibs: /usr/lib/x86_64-linux-gnu/libpython3.10.so (found suitable version "3.10.6", minimum required is "3.5") 
[10.326s] -- Using PYTHON_EXECUTABLE: /usr/bin/python3
[10.327s] -- Using PYTHON_INCLUDE_DIRS: /usr/include/python3.10
[10.328s] -- Using PYTHON_LIBRARIES: /usr/lib/x86_64-linux-gnu/libpython3.10.so
[10.351s] -- Found PythonExtra: .so  
[11.025s] -- Found ament_lint_auto: 0.12.5 (/opt/ros/humble/share/ament_lint_auto/cmake)
[11.468s] -- Added test 'copyright' to check source files copyright and LICENSE
[12.311s] -- Added test 'lint_cmake' to check CMake code style
[12.699s] -- Added test 'xmllint' to check XML markup files
[13.088s] -- Configuring done
[15.303s] -- Generating done
[15.591s] -- Build files have been written to: /mnt/d/prueba/TFG-ROS2/ros2_server_endpoint/build/unity_robotics_demo_msgs
[15.603s] Invoked command in '/mnt/d/prueba/TFG-ROS2/ros2_server_endpoint/build/unity_robotics_demo_msgs' returned '0': CMAKE_PREFIX_PATH=/opt/ros/humble /usr/bin/cmake /mnt/d/prueba/TFG-ROS2/ros2_server_endpoint/src/unity_robotics_demo_msgs -DCMAKE_INSTALL_PREFIX=/mnt/d/prueba/TFG-ROS2/ros2_server_endpoint/install/unity_robotics_demo_msgs
[15.615s] Invoking command in '/mnt/d/prueba/TFG-ROS2/ros2_server_endpoint/build/unity_robotics_demo_msgs': CMAKE_PREFIX_PATH=/opt/ros/humble /usr/bin/cmake --build /mnt/d/prueba/TFG-ROS2/ros2_server_endpoint/build/unity_robotics_demo_msgs -- -j12 -l12
[15.853s] [  1%] [34m[1mGenerating C code for ROS interfaces[0m
[15.874s] [  3%] [34m[1mGenerating C++ code for ROS interfaces[0m
[15.903s] [  3%] Built target ament_cmake_python_copy_unity_robotics_demo_msgs
[16.390s] running egg_info
[16.393s] creating unity_robotics_demo_msgs.egg-info
[16.396s] writing unity_robotics_demo_msgs.egg-info/PKG-INFO
[16.403s] writing dependency_links to unity_robotics_demo_msgs.egg-info/dependency_links.txt
[16.412s] writing top-level names to unity_robotics_demo_msgs.egg-info/top_level.txt
[16.418s] writing manifest file 'unity_robotics_demo_msgs.egg-info/SOURCES.txt'
[16.447s] reading manifest file 'unity_robotics_demo_msgs.egg-info/SOURCES.txt'
[16.486s] writing manifest file 'unity_robotics_demo_msgs.egg-info/SOURCES.txt'
[16.597s] [  3%] Built target ament_cmake_python_build_unity_robotics_demo_msgs_egg
[17.057s] [  3%] Built target unity_robotics_demo_msgs__cpp
[17.130s] [  7%] [34m[1mGenerating C++ type support dispatch for ROS interfaces[0m
[17.132s] [  7%] [34m[1mGenerating C++ introspection for ROS interfaces[0m
[17.140s] [  9%] [34m[1mGenerating C++ type support for eProsima Fast-RTPS[0m
[17.417s] [ 10%] [32mBuilding C object CMakeFiles/unity_robotics_demo_msgs__rosidl_generator_c.dir/rosidl_generator_c/unity_robotics_demo_msgs/msg/detail/pos_rot__functions.c.o[0m
[17.425s] [ 12%] [32mBuilding C object CMakeFiles/unity_robotics_demo_msgs__rosidl_generator_c.dir/rosidl_generator_c/unity_robotics_demo_msgs/msg/detail/unity_color__functions.c.o[0m
[17.441s] [ 16%] [32mBuilding C object CMakeFiles/unity_robotics_demo_msgs__rosidl_generator_c.dir/rosidl_generator_c/unity_robotics_demo_msgs/srv/detail/object_pose_service__functions.c.o[0m
[17.443s] [ 16%] [32mBuilding C object CMakeFiles/unity_robotics_demo_msgs__rosidl_generator_c.dir/rosidl_generator_c/unity_robotics_demo_msgs/srv/detail/position_service__functions.c.o[0m
[17.790s] [ 18%] [32m[1mLinking C shared library libunity_robotics_demo_msgs__rosidl_generator_c.so[0m
[18.212s] [ 20%] [32mBuilding CXX object CMakeFiles/unity_robotics_demo_msgs__rosidl_typesupport_cpp.dir/rosidl_typesupport_cpp/unity_robotics_demo_msgs/msg/pos_rot__type_support.cpp.o[0m
[18.217s] [ 20%] Built target unity_robotics_demo_msgs__rosidl_generator_c
[18.234s] [ 23%] [32mBuilding CXX object CMakeFiles/unity_robotics_demo_msgs__rosidl_typesupport_cpp.dir/rosidl_typesupport_cpp/unity_robotics_demo_msgs/srv/position_service__type_support.cpp.o[0m
[18.237s] [ 23%] [32mBuilding CXX object CMakeFiles/unity_robotics_demo_msgs__rosidl_typesupport_cpp.dir/rosidl_typesupport_cpp/unity_robotics_demo_msgs/msg/unity_color__type_support.cpp.o[0m
[18.249s] [ 25%] [32mBuilding CXX object CMakeFiles/unity_robotics_demo_msgs__rosidl_typesupport_cpp.dir/rosidl_typesupport_cpp/unity_robotics_demo_msgs/srv/object_pose_service__type_support.cpp.o[0m
[18.330s] [ 30%] [34m[1mGenerating C introspection for ROS interfaces[0m
[18.332s] [ 30%] [34m[1mGenerating C type support dispatch for ROS interfaces[0m
[18.334s] [ 30%] [34m[1mGenerating C type support for eProsima Fast-RTPS[0m
[18.552s] [ 32%] [32mBuilding CXX object CMakeFiles/unity_robotics_demo_msgs__rosidl_typesupport_introspection_cpp.dir/rosidl_typesupport_introspection_cpp/unity_robotics_demo_msgs/msg/detail/pos_rot__type_support.cpp.o[0m
[18.571s] [ 34%] [32mBuilding CXX object CMakeFiles/unity_robotics_demo_msgs__rosidl_typesupport_introspection_cpp.dir/rosidl_typesupport_introspection_cpp/unity_robotics_demo_msgs/msg/detail/unity_color__type_support.cpp.o[0m
[18.590s] [ 36%] [32mBuilding CXX object CMakeFiles/unity_robotics_demo_msgs__rosidl_typesupport_introspection_cpp.dir/rosidl_typesupport_introspection_cpp/unity_robotics_demo_msgs/srv/detail/position_service__type_support.cpp.o[0m
[18.611s] [ 38%] [32mBuilding CXX object CMakeFiles/unity_robotics_demo_msgs__rosidl_typesupport_introspection_cpp.dir/rosidl_typesupport_introspection_cpp/unity_robotics_demo_msgs/srv/detail/object_pose_service__type_support.cpp.o[0m
[18.817s] [ 40%] [32mBuilding CXX object CMakeFiles/unity_robotics_demo_msgs__rosidl_typesupport_fastrtps_cpp.dir/rosidl_typesupport_fastrtps_cpp/unity_robotics_demo_msgs/msg/detail/dds_fastrtps/pos_rot__type_support.cpp.o[0m
[19.684s] [ 41%] [32mBuilding CXX object CMakeFiles/unity_robotics_demo_msgs__rosidl_typesupport_fastrtps_cpp.dir/rosidl_typesupport_fastrtps_cpp/unity_robotics_demo_msgs/msg/detail/dds_fastrtps/unity_color__type_support.cpp.o[0m
[19.722s] [ 45%] [32m[1mLinking CXX shared library libunity_robotics_demo_msgs__rosidl_typesupport_cpp.so[0m
[19.731s] [ 45%] [32mBuilding CXX object CMakeFiles/unity_robotics_demo_msgs__rosidl_typesupport_fastrtps_cpp.dir/rosidl_typesupport_fastrtps_cpp/unity_robotics_demo_msgs/srv/detail/dds_fastrtps/position_service__type_support.cpp.o[0m
[19.750s] [ 47%] [32mBuilding CXX object CMakeFiles/unity_robotics_demo_msgs__rosidl_typesupport_fastrtps_cpp.dir/rosidl_typesupport_fastrtps_cpp/unity_robotics_demo_msgs/srv/detail/dds_fastrtps/object_pose_service__type_support.cpp.o[0m
[20.043s] [ 49%] [32mBuilding CXX object CMakeFiles/unity_robotics_demo_msgs__rosidl_typesupport_c.dir/rosidl_typesupport_c/unity_robotics_demo_msgs/msg/pos_rot__type_support.cpp.o[0m
[20.573s] [ 49%] Built target unity_robotics_demo_msgs__rosidl_typesupport_cpp
[20.602s] [ 50%] [32mBuilding CXX object CMakeFiles/unity_robotics_demo_msgs__rosidl_typesupport_c.dir/rosidl_typesupport_c/unity_robotics_demo_msgs/msg/unity_color__type_support.cpp.o[0m
[20.620s] [ 52%] [32mBuilding CXX object CMakeFiles/unity_robotics_demo_msgs__rosidl_typesupport_c.dir/rosidl_typesupport_c/unity_robotics_demo_msgs/srv/position_service__type_support.cpp.o[0m
[20.920s] [ 54%] [32mBuilding C object CMakeFiles/unity_robotics_demo_msgs__rosidl_typesupport_introspection_c.dir/rosidl_typesupport_introspection_c/unity_robotics_demo_msgs/msg/detail/pos_rot__type_support.c.o[0m
[21.007s] [ 60%] [32mBuilding C object CMakeFiles/unity_robotics_demo_msgs__rosidl_typesupport_introspection_c.dir/rosidl_typesupport_introspection_c/unity_robotics_demo_msgs/msg/detail/unity_color__type_support.c.o[0m
[21.013s] [ 60%] [32mBuilding CXX object CMakeFiles/unity_robotics_demo_msgs__rosidl_typesupport_c.dir/rosidl_typesupport_c/unity_robotics_demo_msgs/srv/object_pose_service__type_support.cpp.o[0m
[21.018s] [ 60%] [32mBuilding C object CMakeFiles/unity_robotics_demo_msgs__rosidl_typesupport_introspection_c.dir/rosidl_typesupport_introspection_c/unity_robotics_demo_msgs/srv/detail/position_service__type_support.c.o[0m
[21.051s] [ 61%] [32mBuilding C object CMakeFiles/unity_robotics_demo_msgs__rosidl_typesupport_introspection_c.dir/rosidl_typesupport_introspection_c/unity_robotics_demo_msgs/srv/detail/object_pose_service__type_support.c.o[0m
[21.075s] [ 63%] [32mBuilding CXX object CMakeFiles/unity_robotics_demo_msgs__rosidl_typesupport_fastrtps_c.dir/rosidl_typesupport_fastrtps_c/unity_robotics_demo_msgs/msg/detail/pos_rot__type_support_c.cpp.o[0m
[21.157s] [ 65%] [32mBuilding CXX object CMakeFiles/unity_robotics_demo_msgs__rosidl_typesupport_fastrtps_c.dir/rosidl_typesupport_fastrtps_c/unity_robotics_demo_msgs/msg/detail/unity_color__type_support_c.cpp.o[0m
[21.173s] [ 67%] [32m[1mLinking CXX shared library libunity_robotics_demo_msgs__rosidl_typesupport_introspection_cpp.so[0m
[21.473s] [ 69%] [32mBuilding CXX object CMakeFiles/unity_robotics_demo_msgs__rosidl_typesupport_fastrtps_c.dir/rosidl_typesupport_fastrtps_c/unity_robotics_demo_msgs/srv/detail/position_service__type_support_c.cpp.o[0m
[21.490s] [ 70%] [32mBuilding CXX object CMakeFiles/unity_robotics_demo_msgs__rosidl_typesupport_fastrtps_c.dir/rosidl_typesupport_fastrtps_c/unity_robotics_demo_msgs/srv/detail/object_pose_service__type_support_c.cpp.o[0m
[21.500s] [ 72%] [32m[1mLinking CXX shared library libunity_robotics_demo_msgs__rosidl_typesupport_c.so[0m
[21.680s] [ 74%] [32m[1mLinking C shared library libunity_robotics_demo_msgs__rosidl_typesupport_introspection_c.so[0m
[21.980s] [ 74%] Built target unity_robotics_demo_msgs__rosidl_typesupport_introspection_cpp
[22.045s] [ 74%] Built target unity_robotics_demo_msgs__rosidl_typesupport_c
[22.212s] [ 74%] Built target unity_robotics_demo_msgs__rosidl_typesupport_introspection_c
[22.420s] [ 76%] [32m[1mLinking CXX shared library libunity_robotics_demo_msgs__rosidl_typesupport_fastrtps_cpp.so[0m
[22.851s] [ 76%] Built target unity_robotics_demo_msgs__rosidl_typesupport_fastrtps_cpp
[23.013s] [ 78%] [32m[1mLinking CXX shared library libunity_robotics_demo_msgs__rosidl_typesupport_fastrtps_c.so[0m
[23.330s] [ 78%] Built target unity_robotics_demo_msgs__rosidl_typesupport_fastrtps_c
[23.412s] [ 78%] Built target unity_robotics_demo_msgs
[23.501s] [ 80%] [34m[1mGenerating Python code for ROS interfaces[0m
[24.605s] [ 80%] Built target unity_robotics_demo_msgs__py
[24.725s] [ 81%] [32mBuilding C object CMakeFiles/unity_robotics_demo_msgs__rosidl_generator_py.dir/rosidl_generator_py/unity_robotics_demo_msgs/msg/_pos_rot_s.c.o[0m
[24.730s] [ 83%] [32mBuilding C object CMakeFiles/unity_robotics_demo_msgs__rosidl_generator_py.dir/rosidl_generator_py/unity_robotics_demo_msgs/msg/_unity_color_s.c.o[0m
[24.744s] [ 85%] [32mBuilding C object CMakeFiles/unity_robotics_demo_msgs__rosidl_generator_py.dir/rosidl_generator_py/unity_robotics_demo_msgs/srv/_position_service_s.c.o[0m
[24.752s] [ 87%] [32mBuilding C object CMakeFiles/unity_robotics_demo_msgs__rosidl_generator_py.dir/rosidl_generator_py/unity_robotics_demo_msgs/srv/_object_pose_service_s.c.o[0m
[25.279s] [ 89%] [32m[1mLinking C shared library rosidl_generator_py/unity_robotics_demo_msgs/libunity_robotics_demo_msgs__rosidl_generator_py.so[0m
[25.585s] [ 89%] Built target unity_robotics_demo_msgs__rosidl_generator_py
[25.681s] [ 94%] [32mBuilding C object CMakeFiles/unity_robotics_demo_msgs__rosidl_typesupport_fastrtps_c__pyext.dir/rosidl_generator_py/unity_robotics_demo_msgs/_unity_robotics_demo_msgs_s.ep.rosidl_typesupport_fastrtps_c.c.o[0m
[25.682s] [ 94%] [32mBuilding C object CMakeFiles/unity_robotics_demo_msgs__rosidl_typesupport_c__pyext.dir/rosidl_generator_py/unity_robotics_demo_msgs/_unity_robotics_demo_msgs_s.ep.rosidl_typesupport_c.c.o[0m
[25.684s] [ 94%] [32mBuilding C object CMakeFiles/unity_robotics_demo_msgs__rosidl_typesupport_introspection_c__pyext.dir/rosidl_generator_py/unity_robotics_demo_msgs/_unity_robotics_demo_msgs_s.ep.rosidl_typesupport_introspection_c.c.o[0m
[26.220s] [ 96%] [32m[1mLinking C shared library rosidl_generator_py/unity_robotics_demo_msgs/unity_robotics_demo_msgs_s__rosidl_typesupport_c.cpython-310-x86_64-linux-gnu.so[0m
[26.301s] [100%] [32m[1mLinking C shared library rosidl_generator_py/unity_robotics_demo_msgs/unity_robotics_demo_msgs_s__rosidl_typesupport_fastrtps_c.cpython-310-x86_64-linux-gnu.so[0m
[26.302s] [100%] [32m[1mLinking C shared library rosidl_generator_py/unity_robotics_demo_msgs/unity_robotics_demo_msgs_s__rosidl_typesupport_introspection_c.cpython-310-x86_64-linux-gnu.so[0m
[26.490s] [100%] Built target unity_robotics_demo_msgs__rosidl_typesupport_c__pyext
[26.510s] [100%] Built target unity_robotics_demo_msgs__rosidl_typesupport_fastrtps_c__pyext
[26.537s] [100%] Built target unity_robotics_demo_msgs__rosidl_typesupport_introspection_c__pyext
[26.754s] Invoked command in '/mnt/d/prueba/TFG-ROS2/ros2_server_endpoint/build/unity_robotics_demo_msgs' returned '0': CMAKE_PREFIX_PATH=/opt/ros/humble /usr/bin/cmake --build /mnt/d/prueba/TFG-ROS2/ros2_server_endpoint/build/unity_robotics_demo_msgs -- -j12 -l12
[26.975s] Invoking command in '/mnt/d/prueba/TFG-ROS2/ros2_server_endpoint/build/unity_robotics_demo_msgs': CMAKE_PREFIX_PATH=/opt/ros/humble /usr/bin/cmake --install /mnt/d/prueba/TFG-ROS2/ros2_server_endpoint/build/unity_robotics_demo_msgs
[26.988s] -- Install configuration: ""
[27.026s] -- Installing: /mnt/d/prueba/TFG-ROS2/ros2_server_endpoint/install/unity_robotics_demo_msgs/share/ament_index/resource_index/rosidl_interfaces/unity_robotics_demo_msgs
[27.104s] -- Installing: /mnt/d/prueba/TFG-ROS2/ros2_server_endpoint/install/unity_robotics_demo_msgs/include/unity_robotics_demo_msgs/unity_robotics_demo_msgs
[27.130s] -- Installing: /mnt/d/prueba/TFG-ROS2/ros2_server_endpoint/install/unity_robotics_demo_msgs/include/unity_robotics_demo_msgs/unity_robotics_demo_msgs/msg
[27.161s] -- Installing: /mnt/d/prueba/TFG-ROS2/ros2_server_endpoint/install/unity_robotics_demo_msgs/include/unity_robotics_demo_msgs/unity_robotics_demo_msgs/msg/detail
[27.204s] -- Installing: /mnt/d/prueba/TFG-ROS2/ros2_server_endpoint/install/unity_robotics_demo_msgs/include/unity_robotics_demo_msgs/unity_robotics_demo_msgs/msg/detail/pos_rot__functions.c
[27.301s] -- Installing: /mnt/d/prueba/TFG-ROS2/ros2_server_endpoint/install/unity_robotics_demo_msgs/include/unity_robotics_demo_msgs/unity_robotics_demo_msgs/msg/detail/pos_rot__functions.h
[27.396s] -- Installing: /mnt/d/prueba/TFG-ROS2/ros2_server_endpoint/install/unity_robotics_demo_msgs/include/unity_robotics_demo_msgs/unity_robotics_demo_msgs/msg/detail/pos_rot__struct.h
[27.489s] -- Installing: /mnt/d/prueba/TFG-ROS2/ros2_server_endpoint/install/unity_robotics_demo_msgs/include/unity_robotics_demo_msgs/unity_robotics_demo_msgs/msg/detail/pos_rot__type_support.h
[27.586s] -- Installing: /mnt/d/prueba/TFG-ROS2/ros2_server_endpoint/install/unity_robotics_demo_msgs/include/unity_robotics_demo_msgs/unity_robotics_demo_msgs/msg/detail/unity_color__functions.c
[27.690s] -- Installing: /mnt/d/prueba/TFG-ROS2/ros2_server_endpoint/install/unity_robotics_demo_msgs/include/unity_robotics_demo_msgs/unity_robotics_demo_msgs/msg/detail/unity_color__functions.h
[27.792s] -- Installing: /mnt/d/prueba/TFG-ROS2/ros2_server_endpoint/install/unity_robotics_demo_msgs/include/unity_robotics_demo_msgs/unity_robotics_demo_msgs/msg/detail/unity_color__struct.h
[27.896s] -- Installing: /mnt/d/prueba/TFG-ROS2/ros2_server_endpoint/install/unity_robotics_demo_msgs/include/unity_robotics_demo_msgs/unity_robotics_demo_msgs/msg/detail/unity_color__type_support.h
[27.993s] -- Installing: /mnt/d/prueba/TFG-ROS2/ros2_server_endpoint/install/unity_robotics_demo_msgs/include/unity_robotics_demo_msgs/unity_robotics_demo_msgs/msg/pos_rot.h
[28.076s] -- Installing: /mnt/d/prueba/TFG-ROS2/ros2_server_endpoint/install/unity_robotics_demo_msgs/include/unity_robotics_demo_msgs/unity_robotics_demo_msgs/msg/rosidl_generator_c__visibility_control.h
[28.164s] -- Installing: /mnt/d/prueba/TFG-ROS2/ros2_server_endpoint/install/unity_robotics_demo_msgs/include/unity_robotics_demo_msgs/unity_robotics_demo_msgs/msg/unity_color.h
[28.244s] -- Installing: /mnt/d/prueba/TFG-ROS2/ros2_server_endpoint/install/unity_robotics_demo_msgs/include/unity_robotics_demo_msgs/unity_robotics_demo_msgs/srv
[28.278s] -- Installing: /mnt/d/prueba/TFG-ROS2/ros2_server_endpoint/install/unity_robotics_demo_msgs/include/unity_robotics_demo_msgs/unity_robotics_demo_msgs/srv/detail
[28.329s] -- Installing: /mnt/d/prueba/TFG-ROS2/ros2_server_endpoint/install/unity_robotics_demo_msgs/include/unity_robotics_demo_msgs/unity_robotics_demo_msgs/srv/detail/object_pose_service__functions.c
[28.439s] -- Installing: /mnt/d/prueba/TFG-ROS2/ros2_server_endpoint/install/unity_robotics_demo_msgs/include/unity_robotics_demo_msgs/unity_robotics_demo_msgs/srv/detail/object_pose_service__functions.h
[28.542s] -- Installing: /mnt/d/prueba/TFG-ROS2/ros2_server_endpoint/install/unity_robotics_demo_msgs/include/unity_robotics_demo_msgs/unity_robotics_demo_msgs/srv/detail/object_pose_service__struct.h
[28.637s] -- Installing: /mnt/d/prueba/TFG-ROS2/ros2_server_endpoint/install/unity_robotics_demo_msgs/include/unity_robotics_demo_msgs/unity_robotics_demo_msgs/srv/detail/object_pose_service__type_support.h
[28.737s] -- Installing: /mnt/d/prueba/TFG-ROS2/ros2_server_endpoint/install/unity_robotics_demo_msgs/include/unity_robotics_demo_msgs/unity_robotics_demo_msgs/srv/detail/position_service__functions.c
[28.835s] -- Installing: /mnt/d/prueba/TFG-ROS2/ros2_server_endpoint/install/unity_robotics_demo_msgs/include/unity_robotics_demo_msgs/unity_robotics_demo_msgs/srv/detail/position_service__functions.h
[28.931s] -- Installing: /mnt/d/prueba/TFG-ROS2/ros2_server_endpoint/install/unity_robotics_demo_msgs/include/unity_robotics_demo_msgs/unity_robotics_demo_msgs/srv/detail/position_service__struct.h
[29.025s] -- Installing: /mnt/d/prueba/TFG-ROS2/ros2_server_endpoint/install/unity_robotics_demo_msgs/include/unity_robotics_demo_msgs/unity_robotics_demo_msgs/srv/detail/position_service__type_support.h
[29.133s] -- Installing: /mnt/d/prueba/TFG-ROS2/ros2_server_endpoint/install/unity_robotics_demo_msgs/include/unity_robotics_demo_msgs/unity_robotics_demo_msgs/srv/object_pose_service.h
[29.223s] -- Installing: /mnt/d/prueba/TFG-ROS2/ros2_server_endpoint/install/unity_robotics_demo_msgs/include/unity_robotics_demo_msgs/unity_robotics_demo_msgs/srv/position_service.h
[29.316s] -- Installing: /mnt/d/prueba/TFG-ROS2/ros2_server_endpoint/install/unity_robotics_demo_msgs/share/unity_robotics_demo_msgs/environment/library_path.sh
[29.378s] -- Installing: /mnt/d/prueba/TFG-ROS2/ros2_server_endpoint/install/unity_robotics_demo_msgs/share/unity_robotics_demo_msgs/environment/library_path.dsv
[29.444s] -- Installing: /mnt/d/prueba/TFG-ROS2/ros2_server_endpoint/install/unity_robotics_demo_msgs/lib/libunity_robotics_demo_msgs__rosidl_generator_c.so
[29.533s] -- Set runtime path of "/mnt/d/prueba/TFG-ROS2/ros2_server_endpoint/install/unity_robotics_demo_msgs/lib/libunity_robotics_demo_msgs__rosidl_generator_c.so" to ""
[29.545s] -- Up-to-date: /mnt/d/prueba/TFG-ROS2/ros2_server_endpoint/install/unity_robotics_demo_msgs/include/unity_robotics_demo_msgs/unity_robotics_demo_msgs
[29.569s] -- Up-to-date: /mnt/d/prueba/TFG-ROS2/ros2_server_endpoint/install/unity_robotics_demo_msgs/include/unity_robotics_demo_msgs/unity_robotics_demo_msgs/msg
[29.597s] -- Up-to-date: /mnt/d/prueba/TFG-ROS2/ros2_server_endpoint/install/unity_robotics_demo_msgs/include/unity_robotics_demo_msgs/unity_robotics_demo_msgs/msg/detail
[29.632s] -- Installing: /mnt/d/prueba/TFG-ROS2/ros2_server_endpoint/install/unity_robotics_demo_msgs/include/unity_robotics_demo_msgs/unity_robotics_demo_msgs/msg/detail/pos_rot__rosidl_typesupport_fastrtps_c.h
[29.727s] -- Installing: /mnt/d/prueba/TFG-ROS2/ros2_server_endpoint/install/unity_robotics_demo_msgs/include/unity_robotics_demo_msgs/unity_robotics_demo_msgs/msg/detail/unity_color__rosidl_typesupport_fastrtps_c.h
[29.817s] -- Installing: /mnt/d/prueba/TFG-ROS2/ros2_server_endpoint/install/unity_robotics_demo_msgs/include/unity_robotics_demo_msgs/unity_robotics_demo_msgs/msg/rosidl_typesupport_fastrtps_c__visibility_control.h
[29.898s] -- Up-to-date: /mnt/d/prueba/TFG-ROS2/ros2_server_endpoint/install/unity_robotics_demo_msgs/include/unity_robotics_demo_msgs/unity_robotics_demo_msgs/srv
[29.929s] -- Up-to-date: /mnt/d/prueba/TFG-ROS2/ros2_server_endpoint/install/unity_robotics_demo_msgs/include/unity_robotics_demo_msgs/unity_robotics_demo_msgs/srv/detail
[29.968s] -- Installing: /mnt/d/prueba/TFG-ROS2/ros2_server_endpoint/install/unity_robotics_demo_msgs/include/unity_robotics_demo_msgs/unity_robotics_demo_msgs/srv/detail/object_pose_service__rosidl_typesupport_fastrtps_c.h
[30.084s] -- Installing: /mnt/d/prueba/TFG-ROS2/ros2_server_endpoint/install/unity_robotics_demo_msgs/include/unity_robotics_demo_msgs/unity_robotics_demo_msgs/srv/detail/position_service__rosidl_typesupport_fastrtps_c.h
[30.188s] -- Installing: /mnt/d/prueba/TFG-ROS2/ros2_server_endpoint/install/unity_robotics_demo_msgs/lib/libunity_robotics_demo_msgs__rosidl_typesupport_fastrtps_c.so
[30.282s] -- Set runtime path of "/mnt/d/prueba/TFG-ROS2/ros2_server_endpoint/install/unity_robotics_demo_msgs/lib/libunity_robotics_demo_msgs__rosidl_typesupport_fastrtps_c.so" to ""
[30.293s] -- Up-to-date: /mnt/d/prueba/TFG-ROS2/ros2_server_endpoint/install/unity_robotics_demo_msgs/include/unity_robotics_demo_msgs/unity_robotics_demo_msgs
[30.315s] -- Up-to-date: /mnt/d/prueba/TFG-ROS2/ros2_server_endpoint/install/unity_robotics_demo_msgs/include/unity_robotics_demo_msgs/unity_robotics_demo_msgs/msg
[30.344s] -- Up-to-date: /mnt/d/prueba/TFG-ROS2/ros2_server_endpoint/install/unity_robotics_demo_msgs/include/unity_robotics_demo_msgs/unity_robotics_demo_msgs/msg/detail
[30.380s] -- Installing: /mnt/d/prueba/TFG-ROS2/ros2_server_endpoint/install/unity_robotics_demo_msgs/include/unity_robotics_demo_msgs/unity_robotics_demo_msgs/msg/detail/pos_rot__rosidl_typesupport_introspection_c.h
[30.477s] -- Installing: /mnt/d/prueba/TFG-ROS2/ros2_server_endpoint/install/unity_robotics_demo_msgs/include/unity_robotics_demo_msgs/unity_robotics_demo_msgs/msg/detail/pos_rot__type_support.c
[30.568s] -- Installing: /mnt/d/prueba/TFG-ROS2/ros2_server_endpoint/install/unity_robotics_demo_msgs/include/unity_robotics_demo_msgs/unity_robotics_demo_msgs/msg/detail/unity_color__rosidl_typesupport_introspection_c.h
[30.659s] -- Installing: /mnt/d/prueba/TFG-ROS2/ros2_server_endpoint/install/unity_robotics_demo_msgs/include/unity_robotics_demo_msgs/unity_robotics_demo_msgs/msg/detail/unity_color__type_support.c
[30.748s] -- Installing: /mnt/d/prueba/TFG-ROS2/ros2_server_endpoint/install/unity_robotics_demo_msgs/include/unity_robotics_demo_msgs/unity_robotics_demo_msgs/msg/rosidl_typesupport_introspection_c__visibility_control.h
[30.826s] -- Up-to-date: /mnt/d/prueba/TFG-ROS2/ros2_server_endpoint/install/unity_robotics_demo_msgs/include/unity_robotics_demo_msgs/unity_robotics_demo_msgs/srv
[30.851s] -- Up-to-date: /mnt/d/prueba/TFG-ROS2/ros2_server_endpoint/install/unity_robotics_demo_msgs/include/unity_robotics_demo_msgs/unity_robotics_demo_msgs/srv/detail
[30.885s] -- Installing: /mnt/d/prueba/TFG-ROS2/ros2_server_endpoint/install/unity_robotics_demo_msgs/include/unity_robotics_demo_msgs/unity_robotics_demo_msgs/srv/detail/object_pose_service__rosidl_typesupport_introspection_c.h
[30.976s] -- Installing: /mnt/d/prueba/TFG-ROS2/ros2_server_endpoint/install/unity_robotics_demo_msgs/include/unity_robotics_demo_msgs/unity_robotics_demo_msgs/srv/detail/object_pose_service__type_support.c
[31.068s] -- Installing: /mnt/d/prueba/TFG-ROS2/ros2_server_endpoint/install/unity_robotics_demo_msgs/include/unity_robotics_demo_msgs/unity_robotics_demo_msgs/srv/detail/position_service__rosidl_typesupport_introspection_c.h
[31.163s] -- Installing: /mnt/d/prueba/TFG-ROS2/ros2_server_endpoint/install/unity_robotics_demo_msgs/include/unity_robotics_demo_msgs/unity_robotics_demo_msgs/srv/detail/position_service__type_support.c
[31.257s] -- Installing: /mnt/d/prueba/TFG-ROS2/ros2_server_endpoint/install/unity_robotics_demo_msgs/lib/libunity_robotics_demo_msgs__rosidl_typesupport_introspection_c.so
[31.352s] -- Set runtime path of "/mnt/d/prueba/TFG-ROS2/ros2_server_endpoint/install/unity_robotics_demo_msgs/lib/libunity_robotics_demo_msgs__rosidl_typesupport_introspection_c.so" to ""
[31.372s] -- Installing: /mnt/d/prueba/TFG-ROS2/ros2_server_endpoint/install/unity_robotics_demo_msgs/lib/libunity_robotics_demo_msgs__rosidl_typesupport_c.so
[31.474s] -- Set runtime path of "/mnt/d/prueba/TFG-ROS2/ros2_server_endpoint/install/unity_robotics_demo_msgs/lib/libunity_robotics_demo_msgs__rosidl_typesupport_c.so" to ""
[31.486s] -- Up-to-date: /mnt/d/prueba/TFG-ROS2/ros2_server_endpoint/install/unity_robotics_demo_msgs/include/unity_robotics_demo_msgs/unity_robotics_demo_msgs
[31.512s] -- Up-to-date: /mnt/d/prueba/TFG-ROS2/ros2_server_endpoint/install/unity_robotics_demo_msgs/include/unity_robotics_demo_msgs/unity_robotics_demo_msgs/msg
[31.544s] -- Up-to-date: /mnt/d/prueba/TFG-ROS2/ros2_server_endpoint/install/unity_robotics_demo_msgs/include/unity_robotics_demo_msgs/unity_robotics_demo_msgs/msg/detail
[31.586s] -- Installing: /mnt/d/prueba/TFG-ROS2/ros2_server_endpoint/install/unity_robotics_demo_msgs/include/unity_robotics_demo_msgs/unity_robotics_demo_msgs/msg/detail/pos_rot__builder.hpp
[31.684s] -- Installing: /mnt/d/prueba/TFG-ROS2/ros2_server_endpoint/install/unity_robotics_demo_msgs/include/unity_robotics_demo_msgs/unity_robotics_demo_msgs/msg/detail/pos_rot__struct.hpp
[31.785s] -- Installing: /mnt/d/prueba/TFG-ROS2/ros2_server_endpoint/install/unity_robotics_demo_msgs/include/unity_robotics_demo_msgs/unity_robotics_demo_msgs/msg/detail/pos_rot__traits.hpp
[31.878s] -- Installing: /mnt/d/prueba/TFG-ROS2/ros2_server_endpoint/install/unity_robotics_demo_msgs/include/unity_robotics_demo_msgs/unity_robotics_demo_msgs/msg/detail/unity_color__builder.hpp
[31.969s] -- Installing: /mnt/d/prueba/TFG-ROS2/ros2_server_endpoint/install/unity_robotics_demo_msgs/include/unity_robotics_demo_msgs/unity_robotics_demo_msgs/msg/detail/unity_color__struct.hpp
[32.057s] -- Installing: /mnt/d/prueba/TFG-ROS2/ros2_server_endpoint/install/unity_robotics_demo_msgs/include/unity_robotics_demo_msgs/unity_robotics_demo_msgs/msg/detail/unity_color__traits.hpp
[32.145s] -- Installing: /mnt/d/prueba/TFG-ROS2/ros2_server_endpoint/install/unity_robotics_demo_msgs/include/unity_robotics_demo_msgs/unity_robotics_demo_msgs/msg/pos_rot.hpp
[32.242s] -- Installing: /mnt/d/prueba/TFG-ROS2/ros2_server_endpoint/install/unity_robotics_demo_msgs/include/unity_robotics_demo_msgs/unity_robotics_demo_msgs/msg/unity_color.hpp
[32.343s] -- Up-to-date: /mnt/d/prueba/TFG-ROS2/ros2_server_endpoint/install/unity_robotics_demo_msgs/include/unity_robotics_demo_msgs/unity_robotics_demo_msgs/srv
[32.375s] -- Up-to-date: /mnt/d/prueba/TFG-ROS2/ros2_server_endpoint/install/unity_robotics_demo_msgs/include/unity_robotics_demo_msgs/unity_robotics_demo_msgs/srv/detail
[32.418s] -- Installing: /mnt/d/prueba/TFG-ROS2/ros2_server_endpoint/install/unity_robotics_demo_msgs/include/unity_robotics_demo_msgs/unity_robotics_demo_msgs/srv/detail/object_pose_service__builder.hpp
[32.522s] -- Installing: /mnt/d/prueba/TFG-ROS2/ros2_server_endpoint/install/unity_robotics_demo_msgs/include/unity_robotics_demo_msgs/unity_robotics_demo_msgs/srv/detail/object_pose_service__struct.hpp
[32.630s] -- Installing: /mnt/d/prueba/TFG-ROS2/ros2_server_endpoint/install/unity_robotics_demo_msgs/include/unity_robotics_demo_msgs/unity_robotics_demo_msgs/srv/detail/object_pose_service__traits.hpp
[32.729s] -- Installing: /mnt/d/prueba/TFG-ROS2/ros2_server_endpoint/install/unity_robotics_demo_msgs/include/unity_robotics_demo_msgs/unity_robotics_demo_msgs/srv/detail/position_service__builder.hpp
[32.820s] -- Installing: /mnt/d/prueba/TFG-ROS2/ros2_server_endpoint/install/unity_robotics_demo_msgs/include/unity_robotics_demo_msgs/unity_robotics_demo_msgs/srv/detail/position_service__struct.hpp
[32.913s] -- Installing: /mnt/d/prueba/TFG-ROS2/ros2_server_endpoint/install/unity_robotics_demo_msgs/include/unity_robotics_demo_msgs/unity_robotics_demo_msgs/srv/detail/position_service__traits.hpp
[33.004s] -- Installing: /mnt/d/prueba/TFG-ROS2/ros2_server_endpoint/install/unity_robotics_demo_msgs/include/unity_robotics_demo_msgs/unity_robotics_demo_msgs/srv/object_pose_service.hpp
[33.082s] -- Installing: /mnt/d/prueba/TFG-ROS2/ros2_server_endpoint/install/unity_robotics_demo_msgs/include/unity_robotics_demo_msgs/unity_robotics_demo_msgs/srv/position_service.hpp
[33.157s] -- Up-to-date: /mnt/d/prueba/TFG-ROS2/ros2_server_endpoint/install/unity_robotics_demo_msgs/include/unity_robotics_demo_msgs/unity_robotics_demo_msgs
[33.179s] -- Up-to-date: /mnt/d/prueba/TFG-ROS2/ros2_server_endpoint/install/unity_robotics_demo_msgs/include/unity_robotics_demo_msgs/unity_robotics_demo_msgs/msg
[33.205s] -- Up-to-date: /mnt/d/prueba/TFG-ROS2/ros2_server_endpoint/install/unity_robotics_demo_msgs/include/unity_robotics_demo_msgs/unity_robotics_demo_msgs/msg/detail
[33.236s] -- Installing: /mnt/d/prueba/TFG-ROS2/ros2_server_endpoint/install/unity_robotics_demo_msgs/include/unity_robotics_demo_msgs/unity_robotics_demo_msgs/msg/detail/dds_fastrtps
[33.285s] -- Installing: /mnt/d/prueba/TFG-ROS2/ros2_server_endpoint/install/unity_robotics_demo_msgs/include/unity_robotics_demo_msgs/unity_robotics_demo_msgs/msg/detail/pos_rot__rosidl_typesupport_fastrtps_cpp.hpp
[33.381s] -- Installing: /mnt/d/prueba/TFG-ROS2/ros2_server_endpoint/install/unity_robotics_demo_msgs/include/unity_robotics_demo_msgs/unity_robotics_demo_msgs/msg/detail/unity_color__rosidl_typesupport_fastrtps_cpp.hpp
[33.469s] -- Installing: /mnt/d/prueba/TFG-ROS2/ros2_server_endpoint/install/unity_robotics_demo_msgs/include/unity_robotics_demo_msgs/unity_robotics_demo_msgs/msg/rosidl_typesupport_fastrtps_cpp__visibility_control.h
[33.544s] -- Up-to-date: /mnt/d/prueba/TFG-ROS2/ros2_server_endpoint/install/unity_robotics_demo_msgs/include/unity_robotics_demo_msgs/unity_robotics_demo_msgs/srv
[33.570s] -- Up-to-date: /mnt/d/prueba/TFG-ROS2/ros2_server_endpoint/install/unity_robotics_demo_msgs/include/unity_robotics_demo_msgs/unity_robotics_demo_msgs/srv/detail
[33.600s] -- Installing: /mnt/d/prueba/TFG-ROS2/ros2_server_endpoint/install/unity_robotics_demo_msgs/include/unity_robotics_demo_msgs/unity_robotics_demo_msgs/srv/detail/dds_fastrtps
[33.650s] -- Installing: /mnt/d/prueba/TFG-ROS2/ros2_server_endpoint/install/unity_robotics_demo_msgs/include/unity_robotics_demo_msgs/unity_robotics_demo_msgs/srv/detail/object_pose_service__rosidl_typesupport_fastrtps_cpp.hpp
[33.753s] -- Installing: /mnt/d/prueba/TFG-ROS2/ros2_server_endpoint/install/unity_robotics_demo_msgs/include/unity_robotics_demo_msgs/unity_robotics_demo_msgs/srv/detail/position_service__rosidl_typesupport_fastrtps_cpp.hpp
[33.847s] -- Installing: /mnt/d/prueba/TFG-ROS2/ros2_server_endpoint/install/unity_robotics_demo_msgs/lib/libunity_robotics_demo_msgs__rosidl_typesupport_fastrtps_cpp.so
[33.943s] -- Set runtime path of "/mnt/d/prueba/TFG-ROS2/ros2_server_endpoint/install/unity_robotics_demo_msgs/lib/libunity_robotics_demo_msgs__rosidl_typesupport_fastrtps_cpp.so" to ""
[33.954s] -- Up-to-date: /mnt/d/prueba/TFG-ROS2/ros2_server_endpoint/install/unity_robotics_demo_msgs/include/unity_robotics_demo_msgs/unity_robotics_demo_msgs
[33.978s] -- Up-to-date: /mnt/d/prueba/TFG-ROS2/ros2_server_endpoint/install/unity_robotics_demo_msgs/include/unity_robotics_demo_msgs/unity_robotics_demo_msgs/msg
[34.006s] -- Up-to-date: /mnt/d/prueba/TFG-ROS2/ros2_server_endpoint/install/unity_robotics_demo_msgs/include/unity_robotics_demo_msgs/unity_robotics_demo_msgs/msg/detail
[34.043s] -- Installing: /mnt/d/prueba/TFG-ROS2/ros2_server_endpoint/install/unity_robotics_demo_msgs/include/unity_robotics_demo_msgs/unity_robotics_demo_msgs/msg/detail/pos_rot__rosidl_typesupport_introspection_cpp.hpp
[34.141s] -- Installing: /mnt/d/prueba/TFG-ROS2/ros2_server_endpoint/install/unity_robotics_demo_msgs/include/unity_robotics_demo_msgs/unity_robotics_demo_msgs/msg/detail/pos_rot__type_support.cpp
[34.238s] -- Installing: /mnt/d/prueba/TFG-ROS2/ros2_server_endpoint/install/unity_robotics_demo_msgs/include/unity_robotics_demo_msgs/unity_robotics_demo_msgs/msg/detail/unity_color__rosidl_typesupport_introspection_cpp.hpp
[34.329s] -- Installing: /mnt/d/prueba/TFG-ROS2/ros2_server_endpoint/install/unity_robotics_demo_msgs/include/unity_robotics_demo_msgs/unity_robotics_demo_msgs/msg/detail/unity_color__type_support.cpp
[34.413s] -- Up-to-date: /mnt/d/prueba/TFG-ROS2/ros2_server_endpoint/install/unity_robotics_demo_msgs/include/unity_robotics_demo_msgs/unity_robotics_demo_msgs/srv
[34.439s] -- Up-to-date: /mnt/d/prueba/TFG-ROS2/ros2_server_endpoint/install/unity_robotics_demo_msgs/include/unity_robotics_demo_msgs/unity_robotics_demo_msgs/srv/detail
[34.472s] -- Installing: /mnt/d/prueba/TFG-ROS2/ros2_server_endpoint/install/unity_robotics_demo_msgs/include/unity_robotics_demo_msgs/unity_robotics_demo_msgs/srv/detail/object_pose_service__rosidl_typesupport_introspection_cpp.hpp
[34.575s] -- Installing: /mnt/d/prueba/TFG-ROS2/ros2_server_endpoint/install/unity_robotics_demo_msgs/include/unity_robotics_demo_msgs/unity_robotics_demo_msgs/srv/detail/object_pose_service__type_support.cpp
[34.682s] -- Installing: /mnt/d/prueba/TFG-ROS2/ros2_server_endpoint/install/unity_robotics_demo_msgs/include/unity_robotics_demo_msgs/unity_robotics_demo_msgs/srv/detail/position_service__rosidl_typesupport_introspection_cpp.hpp
[34.790s] -- Installing: /mnt/d/prueba/TFG-ROS2/ros2_server_endpoint/install/unity_robotics_demo_msgs/include/unity_robotics_demo_msgs/unity_robotics_demo_msgs/srv/detail/position_service__type_support.cpp
[34.883s] -- Installing: /mnt/d/prueba/TFG-ROS2/ros2_server_endpoint/install/unity_robotics_demo_msgs/lib/libunity_robotics_demo_msgs__rosidl_typesupport_introspection_cpp.so
[34.972s] -- Set runtime path of "/mnt/d/prueba/TFG-ROS2/ros2_server_endpoint/install/unity_robotics_demo_msgs/lib/libunity_robotics_demo_msgs__rosidl_typesupport_introspection_cpp.so" to ""
[34.987s] -- Installing: /mnt/d/prueba/TFG-ROS2/ros2_server_endpoint/install/unity_robotics_demo_msgs/lib/libunity_robotics_demo_msgs__rosidl_typesupport_cpp.so
[35.071s] -- Set runtime path of "/mnt/d/prueba/TFG-ROS2/ros2_server_endpoint/install/unity_robotics_demo_msgs/lib/libunity_robotics_demo_msgs__rosidl_typesupport_cpp.so" to ""
[35.087s] -- Installing: /mnt/d/prueba/TFG-ROS2/ros2_server_endpoint/install/unity_robotics_demo_msgs/share/unity_robotics_demo_msgs/environment/pythonpath.sh
[35.154s] -- Installing: /mnt/d/prueba/TFG-ROS2/ros2_server_endpoint/install/unity_robotics_demo_msgs/share/unity_robotics_demo_msgs/environment/pythonpath.dsv
[35.219s] -- Installing: /mnt/d/prueba/TFG-ROS2/ros2_server_endpoint/install/unity_robotics_demo_msgs/local/lib/python3.10/dist-packages/unity_robotics_demo_msgs-0.0.1-py3.10.egg-info
[35.260s] -- Installing: /mnt/d/prueba/TFG-ROS2/ros2_server_endpoint/install/unity_robotics_demo_msgs/local/lib/python3.10/dist-packages/unity_robotics_demo_msgs-0.0.1-py3.10.egg-info/dependency_links.txt
[35.347s] -- Installing: /mnt/d/prueba/TFG-ROS2/ros2_server_endpoint/install/unity_robotics_demo_msgs/local/lib/python3.10/dist-packages/unity_robotics_demo_msgs-0.0.1-py3.10.egg-info/PKG-INFO
[35.440s] -- Installing: /mnt/d/prueba/TFG-ROS2/ros2_server_endpoint/install/unity_robotics_demo_msgs/local/lib/python3.10/dist-packages/unity_robotics_demo_msgs-0.0.1-py3.10.egg-info/SOURCES.txt
[35.535s] -- Installing: /mnt/d/prueba/TFG-ROS2/ros2_server_endpoint/install/unity_robotics_demo_msgs/local/lib/python3.10/dist-packages/unity_robotics_demo_msgs-0.0.1-py3.10.egg-info/top_level.txt
[35.615s] -- Installing: /mnt/d/prueba/TFG-ROS2/ros2_server_endpoint/install/unity_robotics_demo_msgs/local/lib/python3.10/dist-packages/unity_robotics_demo_msgs
[35.650s] -- Installing: /mnt/d/prueba/TFG-ROS2/ros2_server_endpoint/install/unity_robotics_demo_msgs/local/lib/python3.10/dist-packages/unity_robotics_demo_msgs/libunity_robotics_demo_msgs__rosidl_generator_py.so
[35.737s] -- Installing: /mnt/d/prueba/TFG-ROS2/ros2_server_endpoint/install/unity_robotics_demo_msgs/local/lib/python3.10/dist-packages/unity_robotics_demo_msgs/msg
[35.782s] -- Installing: /mnt/d/prueba/TFG-ROS2/ros2_server_endpoint/install/unity_robotics_demo_msgs/local/lib/python3.10/dist-packages/unity_robotics_demo_msgs/msg/_pos_rot.py
[35.879s] -- Installing: /mnt/d/prueba/TFG-ROS2/ros2_server_endpoint/install/unity_robotics_demo_msgs/local/lib/python3.10/dist-packages/unity_robotics_demo_msgs/msg/_pos_rot_s.c
[35.985s] -- Installing: /mnt/d/prueba/TFG-ROS2/ros2_server_endpoint/install/unity_robotics_demo_msgs/local/lib/python3.10/dist-packages/unity_robotics_demo_msgs/msg/_unity_color.py
[36.100s] -- Installing: /mnt/d/prueba/TFG-ROS2/ros2_server_endpoint/install/unity_robotics_demo_msgs/local/lib/python3.10/dist-packages/unity_robotics_demo_msgs/msg/_unity_color_s.c
[36.204s] -- Installing: /mnt/d/prueba/TFG-ROS2/ros2_server_endpoint/install/unity_robotics_demo_msgs/local/lib/python3.10/dist-packages/unity_robotics_demo_msgs/msg/__init__.py
[36.305s] -- Installing: /mnt/d/prueba/TFG-ROS2/ros2_server_endpoint/install/unity_robotics_demo_msgs/local/lib/python3.10/dist-packages/unity_robotics_demo_msgs/srv
[36.352s] -- Installing: /mnt/d/prueba/TFG-ROS2/ros2_server_endpoint/install/unity_robotics_demo_msgs/local/lib/python3.10/dist-packages/unity_robotics_demo_msgs/srv/_object_pose_service.py
[36.452s] -- Installing: /mnt/d/prueba/TFG-ROS2/ros2_server_endpoint/install/unity_robotics_demo_msgs/local/lib/python3.10/dist-packages/unity_robotics_demo_msgs/srv/_object_pose_service_s.c
[36.548s] -- Installing: /mnt/d/prueba/TFG-ROS2/ros2_server_endpoint/install/unity_robotics_demo_msgs/local/lib/python3.10/dist-packages/unity_robotics_demo_msgs/srv/_position_service.py
[36.638s] -- Installing: /mnt/d/prueba/TFG-ROS2/ros2_server_endpoint/install/unity_robotics_demo_msgs/local/lib/python3.10/dist-packages/unity_robotics_demo_msgs/srv/_position_service_s.c
[36.726s] -- Installing: /mnt/d/prueba/TFG-ROS2/ros2_server_endpoint/install/unity_robotics_demo_msgs/local/lib/python3.10/dist-packages/unity_robotics_demo_msgs/srv/__init__.py
[36.819s] -- Installing: /mnt/d/prueba/TFG-ROS2/ros2_server_endpoint/install/unity_robotics_demo_msgs/local/lib/python3.10/dist-packages/unity_robotics_demo_msgs/unity_robotics_demo_msgs_s__rosidl_typesupport_c.cpython-310-x86_64-linux-gnu.so
[36.918s] -- Installing: /mnt/d/prueba/TFG-ROS2/ros2_server_endpoint/install/unity_robotics_demo_msgs/local/lib/python3.10/dist-packages/unity_robotics_demo_msgs/unity_robotics_demo_msgs_s__rosidl_typesupport_fastrtps_c.cpython-310-x86_64-linux-gnu.so
[37.012s] -- Installing: /mnt/d/prueba/TFG-ROS2/ros2_server_endpoint/install/unity_robotics_demo_msgs/local/lib/python3.10/dist-packages/unity_robotics_demo_msgs/unity_robotics_demo_msgs_s__rosidl_typesupport_introspection_c.cpython-310-x86_64-linux-gnu.so
[37.104s] -- Installing: /mnt/d/prueba/TFG-ROS2/ros2_server_endpoint/install/unity_robotics_demo_msgs/local/lib/python3.10/dist-packages/unity_robotics_demo_msgs/_unity_robotics_demo_msgs_s.ep.rosidl_typesupport_c.c
[37.188s] -- Installing: /mnt/d/prueba/TFG-ROS2/ros2_server_endpoint/install/unity_robotics_demo_msgs/local/lib/python3.10/dist-packages/unity_robotics_demo_msgs/_unity_robotics_demo_msgs_s.ep.rosidl_typesupport_fastrtps_c.c
[37.275s] -- Installing: /mnt/d/prueba/TFG-ROS2/ros2_server_endpoint/install/unity_robotics_demo_msgs/local/lib/python3.10/dist-packages/unity_robotics_demo_msgs/_unity_robotics_demo_msgs_s.ep.rosidl_typesupport_introspection_c.c
[37.361s] -- Installing: /mnt/d/prueba/TFG-ROS2/ros2_server_endpoint/install/unity_robotics_demo_msgs/local/lib/python3.10/dist-packages/unity_robotics_demo_msgs/__init__.py
[37.985s] Listing '/mnt/d/prueba/TFG-ROS2/ros2_server_endpoint/install/unity_robotics_demo_msgs/local/lib/python3.10/dist-packages/unity_robotics_demo_msgs'...
[37.986s] Compiling '/mnt/d/prueba/TFG-ROS2/ros2_server_endpoint/install/unity_robotics_demo_msgs/local/lib/python3.10/dist-packages/unity_robotics_demo_msgs/__init__.py'...
[37.987s] Listing '/mnt/d/prueba/TFG-ROS2/ros2_server_endpoint/install/unity_robotics_demo_msgs/local/lib/python3.10/dist-packages/unity_robotics_demo_msgs/msg'...
[37.988s] Compiling '/mnt/d/prueba/TFG-ROS2/ros2_server_endpoint/install/unity_robotics_demo_msgs/local/lib/python3.10/dist-packages/unity_robotics_demo_msgs/msg/__init__.py'...
[37.989s] Compiling '/mnt/d/prueba/TFG-ROS2/ros2_server_endpoint/install/unity_robotics_demo_msgs/local/lib/python3.10/dist-packages/unity_robotics_demo_msgs/msg/_pos_rot.py'...
[37.989s] Compiling '/mnt/d/prueba/TFG-ROS2/ros2_server_endpoint/install/unity_robotics_demo_msgs/local/lib/python3.10/dist-packages/unity_robotics_demo_msgs/msg/_unity_color.py'...
[37.990s] Listing '/mnt/d/prueba/TFG-ROS2/ros2_server_endpoint/install/unity_robotics_demo_msgs/local/lib/python3.10/dist-packages/unity_robotics_demo_msgs/srv'...
[37.991s] Compiling '/mnt/d/prueba/TFG-ROS2/ros2_server_endpoint/install/unity_robotics_demo_msgs/local/lib/python3.10/dist-packages/unity_robotics_demo_msgs/srv/__init__.py'...
[37.992s] Compiling '/mnt/d/prueba/TFG-ROS2/ros2_server_endpoint/install/unity_robotics_demo_msgs/local/lib/python3.10/dist-packages/unity_robotics_demo_msgs/srv/_object_pose_service.py'...
[37.993s] Compiling '/mnt/d/prueba/TFG-ROS2/ros2_server_endpoint/install/unity_robotics_demo_msgs/local/lib/python3.10/dist-packages/unity_robotics_demo_msgs/srv/_position_service.py'...
[38.046s] -- Installing: /mnt/d/prueba/TFG-ROS2/ros2_server_endpoint/install/unity_robotics_demo_msgs/local/lib/python3.10/dist-packages/unity_robotics_demo_msgs/unity_robotics_demo_msgs_s__rosidl_typesupport_fastrtps_c.cpython-310-x86_64-linux-gnu.so
[38.182s] -- Set runtime path of "/mnt/d/prueba/TFG-ROS2/ros2_server_endpoint/install/unity_robotics_demo_msgs/local/lib/python3.10/dist-packages/unity_robotics_demo_msgs/unity_robotics_demo_msgs_s__rosidl_typesupport_fastrtps_c.cpython-310-x86_64-linux-gnu.so" to ""
[38.253s] -- Installing: /mnt/d/prueba/TFG-ROS2/ros2_server_endpoint/install/unity_robotics_demo_msgs/local/lib/python3.10/dist-packages/unity_robotics_demo_msgs/unity_robotics_demo_msgs_s__rosidl_typesupport_introspection_c.cpython-310-x86_64-linux-gnu.so
[38.414s] -- Set runtime path of "/mnt/d/prueba/TFG-ROS2/ros2_server_endpoint/install/unity_robotics_demo_msgs/local/lib/python3.10/dist-packages/unity_robotics_demo_msgs/unity_robotics_demo_msgs_s__rosidl_typesupport_introspection_c.cpython-310-x86_64-linux-gnu.so" to ""
[38.479s] -- Installing: /mnt/d/prueba/TFG-ROS2/ros2_server_endpoint/install/unity_robotics_demo_msgs/local/lib/python3.10/dist-packages/unity_robotics_demo_msgs/unity_robotics_demo_msgs_s__rosidl_typesupport_c.cpython-310-x86_64-linux-gnu.so
[38.618s] -- Set runtime path of "/mnt/d/prueba/TFG-ROS2/ros2_server_endpoint/install/unity_robotics_demo_msgs/local/lib/python3.10/dist-packages/unity_robotics_demo_msgs/unity_robotics_demo_msgs_s__rosidl_typesupport_c.cpython-310-x86_64-linux-gnu.so" to ""
[38.639s] -- Installing: /mnt/d/prueba/TFG-ROS2/ros2_server_endpoint/install/unity_robotics_demo_msgs/lib/libunity_robotics_demo_msgs__rosidl_generator_py.so
[38.743s] -- Set runtime path of "/mnt/d/prueba/TFG-ROS2/ros2_server_endpoint/install/unity_robotics_demo_msgs/lib/libunity_robotics_demo_msgs__rosidl_generator_py.so" to ""
[38.773s] -- Installing: /mnt/d/prueba/TFG-ROS2/ros2_server_endpoint/install/unity_robotics_demo_msgs/share/unity_robotics_demo_msgs/msg/PosRot.idl
[38.855s] -- Installing: /mnt/d/prueba/TFG-ROS2/ros2_server_endpoint/install/unity_robotics_demo_msgs/share/unity_robotics_demo_msgs/msg/UnityColor.idl
[38.946s] -- Installing: /mnt/d/prueba/TFG-ROS2/ros2_server_endpoint/install/unity_robotics_demo_msgs/share/unity_robotics_demo_msgs/srv/PositionService.idl
[39.027s] -- Installing: /mnt/d/prueba/TFG-ROS2/ros2_server_endpoint/install/unity_robotics_demo_msgs/share/unity_robotics_demo_msgs/srv/ObjectPoseService.idl
[39.108s] -- Installing: /mnt/d/prueba/TFG-ROS2/ros2_server_endpoint/install/unity_robotics_demo_msgs/share/unity_robotics_demo_msgs/msg/PosRot.msg
[39.188s] -- Installing: /mnt/d/prueba/TFG-ROS2/ros2_server_endpoint/install/unity_robotics_demo_msgs/share/unity_robotics_demo_msgs/msg/UnityColor.msg
[39.271s] -- Installing: /mnt/d/prueba/TFG-ROS2/ros2_server_endpoint/install/unity_robotics_demo_msgs/share/unity_robotics_demo_msgs/srv/PositionService.srv
[39.360s] -- Installing: /mnt/d/prueba/TFG-ROS2/ros2_server_endpoint/install/unity_robotics_demo_msgs/share/unity_robotics_demo_msgs/srv/PositionService_Request.msg
[39.447s] -- Installing: /mnt/d/prueba/TFG-ROS2/ros2_server_endpoint/install/unity_robotics_demo_msgs/share/unity_robotics_demo_msgs/srv/PositionService_Response.msg
[39.526s] -- Installing: /mnt/d/prueba/TFG-ROS2/ros2_server_endpoint/install/unity_robotics_demo_msgs/share/unity_robotics_demo_msgs/srv/ObjectPoseService.srv
[39.603s] -- Installing: /mnt/d/prueba/TFG-ROS2/ros2_server_endpoint/install/unity_robotics_demo_msgs/share/unity_robotics_demo_msgs/srv/ObjectPoseService_Request.msg
[39.677s] -- Installing: /mnt/d/prueba/TFG-ROS2/ros2_server_endpoint/install/unity_robotics_demo_msgs/share/unity_robotics_demo_msgs/srv/ObjectPoseService_Response.msg
[39.772s] -- Installing: /mnt/d/prueba/TFG-ROS2/ros2_server_endpoint/install/unity_robotics_demo_msgs/share/ament_index/resource_index/package_run_dependencies/unity_robotics_demo_msgs
[39.879s] -- Installing: /mnt/d/prueba/TFG-ROS2/ros2_server_endpoint/install/unity_robotics_demo_msgs/share/ament_index/resource_index/parent_prefix_path/unity_robotics_demo_msgs
[39.961s] -- Installing: /mnt/d/prueba/TFG-ROS2/ros2_server_endpoint/install/unity_robotics_demo_msgs/share/unity_robotics_demo_msgs/environment/ament_prefix_path.sh
[40.023s] -- Installing: /mnt/d/prueba/TFG-ROS2/ros2_server_endpoint/install/unity_robotics_demo_msgs/share/unity_robotics_demo_msgs/environment/ament_prefix_path.dsv
[40.086s] -- Installing: /mnt/d/prueba/TFG-ROS2/ros2_server_endpoint/install/unity_robotics_demo_msgs/share/unity_robotics_demo_msgs/environment/path.sh
[40.147s] -- Installing: /mnt/d/prueba/TFG-ROS2/ros2_server_endpoint/install/unity_robotics_demo_msgs/share/unity_robotics_demo_msgs/environment/path.dsv
[40.217s] -- Installing: /mnt/d/prueba/TFG-ROS2/ros2_server_endpoint/install/unity_robotics_demo_msgs/share/unity_robotics_demo_msgs/local_setup.bash
[40.280s] -- Installing: /mnt/d/prueba/TFG-ROS2/ros2_server_endpoint/install/unity_robotics_demo_msgs/share/unity_robotics_demo_msgs/local_setup.sh
[40.343s] -- Installing: /mnt/d/prueba/TFG-ROS2/ros2_server_endpoint/install/unity_robotics_demo_msgs/share/unity_robotics_demo_msgs/local_setup.zsh
[40.401s] -- Installing: /mnt/d/prueba/TFG-ROS2/ros2_server_endpoint/install/unity_robotics_demo_msgs/share/unity_robotics_demo_msgs/local_setup.dsv
[40.456s] -- Installing: /mnt/d/prueba/TFG-ROS2/ros2_server_endpoint/install/unity_robotics_demo_msgs/share/unity_robotics_demo_msgs/package.dsv
[40.536s] -- Installing: /mnt/d/prueba/TFG-ROS2/ros2_server_endpoint/install/unity_robotics_demo_msgs/share/ament_index/resource_index/packages/unity_robotics_demo_msgs
[40.651s] -- Installing: /mnt/d/prueba/TFG-ROS2/ros2_server_endpoint/install/unity_robotics_demo_msgs/share/unity_robotics_demo_msgs/cmake/export_unity_robotics_demo_msgs__rosidl_generator_cExport.cmake
[40.742s] -- Installing: /mnt/d/prueba/TFG-ROS2/ros2_server_endpoint/install/unity_robotics_demo_msgs/share/unity_robotics_demo_msgs/cmake/export_unity_robotics_demo_msgs__rosidl_generator_cExport-noconfig.cmake
[40.830s] -- Installing: /mnt/d/prueba/TFG-ROS2/ros2_server_endpoint/install/unity_robotics_demo_msgs/share/unity_robotics_demo_msgs/cmake/export_unity_robotics_demo_msgs__rosidl_typesupport_fastrtps_cExport.cmake
[40.903s] -- Installing: /mnt/d/prueba/TFG-ROS2/ros2_server_endpoint/install/unity_robotics_demo_msgs/share/unity_robotics_demo_msgs/cmake/export_unity_robotics_demo_msgs__rosidl_typesupport_fastrtps_cExport-noconfig.cmake
[40.981s] -- Installing: /mnt/d/prueba/TFG-ROS2/ros2_server_endpoint/install/unity_robotics_demo_msgs/share/unity_robotics_demo_msgs/cmake/unity_robotics_demo_msgs__rosidl_typesupport_introspection_cExport.cmake
[41.050s] -- Installing: /mnt/d/prueba/TFG-ROS2/ros2_server_endpoint/install/unity_robotics_demo_msgs/share/unity_robotics_demo_msgs/cmake/unity_robotics_demo_msgs__rosidl_typesupport_introspection_cExport-noconfig.cmake
[41.117s] -- Installing: /mnt/d/prueba/TFG-ROS2/ros2_server_endpoint/install/unity_robotics_demo_msgs/share/unity_robotics_demo_msgs/cmake/unity_robotics_demo_msgs__rosidl_typesupport_cExport.cmake
[41.186s] -- Installing: /mnt/d/prueba/TFG-ROS2/ros2_server_endpoint/install/unity_robotics_demo_msgs/share/unity_robotics_demo_msgs/cmake/unity_robotics_demo_msgs__rosidl_typesupport_cExport-noconfig.cmake
[41.257s] -- Installing: /mnt/d/prueba/TFG-ROS2/ros2_server_endpoint/install/unity_robotics_demo_msgs/share/unity_robotics_demo_msgs/cmake/export_unity_robotics_demo_msgs__rosidl_generator_cppExport.cmake
[41.327s] -- Installing: /mnt/d/prueba/TFG-ROS2/ros2_server_endpoint/install/unity_robotics_demo_msgs/share/unity_robotics_demo_msgs/cmake/export_unity_robotics_demo_msgs__rosidl_typesupport_fastrtps_cppExport.cmake
[41.393s] -- Installing: /mnt/d/prueba/TFG-ROS2/ros2_server_endpoint/install/unity_robotics_demo_msgs/share/unity_robotics_demo_msgs/cmake/export_unity_robotics_demo_msgs__rosidl_typesupport_fastrtps_cppExport-noconfig.cmake
[41.469s] -- Installing: /mnt/d/prueba/TFG-ROS2/ros2_server_endpoint/install/unity_robotics_demo_msgs/share/unity_robotics_demo_msgs/cmake/unity_robotics_demo_msgs__rosidl_typesupport_introspection_cppExport.cmake
[41.549s] -- Installing: /mnt/d/prueba/TFG-ROS2/ros2_server_endpoint/install/unity_robotics_demo_msgs/share/unity_robotics_demo_msgs/cmake/unity_robotics_demo_msgs__rosidl_typesupport_introspection_cppExport-noconfig.cmake
[41.641s] -- Installing: /mnt/d/prueba/TFG-ROS2/ros2_server_endpoint/install/unity_robotics_demo_msgs/share/unity_robotics_demo_msgs/cmake/unity_robotics_demo_msgs__rosidl_typesupport_cppExport.cmake
[41.723s] -- Installing: /mnt/d/prueba/TFG-ROS2/ros2_server_endpoint/install/unity_robotics_demo_msgs/share/unity_robotics_demo_msgs/cmake/unity_robotics_demo_msgs__rosidl_typesupport_cppExport-noconfig.cmake
[41.801s] -- Installing: /mnt/d/prueba/TFG-ROS2/ros2_server_endpoint/install/unity_robotics_demo_msgs/share/unity_robotics_demo_msgs/cmake/export_unity_robotics_demo_msgs__rosidl_generator_pyExport.cmake
[41.875s] -- Installing: /mnt/d/prueba/TFG-ROS2/ros2_server_endpoint/install/unity_robotics_demo_msgs/share/unity_robotics_demo_msgs/cmake/export_unity_robotics_demo_msgs__rosidl_generator_pyExport-noconfig.cmake
[41.942s] -- Installing: /mnt/d/prueba/TFG-ROS2/ros2_server_endpoint/install/unity_robotics_demo_msgs/share/unity_robotics_demo_msgs/cmake/rosidl_cmake-extras.cmake
[41.998s] -- Installing: /mnt/d/prueba/TFG-ROS2/ros2_server_endpoint/install/unity_robotics_demo_msgs/share/unity_robotics_demo_msgs/cmake/ament_cmake_export_dependencies-extras.cmake
[42.054s] -- Installing: /mnt/d/prueba/TFG-ROS2/ros2_server_endpoint/install/unity_robotics_demo_msgs/share/unity_robotics_demo_msgs/cmake/ament_cmake_export_include_directories-extras.cmake
[42.111s] -- Installing: /mnt/d/prueba/TFG-ROS2/ros2_server_endpoint/install/unity_robotics_demo_msgs/share/unity_robotics_demo_msgs/cmake/ament_cmake_export_libraries-extras.cmake
[42.168s] -- Installing: /mnt/d/prueba/TFG-ROS2/ros2_server_endpoint/install/unity_robotics_demo_msgs/share/unity_robotics_demo_msgs/cmake/ament_cmake_export_targets-extras.cmake
[42.227s] -- Installing: /mnt/d/prueba/TFG-ROS2/ros2_server_endpoint/install/unity_robotics_demo_msgs/share/unity_robotics_demo_msgs/cmake/rosidl_cmake_export_typesupport_targets-extras.cmake
[42.281s] -- Installing: /mnt/d/prueba/TFG-ROS2/ros2_server_endpoint/install/unity_robotics_demo_msgs/share/unity_robotics_demo_msgs/cmake/rosidl_cmake_export_typesupport_libraries-extras.cmake
[42.342s] -- Installing: /mnt/d/prueba/TFG-ROS2/ros2_server_endpoint/install/unity_robotics_demo_msgs/share/unity_robotics_demo_msgs/cmake/unity_robotics_demo_msgsConfig.cmake
[42.398s] -- Installing: /mnt/d/prueba/TFG-ROS2/ros2_server_endpoint/install/unity_robotics_demo_msgs/share/unity_robotics_demo_msgs/cmake/unity_robotics_demo_msgsConfig-version.cmake
[42.453s] -- Installing: /mnt/d/prueba/TFG-ROS2/ros2_server_endpoint/install/unity_robotics_demo_msgs/share/unity_robotics_demo_msgs/package.xml
[42.510s] Invoked command in '/mnt/d/prueba/TFG-ROS2/ros2_server_endpoint/build/unity_robotics_demo_msgs' returned '0': CMAKE_PREFIX_PATH=/opt/ros/humble /usr/bin/cmake --install /mnt/d/prueba/TFG-ROS2/ros2_server_endpoint/build/unity_robotics_demo_msgs
