[0.673s] Invoking command in '/mnt/d/prueba/TFG-ROS2/ros2_client_node/build/rosidl_typesupport_microxrcedds_c': CMAKE_PREFIX_PATH=/mnt/d/prueba/TFG-ROS2/ros2_client_node/install/microcdr:/mnt/d/prueba/TFG-ROS2/ros2_client_node/install/rosidl_typesupport_microxrcedds_cpp:/mnt/d/prueba/TFG-ROS2/ros2_client_node/install/rosidl_typesupport_microxrcedds_c:/mnt/d/prueba/TFG-ROS2/ros2_client_node/install/micro_ros_setup:/mnt/d/prueba/TFG-ROS2/ros2_agent_node/install/micro_ros_agent:/mnt/d/prueba/TFG-ROS2/ros2_agent_node/install/micro_ros_msgs:/mnt/d/prueba/TFG-ROS2/ros2_agent_node/install/micro_ros_setup:/opt/ros/humble LD_LIBRARY_PATH=/mnt/d/prueba/TFG-ROS2/ros2_client_node/install/microcdr/lib:/mnt/d/prueba/TFG-ROS2/ros2_client_node/install/rosidl_typesupport_microxrcedds_cpp/lib:/mnt/d/prueba/TFG-ROS2/ros2_client_node/install/rosidl_typesupport_microxrcedds_c/lib:/mnt/d/prueba/TFG-ROS2/ros2_agent_node/install/micro_ros_agent/lib:/mnt/d/prueba/TFG-ROS2/ros2_agent_node/install/micro_ros_msgs/lib:/opt/ros/humble/opt/rviz_ogre_vendor/lib:/opt/ros/humble/lib/x86_64-linux-gnu:/opt/ros/humble/lib /usr/bin/cmake --build /mnt/d/prueba/TFG-ROS2/ros2_client_node/build/rosidl_typesupport_microxrcedds_c -- -j12 -l12
[5.959s] [100%] Built target rosidl_typesupport_microxrcedds_c
[6.374s] [100%] Built target ament_cmake_python_copy_rosidl_typesupport_microxrcedds_c
[9.858s] running egg_info
[9.865s] writing rosidl_typesupport_microxrcedds_c.egg-info/PKG-INFO
[9.879s] writing dependency_links to rosidl_typesupport_microxrcedds_c.egg-info/dependency_links.txt
[9.898s] writing top-level names to rosidl_typesupport_microxrcedds_c.egg-info/top_level.txt
[9.949s] reading manifest file 'rosidl_typesupport_microxrcedds_c.egg-info/SOURCES.txt'
[10.027s] writing manifest file 'rosidl_typesupport_microxrcedds_c.egg-info/SOURCES.txt'
[11.155s] [100%] Built target ament_cmake_python_build_rosidl_typesupport_microxrcedds_c_egg
[12.247s] Invoked command in '/mnt/d/prueba/TFG-ROS2/ros2_client_node/build/rosidl_typesupport_microxrcedds_c' returned '0': CMAKE_PREFIX_PATH=/mnt/d/prueba/TFG-ROS2/ros2_client_node/install/microcdr:/mnt/d/prueba/TFG-ROS2/ros2_client_node/install/rosidl_typesupport_microxrcedds_cpp:/mnt/d/prueba/TFG-ROS2/ros2_client_node/install/rosidl_typesupport_microxrcedds_c:/mnt/d/prueba/TFG-ROS2/ros2_client_node/install/micro_ros_setup:/mnt/d/prueba/TFG-ROS2/ros2_agent_node/install/micro_ros_agent:/mnt/d/prueba/TFG-ROS2/ros2_agent_node/install/micro_ros_msgs:/mnt/d/prueba/TFG-ROS2/ros2_agent_node/install/micro_ros_setup:/opt/ros/humble LD_LIBRARY_PATH=/mnt/d/prueba/TFG-ROS2/ros2_client_node/install/microcdr/lib:/mnt/d/prueba/TFG-ROS2/ros2_client_node/install/rosidl_typesupport_microxrcedds_cpp/lib:/mnt/d/prueba/TFG-ROS2/ros2_client_node/install/rosidl_typesupport_microxrcedds_c/lib:/mnt/d/prueba/TFG-ROS2/ros2_agent_node/install/micro_ros_agent/lib:/mnt/d/prueba/TFG-ROS2/ros2_agent_node/install/micro_ros_msgs/lib:/opt/ros/humble/opt/rviz_ogre_vendor/lib:/opt/ros/humble/lib/x86_64-linux-gnu:/opt/ros/humble/lib /usr/bin/cmake --build /mnt/d/prueba/TFG-ROS2/ros2_client_node/build/rosidl_typesupport_microxrcedds_c -- -j12 -l12
[17.277s] Invoking command in '/mnt/d/prueba/TFG-ROS2/ros2_client_node/build/rosidl_typesupport_microxrcedds_c': CMAKE_PREFIX_PATH=/mnt/d/prueba/TFG-ROS2/ros2_client_node/install/microcdr:/mnt/d/prueba/TFG-ROS2/ros2_client_node/install/rosidl_typesupport_microxrcedds_cpp:/mnt/d/prueba/TFG-ROS2/ros2_client_node/install/rosidl_typesupport_microxrcedds_c:/mnt/d/prueba/TFG-ROS2/ros2_client_node/install/micro_ros_setup:/mnt/d/prueba/TFG-ROS2/ros2_agent_node/install/micro_ros_agent:/mnt/d/prueba/TFG-ROS2/ros2_agent_node/install/micro_ros_msgs:/mnt/d/prueba/TFG-ROS2/ros2_agent_node/install/micro_ros_setup:/opt/ros/humble LD_LIBRARY_PATH=/mnt/d/prueba/TFG-ROS2/ros2_client_node/install/microcdr/lib:/mnt/d/prueba/TFG-ROS2/ros2_client_node/install/rosidl_typesupport_microxrcedds_cpp/lib:/mnt/d/prueba/TFG-ROS2/ros2_client_node/install/rosidl_typesupport_microxrcedds_c/lib:/mnt/d/prueba/TFG-ROS2/ros2_agent_node/install/micro_ros_agent/lib:/mnt/d/prueba/TFG-ROS2/ros2_agent_node/install/micro_ros_msgs/lib:/opt/ros/humble/opt/rviz_ogre_vendor/lib:/opt/ros/humble/lib/x86_64-linux-gnu:/opt/ros/humble/lib /usr/bin/cmake --install /mnt/d/prueba/TFG-ROS2/ros2_client_node/build/rosidl_typesupport_microxrcedds_c
[22.752s] -- Install configuration: ""
[22.756s] -- Up-to-date: /mnt/d/prueba/TFG-ROS2/ros2_client_node/install/rosidl_typesupport_microxrcedds_c/share/rosidl_typesupport_microxrcedds_c/environment/pythonpath.sh
[22.760s] -- Up-to-date: /mnt/d/prueba/TFG-ROS2/ros2_client_node/install/rosidl_typesupport_microxrcedds_c/share/rosidl_typesupport_microxrcedds_c/environment/pythonpath.dsv
[22.763s] -- Up-to-date: /mnt/d/prueba/TFG-ROS2/ros2_client_node/install/rosidl_typesupport_microxrcedds_c/local/lib/python3.10/dist-packages/rosidl_typesupport_microxrcedds_c-3.0.0-py3.10.egg-info
[22.767s] -- Installing: /mnt/d/prueba/TFG-ROS2/ros2_client_node/install/rosidl_typesupport_microxrcedds_c/local/lib/python3.10/dist-packages/rosidl_typesupport_microxrcedds_c-3.0.0-py3.10.egg-info/dependency_links.txt
[22.770s] -- Installing: /mnt/d/prueba/TFG-ROS2/ros2_client_node/install/rosidl_typesupport_microxrcedds_c/local/lib/python3.10/dist-packages/rosidl_typesupport_microxrcedds_c-3.0.0-py3.10.egg-info/PKG-INFO
[22.772s] -- Installing: /mnt/d/prueba/TFG-ROS2/ros2_client_node/install/rosidl_typesupport_microxrcedds_c/local/lib/python3.10/dist-packages/rosidl_typesupport_microxrcedds_c-3.0.0-py3.10.egg-info/SOURCES.txt
[22.774s] -- Installing: /mnt/d/prueba/TFG-ROS2/ros2_client_node/install/rosidl_typesupport_microxrcedds_c/local/lib/python3.10/dist-packages/rosidl_typesupport_microxrcedds_c-3.0.0-py3.10.egg-info/top_level.txt
[22.780s] -- Up-to-date: /mnt/d/prueba/TFG-ROS2/ros2_client_node/install/rosidl_typesupport_microxrcedds_c/local/lib/python3.10/dist-packages/rosidl_typesupport_microxrcedds_c
[22.782s] -- Up-to-date: /mnt/d/prueba/TFG-ROS2/ros2_client_node/install/rosidl_typesupport_microxrcedds_c/local/lib/python3.10/dist-packages/rosidl_typesupport_microxrcedds_c/__init__.py
[22.785s] Listing '/mnt/d/prueba/TFG-ROS2/ros2_client_node/install/rosidl_typesupport_microxrcedds_c/local/lib/python3.10/dist-packages/rosidl_typesupport_microxrcedds_c'...
[22.788s] -- Up-to-date: /mnt/d/prueba/TFG-ROS2/ros2_client_node/install/rosidl_typesupport_microxrcedds_c/share/rosidl_typesupport_microxrcedds_c/environment/library_path.sh
[22.791s] -- Up-to-date: /mnt/d/prueba/TFG-ROS2/ros2_client_node/install/rosidl_typesupport_microxrcedds_c/share/rosidl_typesupport_microxrcedds_c/environment/library_path.dsv
[22.794s] -- Up-to-date: /mnt/d/prueba/TFG-ROS2/ros2_client_node/install/rosidl_typesupport_microxrcedds_c/share/ament_index/resource_index/rosidl_typesupport_c/rosidl_typesupport_microxrcedds_c
[22.797s] -- Up-to-date: /mnt/d/prueba/TFG-ROS2/ros2_client_node/install/rosidl_typesupport_microxrcedds_c/share/ament_index/resource_index/package_run_dependencies/rosidl_typesupport_microxrcedds_c
[22.800s] -- Up-to-date: /mnt/d/prueba/TFG-ROS2/ros2_client_node/install/rosidl_typesupport_microxrcedds_c/share/ament_index/resource_index/parent_prefix_path/rosidl_typesupport_microxrcedds_c
[22.802s] -- Up-to-date: /mnt/d/prueba/TFG-ROS2/ros2_client_node/install/rosidl_typesupport_microxrcedds_c/share/rosidl_typesupport_microxrcedds_c/environment/ament_prefix_path.sh
[22.804s] -- Up-to-date: /mnt/d/prueba/TFG-ROS2/ros2_client_node/install/rosidl_typesupport_microxrcedds_c/share/rosidl_typesupport_microxrcedds_c/environment/ament_prefix_path.dsv
[22.807s] -- Up-to-date: /mnt/d/prueba/TFG-ROS2/ros2_client_node/install/rosidl_typesupport_microxrcedds_c/share/rosidl_typesupport_microxrcedds_c/environment/path.sh
[22.810s] -- Up-to-date: /mnt/d/prueba/TFG-ROS2/ros2_client_node/install/rosidl_typesupport_microxrcedds_c/share/rosidl_typesupport_microxrcedds_c/environment/path.dsv
[22.813s] -- Up-to-date: /mnt/d/prueba/TFG-ROS2/ros2_client_node/install/rosidl_typesupport_microxrcedds_c/share/rosidl_typesupport_microxrcedds_c/local_setup.bash
[22.816s] -- Up-to-date: /mnt/d/prueba/TFG-ROS2/ros2_client_node/install/rosidl_typesupport_microxrcedds_c/share/rosidl_typesupport_microxrcedds_c/local_setup.sh
[22.819s] -- Up-to-date: /mnt/d/prueba/TFG-ROS2/ros2_client_node/install/rosidl_typesupport_microxrcedds_c/share/rosidl_typesupport_microxrcedds_c/local_setup.zsh
[22.821s] -- Up-to-date: /mnt/d/prueba/TFG-ROS2/ros2_client_node/install/rosidl_typesupport_microxrcedds_c/share/rosidl_typesupport_microxrcedds_c/local_setup.dsv
[22.824s] -- Installing: /mnt/d/prueba/TFG-ROS2/ros2_client_node/install/rosidl_typesupport_microxrcedds_c/share/rosidl_typesupport_microxrcedds_c/package.dsv
[22.827s] -- Up-to-date: /mnt/d/prueba/TFG-ROS2/ros2_client_node/install/rosidl_typesupport_microxrcedds_c/share/ament_index/resource_index/packages/rosidl_typesupport_microxrcedds_c
[22.830s] -- Up-to-date: /mnt/d/prueba/TFG-ROS2/ros2_client_node/install/rosidl_typesupport_microxrcedds_c/share/rosidl_typesupport_microxrcedds_c/cmake/rosidl_typesupport_microxrcedds_cExport.cmake
[22.833s] -- Up-to-date: /mnt/d/prueba/TFG-ROS2/ros2_client_node/install/rosidl_typesupport_microxrcedds_c/share/rosidl_typesupport_microxrcedds_c/cmake/rosidl_typesupport_microxrcedds_cExport-noconfig.cmake
[22.835s] -- Up-to-date: /mnt/d/prueba/TFG-ROS2/ros2_client_node/install/rosidl_typesupport_microxrcedds_c/share/rosidl_typesupport_microxrcedds_c/cmake/rosidl_typesupport_microxrcedds_c-extras.cmake
[22.838s] -- Up-to-date: /mnt/d/prueba/TFG-ROS2/ros2_client_node/install/rosidl_typesupport_microxrcedds_c/share/rosidl_typesupport_microxrcedds_c/cmake/ament_cmake_export_dependencies-extras.cmake
[22.842s] -- Up-to-date: /mnt/d/prueba/TFG-ROS2/ros2_client_node/install/rosidl_typesupport_microxrcedds_c/share/rosidl_typesupport_microxrcedds_c/cmake/ament_cmake_export_include_directories-extras.cmake
[22.845s] -- Up-to-date: /mnt/d/prueba/TFG-ROS2/ros2_client_node/install/rosidl_typesupport_microxrcedds_c/share/rosidl_typesupport_microxrcedds_c/cmake/ament_cmake_export_libraries-extras.cmake
[22.847s] -- Up-to-date: /mnt/d/prueba/TFG-ROS2/ros2_client_node/install/rosidl_typesupport_microxrcedds_c/share/rosidl_typesupport_microxrcedds_c/cmake/ament_cmake_export_targets-extras.cmake
[22.850s] -- Up-to-date: /mnt/d/prueba/TFG-ROS2/ros2_client_node/install/rosidl_typesupport_microxrcedds_c/share/rosidl_typesupport_microxrcedds_c/cmake/rosidl_typesupport_microxrcedds_cConfig.cmake
[22.853s] -- Up-to-date: /mnt/d/prueba/TFG-ROS2/ros2_client_node/install/rosidl_typesupport_microxrcedds_c/share/rosidl_typesupport_microxrcedds_c/cmake/rosidl_typesupport_microxrcedds_cConfig-version.cmake
[22.872s] -- Up-to-date: /mnt/d/prueba/TFG-ROS2/ros2_client_node/install/rosidl_typesupport_microxrcedds_c/share/rosidl_typesupport_microxrcedds_c/package.xml
[22.875s] -- Up-to-date: /mnt/d/prueba/TFG-ROS2/ros2_client_node/install/rosidl_typesupport_microxrcedds_c/lib/rosidl_typesupport_microxrcedds_c/rosidl_typesupport_microxrcedds_c
[22.899s] -- Up-to-date: /mnt/d/prueba/TFG-ROS2/ros2_client_node/install/rosidl_typesupport_microxrcedds_c/share/rosidl_typesupport_microxrcedds_c/cmake
[22.982s] -- Up-to-date: /mnt/d/prueba/TFG-ROS2/ros2_client_node/install/rosidl_typesupport_microxrcedds_c/share/rosidl_typesupport_microxrcedds_c/cmake/rosidl_typesupport_microxrcedds_c_generate_interfaces.cmake
[23.030s] -- Up-to-date: /mnt/d/prueba/TFG-ROS2/ros2_client_node/install/rosidl_typesupport_microxrcedds_c/share/rosidl_typesupport_microxrcedds_c/resource
[23.111s] -- Up-to-date: /mnt/d/prueba/TFG-ROS2/ros2_client_node/install/rosidl_typesupport_microxrcedds_c/share/rosidl_typesupport_microxrcedds_c/resource/idl__rosidl_typesupport_microxrcedds_c.h.em
[23.177s] -- Up-to-date: /mnt/d/prueba/TFG-ROS2/ros2_client_node/install/rosidl_typesupport_microxrcedds_c/share/rosidl_typesupport_microxrcedds_c/resource/idl__type_support_c.c.em
[23.250s] -- Up-to-date: /mnt/d/prueba/TFG-ROS2/ros2_client_node/install/rosidl_typesupport_microxrcedds_c/share/rosidl_typesupport_microxrcedds_c/resource/msg__rosidl_typesupport_microxrcedds_c.h.em
[23.315s] -- Up-to-date: /mnt/d/prueba/TFG-ROS2/ros2_client_node/install/rosidl_typesupport_microxrcedds_c/share/rosidl_typesupport_microxrcedds_c/resource/msg__type_support_c.c.em
[23.374s] -- Up-to-date: /mnt/d/prueba/TFG-ROS2/ros2_client_node/install/rosidl_typesupport_microxrcedds_c/share/rosidl_typesupport_microxrcedds_c/resource/rosidl_typesupport_microxrcedds_c__visibility_control.h.in
[23.444s] -- Up-to-date: /mnt/d/prueba/TFG-ROS2/ros2_client_node/install/rosidl_typesupport_microxrcedds_c/share/rosidl_typesupport_microxrcedds_c/resource/srv__rosidl_typesupport_microxrcedds_c.h.em
[23.513s] -- Up-to-date: /mnt/d/prueba/TFG-ROS2/ros2_client_node/install/rosidl_typesupport_microxrcedds_c/share/rosidl_typesupport_microxrcedds_c/resource/srv__type_support_c.c.em
[23.550s] -- Up-to-date: /mnt/d/prueba/TFG-ROS2/ros2_client_node/install/rosidl_typesupport_microxrcedds_c/include
[23.597s] -- Up-to-date: /mnt/d/prueba/TFG-ROS2/ros2_client_node/install/rosidl_typesupport_microxrcedds_c/include/rosidl_typesupport_microxrcedds_c
[23.678s] -- Up-to-date: /mnt/d/prueba/TFG-ROS2/ros2_client_node/install/rosidl_typesupport_microxrcedds_c/include/rosidl_typesupport_microxrcedds_c/identifier.h
[23.746s] -- Up-to-date: /mnt/d/prueba/TFG-ROS2/ros2_client_node/install/rosidl_typesupport_microxrcedds_c/include/rosidl_typesupport_microxrcedds_c/message_type_support.h
[23.814s] -- Up-to-date: /mnt/d/prueba/TFG-ROS2/ros2_client_node/install/rosidl_typesupport_microxrcedds_c/include/rosidl_typesupport_microxrcedds_c/service_type_support.h
[23.884s] -- Up-to-date: /mnt/d/prueba/TFG-ROS2/ros2_client_node/install/rosidl_typesupport_microxrcedds_c/include/rosidl_typesupport_microxrcedds_c/visibility_control.h
[23.989s] -- Up-to-date: /mnt/d/prueba/TFG-ROS2/ros2_client_node/install/rosidl_typesupport_microxrcedds_c/lib/librosidl_typesupport_microxrcedds_c.so
[24.098s] Invoked command in '/mnt/d/prueba/TFG-ROS2/ros2_client_node/build/rosidl_typesupport_microxrcedds_c' returned '0': CMAKE_PREFIX_PATH=/mnt/d/prueba/TFG-ROS2/ros2_client_node/install/microcdr:/mnt/d/prueba/TFG-ROS2/ros2_client_node/install/rosidl_typesupport_microxrcedds_cpp:/mnt/d/prueba/TFG-ROS2/ros2_client_node/install/rosidl_typesupport_microxrcedds_c:/mnt/d/prueba/TFG-ROS2/ros2_client_node/install/micro_ros_setup:/mnt/d/prueba/TFG-ROS2/ros2_agent_node/install/micro_ros_agent:/mnt/d/prueba/TFG-ROS2/ros2_agent_node/install/micro_ros_msgs:/mnt/d/prueba/TFG-ROS2/ros2_agent_node/install/micro_ros_setup:/opt/ros/humble LD_LIBRARY_PATH=/mnt/d/prueba/TFG-ROS2/ros2_client_node/install/microcdr/lib:/mnt/d/prueba/TFG-ROS2/ros2_client_node/install/rosidl_typesupport_microxrcedds_cpp/lib:/mnt/d/prueba/TFG-ROS2/ros2_client_node/install/rosidl_typesupport_microxrcedds_c/lib:/mnt/d/prueba/TFG-ROS2/ros2_agent_node/install/micro_ros_agent/lib:/mnt/d/prueba/TFG-ROS2/ros2_agent_node/install/micro_ros_msgs/lib:/opt/ros/humble/opt/rviz_ogre_vendor/lib:/opt/ros/humble/lib/x86_64-linux-gnu:/opt/ros/humble/lib /usr/bin/cmake --install /mnt/d/prueba/TFG-ROS2/ros2_client_node/build/rosidl_typesupport_microxrcedds_c
