[0.219s] Invoking command in '/mnt/d/prueba/TFG-ROS2/ros2_client_node/build/microcdr': /usr/bin/cmake /mnt/d/prueba/TFG-ROS2/ros2_client_node/src/eProsima/Micro-CDR -DBUILD_TESTING=OFF -DBUILD_SHARED_LIBS=ON -DUCDR_ISOLATED_INSTALL=OFF -DBUILD_SHARED_LIBS=ON -DCMAKE_INSTALL_PREFIX=/mnt/d/prueba/TFG-ROS2/ros2_client_node/install/microcdr
[0.425s] -- Setting build type to 'Release' as none was specified.
[1.286s] -- The C compiler identification is GNU 11.3.0
[1.494s] -- Detecting C compiler ABI info
[3.036s] -- Detecting C compiler ABI info - done
[3.060s] -- Check for working C compiler: /usr/bin/cc - skipped
[3.061s] -- Detecting C compile features
[3.062s] -- Detecting C compile features - done
[3.541s] -- The CXX compiler identification is GNU 11.3.0
[3.745s] -- Detecting CXX compiler ABI info
[5.452s] -- Detecting CXX compiler ABI info - done
[5.484s] -- Check for working CXX compiler: /usr/bin/c++ - skipped
[5.485s] -- Detecting CXX compile features
[5.486s] -- Detecting CXX compile features - done
[5.593s] -- Configuring done
[5.723s] -- Generating done
[5.755s] [33mCMake Warning:
[5.756s]   Manually-specified variables were not used by the project:
[5.757s] 
[5.758s]     BUILD_TESTING
[5.759s] 
[5.760s] [0m
[5.778s] -- Build files have been written to: /mnt/d/prueba/TFG-ROS2/ros2_client_node/build/microcdr
[5.781s] Invoked command in '/mnt/d/prueba/TFG-ROS2/ros2_client_node/build/microcdr' returned '0': /usr/bin/cmake /mnt/d/prueba/TFG-ROS2/ros2_client_node/src/eProsima/Micro-CDR -DBUILD_TESTING=OFF -DBUILD_SHARED_LIBS=ON -DUCDR_ISOLATED_INSTALL=OFF -DBUILD_SHARED_LIBS=ON -DCMAKE_INSTALL_PREFIX=/mnt/d/prueba/TFG-ROS2/ros2_client_node/install/microcdr
[5.792s] Invoking command in '/mnt/d/prueba/TFG-ROS2/ros2_client_node/build/microcdr': /usr/bin/cmake --build /mnt/d/prueba/TFG-ROS2/ros2_client_node/build/microcdr -- -j12 -l12
[7.258s] [ 12%] [34m[1mCreating directories for 'ucdr'[0m
[9.294s] [ 25%] [34m[1mNo download step for 'ucdr'[0m
[10.052s] [ 37%] [34m[1mNo update step for 'ucdr'[0m
[10.770s] [ 50%] [34m[1mNo patch step for 'ucdr'[0m
[11.495s] [ 62%] [34m[1mPerforming configure step for 'ucdr'[0m
[11.770s] loading initial cache file /mnt/d/prueba/TFG-ROS2/ros2_client_node/build/microcdr/ucdr-prefix/tmp/ucdr-cache-Release.cmake
[12.006s] -- Configuring done
[12.229s] -- Generating done
[12.288s] -- Build files have been written to: /mnt/d/prueba/TFG-ROS2/ros2_client_node/build/microcdr
[12.805s] [ 75%] [34m[1mPerforming build step for 'ucdr'[0m
[13.982s] [ 16%] [32mBuilding C object CMakeFiles/microcdr.dir/src/c/common.c.o[0m
[13.992s] [ 50%] [32mBuilding C object CMakeFiles/microcdr.dir/src/c/types/string.c.o[0m
[13.994s] [ 50%] [32mBuilding C object CMakeFiles/microcdr.dir/src/c/types/basic.c.o[0m
[14.029s] [ 66%] [32mBuilding C object CMakeFiles/microcdr.dir/src/c/types/array.c.o[0m
[14.045s] [ 83%] [32mBuilding C object CMakeFiles/microcdr.dir/src/c/types/sequence.c.o[0m
[15.269s] [100%] [32m[1mLinking C shared library libmicrocdr.so[0m
[16.581s] [100%] Built target microcdr
[17.399s] [34m[1mNo install step for 'ucdr'[0m
[18.071s] [34m[1mCompleted 'ucdr'[0m
[18.989s] Built target ucdr
[19.249s] Invoked command in '/mnt/d/prueba/TFG-ROS2/ros2_client_node/build/microcdr' returned '0': /usr/bin/cmake --build /mnt/d/prueba/TFG-ROS2/ros2_client_node/build/microcdr -- -j12 -l12
[21.449s] Invoking command in '/mnt/d/prueba/TFG-ROS2/ros2_client_node/build/microcdr': /usr/bin/cmake --install /mnt/d/prueba/TFG-ROS2/ros2_client_node/build/microcdr
[21.666s] -- Install configuration: "Release"
[21.674s] -- Installing: /mnt/d/prueba/TFG-ROS2/ros2_client_node/install/microcdr/lib/libmicrocdr.so.2.0.1
[21.707s] -- Installing: /mnt/d/prueba/TFG-ROS2/ros2_client_node/install/microcdr/lib/libmicrocdr.so.2.0
[21.724s] -- Installing: /mnt/d/prueba/TFG-ROS2/ros2_client_node/install/microcdr/lib/libmicrocdr.so
[21.739s] -- Installing: /mnt/d/prueba/TFG-ROS2/ros2_client_node/install/microcdr/include/ucdr
[21.763s] -- Installing: /mnt/d/prueba/TFG-ROS2/ros2_client_node/install/microcdr/include/ucdr/microcdr.h
[21.817s] -- Installing: /mnt/d/prueba/TFG-ROS2/ros2_client_node/install/microcdr/include/ucdr/visibility.h
[21.866s] -- Installing: /mnt/d/prueba/TFG-ROS2/ros2_client_node/install/microcdr/include/ucdr/config.h
[21.919s] -- Installing: /mnt/d/prueba/TFG-ROS2/ros2_client_node/install/microcdr/share/microcdr/cmake/microcdrTargets.cmake
[21.978s] -- Installing: /mnt/d/prueba/TFG-ROS2/ros2_client_node/install/microcdr/share/microcdr/cmake/microcdrTargets-release.cmake
[22.037s] -- Installing: /mnt/d/prueba/TFG-ROS2/ros2_client_node/install/microcdr/share/microcdr/cmake/microcdrConfig.cmake
[22.084s] -- Installing: /mnt/d/prueba/TFG-ROS2/ros2_client_node/install/microcdr/share/microcdr/cmake/microcdrConfigVersion.cmake
[22.126s] Invoked command in '/mnt/d/prueba/TFG-ROS2/ros2_client_node/build/microcdr' returned '0': /usr/bin/cmake --install /mnt/d/prueba/TFG-ROS2/ros2_client_node/build/microcdr
