-- The C compiler identification is GNU 11.3.0
-- The CXX compiler identification is GNU 11.3.0
-- Detecting C compiler ABI info
-- Detecting C compiler ABI info - done
-- Check for working C compiler: /usr/bin/cc - skipped
-- Detecting C compile features
-- Detecting C compile features - done
-- Detecting CXX compiler ABI info
-- Detecting CXX compiler ABI info - done
-- Check for working CXX compiler: /usr/bin/c++ - skipped
-- Detecting CXX compile features
-- Detecting CXX compile features - done
-- Found ament_cmake: 1.3.3 (/opt/ros/humble/share/ament_cmake/cmake)
-- Found Python3: /usr/bin/python3.10 (found version "3.10.6") found components: Interpreter 
-- Found builtin_interfaces: 1.2.1 (/mnt/d/prueba/TFG-ROS2/ros2_client_node/install/builtin_interfaces/share/builtin_interfaces/cmake)
-- Found rosidl_generator_c: 3.1.4 (/opt/ros/humble/share/rosidl_generator_c/cmake)
-- Found rosidl_adapter: 3.1.4 (/opt/ros/humble/share/rosidl_adapter/cmake)
-- Found rosidl_generator_cpp: 3.1.4 (/opt/ros/humble/share/rosidl_generator_cpp/cmake)
-- Using all available rosidl_typesupport_c: rosidl_typesupport_microxrcedds_c;rosidl_typesupport_fastrtps_c;rosidl_typesupport_introspection_c
-- Using all available rosidl_typesupport_cpp: rosidl_typesupport_microxrcedds_cpp;rosidl_typesupport_fastrtps_cpp;rosidl_typesupport_introspection_cpp
-- Found rosidl_default_generators: 1.2.0 (/opt/ros/humble/share/rosidl_default_generators/cmake)
-- Found std_msgs: 4.2.3 (/mnt/d/prueba/TFG-ROS2/ros2_client_node/install/std_msgs/share/std_msgs/cmake)
-- Found ament_cmake_ros: 0.10.0 (/opt/ros/humble/share/ament_cmake_ros/cmake)
-- Using all available rosidl_typesupport_c: rosidl_typesupport_microxrcedds_c;rosidl_typesupport_fastrtps_c;rosidl_typesupport_introspection_c
-- Using all available rosidl_typesupport_cpp: rosidl_typesupport_microxrcedds_cpp;rosidl_typesupport_fastrtps_cpp;rosidl_typesupport_introspection_cpp
-- Found PythonInterp: /usr/bin/python3 (found suitable version "3.10.6", minimum required is "3.6") 
-- Found python_cmake_module: 0.10.0 (/opt/ros/humble/share/python_cmake_module/cmake)
-- Found PythonLibs: /usr/lib/x86_64-linux-gnu/libpython3.10.so (found suitable version "3.10.6", minimum required is "3.5") 
-- Using PYTHON_EXECUTABLE: /usr/bin/python3
-- Using PYTHON_INCLUDE_DIRS: /usr/include/python3.10
-- Using PYTHON_LIBRARIES: /usr/lib/x86_64-linux-gnu/libpython3.10.so
-- Found PythonExtra: .so  
-- Configuring done
-- Generating done
-- Build files have been written to: /mnt/d/prueba/TFG-ROS2/ros2_client_node/build/actionlib_msgs
[  1%] [34m[1mGenerating C code for ROS interfaces[0m
[  3%] [34m[1mGenerating C++ code for ROS interfaces[0m
[  3%] Built target actionlib_msgs__cpp
[  5%] [32mBuilding C object CMakeFiles/actionlib_msgs__rosidl_generator_c.dir/rosidl_generator_c/actionlib_msgs/msg/detail/goal_id__functions.c.o[0m
[  6%] [32mBuilding C object CMakeFiles/actionlib_msgs__rosidl_generator_c.dir/rosidl_generator_c/actionlib_msgs/msg/detail/goal_status__functions.c.o[0m
[  8%] [32mBuilding C object CMakeFiles/actionlib_msgs__rosidl_generator_c.dir/rosidl_generator_c/actionlib_msgs/msg/detail/goal_status_array__functions.c.o[0m
[  8%] Built target ament_cmake_python_copy_actionlib_msgs
[ 10%] [34m[1mGenerating C++ type support dispatch for ROS interfaces[0m
[ 11%] [34m[1mGenerating C++ introspection for ROS interfaces[0m
[ 13%] [32m[1mLinking C shared library libactionlib_msgs__rosidl_generator_c.so[0m
[ 13%] Built target actionlib_msgs__rosidl_generator_c
[ 15%] [32mBuilding CXX object CMakeFiles/actionlib_msgs__rosidl_typesupport_cpp.dir/rosidl_typesupport_cpp/actionlib_msgs/msg/goal_id__type_support.cpp.o[0m
[ 16%] [32mBuilding CXX object CMakeFiles/actionlib_msgs__rosidl_typesupport_introspection_cpp.dir/rosidl_typesupport_introspection_cpp/actionlib_msgs/msg/detail/goal_id__type_support.cpp.o[0m
running egg_info
creating actionlib_msgs.egg-info
writing actionlib_msgs.egg-info/PKG-INFO
writing dependency_links to actionlib_msgs.egg-info/dependency_links.txt
writing top-level names to actionlib_msgs.egg-info/top_level.txt
writing manifest file 'actionlib_msgs.egg-info/SOURCES.txt'
reading manifest file 'actionlib_msgs.egg-info/SOURCES.txt'
writing manifest file 'actionlib_msgs.egg-info/SOURCES.txt'
[ 16%] Built target ament_cmake_python_build_actionlib_msgs_egg
[ 18%] [32mBuilding CXX object CMakeFiles/actionlib_msgs__rosidl_typesupport_cpp.dir/rosidl_typesupport_cpp/actionlib_msgs/msg/goal_status_array__type_support.cpp.o[0m
[ 20%] [32mBuilding CXX object CMakeFiles/actionlib_msgs__rosidl_typesupport_introspection_cpp.dir/rosidl_typesupport_introspection_cpp/actionlib_msgs/msg/detail/goal_status_array__type_support.cpp.o[0m
[ 22%] [32mBuilding CXX object CMakeFiles/actionlib_msgs__rosidl_typesupport_introspection_cpp.dir/rosidl_typesupport_introspection_cpp/actionlib_msgs/msg/detail/goal_status__type_support.cpp.o[0m
[ 23%] [32mBuilding CXX object CMakeFiles/actionlib_msgs__rosidl_typesupport_cpp.dir/rosidl_typesupport_cpp/actionlib_msgs/msg/goal_status__type_support.cpp.o[0m
[ 25%] [32m[1mLinking CXX shared library libactionlib_msgs__rosidl_typesupport_introspection_cpp.so[0m
[ 25%] Built target actionlib_msgs__rosidl_typesupport_introspection_cpp
[ 27%] [32m[1mLinking CXX shared library libactionlib_msgs__rosidl_typesupport_cpp.so[0m
[ 27%] Built target actionlib_msgs__rosidl_typesupport_cpp
[ 28%] [34m[1mGenerating C type support for eProsima Fast-RTPS[0m
[ 30%] [32mBuilding CXX object CMakeFiles/actionlib_msgs__rosidl_typesupport_fastrtps_c.dir/rosidl_typesupport_fastrtps_c/actionlib_msgs/msg/detail/goal_id__type_support_c.cpp.o[0m
[ 32%] [32mBuilding CXX object CMakeFiles/actionlib_msgs__rosidl_typesupport_fastrtps_c.dir/rosidl_typesupport_fastrtps_c/actionlib_msgs/msg/detail/goal_status__type_support_c.cpp.o[0m
[ 33%] [32mBuilding CXX object CMakeFiles/actionlib_msgs__rosidl_typesupport_fastrtps_c.dir/rosidl_typesupport_fastrtps_c/actionlib_msgs/msg/detail/goal_status_array__type_support_c.cpp.o[0m
[ 35%] [32m[1mLinking CXX shared library libactionlib_msgs__rosidl_typesupport_fastrtps_c.so[0m
[ 35%] Built target actionlib_msgs__rosidl_typesupport_fastrtps_c
[ 37%] [34m[1mGenerating C type support for eProsima Micro XRCE-DDS[0m
[ 38%] [34m[1mGenerating C type support dispatch for ROS interfaces[0m
[ 40%] [34m[1mGenerating C introspection for ROS interfaces[0m
[ 42%] [32mBuilding CXX object CMakeFiles/actionlib_msgs__rosidl_typesupport_c.dir/rosidl_typesupport_c/actionlib_msgs/msg/goal_id__type_support.cpp.o[0m
[ 44%] [32mBuilding CXX object CMakeFiles/actionlib_msgs__rosidl_typesupport_c.dir/rosidl_typesupport_c/actionlib_msgs/msg/goal_status__type_support.cpp.o[0m
[ 45%] [32mBuilding C object CMakeFiles/actionlib_msgs__rosidl_typesupport_microxrcedds_c.dir/rosidl_typesupport_microxrcedds_c/actionlib_msgs/msg/detail/microxrcedds/goal_id__type_support_c.c.o[0m
[ 47%] [32mBuilding C object CMakeFiles/actionlib_msgs__rosidl_typesupport_introspection_c.dir/rosidl_typesupport_introspection_c/actionlib_msgs/msg/detail/goal_id__type_support.c.o[0m
[ 49%] [32mBuilding CXX object CMakeFiles/actionlib_msgs__rosidl_typesupport_c.dir/rosidl_typesupport_c/actionlib_msgs/msg/goal_status_array__type_support.cpp.o[0m
[ 50%] [32mBuilding C object CMakeFiles/actionlib_msgs__rosidl_typesupport_introspection_c.dir/rosidl_typesupport_introspection_c/actionlib_msgs/msg/detail/goal_status_array__type_support.c.o[0m
[ 52%] [32m[1mLinking CXX shared library libactionlib_msgs__rosidl_typesupport_c.so[0m
[ 54%] [32mBuilding C object CMakeFiles/actionlib_msgs__rosidl_typesupport_microxrcedds_c.dir/rosidl_typesupport_microxrcedds_c/actionlib_msgs/msg/detail/microxrcedds/goal_status_array__type_support_c.c.o[0m
[ 55%] [32mBuilding C object CMakeFiles/actionlib_msgs__rosidl_typesupport_microxrcedds_c.dir/rosidl_typesupport_microxrcedds_c/actionlib_msgs/msg/detail/microxrcedds/goal_status__type_support_c.c.o[0m
[ 55%] Built target actionlib_msgs__rosidl_typesupport_c
[ 57%] [32mBuilding C object CMakeFiles/actionlib_msgs__rosidl_typesupport_introspection_c.dir/rosidl_typesupport_introspection_c/actionlib_msgs/msg/detail/goal_status__type_support.c.o[0m
[ 59%] [32m[1mLinking C shared library libactionlib_msgs__rosidl_typesupport_microxrcedds_c.so[0m
[ 61%] [32m[1mLinking C shared library libactionlib_msgs__rosidl_typesupport_introspection_c.so[0m
[ 61%] Built target actionlib_msgs__rosidl_typesupport_microxrcedds_c
[ 62%] [34m[1mGenerating C++ type support for eProsima Micro XRCE-DDS[0m
[ 62%] Built target actionlib_msgs__rosidl_typesupport_introspection_c
[ 64%] [34m[1mGenerating C++ type support for eProsima Fast-RTPS[0m
[ 66%] [32mBuilding CXX object CMakeFiles/actionlib_msgs__rosidl_typesupport_microxrcedds_cpp.dir/rosidl_typesupport_microxrcedds_cpp/actionlib_msgs/msg/detail/microxrcedds/goal_id__type_support_cpp.cpp.o[0m
[ 67%] [32mBuilding CXX object CMakeFiles/actionlib_msgs__rosidl_typesupport_fastrtps_cpp.dir/rosidl_typesupport_fastrtps_cpp/actionlib_msgs/msg/detail/dds_fastrtps/goal_id__type_support.cpp.o[0m
[ 69%] [32mBuilding CXX object CMakeFiles/actionlib_msgs__rosidl_typesupport_fastrtps_cpp.dir/rosidl_typesupport_fastrtps_cpp/actionlib_msgs/msg/detail/dds_fastrtps/goal_status_array__type_support.cpp.o[0m
[ 71%] [32mBuilding CXX object CMakeFiles/actionlib_msgs__rosidl_typesupport_fastrtps_cpp.dir/rosidl_typesupport_fastrtps_cpp/actionlib_msgs/msg/detail/dds_fastrtps/goal_status__type_support.cpp.o[0m
[ 72%] [32mBuilding CXX object CMakeFiles/actionlib_msgs__rosidl_typesupport_microxrcedds_cpp.dir/rosidl_typesupport_microxrcedds_cpp/actionlib_msgs/msg/detail/microxrcedds/goal_status_array__type_support_cpp.cpp.o[0m
[ 74%] [32m[1mLinking CXX shared library libactionlib_msgs__rosidl_typesupport_fastrtps_cpp.so[0m
[ 74%] Built target actionlib_msgs__rosidl_typesupport_fastrtps_cpp
[ 76%] [32mBuilding CXX object CMakeFiles/actionlib_msgs__rosidl_typesupport_microxrcedds_cpp.dir/rosidl_typesupport_microxrcedds_cpp/actionlib_msgs/msg/detail/microxrcedds/goal_status__type_support_cpp.cpp.o[0m
[ 77%] [32m[1mLinking CXX shared library libactionlib_msgs__rosidl_typesupport_microxrcedds_cpp.so[0m
[ 77%] Built target actionlib_msgs__rosidl_typesupport_microxrcedds_cpp
[ 77%] Built target actionlib_msgs
[ 79%] [34m[1mGenerating Python code for ROS interfaces[0m
[ 79%] Built target actionlib_msgs__py
[ 81%] [32mBuilding C object CMakeFiles/actionlib_msgs__rosidl_generator_py.dir/rosidl_generator_py/actionlib_msgs/msg/_goal_status_s.c.o[0m
[ 83%] [32mBuilding C object CMakeFiles/actionlib_msgs__rosidl_generator_py.dir/rosidl_generator_py/actionlib_msgs/msg/_goal_id_s.c.o[0m
[ 84%] [32mBuilding C object CMakeFiles/actionlib_msgs__rosidl_generator_py.dir/rosidl_generator_py/actionlib_msgs/msg/_goal_status_array_s.c.o[0m
[ 86%] [32m[1mLinking C shared library rosidl_generator_py/actionlib_msgs/libactionlib_msgs__rosidl_generator_py.so[0m
[ 86%] Built target actionlib_msgs__rosidl_generator_py
[ 88%] [32mBuilding C object CMakeFiles/actionlib_msgs__rosidl_typesupport_microxrcedds_c__pyext.dir/rosidl_generator_py/actionlib_msgs/_actionlib_msgs_s.ep.rosidl_typesupport_microxrcedds_c.c.o[0m
[ 89%] [32mBuilding C object CMakeFiles/actionlib_msgs__rosidl_typesupport_fastrtps_c__pyext.dir/rosidl_generator_py/actionlib_msgs/_actionlib_msgs_s.ep.rosidl_typesupport_fastrtps_c.c.o[0m
[ 91%] [32m[1mLinking C shared library rosidl_generator_py/actionlib_msgs/actionlib_msgs_s__rosidl_typesupport_fastrtps_c.cpython-310-x86_64-linux-gnu.so[0m
[ 93%] [32m[1mLinking C shared library rosidl_generator_py/actionlib_msgs/actionlib_msgs_s__rosidl_typesupport_microxrcedds_c.cpython-310-x86_64-linux-gnu.so[0m
[ 93%] Built target actionlib_msgs__rosidl_typesupport_fastrtps_c__pyext
[ 93%] Built target actionlib_msgs__rosidl_typesupport_microxrcedds_c__pyext
[ 94%] [32mBuilding C object CMakeFiles/actionlib_msgs__rosidl_typesupport_c__pyext.dir/rosidl_generator_py/actionlib_msgs/_actionlib_msgs_s.ep.rosidl_typesupport_c.c.o[0m
[ 96%] [32m[1mLinking C shared library rosidl_generator_py/actionlib_msgs/actionlib_msgs_s__rosidl_typesupport_c.cpython-310-x86_64-linux-gnu.so[0m
[ 96%] Built target actionlib_msgs__rosidl_typesupport_c__pyext
[ 98%] [32mBuilding C object CMakeFiles/actionlib_msgs__rosidl_typesupport_introspection_c__pyext.dir/rosidl_generator_py/actionlib_msgs/_actionlib_msgs_s.ep.rosidl_typesupport_introspection_c.c.o[0m
[100%] [32m[1mLinking C shared library rosidl_generator_py/actionlib_msgs/actionlib_msgs_s__rosidl_typesupport_introspection_c.cpython-310-x86_64-linux-gnu.so[0m
[100%] Built target actionlib_msgs__rosidl_typesupport_introspection_c__pyext
-- Install configuration: ""
-- Installing: /mnt/d/prueba/TFG-ROS2/ros2_client_node/install/actionlib_msgs/share/ament_index/resource_index/rosidl_interfaces/actionlib_msgs
-- Installing: /mnt/d/prueba/TFG-ROS2/ros2_client_node/install/actionlib_msgs/include/actionlib_msgs/actionlib_msgs
-- Installing: /mnt/d/prueba/TFG-ROS2/ros2_client_node/install/actionlib_msgs/include/actionlib_msgs/actionlib_msgs/msg
-- Installing: /mnt/d/prueba/TFG-ROS2/ros2_client_node/install/actionlib_msgs/include/actionlib_msgs/actionlib_msgs/msg/detail
-- Installing: /mnt/d/prueba/TFG-ROS2/ros2_client_node/install/actionlib_msgs/include/actionlib_msgs/actionlib_msgs/msg/detail/goal_id__functions.c
-- Installing: /mnt/d/prueba/TFG-ROS2/ros2_client_node/install/actionlib_msgs/include/actionlib_msgs/actionlib_msgs/msg/detail/goal_id__functions.h
-- Installing: /mnt/d/prueba/TFG-ROS2/ros2_client_node/install/actionlib_msgs/include/actionlib_msgs/actionlib_msgs/msg/detail/goal_id__struct.h
-- Installing: /mnt/d/prueba/TFG-ROS2/ros2_client_node/install/actionlib_msgs/include/actionlib_msgs/actionlib_msgs/msg/detail/goal_id__type_support.h
-- Installing: /mnt/d/prueba/TFG-ROS2/ros2_client_node/install/actionlib_msgs/include/actionlib_msgs/actionlib_msgs/msg/detail/goal_status_array__functions.c
-- Installing: /mnt/d/prueba/TFG-ROS2/ros2_client_node/install/actionlib_msgs/include/actionlib_msgs/actionlib_msgs/msg/detail/goal_status_array__functions.h
-- Installing: /mnt/d/prueba/TFG-ROS2/ros2_client_node/install/actionlib_msgs/include/actionlib_msgs/actionlib_msgs/msg/detail/goal_status_array__struct.h
-- Installing: /mnt/d/prueba/TFG-ROS2/ros2_client_node/install/actionlib_msgs/include/actionlib_msgs/actionlib_msgs/msg/detail/goal_status_array__type_support.h
-- Installing: /mnt/d/prueba/TFG-ROS2/ros2_client_node/install/actionlib_msgs/include/actionlib_msgs/actionlib_msgs/msg/detail/goal_status__functions.c
-- Installing: /mnt/d/prueba/TFG-ROS2/ros2_client_node/install/actionlib_msgs/include/actionlib_msgs/actionlib_msgs/msg/detail/goal_status__functions.h
-- Installing: /mnt/d/prueba/TFG-ROS2/ros2_client_node/install/actionlib_msgs/include/actionlib_msgs/actionlib_msgs/msg/detail/goal_status__struct.h
-- Installing: /mnt/d/prueba/TFG-ROS2/ros2_client_node/install/actionlib_msgs/include/actionlib_msgs/actionlib_msgs/msg/detail/goal_status__type_support.h
-- Installing: /mnt/d/prueba/TFG-ROS2/ros2_client_node/install/actionlib_msgs/include/actionlib_msgs/actionlib_msgs/msg/goal_id.h
-- Installing: /mnt/d/prueba/TFG-ROS2/ros2_client_node/install/actionlib_msgs/include/actionlib_msgs/actionlib_msgs/msg/goal_status.h
-- Installing: /mnt/d/prueba/TFG-ROS2/ros2_client_node/install/actionlib_msgs/include/actionlib_msgs/actionlib_msgs/msg/goal_status_array.h
-- Installing: /mnt/d/prueba/TFG-ROS2/ros2_client_node/install/actionlib_msgs/include/actionlib_msgs/actionlib_msgs/msg/rosidl_generator_c__visibility_control.h
-- Installing: /mnt/d/prueba/TFG-ROS2/ros2_client_node/install/actionlib_msgs/share/actionlib_msgs/environment/library_path.sh
-- Installing: /mnt/d/prueba/TFG-ROS2/ros2_client_node/install/actionlib_msgs/share/actionlib_msgs/environment/library_path.dsv
-- Installing: /mnt/d/prueba/TFG-ROS2/ros2_client_node/install/actionlib_msgs/lib/libactionlib_msgs__rosidl_generator_c.so
-- Set runtime path of "/mnt/d/prueba/TFG-ROS2/ros2_client_node/install/actionlib_msgs/lib/libactionlib_msgs__rosidl_generator_c.so" to ""
-- Up-to-date: /mnt/d/prueba/TFG-ROS2/ros2_client_node/install/actionlib_msgs/include/actionlib_msgs/actionlib_msgs
-- Up-to-date: /mnt/d/prueba/TFG-ROS2/ros2_client_node/install/actionlib_msgs/include/actionlib_msgs/actionlib_msgs/msg
-- Up-to-date: /mnt/d/prueba/TFG-ROS2/ros2_client_node/install/actionlib_msgs/include/actionlib_msgs/actionlib_msgs/msg/detail
-- Installing: /mnt/d/prueba/TFG-ROS2/ros2_client_node/install/actionlib_msgs/include/actionlib_msgs/actionlib_msgs/msg/detail/goal_id__rosidl_typesupport_fastrtps_c.h
-- Installing: /mnt/d/prueba/TFG-ROS2/ros2_client_node/install/actionlib_msgs/include/actionlib_msgs/actionlib_msgs/msg/detail/goal_status_array__rosidl_typesupport_fastrtps_c.h
-- Installing: /mnt/d/prueba/TFG-ROS2/ros2_client_node/install/actionlib_msgs/include/actionlib_msgs/actionlib_msgs/msg/detail/goal_status__rosidl_typesupport_fastrtps_c.h
-- Installing: /mnt/d/prueba/TFG-ROS2/ros2_client_node/install/actionlib_msgs/include/actionlib_msgs/actionlib_msgs/msg/rosidl_typesupport_fastrtps_c__visibility_control.h
-- Installing: /mnt/d/prueba/TFG-ROS2/ros2_client_node/install/actionlib_msgs/lib/libactionlib_msgs__rosidl_typesupport_fastrtps_c.so
-- Set runtime path of "/mnt/d/prueba/TFG-ROS2/ros2_client_node/install/actionlib_msgs/lib/libactionlib_msgs__rosidl_typesupport_fastrtps_c.so" to ""
-- Up-to-date: /mnt/d/prueba/TFG-ROS2/ros2_client_node/install/actionlib_msgs/include/actionlib_msgs/actionlib_msgs
-- Up-to-date: /mnt/d/prueba/TFG-ROS2/ros2_client_node/install/actionlib_msgs/include/actionlib_msgs/actionlib_msgs/msg
-- Up-to-date: /mnt/d/prueba/TFG-ROS2/ros2_client_node/install/actionlib_msgs/include/actionlib_msgs/actionlib_msgs/msg/detail
-- Installing: /mnt/d/prueba/TFG-ROS2/ros2_client_node/install/actionlib_msgs/include/actionlib_msgs/actionlib_msgs/msg/detail/goal_id__builder.hpp
-- Installing: /mnt/d/prueba/TFG-ROS2/ros2_client_node/install/actionlib_msgs/include/actionlib_msgs/actionlib_msgs/msg/detail/goal_id__struct.hpp
-- Installing: /mnt/d/prueba/TFG-ROS2/ros2_client_node/install/actionlib_msgs/include/actionlib_msgs/actionlib_msgs/msg/detail/goal_id__traits.hpp
-- Installing: /mnt/d/prueba/TFG-ROS2/ros2_client_node/install/actionlib_msgs/include/actionlib_msgs/actionlib_msgs/msg/detail/goal_status_array__builder.hpp
-- Installing: /mnt/d/prueba/TFG-ROS2/ros2_client_node/install/actionlib_msgs/include/actionlib_msgs/actionlib_msgs/msg/detail/goal_status_array__struct.hpp
-- Installing: /mnt/d/prueba/TFG-ROS2/ros2_client_node/install/actionlib_msgs/include/actionlib_msgs/actionlib_msgs/msg/detail/goal_status_array__traits.hpp
-- Installing: /mnt/d/prueba/TFG-ROS2/ros2_client_node/install/actionlib_msgs/include/actionlib_msgs/actionlib_msgs/msg/detail/goal_status__builder.hpp
-- Installing: /mnt/d/prueba/TFG-ROS2/ros2_client_node/install/actionlib_msgs/include/actionlib_msgs/actionlib_msgs/msg/detail/goal_status__struct.hpp
-- Installing: /mnt/d/prueba/TFG-ROS2/ros2_client_node/install/actionlib_msgs/include/actionlib_msgs/actionlib_msgs/msg/detail/goal_status__traits.hpp
-- Installing: /mnt/d/prueba/TFG-ROS2/ros2_client_node/install/actionlib_msgs/include/actionlib_msgs/actionlib_msgs/msg/goal_id.hpp
-- Installing: /mnt/d/prueba/TFG-ROS2/ros2_client_node/install/actionlib_msgs/include/actionlib_msgs/actionlib_msgs/msg/goal_status.hpp
-- Installing: /mnt/d/prueba/TFG-ROS2/ros2_client_node/install/actionlib_msgs/include/actionlib_msgs/actionlib_msgs/msg/goal_status_array.hpp
-- Up-to-date: /mnt/d/prueba/TFG-ROS2/ros2_client_node/install/actionlib_msgs/include/actionlib_msgs/actionlib_msgs
-- Up-to-date: /mnt/d/prueba/TFG-ROS2/ros2_client_node/install/actionlib_msgs/include/actionlib_msgs/actionlib_msgs/msg
-- Up-to-date: /mnt/d/prueba/TFG-ROS2/ros2_client_node/install/actionlib_msgs/include/actionlib_msgs/actionlib_msgs/msg/detail
-- Installing: /mnt/d/prueba/TFG-ROS2/ros2_client_node/install/actionlib_msgs/include/actionlib_msgs/actionlib_msgs/msg/detail/dds_fastrtps
-- Installing: /mnt/d/prueba/TFG-ROS2/ros2_client_node/install/actionlib_msgs/include/actionlib_msgs/actionlib_msgs/msg/detail/goal_id__rosidl_typesupport_fastrtps_cpp.hpp
-- Installing: /mnt/d/prueba/TFG-ROS2/ros2_client_node/install/actionlib_msgs/include/actionlib_msgs/actionlib_msgs/msg/detail/goal_status_array__rosidl_typesupport_fastrtps_cpp.hpp
-- Installing: /mnt/d/prueba/TFG-ROS2/ros2_client_node/install/actionlib_msgs/include/actionlib_msgs/actionlib_msgs/msg/detail/goal_status__rosidl_typesupport_fastrtps_cpp.hpp
-- Installing: /mnt/d/prueba/TFG-ROS2/ros2_client_node/install/actionlib_msgs/include/actionlib_msgs/actionlib_msgs/msg/rosidl_typesupport_fastrtps_cpp__visibility_control.h
-- Installing: /mnt/d/prueba/TFG-ROS2/ros2_client_node/install/actionlib_msgs/lib/libactionlib_msgs__rosidl_typesupport_fastrtps_cpp.so
-- Set runtime path of "/mnt/d/prueba/TFG-ROS2/ros2_client_node/install/actionlib_msgs/lib/libactionlib_msgs__rosidl_typesupport_fastrtps_cpp.so" to ""
-- Up-to-date: /mnt/d/prueba/TFG-ROS2/ros2_client_node/install/actionlib_msgs/include/actionlib_msgs
-- Installing: /mnt/d/prueba/TFG-ROS2/ros2_client_node/install/actionlib_msgs/include/actionlib_msgs/msg
-- Installing: /mnt/d/prueba/TFG-ROS2/ros2_client_node/install/actionlib_msgs/include/actionlib_msgs/msg/detail
-- Installing: /mnt/d/prueba/TFG-ROS2/ros2_client_node/install/actionlib_msgs/include/actionlib_msgs/msg/detail/goal_id__rosidl_typesupport_microxrcedds_c.h
-- Installing: /mnt/d/prueba/TFG-ROS2/ros2_client_node/install/actionlib_msgs/include/actionlib_msgs/msg/detail/goal_status_array__rosidl_typesupport_microxrcedds_c.h
-- Installing: /mnt/d/prueba/TFG-ROS2/ros2_client_node/install/actionlib_msgs/include/actionlib_msgs/msg/detail/goal_status__rosidl_typesupport_microxrcedds_c.h
-- Installing: /mnt/d/prueba/TFG-ROS2/ros2_client_node/install/actionlib_msgs/include/actionlib_msgs/msg/detail/microxrcedds
-- Installing: /mnt/d/prueba/TFG-ROS2/ros2_client_node/install/actionlib_msgs/include/actionlib_msgs/msg/rosidl_typesupport_microxrcedds_c__visibility_control.h
-- Installing: /mnt/d/prueba/TFG-ROS2/ros2_client_node/install/actionlib_msgs/lib/libactionlib_msgs__rosidl_typesupport_microxrcedds_c.so
-- Set runtime path of "/mnt/d/prueba/TFG-ROS2/ros2_client_node/install/actionlib_msgs/lib/libactionlib_msgs__rosidl_typesupport_microxrcedds_c.so" to ""
-- Up-to-date: /mnt/d/prueba/TFG-ROS2/ros2_client_node/install/actionlib_msgs/include/actionlib_msgs/actionlib_msgs
-- Up-to-date: /mnt/d/prueba/TFG-ROS2/ros2_client_node/install/actionlib_msgs/include/actionlib_msgs/actionlib_msgs/msg
-- Up-to-date: /mnt/d/prueba/TFG-ROS2/ros2_client_node/install/actionlib_msgs/include/actionlib_msgs/actionlib_msgs/msg/detail
-- Installing: /mnt/d/prueba/TFG-ROS2/ros2_client_node/install/actionlib_msgs/include/actionlib_msgs/actionlib_msgs/msg/detail/goal_id__rosidl_typesupport_introspection_c.h
-- Installing: /mnt/d/prueba/TFG-ROS2/ros2_client_node/install/actionlib_msgs/include/actionlib_msgs/actionlib_msgs/msg/detail/goal_id__type_support.c
-- Installing: /mnt/d/prueba/TFG-ROS2/ros2_client_node/install/actionlib_msgs/include/actionlib_msgs/actionlib_msgs/msg/detail/goal_status_array__rosidl_typesupport_introspection_c.h
-- Installing: /mnt/d/prueba/TFG-ROS2/ros2_client_node/install/actionlib_msgs/include/actionlib_msgs/actionlib_msgs/msg/detail/goal_status_array__type_support.c
-- Installing: /mnt/d/prueba/TFG-ROS2/ros2_client_node/install/actionlib_msgs/include/actionlib_msgs/actionlib_msgs/msg/detail/goal_status__rosidl_typesupport_introspection_c.h
-- Installing: /mnt/d/prueba/TFG-ROS2/ros2_client_node/install/actionlib_msgs/include/actionlib_msgs/actionlib_msgs/msg/detail/goal_status__type_support.c
-- Installing: /mnt/d/prueba/TFG-ROS2/ros2_client_node/install/actionlib_msgs/include/actionlib_msgs/actionlib_msgs/msg/rosidl_typesupport_introspection_c__visibility_control.h
-- Installing: /mnt/d/prueba/TFG-ROS2/ros2_client_node/install/actionlib_msgs/lib/libactionlib_msgs__rosidl_typesupport_introspection_c.so
-- Set runtime path of "/mnt/d/prueba/TFG-ROS2/ros2_client_node/install/actionlib_msgs/lib/libactionlib_msgs__rosidl_typesupport_introspection_c.so" to ""
-- Installing: /mnt/d/prueba/TFG-ROS2/ros2_client_node/install/actionlib_msgs/lib/libactionlib_msgs__rosidl_typesupport_c.so
-- Set runtime path of "/mnt/d/prueba/TFG-ROS2/ros2_client_node/install/actionlib_msgs/lib/libactionlib_msgs__rosidl_typesupport_c.so" to ""
-- Up-to-date: /mnt/d/prueba/TFG-ROS2/ros2_client_node/install/actionlib_msgs/include/actionlib_msgs
-- Up-to-date: /mnt/d/prueba/TFG-ROS2/ros2_client_node/install/actionlib_msgs/include/actionlib_msgs/msg
-- Up-to-date: /mnt/d/prueba/TFG-ROS2/ros2_client_node/install/actionlib_msgs/include/actionlib_msgs/msg/detail
-- Installing: /mnt/d/prueba/TFG-ROS2/ros2_client_node/install/actionlib_msgs/include/actionlib_msgs/msg/detail/goal_id__rosidl_typesupport_microxrcedds_cpp.hpp
-- Installing: /mnt/d/prueba/TFG-ROS2/ros2_client_node/install/actionlib_msgs/include/actionlib_msgs/msg/detail/goal_status_array__rosidl_typesupport_microxrcedds_cpp.hpp
-- Installing: /mnt/d/prueba/TFG-ROS2/ros2_client_node/install/actionlib_msgs/include/actionlib_msgs/msg/detail/goal_status__rosidl_typesupport_microxrcedds_cpp.hpp
-- Up-to-date: /mnt/d/prueba/TFG-ROS2/ros2_client_node/install/actionlib_msgs/include/actionlib_msgs/msg/detail/microxrcedds
-- Installing: /mnt/d/prueba/TFG-ROS2/ros2_client_node/install/actionlib_msgs/include/actionlib_msgs/msg/detail/microxrcedds/goal_id__type_support_cpp.cpp
-- Installing: /mnt/d/prueba/TFG-ROS2/ros2_client_node/install/actionlib_msgs/include/actionlib_msgs/msg/detail/microxrcedds/goal_status_array__type_support_cpp.cpp
-- Installing: /mnt/d/prueba/TFG-ROS2/ros2_client_node/install/actionlib_msgs/include/actionlib_msgs/msg/detail/microxrcedds/goal_status__type_support_cpp.cpp
-- Installing: /mnt/d/prueba/TFG-ROS2/ros2_client_node/install/actionlib_msgs/include/actionlib_msgs/msg/rosidl_typesupport_microxrcedds_cpp__visibility_control.h
-- Installing: /mnt/d/prueba/TFG-ROS2/ros2_client_node/install/actionlib_msgs/lib/libactionlib_msgs__rosidl_typesupport_microxrcedds_cpp.so
-- Set runtime path of "/mnt/d/prueba/TFG-ROS2/ros2_client_node/install/actionlib_msgs/lib/libactionlib_msgs__rosidl_typesupport_microxrcedds_cpp.so" to ""
-- Up-to-date: /mnt/d/prueba/TFG-ROS2/ros2_client_node/install/actionlib_msgs/include/actionlib_msgs/actionlib_msgs
-- Up-to-date: /mnt/d/prueba/TFG-ROS2/ros2_client_node/install/actionlib_msgs/include/actionlib_msgs/actionlib_msgs/msg
-- Up-to-date: /mnt/d/prueba/TFG-ROS2/ros2_client_node/install/actionlib_msgs/include/actionlib_msgs/actionlib_msgs/msg/detail
-- Installing: /mnt/d/prueba/TFG-ROS2/ros2_client_node/install/actionlib_msgs/include/actionlib_msgs/actionlib_msgs/msg/detail/goal_id__rosidl_typesupport_introspection_cpp.hpp
-- Installing: /mnt/d/prueba/TFG-ROS2/ros2_client_node/install/actionlib_msgs/include/actionlib_msgs/actionlib_msgs/msg/detail/goal_id__type_support.cpp
-- Installing: /mnt/d/prueba/TFG-ROS2/ros2_client_node/install/actionlib_msgs/include/actionlib_msgs/actionlib_msgs/msg/detail/goal_status_array__rosidl_typesupport_introspection_cpp.hpp
-- Installing: /mnt/d/prueba/TFG-ROS2/ros2_client_node/install/actionlib_msgs/include/actionlib_msgs/actionlib_msgs/msg/detail/goal_status_array__type_support.cpp
-- Installing: /mnt/d/prueba/TFG-ROS2/ros2_client_node/install/actionlib_msgs/include/actionlib_msgs/actionlib_msgs/msg/detail/goal_status__rosidl_typesupport_introspection_cpp.hpp
-- Installing: /mnt/d/prueba/TFG-ROS2/ros2_client_node/install/actionlib_msgs/include/actionlib_msgs/actionlib_msgs/msg/detail/goal_status__type_support.cpp
-- Installing: /mnt/d/prueba/TFG-ROS2/ros2_client_node/install/actionlib_msgs/lib/libactionlib_msgs__rosidl_typesupport_introspection_cpp.so
-- Set runtime path of "/mnt/d/prueba/TFG-ROS2/ros2_client_node/install/actionlib_msgs/lib/libactionlib_msgs__rosidl_typesupport_introspection_cpp.so" to ""
-- Installing: /mnt/d/prueba/TFG-ROS2/ros2_client_node/install/actionlib_msgs/lib/libactionlib_msgs__rosidl_typesupport_cpp.so
-- Set runtime path of "/mnt/d/prueba/TFG-ROS2/ros2_client_node/install/actionlib_msgs/lib/libactionlib_msgs__rosidl_typesupport_cpp.so" to ""
-- Installing: /mnt/d/prueba/TFG-ROS2/ros2_client_node/install/actionlib_msgs/share/actionlib_msgs/environment/pythonpath.sh
-- Installing: /mnt/d/prueba/TFG-ROS2/ros2_client_node/install/actionlib_msgs/share/actionlib_msgs/environment/pythonpath.dsv
-- Installing: /mnt/d/prueba/TFG-ROS2/ros2_client_node/install/actionlib_msgs/local/lib/python3.10/dist-packages/actionlib_msgs-4.2.3-py3.10.egg-info
-- Installing: /mnt/d/prueba/TFG-ROS2/ros2_client_node/install/actionlib_msgs/local/lib/python3.10/dist-packages/actionlib_msgs-4.2.3-py3.10.egg-info/dependency_links.txt
-- Installing: /mnt/d/prueba/TFG-ROS2/ros2_client_node/install/actionlib_msgs/local/lib/python3.10/dist-packages/actionlib_msgs-4.2.3-py3.10.egg-info/PKG-INFO
-- Installing: /mnt/d/prueba/TFG-ROS2/ros2_client_node/install/actionlib_msgs/local/lib/python3.10/dist-packages/actionlib_msgs-4.2.3-py3.10.egg-info/SOURCES.txt
-- Installing: /mnt/d/prueba/TFG-ROS2/ros2_client_node/install/actionlib_msgs/local/lib/python3.10/dist-packages/actionlib_msgs-4.2.3-py3.10.egg-info/top_level.txt
-- Installing: /mnt/d/prueba/TFG-ROS2/ros2_client_node/install/actionlib_msgs/local/lib/python3.10/dist-packages/actionlib_msgs
-- Installing: /mnt/d/prueba/TFG-ROS2/ros2_client_node/install/actionlib_msgs/local/lib/python3.10/dist-packages/actionlib_msgs/actionlib_msgs_s__rosidl_typesupport_c.cpython-310-x86_64-linux-gnu.so
-- Installing: /mnt/d/prueba/TFG-ROS2/ros2_client_node/install/actionlib_msgs/local/lib/python3.10/dist-packages/actionlib_msgs/actionlib_msgs_s__rosidl_typesupport_fastrtps_c.cpython-310-x86_64-linux-gnu.so
-- Installing: /mnt/d/prueba/TFG-ROS2/ros2_client_node/install/actionlib_msgs/local/lib/python3.10/dist-packages/actionlib_msgs/actionlib_msgs_s__rosidl_typesupport_introspection_c.cpython-310-x86_64-linux-gnu.so
-- Installing: /mnt/d/prueba/TFG-ROS2/ros2_client_node/install/actionlib_msgs/local/lib/python3.10/dist-packages/actionlib_msgs/actionlib_msgs_s__rosidl_typesupport_microxrcedds_c.cpython-310-x86_64-linux-gnu.so
-- Installing: /mnt/d/prueba/TFG-ROS2/ros2_client_node/install/actionlib_msgs/local/lib/python3.10/dist-packages/actionlib_msgs/libactionlib_msgs__rosidl_generator_py.so
-- Installing: /mnt/d/prueba/TFG-ROS2/ros2_client_node/install/actionlib_msgs/local/lib/python3.10/dist-packages/actionlib_msgs/msg
-- Installing: /mnt/d/prueba/TFG-ROS2/ros2_client_node/install/actionlib_msgs/local/lib/python3.10/dist-packages/actionlib_msgs/msg/_goal_id.py
-- Installing: /mnt/d/prueba/TFG-ROS2/ros2_client_node/install/actionlib_msgs/local/lib/python3.10/dist-packages/actionlib_msgs/msg/_goal_id_s.c
-- Installing: /mnt/d/prueba/TFG-ROS2/ros2_client_node/install/actionlib_msgs/local/lib/python3.10/dist-packages/actionlib_msgs/msg/_goal_status.py
-- Installing: /mnt/d/prueba/TFG-ROS2/ros2_client_node/install/actionlib_msgs/local/lib/python3.10/dist-packages/actionlib_msgs/msg/_goal_status_array.py
-- Installing: /mnt/d/prueba/TFG-ROS2/ros2_client_node/install/actionlib_msgs/local/lib/python3.10/dist-packages/actionlib_msgs/msg/_goal_status_array_s.c
-- Installing: /mnt/d/prueba/TFG-ROS2/ros2_client_node/install/actionlib_msgs/local/lib/python3.10/dist-packages/actionlib_msgs/msg/_goal_status_s.c
-- Installing: /mnt/d/prueba/TFG-ROS2/ros2_client_node/install/actionlib_msgs/local/lib/python3.10/dist-packages/actionlib_msgs/msg/__init__.py
-- Installing: /mnt/d/prueba/TFG-ROS2/ros2_client_node/install/actionlib_msgs/local/lib/python3.10/dist-packages/actionlib_msgs/_actionlib_msgs_s.ep.rosidl_typesupport_c.c
-- Installing: /mnt/d/prueba/TFG-ROS2/ros2_client_node/install/actionlib_msgs/local/lib/python3.10/dist-packages/actionlib_msgs/_actionlib_msgs_s.ep.rosidl_typesupport_fastrtps_c.c
-- Installing: /mnt/d/prueba/TFG-ROS2/ros2_client_node/install/actionlib_msgs/local/lib/python3.10/dist-packages/actionlib_msgs/_actionlib_msgs_s.ep.rosidl_typesupport_introspection_c.c
-- Installing: /mnt/d/prueba/TFG-ROS2/ros2_client_node/install/actionlib_msgs/local/lib/python3.10/dist-packages/actionlib_msgs/_actionlib_msgs_s.ep.rosidl_typesupport_microxrcedds_c.c
-- Installing: /mnt/d/prueba/TFG-ROS2/ros2_client_node/install/actionlib_msgs/local/lib/python3.10/dist-packages/actionlib_msgs/__init__.py
Listing '/mnt/d/prueba/TFG-ROS2/ros2_client_node/install/actionlib_msgs/local/lib/python3.10/dist-packages/actionlib_msgs'...
Compiling '/mnt/d/prueba/TFG-ROS2/ros2_client_node/install/actionlib_msgs/local/lib/python3.10/dist-packages/actionlib_msgs/__init__.py'...
Listing '/mnt/d/prueba/TFG-ROS2/ros2_client_node/install/actionlib_msgs/local/lib/python3.10/dist-packages/actionlib_msgs/msg'...
Compiling '/mnt/d/prueba/TFG-ROS2/ros2_client_node/install/actionlib_msgs/local/lib/python3.10/dist-packages/actionlib_msgs/msg/__init__.py'...
Compiling '/mnt/d/prueba/TFG-ROS2/ros2_client_node/install/actionlib_msgs/local/lib/python3.10/dist-packages/actionlib_msgs/msg/_goal_id.py'...
Compiling '/mnt/d/prueba/TFG-ROS2/ros2_client_node/install/actionlib_msgs/local/lib/python3.10/dist-packages/actionlib_msgs/msg/_goal_status.py'...
Compiling '/mnt/d/prueba/TFG-ROS2/ros2_client_node/install/actionlib_msgs/local/lib/python3.10/dist-packages/actionlib_msgs/msg/_goal_status_array.py'...
-- Installing: /mnt/d/prueba/TFG-ROS2/ros2_client_node/install/actionlib_msgs/local/lib/python3.10/dist-packages/actionlib_msgs/actionlib_msgs_s__rosidl_typesupport_microxrcedds_c.cpython-310-x86_64-linux-gnu.so
-- Set runtime path of "/mnt/d/prueba/TFG-ROS2/ros2_client_node/install/actionlib_msgs/local/lib/python3.10/dist-packages/actionlib_msgs/actionlib_msgs_s__rosidl_typesupport_microxrcedds_c.cpython-310-x86_64-linux-gnu.so" to ""
-- Installing: /mnt/d/prueba/TFG-ROS2/ros2_client_node/install/actionlib_msgs/local/lib/python3.10/dist-packages/actionlib_msgs/actionlib_msgs_s__rosidl_typesupport_fastrtps_c.cpython-310-x86_64-linux-gnu.so
-- Set runtime path of "/mnt/d/prueba/TFG-ROS2/ros2_client_node/install/actionlib_msgs/local/lib/python3.10/dist-packages/actionlib_msgs/actionlib_msgs_s__rosidl_typesupport_fastrtps_c.cpython-310-x86_64-linux-gnu.so" to ""
-- Installing: /mnt/d/prueba/TFG-ROS2/ros2_client_node/install/actionlib_msgs/local/lib/python3.10/dist-packages/actionlib_msgs/actionlib_msgs_s__rosidl_typesupport_introspection_c.cpython-310-x86_64-linux-gnu.so
-- Set runtime path of "/mnt/d/prueba/TFG-ROS2/ros2_client_node/install/actionlib_msgs/local/lib/python3.10/dist-packages/actionlib_msgs/actionlib_msgs_s__rosidl_typesupport_introspection_c.cpython-310-x86_64-linux-gnu.so" to ""
-- Installing: /mnt/d/prueba/TFG-ROS2/ros2_client_node/install/actionlib_msgs/local/lib/python3.10/dist-packages/actionlib_msgs/actionlib_msgs_s__rosidl_typesupport_c.cpython-310-x86_64-linux-gnu.so
-- Set runtime path of "/mnt/d/prueba/TFG-ROS2/ros2_client_node/install/actionlib_msgs/local/lib/python3.10/dist-packages/actionlib_msgs/actionlib_msgs_s__rosidl_typesupport_c.cpython-310-x86_64-linux-gnu.so" to ""
-- Installing: /mnt/d/prueba/TFG-ROS2/ros2_client_node/install/actionlib_msgs/lib/libactionlib_msgs__rosidl_generator_py.so
-- Set runtime path of "/mnt/d/prueba/TFG-ROS2/ros2_client_node/install/actionlib_msgs/lib/libactionlib_msgs__rosidl_generator_py.so" to ""
-- Installing: /mnt/d/prueba/TFG-ROS2/ros2_client_node/install/actionlib_msgs/share/actionlib_msgs/msg/GoalID.idl
-- Installing: /mnt/d/prueba/TFG-ROS2/ros2_client_node/install/actionlib_msgs/share/actionlib_msgs/msg/GoalStatus.idl
-- Installing: /mnt/d/prueba/TFG-ROS2/ros2_client_node/install/actionlib_msgs/share/actionlib_msgs/msg/GoalStatusArray.idl
-- Installing: /mnt/d/prueba/TFG-ROS2/ros2_client_node/install/actionlib_msgs/share/actionlib_msgs/msg/GoalID.msg
-- Installing: /mnt/d/prueba/TFG-ROS2/ros2_client_node/install/actionlib_msgs/share/actionlib_msgs/msg/GoalStatus.msg
-- Installing: /mnt/d/prueba/TFG-ROS2/ros2_client_node/install/actionlib_msgs/share/actionlib_msgs/msg/GoalStatusArray.msg
-- Installing: /mnt/d/prueba/TFG-ROS2/ros2_client_node/install/actionlib_msgs/share/ament_index/resource_index/package_run_dependencies/actionlib_msgs
-- Installing: /mnt/d/prueba/TFG-ROS2/ros2_client_node/install/actionlib_msgs/share/ament_index/resource_index/parent_prefix_path/actionlib_msgs
-- Installing: /mnt/d/prueba/TFG-ROS2/ros2_client_node/install/actionlib_msgs/share/actionlib_msgs/environment/ament_prefix_path.sh
-- Installing: /mnt/d/prueba/TFG-ROS2/ros2_client_node/install/actionlib_msgs/share/actionlib_msgs/environment/ament_prefix_path.dsv
-- Installing: /mnt/d/prueba/TFG-ROS2/ros2_client_node/install/actionlib_msgs/share/actionlib_msgs/environment/path.sh
-- Installing: /mnt/d/prueba/TFG-ROS2/ros2_client_node/install/actionlib_msgs/share/actionlib_msgs/environment/path.dsv
-- Installing: /mnt/d/prueba/TFG-ROS2/ros2_client_node/install/actionlib_msgs/share/actionlib_msgs/local_setup.bash
-- Installing: /mnt/d/prueba/TFG-ROS2/ros2_client_node/install/actionlib_msgs/share/actionlib_msgs/local_setup.sh
-- Installing: /mnt/d/prueba/TFG-ROS2/ros2_client_node/install/actionlib_msgs/share/actionlib_msgs/local_setup.zsh
-- Installing: /mnt/d/prueba/TFG-ROS2/ros2_client_node/install/actionlib_msgs/share/actionlib_msgs/local_setup.dsv
-- Installing: /mnt/d/prueba/TFG-ROS2/ros2_client_node/install/actionlib_msgs/share/actionlib_msgs/package.dsv
-- Installing: /mnt/d/prueba/TFG-ROS2/ros2_client_node/install/actionlib_msgs/share/ament_index/resource_index/packages/actionlib_msgs
-- Installing: /mnt/d/prueba/TFG-ROS2/ros2_client_node/install/actionlib_msgs/share/actionlib_msgs/cmake/export_actionlib_msgs__rosidl_generator_cExport.cmake
-- Installing: /mnt/d/prueba/TFG-ROS2/ros2_client_node/install/actionlib_msgs/share/actionlib_msgs/cmake/export_actionlib_msgs__rosidl_generator_cExport-noconfig.cmake
-- Installing: /mnt/d/prueba/TFG-ROS2/ros2_client_node/install/actionlib_msgs/share/actionlib_msgs/cmake/export_actionlib_msgs__rosidl_typesupport_fastrtps_cExport.cmake
-- Installing: /mnt/d/prueba/TFG-ROS2/ros2_client_node/install/actionlib_msgs/share/actionlib_msgs/cmake/export_actionlib_msgs__rosidl_typesupport_fastrtps_cExport-noconfig.cmake
-- Installing: /mnt/d/prueba/TFG-ROS2/ros2_client_node/install/actionlib_msgs/share/actionlib_msgs/cmake/export_actionlib_msgs__rosidl_generator_cppExport.cmake
-- Installing: /mnt/d/prueba/TFG-ROS2/ros2_client_node/install/actionlib_msgs/share/actionlib_msgs/cmake/export_actionlib_msgs__rosidl_typesupport_fastrtps_cppExport.cmake
-- Installing: /mnt/d/prueba/TFG-ROS2/ros2_client_node/install/actionlib_msgs/share/actionlib_msgs/cmake/export_actionlib_msgs__rosidl_typesupport_fastrtps_cppExport-noconfig.cmake
-- Installing: /mnt/d/prueba/TFG-ROS2/ros2_client_node/install/actionlib_msgs/share/actionlib_msgs/cmake/actionlib_msgs__rosidl_typesupport_introspection_cExport.cmake
-- Installing: /mnt/d/prueba/TFG-ROS2/ros2_client_node/install/actionlib_msgs/share/actionlib_msgs/cmake/actionlib_msgs__rosidl_typesupport_introspection_cExport-noconfig.cmake
-- Installing: /mnt/d/prueba/TFG-ROS2/ros2_client_node/install/actionlib_msgs/share/actionlib_msgs/cmake/actionlib_msgs__rosidl_typesupport_cExport.cmake
-- Installing: /mnt/d/prueba/TFG-ROS2/ros2_client_node/install/actionlib_msgs/share/actionlib_msgs/cmake/actionlib_msgs__rosidl_typesupport_cExport-noconfig.cmake
-- Installing: /mnt/d/prueba/TFG-ROS2/ros2_client_node/install/actionlib_msgs/share/actionlib_msgs/cmake/actionlib_msgs__rosidl_typesupport_introspection_cppExport.cmake
-- Installing: /mnt/d/prueba/TFG-ROS2/ros2_client_node/install/actionlib_msgs/share/actionlib_msgs/cmake/actionlib_msgs__rosidl_typesupport_introspection_cppExport-noconfig.cmake
-- Installing: /mnt/d/prueba/TFG-ROS2/ros2_client_node/install/actionlib_msgs/share/actionlib_msgs/cmake/actionlib_msgs__rosidl_typesupport_cppExport.cmake
-- Installing: /mnt/d/prueba/TFG-ROS2/ros2_client_node/install/actionlib_msgs/share/actionlib_msgs/cmake/actionlib_msgs__rosidl_typesupport_cppExport-noconfig.cmake
-- Installing: /mnt/d/prueba/TFG-ROS2/ros2_client_node/install/actionlib_msgs/share/actionlib_msgs/cmake/export_actionlib_msgs__rosidl_generator_pyExport.cmake
-- Installing: /mnt/d/prueba/TFG-ROS2/ros2_client_node/install/actionlib_msgs/share/actionlib_msgs/cmake/export_actionlib_msgs__rosidl_generator_pyExport-noconfig.cmake
-- Installing: /mnt/d/prueba/TFG-ROS2/ros2_client_node/install/actionlib_msgs/share/actionlib_msgs/cmake/rosidl_cmake-extras.cmake
-- Installing: /mnt/d/prueba/TFG-ROS2/ros2_client_node/install/actionlib_msgs/share/actionlib_msgs/cmake/ament_cmake_export_dependencies-extras.cmake
-- Installing: /mnt/d/prueba/TFG-ROS2/ros2_client_node/install/actionlib_msgs/share/actionlib_msgs/cmake/ament_cmake_export_include_directories-extras.cmake
-- Installing: /mnt/d/prueba/TFG-ROS2/ros2_client_node/install/actionlib_msgs/share/actionlib_msgs/cmake/ament_cmake_export_libraries-extras.cmake
-- Installing: /mnt/d/prueba/TFG-ROS2/ros2_client_node/install/actionlib_msgs/share/actionlib_msgs/cmake/ament_cmake_export_targets-extras.cmake
-- Installing: /mnt/d/prueba/TFG-ROS2/ros2_client_node/install/actionlib_msgs/share/actionlib_msgs/cmake/rosidl_cmake_export_typesupport_targets-extras.cmake
-- Installing: /mnt/d/prueba/TFG-ROS2/ros2_client_node/install/actionlib_msgs/share/actionlib_msgs/cmake/rosidl_cmake_export_typesupport_libraries-extras.cmake
-- Installing: /mnt/d/prueba/TFG-ROS2/ros2_client_node/install/actionlib_msgs/share/actionlib_msgs/cmake/actionlib_msgsConfig.cmake
-- Installing: /mnt/d/prueba/TFG-ROS2/ros2_client_node/install/actionlib_msgs/share/actionlib_msgs/cmake/actionlib_msgsConfig-version.cmake
-- Installing: /mnt/d/prueba/TFG-ROS2/ros2_client_node/install/actionlib_msgs/share/actionlib_msgs/package.xml
