[2.826s] Invoking command in '/mnt/d/prueba/TFG-ROS2/ros2_client_node/build/actionlib_msgs': AMENT_PREFIX_PATH=/mnt/d/prueba/TFG-ROS2/ros2_client_node/install/std_msgs:/mnt/d/prueba/TFG-ROS2/ros2_client_node/install/builtin_interfaces:${AMENT_PREFIX_PATH} CMAKE_PREFIX_PATH=/mnt/d/prueba/TFG-ROS2/ros2_client_node/install/std_msgs:/mnt/d/prueba/TFG-ROS2/ros2_client_node/install/builtin_interfaces:/mnt/d/prueba/TFG-ROS2/ros2_client_node/install/rosidl_typesupport_microxrcedds_cpp:/mnt/d/prueba/TFG-ROS2/ros2_client_node/install/rosidl_typesupport_microxrcedds_c:/mnt/d/prueba/TFG-ROS2/ros2_client_node/install/microcdr:/mnt/d/prueba/TFG-ROS2/ros2_client_node/install/micro_ros_setup:/mnt/d/prueba/TFG-ROS2/ros2_agent_node/install/micro_ros_agent:/mnt/d/prueba/TFG-ROS2/ros2_agent_node/install/micro_ros_msgs:/mnt/d/prueba/TFG-ROS2/ros2_agent_node/install/micro_ros_setup:/opt/ros/humble LD_LIBRARY_PATH=/mnt/d/prueba/TFG-ROS2/ros2_client_node/install/std_msgs/lib:/mnt/d/prueba/TFG-ROS2/ros2_client_node/install/builtin_interfaces/lib:${LD_LIBRARY_PATH} PYTHONPATH=/mnt/d/prueba/TFG-ROS2/ros2_client_node/install/std_msgs/local/lib/python3.10/dist-packages:/mnt/d/prueba/TFG-ROS2/ros2_client_node/install/builtin_interfaces/local/lib/python3.10/dist-packages:${PYTHONPATH} /usr/bin/cmake /mnt/d/prueba/TFG-ROS2/ros2_client_node/src/ros2/common_interfaces/actionlib_msgs -DBUILD_TESTING=OFF -DBUILD_SHARED_LIBS=ON -DCMAKE_INSTALL_PREFIX=/mnt/d/prueba/TFG-ROS2/ros2_client_node/install/actionlib_msgs
[8.562s] -- The C compiler identification is GNU 11.3.0
[11.347s] -- The CXX compiler identification is GNU 11.3.0
[12.276s] -- Detecting C compiler ABI info
[20.783s] -- Detecting C compiler ABI info - done
[20.860s] -- Check for working C compiler: /usr/bin/cc - skipped
[20.862s] -- Detecting C compile features
[20.865s] -- Detecting C compile features - done
[21.043s] -- Detecting CXX compiler ABI info
[29.531s] -- Detecting CXX compiler ABI info - done
[29.610s] -- Check for working CXX compiler: /usr/bin/c++ - skipped
[29.614s] -- Detecting CXX compile features
[29.617s] -- Detecting CXX compile features - done
[30.730s] -- Found ament_cmake: 1.3.3 (/opt/ros/humble/share/ament_cmake/cmake)
[47.715s] -- Found Python3: /usr/bin/python3.10 (found version "3.10.6") found components: Interpreter 
[58.639s] -- Found builtin_interfaces: 1.2.1 (/mnt/d/prueba/TFG-ROS2/ros2_client_node/install/builtin_interfaces/share/builtin_interfaces/cmake)
[67.234s] -- Found rosidl_generator_c: 3.1.4 (/opt/ros/humble/share/rosidl_generator_c/cmake)
[70.238s] -- Found rosidl_adapter: 3.1.4 (/opt/ros/humble/share/rosidl_adapter/cmake)
[72.277s] -- Found rosidl_generator_cpp: 3.1.4 (/opt/ros/humble/share/rosidl_generator_cpp/cmake)
[74.463s] -- Using all available rosidl_typesupport_c: rosidl_typesupport_microxrcedds_c;rosidl_typesupport_fastrtps_c;rosidl_typesupport_introspection_c
[79.986s] -- Using all available rosidl_typesupport_cpp: rosidl_typesupport_microxrcedds_cpp;rosidl_typesupport_fastrtps_cpp;rosidl_typesupport_introspection_cpp
[83.975s] -- Found rosidl_default_generators: 1.2.0 (/opt/ros/humble/share/rosidl_default_generators/cmake)
[85.197s] -- Found std_msgs: 4.2.3 (/mnt/d/prueba/TFG-ROS2/ros2_client_node/install/std_msgs/share/std_msgs/cmake)
[101.174s] -- Found ament_cmake_ros: 0.10.0 (/opt/ros/humble/share/ament_cmake_ros/cmake)
[128.795s] -- Using all available rosidl_typesupport_c: rosidl_typesupport_microxrcedds_c;rosidl_typesupport_fastrtps_c;rosidl_typesupport_introspection_c
[141.928s] -- Using all available rosidl_typesupport_cpp: rosidl_typesupport_microxrcedds_cpp;rosidl_typesupport_fastrtps_cpp;rosidl_typesupport_introspection_cpp
[143.523s] -- Found PythonInterp: /usr/bin/python3 (found suitable version "3.10.6", minimum required is "3.6") 
[144.340s] -- Found python_cmake_module: 0.10.0 (/opt/ros/humble/share/python_cmake_module/cmake)
[146.443s] -- Found PythonLibs: /usr/lib/x86_64-linux-gnu/libpython3.10.so (found suitable version "3.10.6", minimum required is "3.5") 
[146.447s] -- Using PYTHON_EXECUTABLE: /usr/bin/python3
[146.450s] -- Using PYTHON_INCLUDE_DIRS: /usr/include/python3.10
[146.454s] -- Using PYTHON_LIBRARIES: /usr/lib/x86_64-linux-gnu/libpython3.10.so
[148.239s] -- Found PythonExtra: .so  
[154.097s] -- Configuring done
[164.715s] -- Generating done
[165.594s] -- Build files have been written to: /mnt/d/prueba/TFG-ROS2/ros2_client_node/build/actionlib_msgs
[165.603s] Invoked command in '/mnt/d/prueba/TFG-ROS2/ros2_client_node/build/actionlib_msgs' returned '0': AMENT_PREFIX_PATH=/mnt/d/prueba/TFG-ROS2/ros2_client_node/install/std_msgs:/mnt/d/prueba/TFG-ROS2/ros2_client_node/install/builtin_interfaces:${AMENT_PREFIX_PATH} CMAKE_PREFIX_PATH=/mnt/d/prueba/TFG-ROS2/ros2_client_node/install/std_msgs:/mnt/d/prueba/TFG-ROS2/ros2_client_node/install/builtin_interfaces:/mnt/d/prueba/TFG-ROS2/ros2_client_node/install/rosidl_typesupport_microxrcedds_cpp:/mnt/d/prueba/TFG-ROS2/ros2_client_node/install/rosidl_typesupport_microxrcedds_c:/mnt/d/prueba/TFG-ROS2/ros2_client_node/install/microcdr:/mnt/d/prueba/TFG-ROS2/ros2_client_node/install/micro_ros_setup:/mnt/d/prueba/TFG-ROS2/ros2_agent_node/install/micro_ros_agent:/mnt/d/prueba/TFG-ROS2/ros2_agent_node/install/micro_ros_msgs:/mnt/d/prueba/TFG-ROS2/ros2_agent_node/install/micro_ros_setup:/opt/ros/humble LD_LIBRARY_PATH=/mnt/d/prueba/TFG-ROS2/ros2_client_node/install/std_msgs/lib:/mnt/d/prueba/TFG-ROS2/ros2_client_node/install/builtin_interfaces/lib:${LD_LIBRARY_PATH} PYTHONPATH=/mnt/d/prueba/TFG-ROS2/ros2_client_node/install/std_msgs/local/lib/python3.10/dist-packages:/mnt/d/prueba/TFG-ROS2/ros2_client_node/install/builtin_interfaces/local/lib/python3.10/dist-packages:${PYTHONPATH} /usr/bin/cmake /mnt/d/prueba/TFG-ROS2/ros2_client_node/src/ros2/common_interfaces/actionlib_msgs -DBUILD_TESTING=OFF -DBUILD_SHARED_LIBS=ON -DCMAKE_INSTALL_PREFIX=/mnt/d/prueba/TFG-ROS2/ros2_client_node/install/actionlib_msgs
[165.626s] Invoking command in '/mnt/d/prueba/TFG-ROS2/ros2_client_node/build/actionlib_msgs': AMENT_PREFIX_PATH=/mnt/d/prueba/TFG-ROS2/ros2_client_node/install/std_msgs:/mnt/d/prueba/TFG-ROS2/ros2_client_node/install/builtin_interfaces:${AMENT_PREFIX_PATH} CMAKE_PREFIX_PATH=/mnt/d/prueba/TFG-ROS2/ros2_client_node/install/std_msgs:/mnt/d/prueba/TFG-ROS2/ros2_client_node/install/builtin_interfaces:/mnt/d/prueba/TFG-ROS2/ros2_client_node/install/rosidl_typesupport_microxrcedds_cpp:/mnt/d/prueba/TFG-ROS2/ros2_client_node/install/rosidl_typesupport_microxrcedds_c:/mnt/d/prueba/TFG-ROS2/ros2_client_node/install/microcdr:/mnt/d/prueba/TFG-ROS2/ros2_client_node/install/micro_ros_setup:/mnt/d/prueba/TFG-ROS2/ros2_agent_node/install/micro_ros_agent:/mnt/d/prueba/TFG-ROS2/ros2_agent_node/install/micro_ros_msgs:/mnt/d/prueba/TFG-ROS2/ros2_agent_node/install/micro_ros_setup:/opt/ros/humble LD_LIBRARY_PATH=/mnt/d/prueba/TFG-ROS2/ros2_client_node/install/std_msgs/lib:/mnt/d/prueba/TFG-ROS2/ros2_client_node/install/builtin_interfaces/lib:${LD_LIBRARY_PATH} PYTHONPATH=/mnt/d/prueba/TFG-ROS2/ros2_client_node/install/std_msgs/local/lib/python3.10/dist-packages:/mnt/d/prueba/TFG-ROS2/ros2_client_node/install/builtin_interfaces/local/lib/python3.10/dist-packages:${PYTHONPATH} /usr/bin/cmake --build /mnt/d/prueba/TFG-ROS2/ros2_client_node/build/actionlib_msgs -- -j12 -l12
[174.720s] [  1%] [34m[1mGenerating C code for ROS interfaces[0m
[176.453s] [  3%] [34m[1mGenerating C++ code for ROS interfaces[0m
[187.297s] [  3%] Built target actionlib_msgs__cpp
[190.220s] [  5%] [32mBuilding C object CMakeFiles/actionlib_msgs__rosidl_generator_c.dir/rosidl_generator_c/actionlib_msgs/msg/detail/goal_id__functions.c.o[0m
[190.382s] [  6%] [32mBuilding C object CMakeFiles/actionlib_msgs__rosidl_generator_c.dir/rosidl_generator_c/actionlib_msgs/msg/detail/goal_status__functions.c.o[0m
[190.442s] [  8%] [32mBuilding C object CMakeFiles/actionlib_msgs__rosidl_generator_c.dir/rosidl_generator_c/actionlib_msgs/msg/detail/goal_status_array__functions.c.o[0m
[192.231s] [  8%] Built target ament_cmake_python_copy_actionlib_msgs
[194.532s] [ 10%] [34m[1mGenerating C++ type support dispatch for ROS interfaces[0m
[194.590s] [ 11%] [34m[1mGenerating C++ introspection for ROS interfaces[0m
[196.325s] [ 13%] [32m[1mLinking C shared library libactionlib_msgs__rosidl_generator_c.so[0m
[202.208s] [ 13%] Built target actionlib_msgs__rosidl_generator_c
[205.844s] [ 15%] [32mBuilding CXX object CMakeFiles/actionlib_msgs__rosidl_typesupport_cpp.dir/rosidl_typesupport_cpp/actionlib_msgs/msg/goal_id__type_support.cpp.o[0m
[208.775s] [ 16%] [32mBuilding CXX object CMakeFiles/actionlib_msgs__rosidl_typesupport_introspection_cpp.dir/rosidl_typesupport_introspection_cpp/actionlib_msgs/msg/detail/goal_id__type_support.cpp.o[0m
[211.590s] running egg_info
[211.594s] creating actionlib_msgs.egg-info
[211.598s] writing actionlib_msgs.egg-info/PKG-INFO
[211.607s] writing dependency_links to actionlib_msgs.egg-info/dependency_links.txt
[211.623s] writing top-level names to actionlib_msgs.egg-info/top_level.txt
[211.632s] writing manifest file 'actionlib_msgs.egg-info/SOURCES.txt'
[211.667s] reading manifest file 'actionlib_msgs.egg-info/SOURCES.txt'
[211.721s] writing manifest file 'actionlib_msgs.egg-info/SOURCES.txt'
[212.937s] [ 16%] Built target ament_cmake_python_build_actionlib_msgs_egg
[213.624s] [ 18%] [32mBuilding CXX object CMakeFiles/actionlib_msgs__rosidl_typesupport_cpp.dir/rosidl_typesupport_cpp/actionlib_msgs/msg/goal_status_array__type_support.cpp.o[0m
[216.903s] [ 20%] [32mBuilding CXX object CMakeFiles/actionlib_msgs__rosidl_typesupport_introspection_cpp.dir/rosidl_typesupport_introspection_cpp/actionlib_msgs/msg/detail/goal_status_array__type_support.cpp.o[0m
[217.059s] [ 22%] [32mBuilding CXX object CMakeFiles/actionlib_msgs__rosidl_typesupport_introspection_cpp.dir/rosidl_typesupport_introspection_cpp/actionlib_msgs/msg/detail/goal_status__type_support.cpp.o[0m
[221.801s] [ 23%] [32mBuilding CXX object CMakeFiles/actionlib_msgs__rosidl_typesupport_cpp.dir/rosidl_typesupport_cpp/actionlib_msgs/msg/goal_status__type_support.cpp.o[0m
[224.274s] [ 25%] [32m[1mLinking CXX shared library libactionlib_msgs__rosidl_typesupport_introspection_cpp.so[0m
[228.445s] [ 25%] Built target actionlib_msgs__rosidl_typesupport_introspection_cpp
[230.241s] [ 27%] [32m[1mLinking CXX shared library libactionlib_msgs__rosidl_typesupport_cpp.so[0m
[232.859s] [ 27%] Built target actionlib_msgs__rosidl_typesupport_cpp
[234.196s] [ 28%] [34m[1mGenerating C type support for eProsima Fast-RTPS[0m
[244.223s] [ 30%] [32mBuilding CXX object CMakeFiles/actionlib_msgs__rosidl_typesupport_fastrtps_c.dir/rosidl_typesupport_fastrtps_c/actionlib_msgs/msg/detail/goal_id__type_support_c.cpp.o[0m
[244.242s] [ 32%] [32mBuilding CXX object CMakeFiles/actionlib_msgs__rosidl_typesupport_fastrtps_c.dir/rosidl_typesupport_fastrtps_c/actionlib_msgs/msg/detail/goal_status__type_support_c.cpp.o[0m
[250.771s] [ 33%] [32mBuilding CXX object CMakeFiles/actionlib_msgs__rosidl_typesupport_fastrtps_c.dir/rosidl_typesupport_fastrtps_c/actionlib_msgs/msg/detail/goal_status_array__type_support_c.cpp.o[0m
[258.613s] [ 35%] [32m[1mLinking CXX shared library libactionlib_msgs__rosidl_typesupport_fastrtps_c.so[0m
[262.553s] [ 35%] Built target actionlib_msgs__rosidl_typesupport_fastrtps_c
[264.135s] [ 37%] [34m[1mGenerating C type support for eProsima Micro XRCE-DDS[0m
[264.157s] [ 38%] [34m[1mGenerating C type support dispatch for ROS interfaces[0m
[264.170s] [ 40%] [34m[1mGenerating C introspection for ROS interfaces[0m
[272.666s] [ 42%] [32mBuilding CXX object CMakeFiles/actionlib_msgs__rosidl_typesupport_c.dir/rosidl_typesupport_c/actionlib_msgs/msg/goal_id__type_support.cpp.o[0m
[272.709s] [ 44%] [32mBuilding CXX object CMakeFiles/actionlib_msgs__rosidl_typesupport_c.dir/rosidl_typesupport_c/actionlib_msgs/msg/goal_status__type_support.cpp.o[0m
[275.091s] [ 45%] [32mBuilding C object CMakeFiles/actionlib_msgs__rosidl_typesupport_microxrcedds_c.dir/rosidl_typesupport_microxrcedds_c/actionlib_msgs/msg/detail/microxrcedds/goal_id__type_support_c.c.o[0m
[275.182s] [ 47%] [32mBuilding C object CMakeFiles/actionlib_msgs__rosidl_typesupport_introspection_c.dir/rosidl_typesupport_introspection_c/actionlib_msgs/msg/detail/goal_id__type_support.c.o[0m
[276.462s] [ 49%] [32mBuilding CXX object CMakeFiles/actionlib_msgs__rosidl_typesupport_c.dir/rosidl_typesupport_c/actionlib_msgs/msg/goal_status_array__type_support.cpp.o[0m
[279.172s] [ 50%] [32mBuilding C object CMakeFiles/actionlib_msgs__rosidl_typesupport_introspection_c.dir/rosidl_typesupport_introspection_c/actionlib_msgs/msg/detail/goal_status_array__type_support.c.o[0m
[279.545s] [ 52%] [32m[1mLinking CXX shared library libactionlib_msgs__rosidl_typesupport_c.so[0m
[279.848s] [ 54%] [32mBuilding C object CMakeFiles/actionlib_msgs__rosidl_typesupport_microxrcedds_c.dir/rosidl_typesupport_microxrcedds_c/actionlib_msgs/msg/detail/microxrcedds/goal_status_array__type_support_c.c.o[0m
[279.898s] [ 55%] [32mBuilding C object CMakeFiles/actionlib_msgs__rosidl_typesupport_microxrcedds_c.dir/rosidl_typesupport_microxrcedds_c/actionlib_msgs/msg/detail/microxrcedds/goal_status__type_support_c.c.o[0m
[283.322s] [ 55%] Built target actionlib_msgs__rosidl_typesupport_c
[284.156s] [ 57%] [32mBuilding C object CMakeFiles/actionlib_msgs__rosidl_typesupport_introspection_c.dir/rosidl_typesupport_introspection_c/actionlib_msgs/msg/detail/goal_status__type_support.c.o[0m
[285.668s] [ 59%] [32m[1mLinking C shared library libactionlib_msgs__rosidl_typesupport_microxrcedds_c.so[0m
[287.980s] [ 61%] [32m[1mLinking C shared library libactionlib_msgs__rosidl_typesupport_introspection_c.so[0m
[289.423s] [ 61%] Built target actionlib_msgs__rosidl_typesupport_microxrcedds_c
[291.131s] [ 62%] [34m[1mGenerating C++ type support for eProsima Micro XRCE-DDS[0m
[291.187s] [ 62%] Built target actionlib_msgs__rosidl_typesupport_introspection_c
[291.364s] [ 64%] [34m[1mGenerating C++ type support for eProsima Fast-RTPS[0m
[303.844s] [ 66%] [32mBuilding CXX object CMakeFiles/actionlib_msgs__rosidl_typesupport_microxrcedds_cpp.dir/rosidl_typesupport_microxrcedds_cpp/actionlib_msgs/msg/detail/microxrcedds/goal_id__type_support_cpp.cpp.o[0m
[303.889s] [ 67%] [32mBuilding CXX object CMakeFiles/actionlib_msgs__rosidl_typesupport_fastrtps_cpp.dir/rosidl_typesupport_fastrtps_cpp/actionlib_msgs/msg/detail/dds_fastrtps/goal_id__type_support.cpp.o[0m
[311.532s] [ 69%] [32mBuilding CXX object CMakeFiles/actionlib_msgs__rosidl_typesupport_fastrtps_cpp.dir/rosidl_typesupport_fastrtps_cpp/actionlib_msgs/msg/detail/dds_fastrtps/goal_status_array__type_support.cpp.o[0m
[311.603s] [ 71%] [32mBuilding CXX object CMakeFiles/actionlib_msgs__rosidl_typesupport_fastrtps_cpp.dir/rosidl_typesupport_fastrtps_cpp/actionlib_msgs/msg/detail/dds_fastrtps/goal_status__type_support.cpp.o[0m
[315.333s] [ 72%] [32mBuilding CXX object CMakeFiles/actionlib_msgs__rosidl_typesupport_microxrcedds_cpp.dir/rosidl_typesupport_microxrcedds_cpp/actionlib_msgs/msg/detail/microxrcedds/goal_status_array__type_support_cpp.cpp.o[0m
[318.030s] [ 74%] [32m[1mLinking CXX shared library libactionlib_msgs__rosidl_typesupport_fastrtps_cpp.so[0m
[321.499s] [ 74%] Built target actionlib_msgs__rosidl_typesupport_fastrtps_cpp
[326.437s] [ 76%] [32mBuilding CXX object CMakeFiles/actionlib_msgs__rosidl_typesupport_microxrcedds_cpp.dir/rosidl_typesupport_microxrcedds_cpp/actionlib_msgs/msg/detail/microxrcedds/goal_status__type_support_cpp.cpp.o[0m
[338.677s] [ 77%] [32m[1mLinking CXX shared library libactionlib_msgs__rosidl_typesupport_microxrcedds_cpp.so[0m
[344.214s] [ 77%] Built target actionlib_msgs__rosidl_typesupport_microxrcedds_cpp
[348.170s] [ 77%] Built target actionlib_msgs
[351.935s] [ 79%] [34m[1mGenerating Python code for ROS interfaces[0m
[371.038s] [ 79%] Built target actionlib_msgs__py
[374.481s] [ 81%] [32mBuilding C object CMakeFiles/actionlib_msgs__rosidl_generator_py.dir/rosidl_generator_py/actionlib_msgs/msg/_goal_status_s.c.o[0m
[374.638s] [ 83%] [32mBuilding C object CMakeFiles/actionlib_msgs__rosidl_generator_py.dir/rosidl_generator_py/actionlib_msgs/msg/_goal_id_s.c.o[0m
[374.727s] [ 84%] [32mBuilding C object CMakeFiles/actionlib_msgs__rosidl_generator_py.dir/rosidl_generator_py/actionlib_msgs/msg/_goal_status_array_s.c.o[0m
[379.335s] [ 86%] [32m[1mLinking C shared library rosidl_generator_py/actionlib_msgs/libactionlib_msgs__rosidl_generator_py.so[0m
[382.796s] [ 86%] Built target actionlib_msgs__rosidl_generator_py
[385.802s] [ 88%] [32mBuilding C object CMakeFiles/actionlib_msgs__rosidl_typesupport_microxrcedds_c__pyext.dir/rosidl_generator_py/actionlib_msgs/_actionlib_msgs_s.ep.rosidl_typesupport_microxrcedds_c.c.o[0m
[385.851s] [ 89%] [32mBuilding C object CMakeFiles/actionlib_msgs__rosidl_typesupport_fastrtps_c__pyext.dir/rosidl_generator_py/actionlib_msgs/_actionlib_msgs_s.ep.rosidl_typesupport_fastrtps_c.c.o[0m
[392.242s] [ 91%] [32m[1mLinking C shared library rosidl_generator_py/actionlib_msgs/actionlib_msgs_s__rosidl_typesupport_fastrtps_c.cpython-310-x86_64-linux-gnu.so[0m
[394.397s] [ 93%] [32m[1mLinking C shared library rosidl_generator_py/actionlib_msgs/actionlib_msgs_s__rosidl_typesupport_microxrcedds_c.cpython-310-x86_64-linux-gnu.so[0m
[397.408s] [ 93%] Built target actionlib_msgs__rosidl_typesupport_fastrtps_c__pyext
[399.587s] [ 93%] Built target actionlib_msgs__rosidl_typesupport_microxrcedds_c__pyext
[401.263s] [ 94%] [32mBuilding C object CMakeFiles/actionlib_msgs__rosidl_typesupport_c__pyext.dir/rosidl_generator_py/actionlib_msgs/_actionlib_msgs_s.ep.rosidl_typesupport_c.c.o[0m
[407.180s] [ 96%] [32m[1mLinking C shared library rosidl_generator_py/actionlib_msgs/actionlib_msgs_s__rosidl_typesupport_c.cpython-310-x86_64-linux-gnu.so[0m
[412.326s] [ 96%] Built target actionlib_msgs__rosidl_typesupport_c__pyext
[415.993s] [ 98%] [32mBuilding C object CMakeFiles/actionlib_msgs__rosidl_typesupport_introspection_c__pyext.dir/rosidl_generator_py/actionlib_msgs/_actionlib_msgs_s.ep.rosidl_typesupport_introspection_c.c.o[0m
[421.699s] [100%] [32m[1mLinking C shared library rosidl_generator_py/actionlib_msgs/actionlib_msgs_s__rosidl_typesupport_introspection_c.cpython-310-x86_64-linux-gnu.so[0m
[426.317s] [100%] Built target actionlib_msgs__rosidl_typesupport_introspection_c__pyext
[427.959s] Invoked command in '/mnt/d/prueba/TFG-ROS2/ros2_client_node/build/actionlib_msgs' returned '0': AMENT_PREFIX_PATH=/mnt/d/prueba/TFG-ROS2/ros2_client_node/install/std_msgs:/mnt/d/prueba/TFG-ROS2/ros2_client_node/install/builtin_interfaces:${AMENT_PREFIX_PATH} CMAKE_PREFIX_PATH=/mnt/d/prueba/TFG-ROS2/ros2_client_node/install/std_msgs:/mnt/d/prueba/TFG-ROS2/ros2_client_node/install/builtin_interfaces:/mnt/d/prueba/TFG-ROS2/ros2_client_node/install/rosidl_typesupport_microxrcedds_cpp:/mnt/d/prueba/TFG-ROS2/ros2_client_node/install/rosidl_typesupport_microxrcedds_c:/mnt/d/prueba/TFG-ROS2/ros2_client_node/install/microcdr:/mnt/d/prueba/TFG-ROS2/ros2_client_node/install/micro_ros_setup:/mnt/d/prueba/TFG-ROS2/ros2_agent_node/install/micro_ros_agent:/mnt/d/prueba/TFG-ROS2/ros2_agent_node/install/micro_ros_msgs:/mnt/d/prueba/TFG-ROS2/ros2_agent_node/install/micro_ros_setup:/opt/ros/humble LD_LIBRARY_PATH=/mnt/d/prueba/TFG-ROS2/ros2_client_node/install/std_msgs/lib:/mnt/d/prueba/TFG-ROS2/ros2_client_node/install/builtin_interfaces/lib:${LD_LIBRARY_PATH} PYTHONPATH=/mnt/d/prueba/TFG-ROS2/ros2_client_node/install/std_msgs/local/lib/python3.10/dist-packages:/mnt/d/prueba/TFG-ROS2/ros2_client_node/install/builtin_interfaces/local/lib/python3.10/dist-packages:${PYTHONPATH} /usr/bin/cmake --build /mnt/d/prueba/TFG-ROS2/ros2_client_node/build/actionlib_msgs -- -j12 -l12
[461.657s] Invoking command in '/mnt/d/prueba/TFG-ROS2/ros2_client_node/build/actionlib_msgs': AMENT_PREFIX_PATH=/mnt/d/prueba/TFG-ROS2/ros2_client_node/install/std_msgs:/mnt/d/prueba/TFG-ROS2/ros2_client_node/install/builtin_interfaces:${AMENT_PREFIX_PATH} CMAKE_PREFIX_PATH=/mnt/d/prueba/TFG-ROS2/ros2_client_node/install/std_msgs:/mnt/d/prueba/TFG-ROS2/ros2_client_node/install/builtin_interfaces:/mnt/d/prueba/TFG-ROS2/ros2_client_node/install/rosidl_typesupport_microxrcedds_cpp:/mnt/d/prueba/TFG-ROS2/ros2_client_node/install/rosidl_typesupport_microxrcedds_c:/mnt/d/prueba/TFG-ROS2/ros2_client_node/install/microcdr:/mnt/d/prueba/TFG-ROS2/ros2_client_node/install/micro_ros_setup:/mnt/d/prueba/TFG-ROS2/ros2_agent_node/install/micro_ros_agent:/mnt/d/prueba/TFG-ROS2/ros2_agent_node/install/micro_ros_msgs:/mnt/d/prueba/TFG-ROS2/ros2_agent_node/install/micro_ros_setup:/opt/ros/humble LD_LIBRARY_PATH=/mnt/d/prueba/TFG-ROS2/ros2_client_node/install/std_msgs/lib:/mnt/d/prueba/TFG-ROS2/ros2_client_node/install/builtin_interfaces/lib:${LD_LIBRARY_PATH} PYTHONPATH=/mnt/d/prueba/TFG-ROS2/ros2_client_node/install/std_msgs/local/lib/python3.10/dist-packages:/mnt/d/prueba/TFG-ROS2/ros2_client_node/install/builtin_interfaces/local/lib/python3.10/dist-packages:${PYTHONPATH} /usr/bin/cmake --install /mnt/d/prueba/TFG-ROS2/ros2_client_node/build/actionlib_msgs
[462.910s] -- Install configuration: ""
[463.021s] -- Installing: /mnt/d/prueba/TFG-ROS2/ros2_client_node/install/actionlib_msgs/share/ament_index/resource_index/rosidl_interfaces/actionlib_msgs
[463.266s] -- Installing: /mnt/d/prueba/TFG-ROS2/ros2_client_node/install/actionlib_msgs/include/actionlib_msgs/actionlib_msgs
[463.336s] -- Installing: /mnt/d/prueba/TFG-ROS2/ros2_client_node/install/actionlib_msgs/include/actionlib_msgs/actionlib_msgs/msg
[463.427s] -- Installing: /mnt/d/prueba/TFG-ROS2/ros2_client_node/install/actionlib_msgs/include/actionlib_msgs/actionlib_msgs/msg/detail
[463.551s] -- Installing: /mnt/d/prueba/TFG-ROS2/ros2_client_node/install/actionlib_msgs/include/actionlib_msgs/actionlib_msgs/msg/detail/goal_id__functions.c
[463.848s] -- Installing: /mnt/d/prueba/TFG-ROS2/ros2_client_node/install/actionlib_msgs/include/actionlib_msgs/actionlib_msgs/msg/detail/goal_id__functions.h
[464.159s] -- Installing: /mnt/d/prueba/TFG-ROS2/ros2_client_node/install/actionlib_msgs/include/actionlib_msgs/actionlib_msgs/msg/detail/goal_id__struct.h
[464.478s] -- Installing: /mnt/d/prueba/TFG-ROS2/ros2_client_node/install/actionlib_msgs/include/actionlib_msgs/actionlib_msgs/msg/detail/goal_id__type_support.h
[464.808s] -- Installing: /mnt/d/prueba/TFG-ROS2/ros2_client_node/install/actionlib_msgs/include/actionlib_msgs/actionlib_msgs/msg/detail/goal_status_array__functions.c
[465.097s] -- Installing: /mnt/d/prueba/TFG-ROS2/ros2_client_node/install/actionlib_msgs/include/actionlib_msgs/actionlib_msgs/msg/detail/goal_status_array__functions.h
[465.410s] -- Installing: /mnt/d/prueba/TFG-ROS2/ros2_client_node/install/actionlib_msgs/include/actionlib_msgs/actionlib_msgs/msg/detail/goal_status_array__struct.h
[465.720s] -- Installing: /mnt/d/prueba/TFG-ROS2/ros2_client_node/install/actionlib_msgs/include/actionlib_msgs/actionlib_msgs/msg/detail/goal_status_array__type_support.h
[466.024s] -- Installing: /mnt/d/prueba/TFG-ROS2/ros2_client_node/install/actionlib_msgs/include/actionlib_msgs/actionlib_msgs/msg/detail/goal_status__functions.c
[466.324s] -- Installing: /mnt/d/prueba/TFG-ROS2/ros2_client_node/install/actionlib_msgs/include/actionlib_msgs/actionlib_msgs/msg/detail/goal_status__functions.h
[466.604s] -- Installing: /mnt/d/prueba/TFG-ROS2/ros2_client_node/install/actionlib_msgs/include/actionlib_msgs/actionlib_msgs/msg/detail/goal_status__struct.h
[466.889s] -- Installing: /mnt/d/prueba/TFG-ROS2/ros2_client_node/install/actionlib_msgs/include/actionlib_msgs/actionlib_msgs/msg/detail/goal_status__type_support.h
[467.187s] -- Installing: /mnt/d/prueba/TFG-ROS2/ros2_client_node/install/actionlib_msgs/include/actionlib_msgs/actionlib_msgs/msg/goal_id.h
[467.420s] -- Installing: /mnt/d/prueba/TFG-ROS2/ros2_client_node/install/actionlib_msgs/include/actionlib_msgs/actionlib_msgs/msg/goal_status.h
[467.688s] -- Installing: /mnt/d/prueba/TFG-ROS2/ros2_client_node/install/actionlib_msgs/include/actionlib_msgs/actionlib_msgs/msg/goal_status_array.h
[467.958s] -- Installing: /mnt/d/prueba/TFG-ROS2/ros2_client_node/install/actionlib_msgs/include/actionlib_msgs/actionlib_msgs/msg/rosidl_generator_c__visibility_control.h
[468.196s] -- Installing: /mnt/d/prueba/TFG-ROS2/ros2_client_node/install/actionlib_msgs/share/actionlib_msgs/environment/library_path.sh
[468.380s] -- Installing: /mnt/d/prueba/TFG-ROS2/ros2_client_node/install/actionlib_msgs/share/actionlib_msgs/environment/library_path.dsv
[468.576s] -- Installing: /mnt/d/prueba/TFG-ROS2/ros2_client_node/install/actionlib_msgs/lib/libactionlib_msgs__rosidl_generator_c.so
[468.881s] -- Set runtime path of "/mnt/d/prueba/TFG-ROS2/ros2_client_node/install/actionlib_msgs/lib/libactionlib_msgs__rosidl_generator_c.so" to ""
[468.910s] -- Up-to-date: /mnt/d/prueba/TFG-ROS2/ros2_client_node/install/actionlib_msgs/include/actionlib_msgs/actionlib_msgs
[468.979s] -- Up-to-date: /mnt/d/prueba/TFG-ROS2/ros2_client_node/install/actionlib_msgs/include/actionlib_msgs/actionlib_msgs/msg
[469.066s] -- Up-to-date: /mnt/d/prueba/TFG-ROS2/ros2_client_node/install/actionlib_msgs/include/actionlib_msgs/actionlib_msgs/msg/detail
[469.183s] -- Installing: /mnt/d/prueba/TFG-ROS2/ros2_client_node/install/actionlib_msgs/include/actionlib_msgs/actionlib_msgs/msg/detail/goal_id__rosidl_typesupport_fastrtps_c.h
[469.501s] -- Installing: /mnt/d/prueba/TFG-ROS2/ros2_client_node/install/actionlib_msgs/include/actionlib_msgs/actionlib_msgs/msg/detail/goal_status_array__rosidl_typesupport_fastrtps_c.h
[469.814s] -- Installing: /mnt/d/prueba/TFG-ROS2/ros2_client_node/install/actionlib_msgs/include/actionlib_msgs/actionlib_msgs/msg/detail/goal_status__rosidl_typesupport_fastrtps_c.h
[470.142s] -- Installing: /mnt/d/prueba/TFG-ROS2/ros2_client_node/install/actionlib_msgs/include/actionlib_msgs/actionlib_msgs/msg/rosidl_typesupport_fastrtps_c__visibility_control.h
[470.400s] -- Installing: /mnt/d/prueba/TFG-ROS2/ros2_client_node/install/actionlib_msgs/lib/libactionlib_msgs__rosidl_typesupport_fastrtps_c.so
[470.672s] -- Set runtime path of "/mnt/d/prueba/TFG-ROS2/ros2_client_node/install/actionlib_msgs/lib/libactionlib_msgs__rosidl_typesupport_fastrtps_c.so" to ""
[470.703s] -- Up-to-date: /mnt/d/prueba/TFG-ROS2/ros2_client_node/install/actionlib_msgs/include/actionlib_msgs/actionlib_msgs
[470.767s] -- Up-to-date: /mnt/d/prueba/TFG-ROS2/ros2_client_node/install/actionlib_msgs/include/actionlib_msgs/actionlib_msgs/msg
[470.840s] -- Up-to-date: /mnt/d/prueba/TFG-ROS2/ros2_client_node/install/actionlib_msgs/include/actionlib_msgs/actionlib_msgs/msg/detail
[470.943s] -- Installing: /mnt/d/prueba/TFG-ROS2/ros2_client_node/install/actionlib_msgs/include/actionlib_msgs/actionlib_msgs/msg/detail/goal_id__builder.hpp
[471.286s] -- Installing: /mnt/d/prueba/TFG-ROS2/ros2_client_node/install/actionlib_msgs/include/actionlib_msgs/actionlib_msgs/msg/detail/goal_id__struct.hpp
[471.634s] -- Installing: /mnt/d/prueba/TFG-ROS2/ros2_client_node/install/actionlib_msgs/include/actionlib_msgs/actionlib_msgs/msg/detail/goal_id__traits.hpp
[471.972s] -- Installing: /mnt/d/prueba/TFG-ROS2/ros2_client_node/install/actionlib_msgs/include/actionlib_msgs/actionlib_msgs/msg/detail/goal_status_array__builder.hpp
[472.295s] -- Installing: /mnt/d/prueba/TFG-ROS2/ros2_client_node/install/actionlib_msgs/include/actionlib_msgs/actionlib_msgs/msg/detail/goal_status_array__struct.hpp
[472.615s] -- Installing: /mnt/d/prueba/TFG-ROS2/ros2_client_node/install/actionlib_msgs/include/actionlib_msgs/actionlib_msgs/msg/detail/goal_status_array__traits.hpp
[472.917s] -- Installing: /mnt/d/prueba/TFG-ROS2/ros2_client_node/install/actionlib_msgs/include/actionlib_msgs/actionlib_msgs/msg/detail/goal_status__builder.hpp
[473.222s] -- Installing: /mnt/d/prueba/TFG-ROS2/ros2_client_node/install/actionlib_msgs/include/actionlib_msgs/actionlib_msgs/msg/detail/goal_status__struct.hpp
[473.523s] -- Installing: /mnt/d/prueba/TFG-ROS2/ros2_client_node/install/actionlib_msgs/include/actionlib_msgs/actionlib_msgs/msg/detail/goal_status__traits.hpp
[473.849s] -- Installing: /mnt/d/prueba/TFG-ROS2/ros2_client_node/install/actionlib_msgs/include/actionlib_msgs/actionlib_msgs/msg/goal_id.hpp
[474.135s] -- Installing: /mnt/d/prueba/TFG-ROS2/ros2_client_node/install/actionlib_msgs/include/actionlib_msgs/actionlib_msgs/msg/goal_status.hpp
[474.420s] -- Installing: /mnt/d/prueba/TFG-ROS2/ros2_client_node/install/actionlib_msgs/include/actionlib_msgs/actionlib_msgs/msg/goal_status_array.hpp
[474.662s] -- Up-to-date: /mnt/d/prueba/TFG-ROS2/ros2_client_node/install/actionlib_msgs/include/actionlib_msgs/actionlib_msgs
[474.734s] -- Up-to-date: /mnt/d/prueba/TFG-ROS2/ros2_client_node/install/actionlib_msgs/include/actionlib_msgs/actionlib_msgs/msg
[474.823s] -- Up-to-date: /mnt/d/prueba/TFG-ROS2/ros2_client_node/install/actionlib_msgs/include/actionlib_msgs/actionlib_msgs/msg/detail
[474.924s] -- Installing: /mnt/d/prueba/TFG-ROS2/ros2_client_node/install/actionlib_msgs/include/actionlib_msgs/actionlib_msgs/msg/detail/dds_fastrtps
[475.067s] -- Installing: /mnt/d/prueba/TFG-ROS2/ros2_client_node/install/actionlib_msgs/include/actionlib_msgs/actionlib_msgs/msg/detail/goal_id__rosidl_typesupport_fastrtps_cpp.hpp
[475.365s] -- Installing: /mnt/d/prueba/TFG-ROS2/ros2_client_node/install/actionlib_msgs/include/actionlib_msgs/actionlib_msgs/msg/detail/goal_status_array__rosidl_typesupport_fastrtps_cpp.hpp
[475.689s] -- Installing: /mnt/d/prueba/TFG-ROS2/ros2_client_node/install/actionlib_msgs/include/actionlib_msgs/actionlib_msgs/msg/detail/goal_status__rosidl_typesupport_fastrtps_cpp.hpp
[475.993s] -- Installing: /mnt/d/prueba/TFG-ROS2/ros2_client_node/install/actionlib_msgs/include/actionlib_msgs/actionlib_msgs/msg/rosidl_typesupport_fastrtps_cpp__visibility_control.h
[476.218s] -- Installing: /mnt/d/prueba/TFG-ROS2/ros2_client_node/install/actionlib_msgs/lib/libactionlib_msgs__rosidl_typesupport_fastrtps_cpp.so
[476.558s] -- Set runtime path of "/mnt/d/prueba/TFG-ROS2/ros2_client_node/install/actionlib_msgs/lib/libactionlib_msgs__rosidl_typesupport_fastrtps_cpp.so" to ""
[476.599s] -- Up-to-date: /mnt/d/prueba/TFG-ROS2/ros2_client_node/install/actionlib_msgs/include/actionlib_msgs
[476.668s] -- Installing: /mnt/d/prueba/TFG-ROS2/ros2_client_node/install/actionlib_msgs/include/actionlib_msgs/msg
[476.781s] -- Installing: /mnt/d/prueba/TFG-ROS2/ros2_client_node/install/actionlib_msgs/include/actionlib_msgs/msg/detail
[476.927s] -- Installing: /mnt/d/prueba/TFG-ROS2/ros2_client_node/install/actionlib_msgs/include/actionlib_msgs/msg/detail/goal_id__rosidl_typesupport_microxrcedds_c.h
[477.286s] -- Installing: /mnt/d/prueba/TFG-ROS2/ros2_client_node/install/actionlib_msgs/include/actionlib_msgs/msg/detail/goal_status_array__rosidl_typesupport_microxrcedds_c.h
[477.652s] -- Installing: /mnt/d/prueba/TFG-ROS2/ros2_client_node/install/actionlib_msgs/include/actionlib_msgs/msg/detail/goal_status__rosidl_typesupport_microxrcedds_c.h
[477.987s] -- Installing: /mnt/d/prueba/TFG-ROS2/ros2_client_node/install/actionlib_msgs/include/actionlib_msgs/msg/detail/microxrcedds
[478.140s] -- Installing: /mnt/d/prueba/TFG-ROS2/ros2_client_node/install/actionlib_msgs/include/actionlib_msgs/msg/rosidl_typesupport_microxrcedds_c__visibility_control.h
[478.404s] -- Installing: /mnt/d/prueba/TFG-ROS2/ros2_client_node/install/actionlib_msgs/lib/libactionlib_msgs__rosidl_typesupport_microxrcedds_c.so
[478.746s] -- Set runtime path of "/mnt/d/prueba/TFG-ROS2/ros2_client_node/install/actionlib_msgs/lib/libactionlib_msgs__rosidl_typesupport_microxrcedds_c.so" to ""
[478.778s] -- Up-to-date: /mnt/d/prueba/TFG-ROS2/ros2_client_node/install/actionlib_msgs/include/actionlib_msgs/actionlib_msgs
[478.852s] -- Up-to-date: /mnt/d/prueba/TFG-ROS2/ros2_client_node/install/actionlib_msgs/include/actionlib_msgs/actionlib_msgs/msg
[478.942s] -- Up-to-date: /mnt/d/prueba/TFG-ROS2/ros2_client_node/install/actionlib_msgs/include/actionlib_msgs/actionlib_msgs/msg/detail
[479.057s] -- Installing: /mnt/d/prueba/TFG-ROS2/ros2_client_node/install/actionlib_msgs/include/actionlib_msgs/actionlib_msgs/msg/detail/goal_id__rosidl_typesupport_introspection_c.h
[479.390s] -- Installing: /mnt/d/prueba/TFG-ROS2/ros2_client_node/install/actionlib_msgs/include/actionlib_msgs/actionlib_msgs/msg/detail/goal_id__type_support.c
[479.717s] -- Installing: /mnt/d/prueba/TFG-ROS2/ros2_client_node/install/actionlib_msgs/include/actionlib_msgs/actionlib_msgs/msg/detail/goal_status_array__rosidl_typesupport_introspection_c.h
[480.012s] -- Installing: /mnt/d/prueba/TFG-ROS2/ros2_client_node/install/actionlib_msgs/include/actionlib_msgs/actionlib_msgs/msg/detail/goal_status_array__type_support.c
[480.297s] -- Installing: /mnt/d/prueba/TFG-ROS2/ros2_client_node/install/actionlib_msgs/include/actionlib_msgs/actionlib_msgs/msg/detail/goal_status__rosidl_typesupport_introspection_c.h
[480.565s] -- Installing: /mnt/d/prueba/TFG-ROS2/ros2_client_node/install/actionlib_msgs/include/actionlib_msgs/actionlib_msgs/msg/detail/goal_status__type_support.c
[480.814s] -- Installing: /mnt/d/prueba/TFG-ROS2/ros2_client_node/install/actionlib_msgs/include/actionlib_msgs/actionlib_msgs/msg/rosidl_typesupport_introspection_c__visibility_control.h
[481.003s] -- Installing: /mnt/d/prueba/TFG-ROS2/ros2_client_node/install/actionlib_msgs/lib/libactionlib_msgs__rosidl_typesupport_introspection_c.so
[481.234s] -- Set runtime path of "/mnt/d/prueba/TFG-ROS2/ros2_client_node/install/actionlib_msgs/lib/libactionlib_msgs__rosidl_typesupport_introspection_c.so" to ""
[481.271s] -- Installing: /mnt/d/prueba/TFG-ROS2/ros2_client_node/install/actionlib_msgs/lib/libactionlib_msgs__rosidl_typesupport_c.so
[481.544s] -- Set runtime path of "/mnt/d/prueba/TFG-ROS2/ros2_client_node/install/actionlib_msgs/lib/libactionlib_msgs__rosidl_typesupport_c.so" to ""
[481.570s] -- Up-to-date: /mnt/d/prueba/TFG-ROS2/ros2_client_node/install/actionlib_msgs/include/actionlib_msgs
[481.629s] -- Up-to-date: /mnt/d/prueba/TFG-ROS2/ros2_client_node/install/actionlib_msgs/include/actionlib_msgs/msg
[481.699s] -- Up-to-date: /mnt/d/prueba/TFG-ROS2/ros2_client_node/install/actionlib_msgs/include/actionlib_msgs/msg/detail
[481.794s] -- Installing: /mnt/d/prueba/TFG-ROS2/ros2_client_node/install/actionlib_msgs/include/actionlib_msgs/msg/detail/goal_id__rosidl_typesupport_microxrcedds_cpp.hpp
[482.039s] -- Installing: /mnt/d/prueba/TFG-ROS2/ros2_client_node/install/actionlib_msgs/include/actionlib_msgs/msg/detail/goal_status_array__rosidl_typesupport_microxrcedds_cpp.hpp
[482.256s] -- Installing: /mnt/d/prueba/TFG-ROS2/ros2_client_node/install/actionlib_msgs/include/actionlib_msgs/msg/detail/goal_status__rosidl_typesupport_microxrcedds_cpp.hpp
[482.479s] -- Up-to-date: /mnt/d/prueba/TFG-ROS2/ros2_client_node/install/actionlib_msgs/include/actionlib_msgs/msg/detail/microxrcedds
[482.583s] -- Installing: /mnt/d/prueba/TFG-ROS2/ros2_client_node/install/actionlib_msgs/include/actionlib_msgs/msg/detail/microxrcedds/goal_id__type_support_cpp.cpp
[482.867s] -- Installing: /mnt/d/prueba/TFG-ROS2/ros2_client_node/install/actionlib_msgs/include/actionlib_msgs/msg/detail/microxrcedds/goal_status_array__type_support_cpp.cpp
[483.130s] -- Installing: /mnt/d/prueba/TFG-ROS2/ros2_client_node/install/actionlib_msgs/include/actionlib_msgs/msg/detail/microxrcedds/goal_status__type_support_cpp.cpp
[483.357s] -- Installing: /mnt/d/prueba/TFG-ROS2/ros2_client_node/install/actionlib_msgs/include/actionlib_msgs/msg/rosidl_typesupport_microxrcedds_cpp__visibility_control.h
[483.510s] -- Installing: /mnt/d/prueba/TFG-ROS2/ros2_client_node/install/actionlib_msgs/lib/libactionlib_msgs__rosidl_typesupport_microxrcedds_cpp.so
[483.724s] -- Set runtime path of "/mnt/d/prueba/TFG-ROS2/ros2_client_node/install/actionlib_msgs/lib/libactionlib_msgs__rosidl_typesupport_microxrcedds_cpp.so" to ""
[483.747s] -- Up-to-date: /mnt/d/prueba/TFG-ROS2/ros2_client_node/install/actionlib_msgs/include/actionlib_msgs/actionlib_msgs
[483.800s] -- Up-to-date: /mnt/d/prueba/TFG-ROS2/ros2_client_node/install/actionlib_msgs/include/actionlib_msgs/actionlib_msgs/msg
[483.876s] -- Up-to-date: /mnt/d/prueba/TFG-ROS2/ros2_client_node/install/actionlib_msgs/include/actionlib_msgs/actionlib_msgs/msg/detail
[483.980s] -- Installing: /mnt/d/prueba/TFG-ROS2/ros2_client_node/install/actionlib_msgs/include/actionlib_msgs/actionlib_msgs/msg/detail/goal_id__rosidl_typesupport_introspection_cpp.hpp
[484.265s] -- Installing: /mnt/d/prueba/TFG-ROS2/ros2_client_node/install/actionlib_msgs/include/actionlib_msgs/actionlib_msgs/msg/detail/goal_id__type_support.cpp
[484.573s] -- Installing: /mnt/d/prueba/TFG-ROS2/ros2_client_node/install/actionlib_msgs/include/actionlib_msgs/actionlib_msgs/msg/detail/goal_status_array__rosidl_typesupport_introspection_cpp.hpp
[484.851s] -- Installing: /mnt/d/prueba/TFG-ROS2/ros2_client_node/install/actionlib_msgs/include/actionlib_msgs/actionlib_msgs/msg/detail/goal_status_array__type_support.cpp
[485.118s] -- Installing: /mnt/d/prueba/TFG-ROS2/ros2_client_node/install/actionlib_msgs/include/actionlib_msgs/actionlib_msgs/msg/detail/goal_status__rosidl_typesupport_introspection_cpp.hpp
[485.407s] -- Installing: /mnt/d/prueba/TFG-ROS2/ros2_client_node/install/actionlib_msgs/include/actionlib_msgs/actionlib_msgs/msg/detail/goal_status__type_support.cpp
[485.664s] -- Installing: /mnt/d/prueba/TFG-ROS2/ros2_client_node/install/actionlib_msgs/lib/libactionlib_msgs__rosidl_typesupport_introspection_cpp.so
[485.940s] -- Set runtime path of "/mnt/d/prueba/TFG-ROS2/ros2_client_node/install/actionlib_msgs/lib/libactionlib_msgs__rosidl_typesupport_introspection_cpp.so" to ""
[485.975s] -- Installing: /mnt/d/prueba/TFG-ROS2/ros2_client_node/install/actionlib_msgs/lib/libactionlib_msgs__rosidl_typesupport_cpp.so
[486.280s] -- Set runtime path of "/mnt/d/prueba/TFG-ROS2/ros2_client_node/install/actionlib_msgs/lib/libactionlib_msgs__rosidl_typesupport_cpp.so" to ""
[486.335s] -- Installing: /mnt/d/prueba/TFG-ROS2/ros2_client_node/install/actionlib_msgs/share/actionlib_msgs/environment/pythonpath.sh
[486.546s] -- Installing: /mnt/d/prueba/TFG-ROS2/ros2_client_node/install/actionlib_msgs/share/actionlib_msgs/environment/pythonpath.dsv
[486.741s] -- Installing: /mnt/d/prueba/TFG-ROS2/ros2_client_node/install/actionlib_msgs/local/lib/python3.10/dist-packages/actionlib_msgs-4.2.3-py3.10.egg-info
[486.879s] -- Installing: /mnt/d/prueba/TFG-ROS2/ros2_client_node/install/actionlib_msgs/local/lib/python3.10/dist-packages/actionlib_msgs-4.2.3-py3.10.egg-info/dependency_links.txt
[487.180s] -- Installing: /mnt/d/prueba/TFG-ROS2/ros2_client_node/install/actionlib_msgs/local/lib/python3.10/dist-packages/actionlib_msgs-4.2.3-py3.10.egg-info/PKG-INFO
[487.476s] -- Installing: /mnt/d/prueba/TFG-ROS2/ros2_client_node/install/actionlib_msgs/local/lib/python3.10/dist-packages/actionlib_msgs-4.2.3-py3.10.egg-info/SOURCES.txt
[487.767s] -- Installing: /mnt/d/prueba/TFG-ROS2/ros2_client_node/install/actionlib_msgs/local/lib/python3.10/dist-packages/actionlib_msgs-4.2.3-py3.10.egg-info/top_level.txt
[488.029s] -- Installing: /mnt/d/prueba/TFG-ROS2/ros2_client_node/install/actionlib_msgs/local/lib/python3.10/dist-packages/actionlib_msgs
[488.148s] -- Installing: /mnt/d/prueba/TFG-ROS2/ros2_client_node/install/actionlib_msgs/local/lib/python3.10/dist-packages/actionlib_msgs/actionlib_msgs_s__rosidl_typesupport_c.cpython-310-x86_64-linux-gnu.so
[488.432s] -- Installing: /mnt/d/prueba/TFG-ROS2/ros2_client_node/install/actionlib_msgs/local/lib/python3.10/dist-packages/actionlib_msgs/actionlib_msgs_s__rosidl_typesupport_fastrtps_c.cpython-310-x86_64-linux-gnu.so
[488.739s] -- Installing: /mnt/d/prueba/TFG-ROS2/ros2_client_node/install/actionlib_msgs/local/lib/python3.10/dist-packages/actionlib_msgs/actionlib_msgs_s__rosidl_typesupport_introspection_c.cpython-310-x86_64-linux-gnu.so
[489.016s] -- Installing: /mnt/d/prueba/TFG-ROS2/ros2_client_node/install/actionlib_msgs/local/lib/python3.10/dist-packages/actionlib_msgs/actionlib_msgs_s__rosidl_typesupport_microxrcedds_c.cpython-310-x86_64-linux-gnu.so
[489.308s] -- Installing: /mnt/d/prueba/TFG-ROS2/ros2_client_node/install/actionlib_msgs/local/lib/python3.10/dist-packages/actionlib_msgs/libactionlib_msgs__rosidl_generator_py.so
[489.571s] -- Installing: /mnt/d/prueba/TFG-ROS2/ros2_client_node/install/actionlib_msgs/local/lib/python3.10/dist-packages/actionlib_msgs/msg
[489.716s] -- Installing: /mnt/d/prueba/TFG-ROS2/ros2_client_node/install/actionlib_msgs/local/lib/python3.10/dist-packages/actionlib_msgs/msg/_goal_id.py
[490.024s] -- Installing: /mnt/d/prueba/TFG-ROS2/ros2_client_node/install/actionlib_msgs/local/lib/python3.10/dist-packages/actionlib_msgs/msg/_goal_id_s.c
[490.337s] -- Installing: /mnt/d/prueba/TFG-ROS2/ros2_client_node/install/actionlib_msgs/local/lib/python3.10/dist-packages/actionlib_msgs/msg/_goal_status.py
[490.614s] -- Installing: /mnt/d/prueba/TFG-ROS2/ros2_client_node/install/actionlib_msgs/local/lib/python3.10/dist-packages/actionlib_msgs/msg/_goal_status_array.py
[490.908s] -- Installing: /mnt/d/prueba/TFG-ROS2/ros2_client_node/install/actionlib_msgs/local/lib/python3.10/dist-packages/actionlib_msgs/msg/_goal_status_array_s.c
[491.217s] -- Installing: /mnt/d/prueba/TFG-ROS2/ros2_client_node/install/actionlib_msgs/local/lib/python3.10/dist-packages/actionlib_msgs/msg/_goal_status_s.c
[491.529s] -- Installing: /mnt/d/prueba/TFG-ROS2/ros2_client_node/install/actionlib_msgs/local/lib/python3.10/dist-packages/actionlib_msgs/msg/__init__.py
[491.847s] -- Installing: /mnt/d/prueba/TFG-ROS2/ros2_client_node/install/actionlib_msgs/local/lib/python3.10/dist-packages/actionlib_msgs/_actionlib_msgs_s.ep.rosidl_typesupport_c.c
[492.122s] -- Installing: /mnt/d/prueba/TFG-ROS2/ros2_client_node/install/actionlib_msgs/local/lib/python3.10/dist-packages/actionlib_msgs/_actionlib_msgs_s.ep.rosidl_typesupport_fastrtps_c.c
[492.363s] -- Installing: /mnt/d/prueba/TFG-ROS2/ros2_client_node/install/actionlib_msgs/local/lib/python3.10/dist-packages/actionlib_msgs/_actionlib_msgs_s.ep.rosidl_typesupport_introspection_c.c
[492.628s] -- Installing: /mnt/d/prueba/TFG-ROS2/ros2_client_node/install/actionlib_msgs/local/lib/python3.10/dist-packages/actionlib_msgs/_actionlib_msgs_s.ep.rosidl_typesupport_microxrcedds_c.c
[492.937s] -- Installing: /mnt/d/prueba/TFG-ROS2/ros2_client_node/install/actionlib_msgs/local/lib/python3.10/dist-packages/actionlib_msgs/__init__.py
[497.730s] Listing '/mnt/d/prueba/TFG-ROS2/ros2_client_node/install/actionlib_msgs/local/lib/python3.10/dist-packages/actionlib_msgs'...
[497.733s] Compiling '/mnt/d/prueba/TFG-ROS2/ros2_client_node/install/actionlib_msgs/local/lib/python3.10/dist-packages/actionlib_msgs/__init__.py'...
[497.735s] Listing '/mnt/d/prueba/TFG-ROS2/ros2_client_node/install/actionlib_msgs/local/lib/python3.10/dist-packages/actionlib_msgs/msg'...
[497.738s] Compiling '/mnt/d/prueba/TFG-ROS2/ros2_client_node/install/actionlib_msgs/local/lib/python3.10/dist-packages/actionlib_msgs/msg/__init__.py'...
[497.742s] Compiling '/mnt/d/prueba/TFG-ROS2/ros2_client_node/install/actionlib_msgs/local/lib/python3.10/dist-packages/actionlib_msgs/msg/_goal_id.py'...
[497.745s] Compiling '/mnt/d/prueba/TFG-ROS2/ros2_client_node/install/actionlib_msgs/local/lib/python3.10/dist-packages/actionlib_msgs/msg/_goal_status.py'...
[497.748s] Compiling '/mnt/d/prueba/TFG-ROS2/ros2_client_node/install/actionlib_msgs/local/lib/python3.10/dist-packages/actionlib_msgs/msg/_goal_status_array.py'...
[497.970s] -- Installing: /mnt/d/prueba/TFG-ROS2/ros2_client_node/install/actionlib_msgs/local/lib/python3.10/dist-packages/actionlib_msgs/actionlib_msgs_s__rosidl_typesupport_microxrcedds_c.cpython-310-x86_64-linux-gnu.so
[498.510s] -- Set runtime path of "/mnt/d/prueba/TFG-ROS2/ros2_client_node/install/actionlib_msgs/local/lib/python3.10/dist-packages/actionlib_msgs/actionlib_msgs_s__rosidl_typesupport_microxrcedds_c.cpython-310-x86_64-linux-gnu.so" to ""
[498.756s] -- Installing: /mnt/d/prueba/TFG-ROS2/ros2_client_node/install/actionlib_msgs/local/lib/python3.10/dist-packages/actionlib_msgs/actionlib_msgs_s__rosidl_typesupport_fastrtps_c.cpython-310-x86_64-linux-gnu.so
[499.197s] -- Set runtime path of "/mnt/d/prueba/TFG-ROS2/ros2_client_node/install/actionlib_msgs/local/lib/python3.10/dist-packages/actionlib_msgs/actionlib_msgs_s__rosidl_typesupport_fastrtps_c.cpython-310-x86_64-linux-gnu.so" to ""
[499.385s] -- Installing: /mnt/d/prueba/TFG-ROS2/ros2_client_node/install/actionlib_msgs/local/lib/python3.10/dist-packages/actionlib_msgs/actionlib_msgs_s__rosidl_typesupport_introspection_c.cpython-310-x86_64-linux-gnu.so
[499.831s] -- Set runtime path of "/mnt/d/prueba/TFG-ROS2/ros2_client_node/install/actionlib_msgs/local/lib/python3.10/dist-packages/actionlib_msgs/actionlib_msgs_s__rosidl_typesupport_introspection_c.cpython-310-x86_64-linux-gnu.so" to ""
[500.056s] -- Installing: /mnt/d/prueba/TFG-ROS2/ros2_client_node/install/actionlib_msgs/local/lib/python3.10/dist-packages/actionlib_msgs/actionlib_msgs_s__rosidl_typesupport_c.cpython-310-x86_64-linux-gnu.so
[500.572s] -- Set runtime path of "/mnt/d/prueba/TFG-ROS2/ros2_client_node/install/actionlib_msgs/local/lib/python3.10/dist-packages/actionlib_msgs/actionlib_msgs_s__rosidl_typesupport_c.cpython-310-x86_64-linux-gnu.so" to ""
[500.645s] -- Installing: /mnt/d/prueba/TFG-ROS2/ros2_client_node/install/actionlib_msgs/lib/libactionlib_msgs__rosidl_generator_py.so
[501.074s] -- Set runtime path of "/mnt/d/prueba/TFG-ROS2/ros2_client_node/install/actionlib_msgs/lib/libactionlib_msgs__rosidl_generator_py.so" to ""
[501.179s] -- Installing: /mnt/d/prueba/TFG-ROS2/ros2_client_node/install/actionlib_msgs/share/actionlib_msgs/msg/GoalID.idl
[501.451s] -- Installing: /mnt/d/prueba/TFG-ROS2/ros2_client_node/install/actionlib_msgs/share/actionlib_msgs/msg/GoalStatus.idl
[501.720s] -- Installing: /mnt/d/prueba/TFG-ROS2/ros2_client_node/install/actionlib_msgs/share/actionlib_msgs/msg/GoalStatusArray.idl
[501.977s] -- Installing: /mnt/d/prueba/TFG-ROS2/ros2_client_node/install/actionlib_msgs/share/actionlib_msgs/msg/GoalID.msg
[502.288s] -- Installing: /mnt/d/prueba/TFG-ROS2/ros2_client_node/install/actionlib_msgs/share/actionlib_msgs/msg/GoalStatus.msg
[502.598s] -- Installing: /mnt/d/prueba/TFG-ROS2/ros2_client_node/install/actionlib_msgs/share/actionlib_msgs/msg/GoalStatusArray.msg
[502.986s] -- Installing: /mnt/d/prueba/TFG-ROS2/ros2_client_node/install/actionlib_msgs/share/ament_index/resource_index/package_run_dependencies/actionlib_msgs
[503.377s] -- Installing: /mnt/d/prueba/TFG-ROS2/ros2_client_node/install/actionlib_msgs/share/ament_index/resource_index/parent_prefix_path/actionlib_msgs
[503.657s] -- Installing: /mnt/d/prueba/TFG-ROS2/ros2_client_node/install/actionlib_msgs/share/actionlib_msgs/environment/ament_prefix_path.sh
[503.824s] -- Installing: /mnt/d/prueba/TFG-ROS2/ros2_client_node/install/actionlib_msgs/share/actionlib_msgs/environment/ament_prefix_path.dsv
[503.999s] -- Installing: /mnt/d/prueba/TFG-ROS2/ros2_client_node/install/actionlib_msgs/share/actionlib_msgs/environment/path.sh
[504.164s] -- Installing: /mnt/d/prueba/TFG-ROS2/ros2_client_node/install/actionlib_msgs/share/actionlib_msgs/environment/path.dsv
[504.347s] -- Installing: /mnt/d/prueba/TFG-ROS2/ros2_client_node/install/actionlib_msgs/share/actionlib_msgs/local_setup.bash
[504.492s] -- Installing: /mnt/d/prueba/TFG-ROS2/ros2_client_node/install/actionlib_msgs/share/actionlib_msgs/local_setup.sh
[504.644s] -- Installing: /mnt/d/prueba/TFG-ROS2/ros2_client_node/install/actionlib_msgs/share/actionlib_msgs/local_setup.zsh
[504.797s] -- Installing: /mnt/d/prueba/TFG-ROS2/ros2_client_node/install/actionlib_msgs/share/actionlib_msgs/local_setup.dsv
[504.953s] -- Installing: /mnt/d/prueba/TFG-ROS2/ros2_client_node/install/actionlib_msgs/share/actionlib_msgs/package.dsv
[505.163s] -- Installing: /mnt/d/prueba/TFG-ROS2/ros2_client_node/install/actionlib_msgs/share/ament_index/resource_index/packages/actionlib_msgs
[505.416s] -- Installing: /mnt/d/prueba/TFG-ROS2/ros2_client_node/install/actionlib_msgs/share/actionlib_msgs/cmake/export_actionlib_msgs__rosidl_generator_cExport.cmake
[505.635s] -- Installing: /mnt/d/prueba/TFG-ROS2/ros2_client_node/install/actionlib_msgs/share/actionlib_msgs/cmake/export_actionlib_msgs__rosidl_generator_cExport-noconfig.cmake
[505.916s] -- Installing: /mnt/d/prueba/TFG-ROS2/ros2_client_node/install/actionlib_msgs/share/actionlib_msgs/cmake/export_actionlib_msgs__rosidl_typesupport_fastrtps_cExport.cmake
[506.176s] -- Installing: /mnt/d/prueba/TFG-ROS2/ros2_client_node/install/actionlib_msgs/share/actionlib_msgs/cmake/export_actionlib_msgs__rosidl_typesupport_fastrtps_cExport-noconfig.cmake
[506.431s] -- Installing: /mnt/d/prueba/TFG-ROS2/ros2_client_node/install/actionlib_msgs/share/actionlib_msgs/cmake/export_actionlib_msgs__rosidl_generator_cppExport.cmake
[506.686s] -- Installing: /mnt/d/prueba/TFG-ROS2/ros2_client_node/install/actionlib_msgs/share/actionlib_msgs/cmake/export_actionlib_msgs__rosidl_typesupport_fastrtps_cppExport.cmake
[506.947s] -- Installing: /mnt/d/prueba/TFG-ROS2/ros2_client_node/install/actionlib_msgs/share/actionlib_msgs/cmake/export_actionlib_msgs__rosidl_typesupport_fastrtps_cppExport-noconfig.cmake
[507.281s] -- Installing: /mnt/d/prueba/TFG-ROS2/ros2_client_node/install/actionlib_msgs/share/actionlib_msgs/cmake/actionlib_msgs__rosidl_typesupport_introspection_cExport.cmake
[507.571s] -- Installing: /mnt/d/prueba/TFG-ROS2/ros2_client_node/install/actionlib_msgs/share/actionlib_msgs/cmake/actionlib_msgs__rosidl_typesupport_introspection_cExport-noconfig.cmake
[507.904s] -- Installing: /mnt/d/prueba/TFG-ROS2/ros2_client_node/install/actionlib_msgs/share/actionlib_msgs/cmake/actionlib_msgs__rosidl_typesupport_cExport.cmake
[508.205s] -- Installing: /mnt/d/prueba/TFG-ROS2/ros2_client_node/install/actionlib_msgs/share/actionlib_msgs/cmake/actionlib_msgs__rosidl_typesupport_cExport-noconfig.cmake
[508.517s] -- Installing: /mnt/d/prueba/TFG-ROS2/ros2_client_node/install/actionlib_msgs/share/actionlib_msgs/cmake/actionlib_msgs__rosidl_typesupport_introspection_cppExport.cmake
[508.803s] -- Installing: /mnt/d/prueba/TFG-ROS2/ros2_client_node/install/actionlib_msgs/share/actionlib_msgs/cmake/actionlib_msgs__rosidl_typesupport_introspection_cppExport-noconfig.cmake
[509.086s] -- Installing: /mnt/d/prueba/TFG-ROS2/ros2_client_node/install/actionlib_msgs/share/actionlib_msgs/cmake/actionlib_msgs__rosidl_typesupport_cppExport.cmake
[509.367s] -- Installing: /mnt/d/prueba/TFG-ROS2/ros2_client_node/install/actionlib_msgs/share/actionlib_msgs/cmake/actionlib_msgs__rosidl_typesupport_cppExport-noconfig.cmake
[509.644s] -- Installing: /mnt/d/prueba/TFG-ROS2/ros2_client_node/install/actionlib_msgs/share/actionlib_msgs/cmake/export_actionlib_msgs__rosidl_generator_pyExport.cmake
[509.890s] -- Installing: /mnt/d/prueba/TFG-ROS2/ros2_client_node/install/actionlib_msgs/share/actionlib_msgs/cmake/export_actionlib_msgs__rosidl_generator_pyExport-noconfig.cmake
[510.126s] -- Installing: /mnt/d/prueba/TFG-ROS2/ros2_client_node/install/actionlib_msgs/share/actionlib_msgs/cmake/rosidl_cmake-extras.cmake
[510.318s] -- Installing: /mnt/d/prueba/TFG-ROS2/ros2_client_node/install/actionlib_msgs/share/actionlib_msgs/cmake/ament_cmake_export_dependencies-extras.cmake
[510.505s] -- Installing: /mnt/d/prueba/TFG-ROS2/ros2_client_node/install/actionlib_msgs/share/actionlib_msgs/cmake/ament_cmake_export_include_directories-extras.cmake
[510.708s] -- Installing: /mnt/d/prueba/TFG-ROS2/ros2_client_node/install/actionlib_msgs/share/actionlib_msgs/cmake/ament_cmake_export_libraries-extras.cmake
[510.883s] -- Installing: /mnt/d/prueba/TFG-ROS2/ros2_client_node/install/actionlib_msgs/share/actionlib_msgs/cmake/ament_cmake_export_targets-extras.cmake
[511.061s] -- Installing: /mnt/d/prueba/TFG-ROS2/ros2_client_node/install/actionlib_msgs/share/actionlib_msgs/cmake/rosidl_cmake_export_typesupport_targets-extras.cmake
[511.259s] -- Installing: /mnt/d/prueba/TFG-ROS2/ros2_client_node/install/actionlib_msgs/share/actionlib_msgs/cmake/rosidl_cmake_export_typesupport_libraries-extras.cmake
[511.447s] -- Installing: /mnt/d/prueba/TFG-ROS2/ros2_client_node/install/actionlib_msgs/share/actionlib_msgs/cmake/actionlib_msgsConfig.cmake
[511.607s] -- Installing: /mnt/d/prueba/TFG-ROS2/ros2_client_node/install/actionlib_msgs/share/actionlib_msgs/cmake/actionlib_msgsConfig-version.cmake
[511.781s] -- Installing: /mnt/d/prueba/TFG-ROS2/ros2_client_node/install/actionlib_msgs/share/actionlib_msgs/package.xml
[511.941s] Invoked command in '/mnt/d/prueba/TFG-ROS2/ros2_client_node/build/actionlib_msgs' returned '0': AMENT_PREFIX_PATH=/mnt/d/prueba/TFG-ROS2/ros2_client_node/install/std_msgs:/mnt/d/prueba/TFG-ROS2/ros2_client_node/install/builtin_interfaces:${AMENT_PREFIX_PATH} CMAKE_PREFIX_PATH=/mnt/d/prueba/TFG-ROS2/ros2_client_node/install/std_msgs:/mnt/d/prueba/TFG-ROS2/ros2_client_node/install/builtin_interfaces:/mnt/d/prueba/TFG-ROS2/ros2_client_node/install/rosidl_typesupport_microxrcedds_cpp:/mnt/d/prueba/TFG-ROS2/ros2_client_node/install/rosidl_typesupport_microxrcedds_c:/mnt/d/prueba/TFG-ROS2/ros2_client_node/install/microcdr:/mnt/d/prueba/TFG-ROS2/ros2_client_node/install/micro_ros_setup:/mnt/d/prueba/TFG-ROS2/ros2_agent_node/install/micro_ros_agent:/mnt/d/prueba/TFG-ROS2/ros2_agent_node/install/micro_ros_msgs:/mnt/d/prueba/TFG-ROS2/ros2_agent_node/install/micro_ros_setup:/opt/ros/humble LD_LIBRARY_PATH=/mnt/d/prueba/TFG-ROS2/ros2_client_node/install/std_msgs/lib:/mnt/d/prueba/TFG-ROS2/ros2_client_node/install/builtin_interfaces/lib:${LD_LIBRARY_PATH} PYTHONPATH=/mnt/d/prueba/TFG-ROS2/ros2_client_node/install/std_msgs/local/lib/python3.10/dist-packages:/mnt/d/prueba/TFG-ROS2/ros2_client_node/install/builtin_interfaces/local/lib/python3.10/dist-packages:${PYTHONPATH} /usr/bin/cmake --install /mnt/d/prueba/TFG-ROS2/ros2_client_node/build/actionlib_msgs
