[1.614s] Invoking command in '/mnt/d/prueba/TFG-ROS2/ros2_client_node/build/shape_msgs': AMENT_PREFIX_PATH=/mnt/d/prueba/TFG-ROS2/ros2_client_node/install/geometry_msgs:/mnt/d/prueba/TFG-ROS2/ros2_client_node/install/std_msgs:/mnt/d/prueba/TFG-ROS2/ros2_client_node/install/builtin_interfaces:${AMENT_PREFIX_PATH} CMAKE_PREFIX_PATH=/mnt/d/prueba/TFG-ROS2/ros2_client_node/install/geometry_msgs:/mnt/d/prueba/TFG-ROS2/ros2_client_node/install/std_msgs:/mnt/d/prueba/TFG-ROS2/ros2_client_node/install/builtin_interfaces:/mnt/d/prueba/TFG-ROS2/ros2_client_node/install/rosidl_typesupport_microxrcedds_cpp:/mnt/d/prueba/TFG-ROS2/ros2_client_node/install/rosidl_typesupport_microxrcedds_c:/mnt/d/prueba/TFG-ROS2/ros2_client_node/install/microcdr:/mnt/d/prueba/TFG-ROS2/ros2_client_node/install/micro_ros_setup:/mnt/d/prueba/TFG-ROS2/ros2_agent_node/install/micro_ros_agent:/mnt/d/prueba/TFG-ROS2/ros2_agent_node/install/micro_ros_msgs:/mnt/d/prueba/TFG-ROS2/ros2_agent_node/install/micro_ros_setup:/opt/ros/humble LD_LIBRARY_PATH=/mnt/d/prueba/TFG-ROS2/ros2_client_node/install/geometry_msgs/lib:/mnt/d/prueba/TFG-ROS2/ros2_client_node/install/std_msgs/lib:/mnt/d/prueba/TFG-ROS2/ros2_client_node/install/builtin_interfaces/lib:${LD_LIBRARY_PATH} PYTHONPATH=/mnt/d/prueba/TFG-ROS2/ros2_client_node/install/geometry_msgs/local/lib/python3.10/dist-packages:/mnt/d/prueba/TFG-ROS2/ros2_client_node/install/std_msgs/local/lib/python3.10/dist-packages:/mnt/d/prueba/TFG-ROS2/ros2_client_node/install/builtin_interfaces/local/lib/python3.10/dist-packages:${PYTHONPATH} /usr/bin/cmake /mnt/d/prueba/TFG-ROS2/ros2_client_node/src/ros2/common_interfaces/shape_msgs -DBUILD_TESTING=OFF -DBUILD_SHARED_LIBS=ON -DCMAKE_INSTALL_PREFIX=/mnt/d/prueba/TFG-ROS2/ros2_client_node/install/shape_msgs
[6.095s] -- The C compiler identification is GNU 11.3.0
[9.052s] -- The CXX compiler identification is GNU 11.3.0
[9.661s] -- Detecting C compiler ABI info
[16.189s] -- Detecting C compiler ABI info - done
[16.244s] -- Check for working C compiler: /usr/bin/cc - skipped
[16.247s] -- Detecting C compile features
[16.249s] -- Detecting C compile features - done
[16.367s] -- Detecting CXX compiler ABI info
[23.128s] -- Detecting CXX compiler ABI info - done
[23.181s] -- Check for working CXX compiler: /usr/bin/c++ - skipped
[23.184s] -- Detecting CXX compile features
[23.187s] -- Detecting CXX compile features - done
[23.667s] -- Found ament_cmake: 1.3.3 (/opt/ros/humble/share/ament_cmake/cmake)
[32.234s] -- Found Python3: /usr/bin/python3.10 (found version "3.10.6") found components: Interpreter 
[40.118s] -- Found geometry_msgs: 4.2.3 (/mnt/d/prueba/TFG-ROS2/ros2_client_node/install/geometry_msgs/share/geometry_msgs/cmake)
[45.578s] -- Found rosidl_generator_c: 3.1.4 (/opt/ros/humble/share/rosidl_generator_c/cmake)
[46.859s] -- Found rosidl_adapter: 3.1.4 (/opt/ros/humble/share/rosidl_adapter/cmake)
[47.635s] -- Found rosidl_generator_cpp: 3.1.4 (/opt/ros/humble/share/rosidl_generator_cpp/cmake)
[48.590s] -- Using all available rosidl_typesupport_c: rosidl_typesupport_microxrcedds_c;rosidl_typesupport_fastrtps_c;rosidl_typesupport_introspection_c
[52.187s] -- Using all available rosidl_typesupport_cpp: rosidl_typesupport_microxrcedds_cpp;rosidl_typesupport_fastrtps_cpp;rosidl_typesupport_introspection_cpp
[56.125s] -- Found rosidl_default_generators: 1.2.0 (/opt/ros/humble/share/rosidl_default_generators/cmake)
[67.791s] -- Found ament_cmake_ros: 0.10.0 (/opt/ros/humble/share/ament_cmake_ros/cmake)
[90.717s] -- Using all available rosidl_typesupport_c: rosidl_typesupport_microxrcedds_c;rosidl_typesupport_fastrtps_c;rosidl_typesupport_introspection_c
[100.637s] -- Using all available rosidl_typesupport_cpp: rosidl_typesupport_microxrcedds_cpp;rosidl_typesupport_fastrtps_cpp;rosidl_typesupport_introspection_cpp
[101.849s] -- Found PythonInterp: /usr/bin/python3 (found suitable version "3.10.6", minimum required is "3.6") 
[102.502s] -- Found python_cmake_module: 0.10.0 (/opt/ros/humble/share/python_cmake_module/cmake)
[104.480s] -- Found PythonLibs: /usr/lib/x86_64-linux-gnu/libpython3.10.so (found suitable version "3.10.6", minimum required is "3.5") 
[104.483s] -- Using PYTHON_EXECUTABLE: /usr/bin/python3
[104.486s] -- Using PYTHON_INCLUDE_DIRS: /usr/include/python3.10
[104.488s] -- Using PYTHON_LIBRARIES: /usr/lib/x86_64-linux-gnu/libpython3.10.so
[105.340s] -- Found PythonExtra: .so  
[110.691s] -- Configuring done
[121.285s] -- Generating done
[121.888s] -- Build files have been written to: /mnt/d/prueba/TFG-ROS2/ros2_client_node/build/shape_msgs
[121.906s] Invoked command in '/mnt/d/prueba/TFG-ROS2/ros2_client_node/build/shape_msgs' returned '0': AMENT_PREFIX_PATH=/mnt/d/prueba/TFG-ROS2/ros2_client_node/install/geometry_msgs:/mnt/d/prueba/TFG-ROS2/ros2_client_node/install/std_msgs:/mnt/d/prueba/TFG-ROS2/ros2_client_node/install/builtin_interfaces:${AMENT_PREFIX_PATH} CMAKE_PREFIX_PATH=/mnt/d/prueba/TFG-ROS2/ros2_client_node/install/geometry_msgs:/mnt/d/prueba/TFG-ROS2/ros2_client_node/install/std_msgs:/mnt/d/prueba/TFG-ROS2/ros2_client_node/install/builtin_interfaces:/mnt/d/prueba/TFG-ROS2/ros2_client_node/install/rosidl_typesupport_microxrcedds_cpp:/mnt/d/prueba/TFG-ROS2/ros2_client_node/install/rosidl_typesupport_microxrcedds_c:/mnt/d/prueba/TFG-ROS2/ros2_client_node/install/microcdr:/mnt/d/prueba/TFG-ROS2/ros2_client_node/install/micro_ros_setup:/mnt/d/prueba/TFG-ROS2/ros2_agent_node/install/micro_ros_agent:/mnt/d/prueba/TFG-ROS2/ros2_agent_node/install/micro_ros_msgs:/mnt/d/prueba/TFG-ROS2/ros2_agent_node/install/micro_ros_setup:/opt/ros/humble LD_LIBRARY_PATH=/mnt/d/prueba/TFG-ROS2/ros2_client_node/install/geometry_msgs/lib:/mnt/d/prueba/TFG-ROS2/ros2_client_node/install/std_msgs/lib:/mnt/d/prueba/TFG-ROS2/ros2_client_node/install/builtin_interfaces/lib:${LD_LIBRARY_PATH} PYTHONPATH=/mnt/d/prueba/TFG-ROS2/ros2_client_node/install/geometry_msgs/local/lib/python3.10/dist-packages:/mnt/d/prueba/TFG-ROS2/ros2_client_node/install/std_msgs/local/lib/python3.10/dist-packages:/mnt/d/prueba/TFG-ROS2/ros2_client_node/install/builtin_interfaces/local/lib/python3.10/dist-packages:${PYTHONPATH} /usr/bin/cmake /mnt/d/prueba/TFG-ROS2/ros2_client_node/src/ros2/common_interfaces/shape_msgs -DBUILD_TESTING=OFF -DBUILD_SHARED_LIBS=ON -DCMAKE_INSTALL_PREFIX=/mnt/d/prueba/TFG-ROS2/ros2_client_node/install/shape_msgs
[121.929s] Invoking command in '/mnt/d/prueba/TFG-ROS2/ros2_client_node/build/shape_msgs': AMENT_PREFIX_PATH=/mnt/d/prueba/TFG-ROS2/ros2_client_node/install/geometry_msgs:/mnt/d/prueba/TFG-ROS2/ros2_client_node/install/std_msgs:/mnt/d/prueba/TFG-ROS2/ros2_client_node/install/builtin_interfaces:${AMENT_PREFIX_PATH} CMAKE_PREFIX_PATH=/mnt/d/prueba/TFG-ROS2/ros2_client_node/install/geometry_msgs:/mnt/d/prueba/TFG-ROS2/ros2_client_node/install/std_msgs:/mnt/d/prueba/TFG-ROS2/ros2_client_node/install/builtin_interfaces:/mnt/d/prueba/TFG-ROS2/ros2_client_node/install/rosidl_typesupport_microxrcedds_cpp:/mnt/d/prueba/TFG-ROS2/ros2_client_node/install/rosidl_typesupport_microxrcedds_c:/mnt/d/prueba/TFG-ROS2/ros2_client_node/install/microcdr:/mnt/d/prueba/TFG-ROS2/ros2_client_node/install/micro_ros_setup:/mnt/d/prueba/TFG-ROS2/ros2_agent_node/install/micro_ros_agent:/mnt/d/prueba/TFG-ROS2/ros2_agent_node/install/micro_ros_msgs:/mnt/d/prueba/TFG-ROS2/ros2_agent_node/install/micro_ros_setup:/opt/ros/humble LD_LIBRARY_PATH=/mnt/d/prueba/TFG-ROS2/ros2_client_node/install/geometry_msgs/lib:/mnt/d/prueba/TFG-ROS2/ros2_client_node/install/std_msgs/lib:/mnt/d/prueba/TFG-ROS2/ros2_client_node/install/builtin_interfaces/lib:${LD_LIBRARY_PATH} PYTHONPATH=/mnt/d/prueba/TFG-ROS2/ros2_client_node/install/geometry_msgs/local/lib/python3.10/dist-packages:/mnt/d/prueba/TFG-ROS2/ros2_client_node/install/std_msgs/local/lib/python3.10/dist-packages:/mnt/d/prueba/TFG-ROS2/ros2_client_node/install/builtin_interfaces/local/lib/python3.10/dist-packages:${PYTHONPATH} /usr/bin/cmake --build /mnt/d/prueba/TFG-ROS2/ros2_client_node/build/shape_msgs -- -j12 -l12
[130.276s] [  1%] [34m[1mGenerating C code for ROS interfaces[0m
[132.624s] [  2%] [34m[1mGenerating C++ code for ROS interfaces[0m
[134.384s] [  2%] Built target ament_cmake_python_copy_shape_msgs
[149.429s] running egg_info
[149.434s] creating shape_msgs.egg-info
[149.440s] writing shape_msgs.egg-info/PKG-INFO
[149.458s] writing dependency_links to shape_msgs.egg-info/dependency_links.txt
[149.487s] writing top-level names to shape_msgs.egg-info/top_level.txt
[149.504s] writing manifest file 'shape_msgs.egg-info/SOURCES.txt'
[149.579s] reading manifest file 'shape_msgs.egg-info/SOURCES.txt'
[149.697s] writing manifest file 'shape_msgs.egg-info/SOURCES.txt'
[150.821s] [  2%] Built target shape_msgs__cpp
[151.399s] [  4%] [32mBuilding C object CMakeFiles/shape_msgs__rosidl_generator_c.dir/rosidl_generator_c/shape_msgs/msg/detail/mesh__functions.c.o[0m
[151.820s] [  4%] Built target ament_cmake_python_build_shape_msgs_egg
[158.212s] [  5%] [32mBuilding C object CMakeFiles/shape_msgs__rosidl_generator_c.dir/rosidl_generator_c/shape_msgs/msg/detail/solid_primitive__functions.c.o[0m
[164.146s] [  7%] [32mBuilding C object CMakeFiles/shape_msgs__rosidl_generator_c.dir/rosidl_generator_c/shape_msgs/msg/detail/plane__functions.c.o[0m
[164.207s] [  8%] [32mBuilding C object CMakeFiles/shape_msgs__rosidl_generator_c.dir/rosidl_generator_c/shape_msgs/msg/detail/mesh_triangle__functions.c.o[0m
[168.535s] [ 10%] [32m[1mLinking C shared library libshape_msgs__rosidl_generator_c.so[0m
[173.572s] [ 10%] Built target shape_msgs__rosidl_generator_c
[175.943s] [ 11%] [34m[1mGenerating C++ introspection for ROS interfaces[0m
[190.223s] [ 13%] [32mBuilding CXX object CMakeFiles/shape_msgs__rosidl_typesupport_introspection_cpp.dir/rosidl_typesupport_introspection_cpp/shape_msgs/msg/detail/mesh__type_support.cpp.o[0m
[200.327s] [ 14%] [32mBuilding CXX object CMakeFiles/shape_msgs__rosidl_typesupport_introspection_cpp.dir/rosidl_typesupport_introspection_cpp/shape_msgs/msg/detail/solid_primitive__type_support.cpp.o[0m
[209.173s] [ 15%] [32mBuilding CXX object CMakeFiles/shape_msgs__rosidl_typesupport_introspection_cpp.dir/rosidl_typesupport_introspection_cpp/shape_msgs/msg/detail/plane__type_support.cpp.o[0m
[216.582s] [ 17%] [32mBuilding CXX object CMakeFiles/shape_msgs__rosidl_typesupport_introspection_cpp.dir/rosidl_typesupport_introspection_cpp/shape_msgs/msg/detail/mesh_triangle__type_support.cpp.o[0m
[225.573s] [ 18%] [32m[1mLinking CXX shared library libshape_msgs__rosidl_typesupport_introspection_cpp.so[0m
[229.524s] [ 18%] Built target shape_msgs__rosidl_typesupport_introspection_cpp
[231.017s] [ 20%] [34m[1mGenerating C introspection for ROS interfaces[0m
[231.327s] [ 21%] [34m[1mGenerating C type support dispatch for ROS interfaces[0m
[244.024s] [ 23%] [32mBuilding CXX object CMakeFiles/shape_msgs__rosidl_typesupport_c.dir/rosidl_typesupport_c/shape_msgs/msg/mesh__type_support.cpp.o[0m
[248.174s] [ 24%] [32mBuilding CXX object CMakeFiles/shape_msgs__rosidl_typesupport_c.dir/rosidl_typesupport_c/shape_msgs/msg/solid_primitive__type_support.cpp.o[0m
[249.063s] [ 26%] [32mBuilding C object CMakeFiles/shape_msgs__rosidl_typesupport_introspection_c.dir/rosidl_typesupport_introspection_c/shape_msgs/msg/detail/mesh__type_support.c.o[0m
[252.258s] [ 27%] [32mBuilding CXX object CMakeFiles/shape_msgs__rosidl_typesupport_c.dir/rosidl_typesupport_c/shape_msgs/msg/plane__type_support.cpp.o[0m
[252.627s] [ 28%] [32mBuilding CXX object CMakeFiles/shape_msgs__rosidl_typesupport_c.dir/rosidl_typesupport_c/shape_msgs/msg/mesh_triangle__type_support.cpp.o[0m
[254.921s] [ 30%] [32mBuilding C object CMakeFiles/shape_msgs__rosidl_typesupport_introspection_c.dir/rosidl_typesupport_introspection_c/shape_msgs/msg/detail/solid_primitive__type_support.c.o[0m
[256.697s] [ 31%] [32m[1mLinking CXX shared library libshape_msgs__rosidl_typesupport_c.so[0m
[260.167s] [ 33%] [32mBuilding C object CMakeFiles/shape_msgs__rosidl_typesupport_introspection_c.dir/rosidl_typesupport_introspection_c/shape_msgs/msg/detail/plane__type_support.c.o[0m
[260.918s] [ 33%] Built target shape_msgs__rosidl_typesupport_c
[264.495s] [ 34%] [32mBuilding C object CMakeFiles/shape_msgs__rosidl_typesupport_introspection_c.dir/rosidl_typesupport_introspection_c/shape_msgs/msg/detail/mesh_triangle__type_support.c.o[0m
[268.732s] [ 36%] [32m[1mLinking C shared library libshape_msgs__rosidl_typesupport_introspection_c.so[0m
[272.704s] [ 36%] Built target shape_msgs__rosidl_typesupport_introspection_c
[274.316s] [ 37%] [34m[1mGenerating C type support for eProsima Fast-RTPS[0m
[274.402s] [ 39%] [34m[1mGenerating C type support for eProsima Micro XRCE-DDS[0m
[286.708s] [ 40%] [32mBuilding CXX object CMakeFiles/shape_msgs__rosidl_typesupport_fastrtps_c.dir/rosidl_typesupport_fastrtps_c/shape_msgs/msg/detail/mesh__type_support_c.cpp.o[0m
[286.873s] [ 42%] [32mBuilding CXX object CMakeFiles/shape_msgs__rosidl_typesupport_fastrtps_c.dir/rosidl_typesupport_fastrtps_c/shape_msgs/msg/detail/plane__type_support_c.cpp.o[0m
[286.957s] [ 43%] [32mBuilding CXX object CMakeFiles/shape_msgs__rosidl_typesupport_fastrtps_c.dir/rosidl_typesupport_fastrtps_c/shape_msgs/msg/detail/mesh_triangle__type_support_c.cpp.o[0m
[287.044s] [ 44%] [32mBuilding C object CMakeFiles/shape_msgs__rosidl_typesupport_microxrcedds_c.dir/rosidl_typesupport_microxrcedds_c/shape_msgs/msg/detail/microxrcedds/mesh__type_support_c.c.o[0m
[287.077s] [ 47%] [32mBuilding C object CMakeFiles/shape_msgs__rosidl_typesupport_microxrcedds_c.dir/rosidl_typesupport_microxrcedds_c/shape_msgs/msg/detail/microxrcedds/mesh_triangle__type_support_c.c.o[0m
[287.085s] [ 47%] [32mBuilding C object CMakeFiles/shape_msgs__rosidl_typesupport_microxrcedds_c.dir/rosidl_typesupport_microxrcedds_c/shape_msgs/msg/detail/microxrcedds/plane__type_support_c.c.o[0m
[294.191s] [ 49%] [32mBuilding C object CMakeFiles/shape_msgs__rosidl_typesupport_microxrcedds_c.dir/rosidl_typesupport_microxrcedds_c/shape_msgs/msg/detail/microxrcedds/solid_primitive__type_support_c.c.o[0m
[296.276s] [ 50%] [32mBuilding CXX object CMakeFiles/shape_msgs__rosidl_typesupport_fastrtps_c.dir/rosidl_typesupport_fastrtps_c/shape_msgs/msg/detail/solid_primitive__type_support_c.cpp.o[0m
[301.498s] [ 52%] [32m[1mLinking C shared library libshape_msgs__rosidl_typesupport_microxrcedds_c.so[0m
[304.534s] [ 53%] [32m[1mLinking CXX shared library libshape_msgs__rosidl_typesupport_fastrtps_c.so[0m
[306.041s] [ 53%] Built target shape_msgs__rosidl_typesupport_microxrcedds_c
[308.337s] [ 53%] Built target shape_msgs__rosidl_typesupport_fastrtps_c
[309.843s] [ 55%] [34m[1mGenerating C++ type support for eProsima Micro XRCE-DDS[0m
[326.746s] [ 56%] [32mBuilding CXX object CMakeFiles/shape_msgs__rosidl_typesupport_microxrcedds_cpp.dir/rosidl_typesupport_microxrcedds_cpp/shape_msgs/msg/detail/microxrcedds/mesh__type_support_cpp.cpp.o[0m
[338.644s] [ 57%] [32mBuilding CXX object CMakeFiles/shape_msgs__rosidl_typesupport_microxrcedds_cpp.dir/rosidl_typesupport_microxrcedds_cpp/shape_msgs/msg/detail/microxrcedds/solid_primitive__type_support_cpp.cpp.o[0m
[351.608s] [ 59%] [32mBuilding CXX object CMakeFiles/shape_msgs__rosidl_typesupport_microxrcedds_cpp.dir/rosidl_typesupport_microxrcedds_cpp/shape_msgs/msg/detail/microxrcedds/plane__type_support_cpp.cpp.o[0m
[361.810s] [ 60%] [32mBuilding CXX object CMakeFiles/shape_msgs__rosidl_typesupport_microxrcedds_cpp.dir/rosidl_typesupport_microxrcedds_cpp/shape_msgs/msg/detail/microxrcedds/mesh_triangle__type_support_cpp.cpp.o[0m
[374.617s] [ 62%] [32m[1mLinking CXX shared library libshape_msgs__rosidl_typesupport_microxrcedds_cpp.so[0m
[379.658s] [ 62%] Built target shape_msgs__rosidl_typesupport_microxrcedds_cpp
[381.671s] [ 63%] [34m[1mGenerating C++ type support dispatch for ROS interfaces[0m
[382.040s] [ 65%] [34m[1mGenerating C++ type support for eProsima Fast-RTPS[0m
[394.073s] [ 66%] [32mBuilding CXX object CMakeFiles/shape_msgs__rosidl_typesupport_cpp.dir/rosidl_typesupport_cpp/shape_msgs/msg/mesh__type_support.cpp.o[0m
[399.344s] [ 68%] [32mBuilding CXX object CMakeFiles/shape_msgs__rosidl_typesupport_fastrtps_cpp.dir/rosidl_typesupport_fastrtps_cpp/shape_msgs/msg/detail/dds_fastrtps/mesh__type_support.cpp.o[0m
[399.389s] [ 69%] [32mBuilding CXX object CMakeFiles/shape_msgs__rosidl_typesupport_fastrtps_cpp.dir/rosidl_typesupport_fastrtps_cpp/shape_msgs/msg/detail/dds_fastrtps/mesh_triangle__type_support.cpp.o[0m
[401.394s] [ 71%] [32mBuilding CXX object CMakeFiles/shape_msgs__rosidl_typesupport_cpp.dir/rosidl_typesupport_cpp/shape_msgs/msg/solid_primitive__type_support.cpp.o[0m
[401.517s] [ 72%] [32mBuilding CXX object CMakeFiles/shape_msgs__rosidl_typesupport_cpp.dir/rosidl_typesupport_cpp/shape_msgs/msg/plane__type_support.cpp.o[0m
[407.593s] [ 73%] [32mBuilding CXX object CMakeFiles/shape_msgs__rosidl_typesupport_fastrtps_cpp.dir/rosidl_typesupport_fastrtps_cpp/shape_msgs/msg/detail/dds_fastrtps/solid_primitive__type_support.cpp.o[0m
[407.967s] [ 75%] [32mBuilding CXX object CMakeFiles/shape_msgs__rosidl_typesupport_cpp.dir/rosidl_typesupport_cpp/shape_msgs/msg/mesh_triangle__type_support.cpp.o[0m
[412.709s] [ 76%] [32m[1mLinking CXX shared library libshape_msgs__rosidl_typesupport_cpp.so[0m
[413.543s] [ 78%] [32mBuilding CXX object CMakeFiles/shape_msgs__rosidl_typesupport_fastrtps_cpp.dir/rosidl_typesupport_fastrtps_cpp/shape_msgs/msg/detail/dds_fastrtps/plane__type_support.cpp.o[0m
[416.952s] [ 78%] Built target shape_msgs__rosidl_typesupport_cpp
[422.325s] [ 79%] [32m[1mLinking CXX shared library libshape_msgs__rosidl_typesupport_fastrtps_cpp.so[0m
[427.443s] [ 79%] Built target shape_msgs__rosidl_typesupport_fastrtps_cpp
[432.349s] [ 79%] Built target shape_msgs
[437.826s] [ 81%] [34m[1mGenerating Python code for ROS interfaces[0m
[457.472s] [ 81%] Built target shape_msgs__py
[460.162s] [ 82%] [32mBuilding C object CMakeFiles/shape_msgs__rosidl_generator_py.dir/rosidl_generator_py/shape_msgs/msg/_mesh_triangle_s.c.o[0m
[460.175s] [ 84%] [32mBuilding C object CMakeFiles/shape_msgs__rosidl_generator_py.dir/rosidl_generator_py/shape_msgs/msg/_mesh_s.c.o[0m
[466.381s] [ 85%] [32mBuilding C object CMakeFiles/shape_msgs__rosidl_generator_py.dir/rosidl_generator_py/shape_msgs/msg/_solid_primitive_s.c.o[0m
[472.175s] [ 86%] [32mBuilding C object CMakeFiles/shape_msgs__rosidl_generator_py.dir/rosidl_generator_py/shape_msgs/msg/_plane_s.c.o[0m
[476.796s] [ 88%] [32m[1mLinking C shared library rosidl_generator_py/shape_msgs/libshape_msgs__rosidl_generator_py.so[0m
[480.761s] [ 88%] Built target shape_msgs__rosidl_generator_py
[484.560s] [ 89%] [32mBuilding C object CMakeFiles/shape_msgs__rosidl_typesupport_fastrtps_c__pyext.dir/rosidl_generator_py/shape_msgs/_shape_msgs_s.ep.rosidl_typesupport_fastrtps_c.c.o[0m
[484.634s] [ 91%] [32mBuilding C object CMakeFiles/shape_msgs__rosidl_typesupport_microxrcedds_c__pyext.dir/rosidl_generator_py/shape_msgs/_shape_msgs_s.ep.rosidl_typesupport_microxrcedds_c.c.o[0m
[490.385s] [ 92%] [32m[1mLinking C shared library rosidl_generator_py/shape_msgs/shape_msgs_s__rosidl_typesupport_fastrtps_c.cpython-310-x86_64-linux-gnu.so[0m
[492.899s] [ 94%] [32m[1mLinking C shared library rosidl_generator_py/shape_msgs/shape_msgs_s__rosidl_typesupport_microxrcedds_c.cpython-310-x86_64-linux-gnu.so[0m
[495.034s] [ 94%] Built target shape_msgs__rosidl_typesupport_fastrtps_c__pyext
[499.186s] [ 94%] Built target shape_msgs__rosidl_typesupport_microxrcedds_c__pyext
[499.839s] [ 95%] [32mBuilding C object CMakeFiles/shape_msgs__rosidl_typesupport_c__pyext.dir/rosidl_generator_py/shape_msgs/_shape_msgs_s.ep.rosidl_typesupport_c.c.o[0m
[507.836s] [ 97%] [32m[1mLinking C shared library rosidl_generator_py/shape_msgs/shape_msgs_s__rosidl_typesupport_c.cpython-310-x86_64-linux-gnu.so[0m
[513.071s] [ 97%] Built target shape_msgs__rosidl_typesupport_c__pyext
[517.049s] [ 98%] [32mBuilding C object CMakeFiles/shape_msgs__rosidl_typesupport_introspection_c__pyext.dir/rosidl_generator_py/shape_msgs/_shape_msgs_s.ep.rosidl_typesupport_introspection_c.c.o[0m
[524.338s] [100%] [32m[1mLinking C shared library rosidl_generator_py/shape_msgs/shape_msgs_s__rosidl_typesupport_introspection_c.cpython-310-x86_64-linux-gnu.so[0m
[530.069s] [100%] Built target shape_msgs__rosidl_typesupport_introspection_c__pyext
[532.315s] Invoked command in '/mnt/d/prueba/TFG-ROS2/ros2_client_node/build/shape_msgs' returned '0': AMENT_PREFIX_PATH=/mnt/d/prueba/TFG-ROS2/ros2_client_node/install/geometry_msgs:/mnt/d/prueba/TFG-ROS2/ros2_client_node/install/std_msgs:/mnt/d/prueba/TFG-ROS2/ros2_client_node/install/builtin_interfaces:${AMENT_PREFIX_PATH} CMAKE_PREFIX_PATH=/mnt/d/prueba/TFG-ROS2/ros2_client_node/install/geometry_msgs:/mnt/d/prueba/TFG-ROS2/ros2_client_node/install/std_msgs:/mnt/d/prueba/TFG-ROS2/ros2_client_node/install/builtin_interfaces:/mnt/d/prueba/TFG-ROS2/ros2_client_node/install/rosidl_typesupport_microxrcedds_cpp:/mnt/d/prueba/TFG-ROS2/ros2_client_node/install/rosidl_typesupport_microxrcedds_c:/mnt/d/prueba/TFG-ROS2/ros2_client_node/install/microcdr:/mnt/d/prueba/TFG-ROS2/ros2_client_node/install/micro_ros_setup:/mnt/d/prueba/TFG-ROS2/ros2_agent_node/install/micro_ros_agent:/mnt/d/prueba/TFG-ROS2/ros2_agent_node/install/micro_ros_msgs:/mnt/d/prueba/TFG-ROS2/ros2_agent_node/install/micro_ros_setup:/opt/ros/humble LD_LIBRARY_PATH=/mnt/d/prueba/TFG-ROS2/ros2_client_node/install/geometry_msgs/lib:/mnt/d/prueba/TFG-ROS2/ros2_client_node/install/std_msgs/lib:/mnt/d/prueba/TFG-ROS2/ros2_client_node/install/builtin_interfaces/lib:${LD_LIBRARY_PATH} PYTHONPATH=/mnt/d/prueba/TFG-ROS2/ros2_client_node/install/geometry_msgs/local/lib/python3.10/dist-packages:/mnt/d/prueba/TFG-ROS2/ros2_client_node/install/std_msgs/local/lib/python3.10/dist-packages:/mnt/d/prueba/TFG-ROS2/ros2_client_node/install/builtin_interfaces/local/lib/python3.10/dist-packages:${PYTHONPATH} /usr/bin/cmake --build /mnt/d/prueba/TFG-ROS2/ros2_client_node/build/shape_msgs -- -j12 -l12
[573.993s] Invoking command in '/mnt/d/prueba/TFG-ROS2/ros2_client_node/build/shape_msgs': AMENT_PREFIX_PATH=/mnt/d/prueba/TFG-ROS2/ros2_client_node/install/geometry_msgs:/mnt/d/prueba/TFG-ROS2/ros2_client_node/install/std_msgs:/mnt/d/prueba/TFG-ROS2/ros2_client_node/install/builtin_interfaces:${AMENT_PREFIX_PATH} CMAKE_PREFIX_PATH=/mnt/d/prueba/TFG-ROS2/ros2_client_node/install/geometry_msgs:/mnt/d/prueba/TFG-ROS2/ros2_client_node/install/std_msgs:/mnt/d/prueba/TFG-ROS2/ros2_client_node/install/builtin_interfaces:/mnt/d/prueba/TFG-ROS2/ros2_client_node/install/rosidl_typesupport_microxrcedds_cpp:/mnt/d/prueba/TFG-ROS2/ros2_client_node/install/rosidl_typesupport_microxrcedds_c:/mnt/d/prueba/TFG-ROS2/ros2_client_node/install/microcdr:/mnt/d/prueba/TFG-ROS2/ros2_client_node/install/micro_ros_setup:/mnt/d/prueba/TFG-ROS2/ros2_agent_node/install/micro_ros_agent:/mnt/d/prueba/TFG-ROS2/ros2_agent_node/install/micro_ros_msgs:/mnt/d/prueba/TFG-ROS2/ros2_agent_node/install/micro_ros_setup:/opt/ros/humble LD_LIBRARY_PATH=/mnt/d/prueba/TFG-ROS2/ros2_client_node/install/geometry_msgs/lib:/mnt/d/prueba/TFG-ROS2/ros2_client_node/install/std_msgs/lib:/mnt/d/prueba/TFG-ROS2/ros2_client_node/install/builtin_interfaces/lib:${LD_LIBRARY_PATH} PYTHONPATH=/mnt/d/prueba/TFG-ROS2/ros2_client_node/install/geometry_msgs/local/lib/python3.10/dist-packages:/mnt/d/prueba/TFG-ROS2/ros2_client_node/install/std_msgs/local/lib/python3.10/dist-packages:/mnt/d/prueba/TFG-ROS2/ros2_client_node/install/builtin_interfaces/local/lib/python3.10/dist-packages:${PYTHONPATH} /usr/bin/cmake --install /mnt/d/prueba/TFG-ROS2/ros2_client_node/build/shape_msgs
[575.152s] -- Install configuration: ""
[575.238s] -- Installing: /mnt/d/prueba/TFG-ROS2/ros2_client_node/install/shape_msgs/share/ament_index/resource_index/rosidl_interfaces/shape_msgs
[575.434s] -- Installing: /mnt/d/prueba/TFG-ROS2/ros2_client_node/install/shape_msgs/include/shape_msgs/shape_msgs
[575.492s] -- Installing: /mnt/d/prueba/TFG-ROS2/ros2_client_node/install/shape_msgs/include/shape_msgs/shape_msgs/msg
[575.577s] -- Installing: /mnt/d/prueba/TFG-ROS2/ros2_client_node/install/shape_msgs/include/shape_msgs/shape_msgs/msg/detail
[575.691s] -- Installing: /mnt/d/prueba/TFG-ROS2/ros2_client_node/install/shape_msgs/include/shape_msgs/shape_msgs/msg/detail/mesh_triangle__functions.c
[575.954s] -- Installing: /mnt/d/prueba/TFG-ROS2/ros2_client_node/install/shape_msgs/include/shape_msgs/shape_msgs/msg/detail/mesh_triangle__functions.h
[576.194s] -- Installing: /mnt/d/prueba/TFG-ROS2/ros2_client_node/install/shape_msgs/include/shape_msgs/shape_msgs/msg/detail/mesh_triangle__struct.h
[576.436s] -- Installing: /mnt/d/prueba/TFG-ROS2/ros2_client_node/install/shape_msgs/include/shape_msgs/shape_msgs/msg/detail/mesh_triangle__type_support.h
[576.684s] -- Installing: /mnt/d/prueba/TFG-ROS2/ros2_client_node/install/shape_msgs/include/shape_msgs/shape_msgs/msg/detail/mesh__functions.c
[576.914s] -- Installing: /mnt/d/prueba/TFG-ROS2/ros2_client_node/install/shape_msgs/include/shape_msgs/shape_msgs/msg/detail/mesh__functions.h
[577.173s] -- Installing: /mnt/d/prueba/TFG-ROS2/ros2_client_node/install/shape_msgs/include/shape_msgs/shape_msgs/msg/detail/mesh__struct.h
[577.428s] -- Installing: /mnt/d/prueba/TFG-ROS2/ros2_client_node/install/shape_msgs/include/shape_msgs/shape_msgs/msg/detail/mesh__type_support.h
[577.667s] -- Installing: /mnt/d/prueba/TFG-ROS2/ros2_client_node/install/shape_msgs/include/shape_msgs/shape_msgs/msg/detail/plane__functions.c
[577.911s] -- Installing: /mnt/d/prueba/TFG-ROS2/ros2_client_node/install/shape_msgs/include/shape_msgs/shape_msgs/msg/detail/plane__functions.h
[578.161s] -- Installing: /mnt/d/prueba/TFG-ROS2/ros2_client_node/install/shape_msgs/include/shape_msgs/shape_msgs/msg/detail/plane__struct.h
[578.399s] -- Installing: /mnt/d/prueba/TFG-ROS2/ros2_client_node/install/shape_msgs/include/shape_msgs/shape_msgs/msg/detail/plane__type_support.h
[578.625s] -- Installing: /mnt/d/prueba/TFG-ROS2/ros2_client_node/install/shape_msgs/include/shape_msgs/shape_msgs/msg/detail/solid_primitive__functions.c
[578.862s] -- Installing: /mnt/d/prueba/TFG-ROS2/ros2_client_node/install/shape_msgs/include/shape_msgs/shape_msgs/msg/detail/solid_primitive__functions.h
[579.102s] -- Installing: /mnt/d/prueba/TFG-ROS2/ros2_client_node/install/shape_msgs/include/shape_msgs/shape_msgs/msg/detail/solid_primitive__struct.h
[579.344s] -- Installing: /mnt/d/prueba/TFG-ROS2/ros2_client_node/install/shape_msgs/include/shape_msgs/shape_msgs/msg/detail/solid_primitive__type_support.h
[579.596s] -- Installing: /mnt/d/prueba/TFG-ROS2/ros2_client_node/install/shape_msgs/include/shape_msgs/shape_msgs/msg/mesh.h
[579.810s] -- Installing: /mnt/d/prueba/TFG-ROS2/ros2_client_node/install/shape_msgs/include/shape_msgs/shape_msgs/msg/mesh_triangle.h
[580.015s] -- Installing: /mnt/d/prueba/TFG-ROS2/ros2_client_node/install/shape_msgs/include/shape_msgs/shape_msgs/msg/plane.h
[580.242s] -- Installing: /mnt/d/prueba/TFG-ROS2/ros2_client_node/install/shape_msgs/include/shape_msgs/shape_msgs/msg/rosidl_generator_c__visibility_control.h
[580.459s] -- Installing: /mnt/d/prueba/TFG-ROS2/ros2_client_node/install/shape_msgs/include/shape_msgs/shape_msgs/msg/solid_primitive.h
[580.660s] -- Installing: /mnt/d/prueba/TFG-ROS2/ros2_client_node/install/shape_msgs/share/shape_msgs/environment/library_path.sh
[580.797s] -- Installing: /mnt/d/prueba/TFG-ROS2/ros2_client_node/install/shape_msgs/share/shape_msgs/environment/library_path.dsv
[580.956s] -- Installing: /mnt/d/prueba/TFG-ROS2/ros2_client_node/install/shape_msgs/lib/libshape_msgs__rosidl_generator_c.so
[581.191s] -- Set runtime path of "/mnt/d/prueba/TFG-ROS2/ros2_client_node/install/shape_msgs/lib/libshape_msgs__rosidl_generator_c.so" to ""
[581.215s] -- Up-to-date: /mnt/d/prueba/TFG-ROS2/ros2_client_node/install/shape_msgs/include/shape_msgs/shape_msgs
[581.267s] -- Up-to-date: /mnt/d/prueba/TFG-ROS2/ros2_client_node/install/shape_msgs/include/shape_msgs/shape_msgs/msg
[581.333s] -- Up-to-date: /mnt/d/prueba/TFG-ROS2/ros2_client_node/install/shape_msgs/include/shape_msgs/shape_msgs/msg/detail
[581.425s] -- Installing: /mnt/d/prueba/TFG-ROS2/ros2_client_node/install/shape_msgs/include/shape_msgs/shape_msgs/msg/detail/mesh_triangle__rosidl_typesupport_fastrtps_c.h
[581.655s] -- Installing: /mnt/d/prueba/TFG-ROS2/ros2_client_node/install/shape_msgs/include/shape_msgs/shape_msgs/msg/detail/mesh__rosidl_typesupport_fastrtps_c.h
[581.895s] -- Installing: /mnt/d/prueba/TFG-ROS2/ros2_client_node/install/shape_msgs/include/shape_msgs/shape_msgs/msg/detail/plane__rosidl_typesupport_fastrtps_c.h
[582.150s] -- Installing: /mnt/d/prueba/TFG-ROS2/ros2_client_node/install/shape_msgs/include/shape_msgs/shape_msgs/msg/detail/solid_primitive__rosidl_typesupport_fastrtps_c.h
[582.395s] -- Installing: /mnt/d/prueba/TFG-ROS2/ros2_client_node/install/shape_msgs/include/shape_msgs/shape_msgs/msg/rosidl_typesupport_fastrtps_c__visibility_control.h
[582.606s] -- Installing: /mnt/d/prueba/TFG-ROS2/ros2_client_node/install/shape_msgs/lib/libshape_msgs__rosidl_typesupport_fastrtps_c.so
[582.845s] -- Set runtime path of "/mnt/d/prueba/TFG-ROS2/ros2_client_node/install/shape_msgs/lib/libshape_msgs__rosidl_typesupport_fastrtps_c.so" to ""
[582.873s] -- Up-to-date: /mnt/d/prueba/TFG-ROS2/ros2_client_node/install/shape_msgs/include/shape_msgs/shape_msgs
[582.932s] -- Up-to-date: /mnt/d/prueba/TFG-ROS2/ros2_client_node/install/shape_msgs/include/shape_msgs/shape_msgs/msg
[582.999s] -- Up-to-date: /mnt/d/prueba/TFG-ROS2/ros2_client_node/install/shape_msgs/include/shape_msgs/shape_msgs/msg/detail
[583.093s] -- Installing: /mnt/d/prueba/TFG-ROS2/ros2_client_node/install/shape_msgs/include/shape_msgs/shape_msgs/msg/detail/mesh_triangle__builder.hpp
[583.328s] -- Installing: /mnt/d/prueba/TFG-ROS2/ros2_client_node/install/shape_msgs/include/shape_msgs/shape_msgs/msg/detail/mesh_triangle__struct.hpp
[583.543s] -- Installing: /mnt/d/prueba/TFG-ROS2/ros2_client_node/install/shape_msgs/include/shape_msgs/shape_msgs/msg/detail/mesh_triangle__traits.hpp
[583.749s] -- Installing: /mnt/d/prueba/TFG-ROS2/ros2_client_node/install/shape_msgs/include/shape_msgs/shape_msgs/msg/detail/mesh__builder.hpp
[583.943s] -- Installing: /mnt/d/prueba/TFG-ROS2/ros2_client_node/install/shape_msgs/include/shape_msgs/shape_msgs/msg/detail/mesh__struct.hpp
[584.157s] -- Installing: /mnt/d/prueba/TFG-ROS2/ros2_client_node/install/shape_msgs/include/shape_msgs/shape_msgs/msg/detail/mesh__traits.hpp
[584.387s] -- Installing: /mnt/d/prueba/TFG-ROS2/ros2_client_node/install/shape_msgs/include/shape_msgs/shape_msgs/msg/detail/plane__builder.hpp
[584.595s] -- Installing: /mnt/d/prueba/TFG-ROS2/ros2_client_node/install/shape_msgs/include/shape_msgs/shape_msgs/msg/detail/plane__struct.hpp
[584.822s] -- Installing: /mnt/d/prueba/TFG-ROS2/ros2_client_node/install/shape_msgs/include/shape_msgs/shape_msgs/msg/detail/plane__traits.hpp
[585.083s] -- Installing: /mnt/d/prueba/TFG-ROS2/ros2_client_node/install/shape_msgs/include/shape_msgs/shape_msgs/msg/detail/solid_primitive__builder.hpp
[585.323s] -- Installing: /mnt/d/prueba/TFG-ROS2/ros2_client_node/install/shape_msgs/include/shape_msgs/shape_msgs/msg/detail/solid_primitive__struct.hpp
[585.567s] -- Installing: /mnt/d/prueba/TFG-ROS2/ros2_client_node/install/shape_msgs/include/shape_msgs/shape_msgs/msg/detail/solid_primitive__traits.hpp
[585.795s] -- Installing: /mnt/d/prueba/TFG-ROS2/ros2_client_node/install/shape_msgs/include/shape_msgs/shape_msgs/msg/mesh.hpp
[586.013s] -- Installing: /mnt/d/prueba/TFG-ROS2/ros2_client_node/install/shape_msgs/include/shape_msgs/shape_msgs/msg/mesh_triangle.hpp
[586.225s] -- Installing: /mnt/d/prueba/TFG-ROS2/ros2_client_node/install/shape_msgs/include/shape_msgs/shape_msgs/msg/plane.hpp
[586.447s] -- Installing: /mnt/d/prueba/TFG-ROS2/ros2_client_node/install/shape_msgs/include/shape_msgs/shape_msgs/msg/solid_primitive.hpp
[586.721s] -- Up-to-date: /mnt/d/prueba/TFG-ROS2/ros2_client_node/install/shape_msgs/include/shape_msgs/shape_msgs
[586.789s] -- Up-to-date: /mnt/d/prueba/TFG-ROS2/ros2_client_node/install/shape_msgs/include/shape_msgs/shape_msgs/msg
[586.868s] -- Up-to-date: /mnt/d/prueba/TFG-ROS2/ros2_client_node/install/shape_msgs/include/shape_msgs/shape_msgs/msg/detail
[586.960s] -- Installing: /mnt/d/prueba/TFG-ROS2/ros2_client_node/install/shape_msgs/include/shape_msgs/shape_msgs/msg/detail/dds_fastrtps
[587.095s] -- Installing: /mnt/d/prueba/TFG-ROS2/ros2_client_node/install/shape_msgs/include/shape_msgs/shape_msgs/msg/detail/mesh_triangle__rosidl_typesupport_fastrtps_cpp.hpp
[587.372s] -- Installing: /mnt/d/prueba/TFG-ROS2/ros2_client_node/install/shape_msgs/include/shape_msgs/shape_msgs/msg/detail/mesh__rosidl_typesupport_fastrtps_cpp.hpp
[587.651s] -- Installing: /mnt/d/prueba/TFG-ROS2/ros2_client_node/install/shape_msgs/include/shape_msgs/shape_msgs/msg/detail/plane__rosidl_typesupport_fastrtps_cpp.hpp
[587.919s] -- Installing: /mnt/d/prueba/TFG-ROS2/ros2_client_node/install/shape_msgs/include/shape_msgs/shape_msgs/msg/detail/solid_primitive__rosidl_typesupport_fastrtps_cpp.hpp
[588.177s] -- Installing: /mnt/d/prueba/TFG-ROS2/ros2_client_node/install/shape_msgs/include/shape_msgs/shape_msgs/msg/rosidl_typesupport_fastrtps_cpp__visibility_control.h
[588.418s] -- Installing: /mnt/d/prueba/TFG-ROS2/ros2_client_node/install/shape_msgs/lib/libshape_msgs__rosidl_typesupport_fastrtps_cpp.so
[588.703s] -- Set runtime path of "/mnt/d/prueba/TFG-ROS2/ros2_client_node/install/shape_msgs/lib/libshape_msgs__rosidl_typesupport_fastrtps_cpp.so" to ""
[588.730s] -- Up-to-date: /mnt/d/prueba/TFG-ROS2/ros2_client_node/install/shape_msgs/include/shape_msgs
[588.779s] -- Installing: /mnt/d/prueba/TFG-ROS2/ros2_client_node/install/shape_msgs/include/shape_msgs/msg
[588.855s] -- Installing: /mnt/d/prueba/TFG-ROS2/ros2_client_node/install/shape_msgs/include/shape_msgs/msg/detail
[588.966s] -- Installing: /mnt/d/prueba/TFG-ROS2/ros2_client_node/install/shape_msgs/include/shape_msgs/msg/detail/mesh_triangle__rosidl_typesupport_microxrcedds_c.h
[589.216s] -- Installing: /mnt/d/prueba/TFG-ROS2/ros2_client_node/install/shape_msgs/include/shape_msgs/msg/detail/mesh__rosidl_typesupport_microxrcedds_c.h
[589.449s] -- Installing: /mnt/d/prueba/TFG-ROS2/ros2_client_node/install/shape_msgs/include/shape_msgs/msg/detail/microxrcedds
[589.573s] -- Installing: /mnt/d/prueba/TFG-ROS2/ros2_client_node/install/shape_msgs/include/shape_msgs/msg/detail/plane__rosidl_typesupport_microxrcedds_c.h
[589.834s] -- Installing: /mnt/d/prueba/TFG-ROS2/ros2_client_node/install/shape_msgs/include/shape_msgs/msg/detail/solid_primitive__rosidl_typesupport_microxrcedds_c.h
[590.073s] -- Installing: /mnt/d/prueba/TFG-ROS2/ros2_client_node/install/shape_msgs/include/shape_msgs/msg/rosidl_typesupport_microxrcedds_c__visibility_control.h
[590.286s] -- Installing: /mnt/d/prueba/TFG-ROS2/ros2_client_node/install/shape_msgs/lib/libshape_msgs__rosidl_typesupport_microxrcedds_c.so
[590.569s] -- Set runtime path of "/mnt/d/prueba/TFG-ROS2/ros2_client_node/install/shape_msgs/lib/libshape_msgs__rosidl_typesupport_microxrcedds_c.so" to ""
[590.598s] -- Up-to-date: /mnt/d/prueba/TFG-ROS2/ros2_client_node/install/shape_msgs/include/shape_msgs/shape_msgs
[590.661s] -- Up-to-date: /mnt/d/prueba/TFG-ROS2/ros2_client_node/install/shape_msgs/include/shape_msgs/shape_msgs/msg
[590.749s] -- Up-to-date: /mnt/d/prueba/TFG-ROS2/ros2_client_node/install/shape_msgs/include/shape_msgs/shape_msgs/msg/detail
[590.857s] -- Installing: /mnt/d/prueba/TFG-ROS2/ros2_client_node/install/shape_msgs/include/shape_msgs/shape_msgs/msg/detail/mesh_triangle__rosidl_typesupport_introspection_c.h
[591.136s] -- Installing: /mnt/d/prueba/TFG-ROS2/ros2_client_node/install/shape_msgs/include/shape_msgs/shape_msgs/msg/detail/mesh_triangle__type_support.c
[591.409s] -- Installing: /mnt/d/prueba/TFG-ROS2/ros2_client_node/install/shape_msgs/include/shape_msgs/shape_msgs/msg/detail/mesh__rosidl_typesupport_introspection_c.h
[591.684s] -- Installing: /mnt/d/prueba/TFG-ROS2/ros2_client_node/install/shape_msgs/include/shape_msgs/shape_msgs/msg/detail/mesh__type_support.c
[591.944s] -- Installing: /mnt/d/prueba/TFG-ROS2/ros2_client_node/install/shape_msgs/include/shape_msgs/shape_msgs/msg/detail/plane__rosidl_typesupport_introspection_c.h
[592.242s] -- Installing: /mnt/d/prueba/TFG-ROS2/ros2_client_node/install/shape_msgs/include/shape_msgs/shape_msgs/msg/detail/plane__type_support.c
[592.489s] -- Installing: /mnt/d/prueba/TFG-ROS2/ros2_client_node/install/shape_msgs/include/shape_msgs/shape_msgs/msg/detail/solid_primitive__rosidl_typesupport_introspection_c.h
[592.734s] -- Installing: /mnt/d/prueba/TFG-ROS2/ros2_client_node/install/shape_msgs/include/shape_msgs/shape_msgs/msg/detail/solid_primitive__type_support.c
[592.962s] -- Installing: /mnt/d/prueba/TFG-ROS2/ros2_client_node/install/shape_msgs/include/shape_msgs/shape_msgs/msg/rosidl_typesupport_introspection_c__visibility_control.h
[593.160s] -- Installing: /mnt/d/prueba/TFG-ROS2/ros2_client_node/install/shape_msgs/lib/libshape_msgs__rosidl_typesupport_introspection_c.so
[593.387s] -- Set runtime path of "/mnt/d/prueba/TFG-ROS2/ros2_client_node/install/shape_msgs/lib/libshape_msgs__rosidl_typesupport_introspection_c.so" to ""
[593.422s] -- Installing: /mnt/d/prueba/TFG-ROS2/ros2_client_node/install/shape_msgs/lib/libshape_msgs__rosidl_typesupport_c.so
[593.732s] -- Set runtime path of "/mnt/d/prueba/TFG-ROS2/ros2_client_node/install/shape_msgs/lib/libshape_msgs__rosidl_typesupport_c.so" to ""
[593.768s] -- Up-to-date: /mnt/d/prueba/TFG-ROS2/ros2_client_node/install/shape_msgs/include/shape_msgs
[593.840s] -- Up-to-date: /mnt/d/prueba/TFG-ROS2/ros2_client_node/install/shape_msgs/include/shape_msgs/msg
[593.931s] -- Up-to-date: /mnt/d/prueba/TFG-ROS2/ros2_client_node/install/shape_msgs/include/shape_msgs/msg/detail
[594.044s] -- Installing: /mnt/d/prueba/TFG-ROS2/ros2_client_node/install/shape_msgs/include/shape_msgs/msg/detail/mesh_triangle__rosidl_typesupport_microxrcedds_cpp.hpp
[594.345s] -- Installing: /mnt/d/prueba/TFG-ROS2/ros2_client_node/install/shape_msgs/include/shape_msgs/msg/detail/mesh__rosidl_typesupport_microxrcedds_cpp.hpp
[594.628s] -- Up-to-date: /mnt/d/prueba/TFG-ROS2/ros2_client_node/install/shape_msgs/include/shape_msgs/msg/detail/microxrcedds
[594.758s] -- Installing: /mnt/d/prueba/TFG-ROS2/ros2_client_node/install/shape_msgs/include/shape_msgs/msg/detail/microxrcedds/mesh_triangle__type_support_cpp.cpp
[595.128s] -- Installing: /mnt/d/prueba/TFG-ROS2/ros2_client_node/install/shape_msgs/include/shape_msgs/msg/detail/microxrcedds/mesh__type_support_cpp.cpp
[595.482s] -- Installing: /mnt/d/prueba/TFG-ROS2/ros2_client_node/install/shape_msgs/include/shape_msgs/msg/detail/microxrcedds/plane__type_support_cpp.cpp
[595.847s] -- Installing: /mnt/d/prueba/TFG-ROS2/ros2_client_node/install/shape_msgs/include/shape_msgs/msg/detail/microxrcedds/solid_primitive__type_support_cpp.cpp
[596.223s] -- Installing: /mnt/d/prueba/TFG-ROS2/ros2_client_node/install/shape_msgs/include/shape_msgs/msg/detail/plane__rosidl_typesupport_microxrcedds_cpp.hpp
[596.519s] -- Installing: /mnt/d/prueba/TFG-ROS2/ros2_client_node/install/shape_msgs/include/shape_msgs/msg/detail/solid_primitive__rosidl_typesupport_microxrcedds_cpp.hpp
[596.781s] -- Installing: /mnt/d/prueba/TFG-ROS2/ros2_client_node/install/shape_msgs/include/shape_msgs/msg/rosidl_typesupport_microxrcedds_cpp__visibility_control.h
[597.013s] -- Installing: /mnt/d/prueba/TFG-ROS2/ros2_client_node/install/shape_msgs/lib/libshape_msgs__rosidl_typesupport_microxrcedds_cpp.so
[597.312s] -- Set runtime path of "/mnt/d/prueba/TFG-ROS2/ros2_client_node/install/shape_msgs/lib/libshape_msgs__rosidl_typesupport_microxrcedds_cpp.so" to ""
[597.346s] -- Up-to-date: /mnt/d/prueba/TFG-ROS2/ros2_client_node/install/shape_msgs/include/shape_msgs/shape_msgs
[597.419s] -- Up-to-date: /mnt/d/prueba/TFG-ROS2/ros2_client_node/install/shape_msgs/include/shape_msgs/shape_msgs/msg
[597.516s] -- Up-to-date: /mnt/d/prueba/TFG-ROS2/ros2_client_node/install/shape_msgs/include/shape_msgs/shape_msgs/msg/detail
[597.649s] -- Installing: /mnt/d/prueba/TFG-ROS2/ros2_client_node/install/shape_msgs/include/shape_msgs/shape_msgs/msg/detail/mesh_triangle__rosidl_typesupport_introspection_cpp.hpp
[597.989s] -- Installing: /mnt/d/prueba/TFG-ROS2/ros2_client_node/install/shape_msgs/include/shape_msgs/shape_msgs/msg/detail/mesh_triangle__type_support.cpp
[598.336s] -- Installing: /mnt/d/prueba/TFG-ROS2/ros2_client_node/install/shape_msgs/include/shape_msgs/shape_msgs/msg/detail/mesh__rosidl_typesupport_introspection_cpp.hpp
[598.679s] -- Installing: /mnt/d/prueba/TFG-ROS2/ros2_client_node/install/shape_msgs/include/shape_msgs/shape_msgs/msg/detail/mesh__type_support.cpp
[598.991s] -- Installing: /mnt/d/prueba/TFG-ROS2/ros2_client_node/install/shape_msgs/include/shape_msgs/shape_msgs/msg/detail/plane__rosidl_typesupport_introspection_cpp.hpp
[599.339s] -- Installing: /mnt/d/prueba/TFG-ROS2/ros2_client_node/install/shape_msgs/include/shape_msgs/shape_msgs/msg/detail/plane__type_support.cpp
[599.639s] -- Installing: /mnt/d/prueba/TFG-ROS2/ros2_client_node/install/shape_msgs/include/shape_msgs/shape_msgs/msg/detail/solid_primitive__rosidl_typesupport_introspection_cpp.hpp
[599.960s] -- Installing: /mnt/d/prueba/TFG-ROS2/ros2_client_node/install/shape_msgs/include/shape_msgs/shape_msgs/msg/detail/solid_primitive__type_support.cpp
[600.257s] -- Installing: /mnt/d/prueba/TFG-ROS2/ros2_client_node/install/shape_msgs/lib/libshape_msgs__rosidl_typesupport_introspection_cpp.so
[600.562s] -- Set runtime path of "/mnt/d/prueba/TFG-ROS2/ros2_client_node/install/shape_msgs/lib/libshape_msgs__rosidl_typesupport_introspection_cpp.so" to ""
[600.608s] -- Installing: /mnt/d/prueba/TFG-ROS2/ros2_client_node/install/shape_msgs/lib/libshape_msgs__rosidl_typesupport_cpp.so
[600.905s] -- Set runtime path of "/mnt/d/prueba/TFG-ROS2/ros2_client_node/install/shape_msgs/lib/libshape_msgs__rosidl_typesupport_cpp.so" to ""
[600.963s] -- Installing: /mnt/d/prueba/TFG-ROS2/ros2_client_node/install/shape_msgs/share/shape_msgs/environment/pythonpath.sh
[601.165s] -- Installing: /mnt/d/prueba/TFG-ROS2/ros2_client_node/install/shape_msgs/share/shape_msgs/environment/pythonpath.dsv
[601.346s] -- Installing: /mnt/d/prueba/TFG-ROS2/ros2_client_node/install/shape_msgs/local/lib/python3.10/dist-packages/shape_msgs-4.2.3-py3.10.egg-info
[601.481s] -- Installing: /mnt/d/prueba/TFG-ROS2/ros2_client_node/install/shape_msgs/local/lib/python3.10/dist-packages/shape_msgs-4.2.3-py3.10.egg-info/dependency_links.txt
[601.787s] -- Installing: /mnt/d/prueba/TFG-ROS2/ros2_client_node/install/shape_msgs/local/lib/python3.10/dist-packages/shape_msgs-4.2.3-py3.10.egg-info/PKG-INFO
[602.081s] -- Installing: /mnt/d/prueba/TFG-ROS2/ros2_client_node/install/shape_msgs/local/lib/python3.10/dist-packages/shape_msgs-4.2.3-py3.10.egg-info/SOURCES.txt
[602.365s] -- Installing: /mnt/d/prueba/TFG-ROS2/ros2_client_node/install/shape_msgs/local/lib/python3.10/dist-packages/shape_msgs-4.2.3-py3.10.egg-info/top_level.txt
[602.663s] -- Installing: /mnt/d/prueba/TFG-ROS2/ros2_client_node/install/shape_msgs/local/lib/python3.10/dist-packages/shape_msgs
[602.810s] -- Installing: /mnt/d/prueba/TFG-ROS2/ros2_client_node/install/shape_msgs/local/lib/python3.10/dist-packages/shape_msgs/libshape_msgs__rosidl_generator_py.so
[603.120s] -- Installing: /mnt/d/prueba/TFG-ROS2/ros2_client_node/install/shape_msgs/local/lib/python3.10/dist-packages/shape_msgs/msg
[603.288s] -- Installing: /mnt/d/prueba/TFG-ROS2/ros2_client_node/install/shape_msgs/local/lib/python3.10/dist-packages/shape_msgs/msg/_mesh.py
[603.626s] -- Installing: /mnt/d/prueba/TFG-ROS2/ros2_client_node/install/shape_msgs/local/lib/python3.10/dist-packages/shape_msgs/msg/_mesh_s.c
[603.943s] -- Installing: /mnt/d/prueba/TFG-ROS2/ros2_client_node/install/shape_msgs/local/lib/python3.10/dist-packages/shape_msgs/msg/_mesh_triangle.py
[604.252s] -- Installing: /mnt/d/prueba/TFG-ROS2/ros2_client_node/install/shape_msgs/local/lib/python3.10/dist-packages/shape_msgs/msg/_mesh_triangle_s.c
[604.577s] -- Installing: /mnt/d/prueba/TFG-ROS2/ros2_client_node/install/shape_msgs/local/lib/python3.10/dist-packages/shape_msgs/msg/_plane.py
[604.909s] -- Installing: /mnt/d/prueba/TFG-ROS2/ros2_client_node/install/shape_msgs/local/lib/python3.10/dist-packages/shape_msgs/msg/_plane_s.c
[605.241s] -- Installing: /mnt/d/prueba/TFG-ROS2/ros2_client_node/install/shape_msgs/local/lib/python3.10/dist-packages/shape_msgs/msg/_solid_primitive.py
[605.592s] -- Installing: /mnt/d/prueba/TFG-ROS2/ros2_client_node/install/shape_msgs/local/lib/python3.10/dist-packages/shape_msgs/msg/_solid_primitive_s.c
[605.940s] -- Installing: /mnt/d/prueba/TFG-ROS2/ros2_client_node/install/shape_msgs/local/lib/python3.10/dist-packages/shape_msgs/msg/__init__.py
[606.296s] -- Installing: /mnt/d/prueba/TFG-ROS2/ros2_client_node/install/shape_msgs/local/lib/python3.10/dist-packages/shape_msgs/shape_msgs_s__rosidl_typesupport_c.cpython-310-x86_64-linux-gnu.so
[606.635s] -- Installing: /mnt/d/prueba/TFG-ROS2/ros2_client_node/install/shape_msgs/local/lib/python3.10/dist-packages/shape_msgs/shape_msgs_s__rosidl_typesupport_fastrtps_c.cpython-310-x86_64-linux-gnu.so
[607.008s] -- Installing: /mnt/d/prueba/TFG-ROS2/ros2_client_node/install/shape_msgs/local/lib/python3.10/dist-packages/shape_msgs/shape_msgs_s__rosidl_typesupport_introspection_c.cpython-310-x86_64-linux-gnu.so
[607.372s] -- Installing: /mnt/d/prueba/TFG-ROS2/ros2_client_node/install/shape_msgs/local/lib/python3.10/dist-packages/shape_msgs/shape_msgs_s__rosidl_typesupport_microxrcedds_c.cpython-310-x86_64-linux-gnu.so
[607.718s] -- Installing: /mnt/d/prueba/TFG-ROS2/ros2_client_node/install/shape_msgs/local/lib/python3.10/dist-packages/shape_msgs/_shape_msgs_s.ep.rosidl_typesupport_c.c
[608.061s] -- Installing: /mnt/d/prueba/TFG-ROS2/ros2_client_node/install/shape_msgs/local/lib/python3.10/dist-packages/shape_msgs/_shape_msgs_s.ep.rosidl_typesupport_fastrtps_c.c
[608.421s] -- Installing: /mnt/d/prueba/TFG-ROS2/ros2_client_node/install/shape_msgs/local/lib/python3.10/dist-packages/shape_msgs/_shape_msgs_s.ep.rosidl_typesupport_introspection_c.c
[608.800s] -- Installing: /mnt/d/prueba/TFG-ROS2/ros2_client_node/install/shape_msgs/local/lib/python3.10/dist-packages/shape_msgs/_shape_msgs_s.ep.rosidl_typesupport_microxrcedds_c.c
[609.234s] -- Installing: /mnt/d/prueba/TFG-ROS2/ros2_client_node/install/shape_msgs/local/lib/python3.10/dist-packages/shape_msgs/__init__.py
[615.065s] Listing '/mnt/d/prueba/TFG-ROS2/ros2_client_node/install/shape_msgs/local/lib/python3.10/dist-packages/shape_msgs'...
[615.069s] Compiling '/mnt/d/prueba/TFG-ROS2/ros2_client_node/install/shape_msgs/local/lib/python3.10/dist-packages/shape_msgs/__init__.py'...
[615.072s] Listing '/mnt/d/prueba/TFG-ROS2/ros2_client_node/install/shape_msgs/local/lib/python3.10/dist-packages/shape_msgs/msg'...
[615.076s] Compiling '/mnt/d/prueba/TFG-ROS2/ros2_client_node/install/shape_msgs/local/lib/python3.10/dist-packages/shape_msgs/msg/__init__.py'...
[615.080s] Compiling '/mnt/d/prueba/TFG-ROS2/ros2_client_node/install/shape_msgs/local/lib/python3.10/dist-packages/shape_msgs/msg/_mesh.py'...
[615.084s] Compiling '/mnt/d/prueba/TFG-ROS2/ros2_client_node/install/shape_msgs/local/lib/python3.10/dist-packages/shape_msgs/msg/_mesh_triangle.py'...
[615.087s] Compiling '/mnt/d/prueba/TFG-ROS2/ros2_client_node/install/shape_msgs/local/lib/python3.10/dist-packages/shape_msgs/msg/_plane.py'...
[615.091s] Compiling '/mnt/d/prueba/TFG-ROS2/ros2_client_node/install/shape_msgs/local/lib/python3.10/dist-packages/shape_msgs/msg/_solid_primitive.py'...
[615.336s] -- Installing: /mnt/d/prueba/TFG-ROS2/ros2_client_node/install/shape_msgs/local/lib/python3.10/dist-packages/shape_msgs/shape_msgs_s__rosidl_typesupport_microxrcedds_c.cpython-310-x86_64-linux-gnu.so
[615.870s] -- Set runtime path of "/mnt/d/prueba/TFG-ROS2/ros2_client_node/install/shape_msgs/local/lib/python3.10/dist-packages/shape_msgs/shape_msgs_s__rosidl_typesupport_microxrcedds_c.cpython-310-x86_64-linux-gnu.so" to ""
[616.131s] -- Installing: /mnt/d/prueba/TFG-ROS2/ros2_client_node/install/shape_msgs/local/lib/python3.10/dist-packages/shape_msgs/shape_msgs_s__rosidl_typesupport_fastrtps_c.cpython-310-x86_64-linux-gnu.so
[616.681s] -- Set runtime path of "/mnt/d/prueba/TFG-ROS2/ros2_client_node/install/shape_msgs/local/lib/python3.10/dist-packages/shape_msgs/shape_msgs_s__rosidl_typesupport_fastrtps_c.cpython-310-x86_64-linux-gnu.so" to ""
[616.936s] -- Installing: /mnt/d/prueba/TFG-ROS2/ros2_client_node/install/shape_msgs/local/lib/python3.10/dist-packages/shape_msgs/shape_msgs_s__rosidl_typesupport_introspection_c.cpython-310-x86_64-linux-gnu.so
[617.447s] -- Set runtime path of "/mnt/d/prueba/TFG-ROS2/ros2_client_node/install/shape_msgs/local/lib/python3.10/dist-packages/shape_msgs/shape_msgs_s__rosidl_typesupport_introspection_c.cpython-310-x86_64-linux-gnu.so" to ""
[617.723s] -- Installing: /mnt/d/prueba/TFG-ROS2/ros2_client_node/install/shape_msgs/local/lib/python3.10/dist-packages/shape_msgs/shape_msgs_s__rosidl_typesupport_c.cpython-310-x86_64-linux-gnu.so
[618.216s] -- Set runtime path of "/mnt/d/prueba/TFG-ROS2/ros2_client_node/install/shape_msgs/local/lib/python3.10/dist-packages/shape_msgs/shape_msgs_s__rosidl_typesupport_c.cpython-310-x86_64-linux-gnu.so" to ""
[618.270s] -- Installing: /mnt/d/prueba/TFG-ROS2/ros2_client_node/install/shape_msgs/lib/libshape_msgs__rosidl_generator_py.so
[618.599s] -- Set runtime path of "/mnt/d/prueba/TFG-ROS2/ros2_client_node/install/shape_msgs/lib/libshape_msgs__rosidl_generator_py.so" to ""
[618.693s] -- Installing: /mnt/d/prueba/TFG-ROS2/ros2_client_node/install/shape_msgs/share/shape_msgs/msg/Mesh.idl
[618.967s] -- Installing: /mnt/d/prueba/TFG-ROS2/ros2_client_node/install/shape_msgs/share/shape_msgs/msg/MeshTriangle.idl
[619.244s] -- Installing: /mnt/d/prueba/TFG-ROS2/ros2_client_node/install/shape_msgs/share/shape_msgs/msg/Plane.idl
[619.511s] -- Installing: /mnt/d/prueba/TFG-ROS2/ros2_client_node/install/shape_msgs/share/shape_msgs/msg/SolidPrimitive.idl
[619.795s] -- Installing: /mnt/d/prueba/TFG-ROS2/ros2_client_node/install/shape_msgs/share/shape_msgs/msg/Mesh.msg
[620.087s] -- Installing: /mnt/d/prueba/TFG-ROS2/ros2_client_node/install/shape_msgs/share/shape_msgs/msg/MeshTriangle.msg
[620.372s] -- Installing: /mnt/d/prueba/TFG-ROS2/ros2_client_node/install/shape_msgs/share/shape_msgs/msg/Plane.msg
[620.630s] -- Installing: /mnt/d/prueba/TFG-ROS2/ros2_client_node/install/shape_msgs/share/shape_msgs/msg/SolidPrimitive.msg
[620.928s] -- Installing: /mnt/d/prueba/TFG-ROS2/ros2_client_node/install/shape_msgs/share/ament_index/resource_index/package_run_dependencies/shape_msgs
[621.263s] -- Installing: /mnt/d/prueba/TFG-ROS2/ros2_client_node/install/shape_msgs/share/ament_index/resource_index/parent_prefix_path/shape_msgs
[621.526s] -- Installing: /mnt/d/prueba/TFG-ROS2/ros2_client_node/install/shape_msgs/share/shape_msgs/environment/ament_prefix_path.sh
[621.688s] -- Installing: /mnt/d/prueba/TFG-ROS2/ros2_client_node/install/shape_msgs/share/shape_msgs/environment/ament_prefix_path.dsv
[621.884s] -- Installing: /mnt/d/prueba/TFG-ROS2/ros2_client_node/install/shape_msgs/share/shape_msgs/environment/path.sh
[622.058s] -- Installing: /mnt/d/prueba/TFG-ROS2/ros2_client_node/install/shape_msgs/share/shape_msgs/environment/path.dsv
[622.249s] -- Installing: /mnt/d/prueba/TFG-ROS2/ros2_client_node/install/shape_msgs/share/shape_msgs/local_setup.bash
[622.419s] -- Installing: /mnt/d/prueba/TFG-ROS2/ros2_client_node/install/shape_msgs/share/shape_msgs/local_setup.sh
[622.595s] -- Installing: /mnt/d/prueba/TFG-ROS2/ros2_client_node/install/shape_msgs/share/shape_msgs/local_setup.zsh
[622.773s] -- Installing: /mnt/d/prueba/TFG-ROS2/ros2_client_node/install/shape_msgs/share/shape_msgs/local_setup.dsv
[622.943s] -- Installing: /mnt/d/prueba/TFG-ROS2/ros2_client_node/install/shape_msgs/share/shape_msgs/package.dsv
[623.166s] -- Installing: /mnt/d/prueba/TFG-ROS2/ros2_client_node/install/shape_msgs/share/ament_index/resource_index/packages/shape_msgs
[623.468s] -- Installing: /mnt/d/prueba/TFG-ROS2/ros2_client_node/install/shape_msgs/share/shape_msgs/cmake/export_shape_msgs__rosidl_generator_cExport.cmake
[623.713s] -- Installing: /mnt/d/prueba/TFG-ROS2/ros2_client_node/install/shape_msgs/share/shape_msgs/cmake/export_shape_msgs__rosidl_generator_cExport-noconfig.cmake
[623.956s] -- Installing: /mnt/d/prueba/TFG-ROS2/ros2_client_node/install/shape_msgs/share/shape_msgs/cmake/export_shape_msgs__rosidl_typesupport_fastrtps_cExport.cmake
[624.219s] -- Installing: /mnt/d/prueba/TFG-ROS2/ros2_client_node/install/shape_msgs/share/shape_msgs/cmake/export_shape_msgs__rosidl_typesupport_fastrtps_cExport-noconfig.cmake
[624.469s] -- Installing: /mnt/d/prueba/TFG-ROS2/ros2_client_node/install/shape_msgs/share/shape_msgs/cmake/export_shape_msgs__rosidl_generator_cppExport.cmake
[624.761s] -- Installing: /mnt/d/prueba/TFG-ROS2/ros2_client_node/install/shape_msgs/share/shape_msgs/cmake/export_shape_msgs__rosidl_typesupport_fastrtps_cppExport.cmake
[625.052s] -- Installing: /mnt/d/prueba/TFG-ROS2/ros2_client_node/install/shape_msgs/share/shape_msgs/cmake/export_shape_msgs__rosidl_typesupport_fastrtps_cppExport-noconfig.cmake
[625.338s] -- Installing: /mnt/d/prueba/TFG-ROS2/ros2_client_node/install/shape_msgs/share/shape_msgs/cmake/shape_msgs__rosidl_typesupport_introspection_cExport.cmake
[625.626s] -- Installing: /mnt/d/prueba/TFG-ROS2/ros2_client_node/install/shape_msgs/share/shape_msgs/cmake/shape_msgs__rosidl_typesupport_introspection_cExport-noconfig.cmake
[625.953s] -- Installing: /mnt/d/prueba/TFG-ROS2/ros2_client_node/install/shape_msgs/share/shape_msgs/cmake/shape_msgs__rosidl_typesupport_cExport.cmake
[626.280s] -- Installing: /mnt/d/prueba/TFG-ROS2/ros2_client_node/install/shape_msgs/share/shape_msgs/cmake/shape_msgs__rosidl_typesupport_cExport-noconfig.cmake
[626.605s] -- Installing: /mnt/d/prueba/TFG-ROS2/ros2_client_node/install/shape_msgs/share/shape_msgs/cmake/shape_msgs__rosidl_typesupport_introspection_cppExport.cmake
[626.918s] -- Installing: /mnt/d/prueba/TFG-ROS2/ros2_client_node/install/shape_msgs/share/shape_msgs/cmake/shape_msgs__rosidl_typesupport_introspection_cppExport-noconfig.cmake
[627.272s] -- Installing: /mnt/d/prueba/TFG-ROS2/ros2_client_node/install/shape_msgs/share/shape_msgs/cmake/shape_msgs__rosidl_typesupport_cppExport.cmake
[627.622s] -- Installing: /mnt/d/prueba/TFG-ROS2/ros2_client_node/install/shape_msgs/share/shape_msgs/cmake/shape_msgs__rosidl_typesupport_cppExport-noconfig.cmake
[627.968s] -- Installing: /mnt/d/prueba/TFG-ROS2/ros2_client_node/install/shape_msgs/share/shape_msgs/cmake/export_shape_msgs__rosidl_generator_pyExport.cmake
[628.336s] -- Installing: /mnt/d/prueba/TFG-ROS2/ros2_client_node/install/shape_msgs/share/shape_msgs/cmake/export_shape_msgs__rosidl_generator_pyExport-noconfig.cmake
[628.614s] -- Installing: /mnt/d/prueba/TFG-ROS2/ros2_client_node/install/shape_msgs/share/shape_msgs/cmake/rosidl_cmake-extras.cmake
[628.866s] -- Installing: /mnt/d/prueba/TFG-ROS2/ros2_client_node/install/shape_msgs/share/shape_msgs/cmake/ament_cmake_export_dependencies-extras.cmake
[629.123s] -- Installing: /mnt/d/prueba/TFG-ROS2/ros2_client_node/install/shape_msgs/share/shape_msgs/cmake/ament_cmake_export_include_directories-extras.cmake
[629.368s] -- Installing: /mnt/d/prueba/TFG-ROS2/ros2_client_node/install/shape_msgs/share/shape_msgs/cmake/ament_cmake_export_libraries-extras.cmake
[629.640s] -- Installing: /mnt/d/prueba/TFG-ROS2/ros2_client_node/install/shape_msgs/share/shape_msgs/cmake/ament_cmake_export_targets-extras.cmake
[629.912s] -- Installing: /mnt/d/prueba/TFG-ROS2/ros2_client_node/install/shape_msgs/share/shape_msgs/cmake/rosidl_cmake_export_typesupport_targets-extras.cmake
[630.186s] -- Installing: /mnt/d/prueba/TFG-ROS2/ros2_client_node/install/shape_msgs/share/shape_msgs/cmake/rosidl_cmake_export_typesupport_libraries-extras.cmake
[630.472s] -- Installing: /mnt/d/prueba/TFG-ROS2/ros2_client_node/install/shape_msgs/share/shape_msgs/cmake/shape_msgsConfig.cmake
[630.781s] -- Installing: /mnt/d/prueba/TFG-ROS2/ros2_client_node/install/shape_msgs/share/shape_msgs/cmake/shape_msgsConfig-version.cmake
[631.050s] -- Installing: /mnt/d/prueba/TFG-ROS2/ros2_client_node/install/shape_msgs/share/shape_msgs/package.xml
[631.251s] Invoked command in '/mnt/d/prueba/TFG-ROS2/ros2_client_node/build/shape_msgs' returned '0': AMENT_PREFIX_PATH=/mnt/d/prueba/TFG-ROS2/ros2_client_node/install/geometry_msgs:/mnt/d/prueba/TFG-ROS2/ros2_client_node/install/std_msgs:/mnt/d/prueba/TFG-ROS2/ros2_client_node/install/builtin_interfaces:${AMENT_PREFIX_PATH} CMAKE_PREFIX_PATH=/mnt/d/prueba/TFG-ROS2/ros2_client_node/install/geometry_msgs:/mnt/d/prueba/TFG-ROS2/ros2_client_node/install/std_msgs:/mnt/d/prueba/TFG-ROS2/ros2_client_node/install/builtin_interfaces:/mnt/d/prueba/TFG-ROS2/ros2_client_node/install/rosidl_typesupport_microxrcedds_cpp:/mnt/d/prueba/TFG-ROS2/ros2_client_node/install/rosidl_typesupport_microxrcedds_c:/mnt/d/prueba/TFG-ROS2/ros2_client_node/install/microcdr:/mnt/d/prueba/TFG-ROS2/ros2_client_node/install/micro_ros_setup:/mnt/d/prueba/TFG-ROS2/ros2_agent_node/install/micro_ros_agent:/mnt/d/prueba/TFG-ROS2/ros2_agent_node/install/micro_ros_msgs:/mnt/d/prueba/TFG-ROS2/ros2_agent_node/install/micro_ros_setup:/opt/ros/humble LD_LIBRARY_PATH=/mnt/d/prueba/TFG-ROS2/ros2_client_node/install/geometry_msgs/lib:/mnt/d/prueba/TFG-ROS2/ros2_client_node/install/std_msgs/lib:/mnt/d/prueba/TFG-ROS2/ros2_client_node/install/builtin_interfaces/lib:${LD_LIBRARY_PATH} PYTHONPATH=/mnt/d/prueba/TFG-ROS2/ros2_client_node/install/geometry_msgs/local/lib/python3.10/dist-packages:/mnt/d/prueba/TFG-ROS2/ros2_client_node/install/std_msgs/local/lib/python3.10/dist-packages:/mnt/d/prueba/TFG-ROS2/ros2_client_node/install/builtin_interfaces/local/lib/python3.10/dist-packages:${PYTHONPATH} /usr/bin/cmake --install /mnt/d/prueba/TFG-ROS2/ros2_client_node/build/shape_msgs
