[2.250s] Invoking command in '/mnt/d/prueba/TFG-ROS2/ros2_client_node/build/composition_interfaces': AMENT_PREFIX_PATH=/mnt/d/prueba/TFG-ROS2/ros2_client_node/install/rcl_interfaces:/mnt/d/prueba/TFG-ROS2/ros2_client_node/install/builtin_interfaces:${AMENT_PREFIX_PATH} CMAKE_PREFIX_PATH=/mnt/d/prueba/TFG-ROS2/ros2_client_node/install/rcl_interfaces:/mnt/d/prueba/TFG-ROS2/ros2_client_node/install/builtin_interfaces:/mnt/d/prueba/TFG-ROS2/ros2_client_node/install/rosidl_typesupport_microxrcedds_cpp:/mnt/d/prueba/TFG-ROS2/ros2_client_node/install/rosidl_typesupport_microxrcedds_c:/mnt/d/prueba/TFG-ROS2/ros2_client_node/install/microcdr:/mnt/d/prueba/TFG-ROS2/ros2_client_node/install/micro_ros_setup:/mnt/d/prueba/TFG-ROS2/ros2_agent_node/install/micro_ros_agent:/mnt/d/prueba/TFG-ROS2/ros2_agent_node/install/micro_ros_msgs:/mnt/d/prueba/TFG-ROS2/ros2_agent_node/install/micro_ros_setup:/opt/ros/humble LD_LIBRARY_PATH=/mnt/d/prueba/TFG-ROS2/ros2_client_node/install/rcl_interfaces/lib:/mnt/d/prueba/TFG-ROS2/ros2_client_node/install/builtin_interfaces/lib:${LD_LIBRARY_PATH} PYTHONPATH=/mnt/d/prueba/TFG-ROS2/ros2_client_node/install/rcl_interfaces/local/lib/python3.10/dist-packages:/mnt/d/prueba/TFG-ROS2/ros2_client_node/install/builtin_interfaces/local/lib/python3.10/dist-packages:${PYTHONPATH} /usr/bin/cmake /mnt/d/prueba/TFG-ROS2/ros2_client_node/src/ros2/rcl_interfaces/composition_interfaces -DBUILD_TESTING=OFF -DBUILD_SHARED_LIBS=ON -DCMAKE_INSTALL_PREFIX=/mnt/d/prueba/TFG-ROS2/ros2_client_node/install/composition_interfaces
[8.038s] -- The C compiler identification is GNU 11.3.0
[11.073s] -- The CXX compiler identification is GNU 11.3.0
[11.758s] -- Detecting C compiler ABI info
[20.437s] -- Detecting C compiler ABI info - done
[20.510s] -- Check for working C compiler: /usr/bin/cc - skipped
[20.513s] -- Detecting C compile features
[20.516s] -- Detecting C compile features - done
[20.716s] -- Detecting CXX compiler ABI info
[28.018s] -- Detecting CXX compiler ABI info - done
[28.092s] -- Check for working CXX compiler: /usr/bin/c++ - skipped
[28.096s] -- Detecting CXX compile features
[28.099s] -- Detecting CXX compile features - done
[28.975s] -- Found ament_cmake: 1.3.3 (/opt/ros/humble/share/ament_cmake/cmake)
[41.663s] -- Found Python3: /usr/bin/python3.10 (found version "3.10.6") found components: Interpreter 
[69.361s] -- Found rosidl_default_generators: 1.2.0 (/opt/ros/humble/share/rosidl_default_generators/cmake)
[70.725s] -- Using all available rosidl_typesupport_c: rosidl_typesupport_microxrcedds_c;rosidl_typesupport_fastrtps_c;rosidl_typesupport_introspection_c
[73.708s] -- Found rosidl_adapter: 3.1.4 (/opt/ros/humble/share/rosidl_adapter/cmake)
[85.388s] -- Using all available rosidl_typesupport_cpp: rosidl_typesupport_microxrcedds_cpp;rosidl_typesupport_fastrtps_cpp;rosidl_typesupport_introspection_cpp
[90.751s] -- Found rcl_interfaces: 1.2.1 (/mnt/d/prueba/TFG-ROS2/ros2_client_node/install/rcl_interfaces/share/rcl_interfaces/cmake)
[109.695s] -- Found ament_cmake_ros: 0.10.0 (/opt/ros/humble/share/ament_cmake_ros/cmake)
[127.208s] -- Using all available rosidl_typesupport_c: rosidl_typesupport_microxrcedds_c;rosidl_typesupport_fastrtps_c;rosidl_typesupport_introspection_c
[147.656s] -- Using all available rosidl_typesupport_cpp: rosidl_typesupport_microxrcedds_cpp;rosidl_typesupport_fastrtps_cpp;rosidl_typesupport_introspection_cpp
[149.608s] -- Found PythonInterp: /usr/bin/python3 (found suitable version "3.10.6", minimum required is "3.6") 
[150.474s] -- Found python_cmake_module: 0.10.0 (/opt/ros/humble/share/python_cmake_module/cmake)
[152.801s] -- Found PythonLibs: /usr/lib/x86_64-linux-gnu/libpython3.10.so (found suitable version "3.10.6", minimum required is "3.5") 
[152.804s] -- Using PYTHON_EXECUTABLE: /usr/bin/python3
[152.807s] -- Using PYTHON_INCLUDE_DIRS: /usr/include/python3.10
[152.810s] -- Using PYTHON_LIBRARIES: /usr/lib/x86_64-linux-gnu/libpython3.10.so
[154.382s] -- Found PythonExtra: .so  
[160.392s] -- Configuring done
[172.339s] -- Generating done
[173.074s] -- Build files have been written to: /mnt/d/prueba/TFG-ROS2/ros2_client_node/build/composition_interfaces
[173.086s] Invoked command in '/mnt/d/prueba/TFG-ROS2/ros2_client_node/build/composition_interfaces' returned '0': AMENT_PREFIX_PATH=/mnt/d/prueba/TFG-ROS2/ros2_client_node/install/rcl_interfaces:/mnt/d/prueba/TFG-ROS2/ros2_client_node/install/builtin_interfaces:${AMENT_PREFIX_PATH} CMAKE_PREFIX_PATH=/mnt/d/prueba/TFG-ROS2/ros2_client_node/install/rcl_interfaces:/mnt/d/prueba/TFG-ROS2/ros2_client_node/install/builtin_interfaces:/mnt/d/prueba/TFG-ROS2/ros2_client_node/install/rosidl_typesupport_microxrcedds_cpp:/mnt/d/prueba/TFG-ROS2/ros2_client_node/install/rosidl_typesupport_microxrcedds_c:/mnt/d/prueba/TFG-ROS2/ros2_client_node/install/microcdr:/mnt/d/prueba/TFG-ROS2/ros2_client_node/install/micro_ros_setup:/mnt/d/prueba/TFG-ROS2/ros2_agent_node/install/micro_ros_agent:/mnt/d/prueba/TFG-ROS2/ros2_agent_node/install/micro_ros_msgs:/mnt/d/prueba/TFG-ROS2/ros2_agent_node/install/micro_ros_setup:/opt/ros/humble LD_LIBRARY_PATH=/mnt/d/prueba/TFG-ROS2/ros2_client_node/install/rcl_interfaces/lib:/mnt/d/prueba/TFG-ROS2/ros2_client_node/install/builtin_interfaces/lib:${LD_LIBRARY_PATH} PYTHONPATH=/mnt/d/prueba/TFG-ROS2/ros2_client_node/install/rcl_interfaces/local/lib/python3.10/dist-packages:/mnt/d/prueba/TFG-ROS2/ros2_client_node/install/builtin_interfaces/local/lib/python3.10/dist-packages:${PYTHONPATH} /usr/bin/cmake /mnt/d/prueba/TFG-ROS2/ros2_client_node/src/ros2/rcl_interfaces/composition_interfaces -DBUILD_TESTING=OFF -DBUILD_SHARED_LIBS=ON -DCMAKE_INSTALL_PREFIX=/mnt/d/prueba/TFG-ROS2/ros2_client_node/install/composition_interfaces
[173.112s] Invoking command in '/mnt/d/prueba/TFG-ROS2/ros2_client_node/build/composition_interfaces': AMENT_PREFIX_PATH=/mnt/d/prueba/TFG-ROS2/ros2_client_node/install/rcl_interfaces:/mnt/d/prueba/TFG-ROS2/ros2_client_node/install/builtin_interfaces:${AMENT_PREFIX_PATH} CMAKE_PREFIX_PATH=/mnt/d/prueba/TFG-ROS2/ros2_client_node/install/rcl_interfaces:/mnt/d/prueba/TFG-ROS2/ros2_client_node/install/builtin_interfaces:/mnt/d/prueba/TFG-ROS2/ros2_client_node/install/rosidl_typesupport_microxrcedds_cpp:/mnt/d/prueba/TFG-ROS2/ros2_client_node/install/rosidl_typesupport_microxrcedds_c:/mnt/d/prueba/TFG-ROS2/ros2_client_node/install/microcdr:/mnt/d/prueba/TFG-ROS2/ros2_client_node/install/micro_ros_setup:/mnt/d/prueba/TFG-ROS2/ros2_agent_node/install/micro_ros_agent:/mnt/d/prueba/TFG-ROS2/ros2_agent_node/install/micro_ros_msgs:/mnt/d/prueba/TFG-ROS2/ros2_agent_node/install/micro_ros_setup:/opt/ros/humble LD_LIBRARY_PATH=/mnt/d/prueba/TFG-ROS2/ros2_client_node/install/rcl_interfaces/lib:/mnt/d/prueba/TFG-ROS2/ros2_client_node/install/builtin_interfaces/lib:${LD_LIBRARY_PATH} PYTHONPATH=/mnt/d/prueba/TFG-ROS2/ros2_client_node/install/rcl_interfaces/local/lib/python3.10/dist-packages:/mnt/d/prueba/TFG-ROS2/ros2_client_node/install/builtin_interfaces/local/lib/python3.10/dist-packages:${PYTHONPATH} /usr/bin/cmake --build /mnt/d/prueba/TFG-ROS2/ros2_client_node/build/composition_interfaces -- -j12 -l12
[182.485s] [  1%] [34m[1mGenerating C++ code for ROS interfaces[0m
[200.435s] [  1%] Built target composition_interfaces__cpp
[205.953s] [  1%] Built target ament_cmake_python_copy_composition_interfaces
[208.428s] [  3%] [34m[1mGenerating C++ introspection for ROS interfaces[0m
[224.025s] [  5%] [32mBuilding CXX object CMakeFiles/composition_interfaces__rosidl_typesupport_introspection_cpp.dir/rosidl_typesupport_introspection_cpp/composition_interfaces/srv/detail/load_node__type_support.cpp.o[0m
[236.706s] [  6%] [32mBuilding CXX object CMakeFiles/composition_interfaces__rosidl_typesupport_introspection_cpp.dir/rosidl_typesupport_introspection_cpp/composition_interfaces/srv/detail/unload_node__type_support.cpp.o[0m
[248.384s] [  8%] [32mBuilding CXX object CMakeFiles/composition_interfaces__rosidl_typesupport_introspection_cpp.dir/rosidl_typesupport_introspection_cpp/composition_interfaces/srv/detail/list_nodes__type_support.cpp.o[0m
[261.866s] [ 10%] [32m[1mLinking CXX shared library libcomposition_interfaces__rosidl_typesupport_introspection_cpp.so[0m
[266.838s] [ 10%] Built target composition_interfaces__rosidl_typesupport_introspection_cpp
[275.243s] running egg_info
[275.246s] creating composition_interfaces.egg-info
[275.251s] writing composition_interfaces.egg-info/PKG-INFO
[275.264s] writing dependency_links to composition_interfaces.egg-info/dependency_links.txt
[275.282s] writing top-level names to composition_interfaces.egg-info/top_level.txt
[275.295s] writing manifest file 'composition_interfaces.egg-info/SOURCES.txt'
[275.344s] reading manifest file 'composition_interfaces.egg-info/SOURCES.txt'
[275.411s] writing manifest file 'composition_interfaces.egg-info/SOURCES.txt'
[277.058s] [ 10%] Built target ament_cmake_python_build_composition_interfaces_egg
[278.862s] [ 11%] [34m[1mGenerating C++ type support for eProsima Fast-RTPS[0m
[295.225s] [ 13%] [32mBuilding CXX object CMakeFiles/composition_interfaces__rosidl_typesupport_fastrtps_cpp.dir/rosidl_typesupport_fastrtps_cpp/composition_interfaces/srv/detail/dds_fastrtps/load_node__type_support.cpp.o[0m
[308.169s] [ 15%] [32mBuilding CXX object CMakeFiles/composition_interfaces__rosidl_typesupport_fastrtps_cpp.dir/rosidl_typesupport_fastrtps_cpp/composition_interfaces/srv/detail/dds_fastrtps/unload_node__type_support.cpp.o[0m
[318.899s] [ 16%] [32mBuilding CXX object CMakeFiles/composition_interfaces__rosidl_typesupport_fastrtps_cpp.dir/rosidl_typesupport_fastrtps_cpp/composition_interfaces/srv/detail/dds_fastrtps/list_nodes__type_support.cpp.o[0m
[331.268s] [ 18%] [32m[1mLinking CXX shared library libcomposition_interfaces__rosidl_typesupport_fastrtps_cpp.so[0m
[337.398s] [ 18%] Built target composition_interfaces__rosidl_typesupport_fastrtps_cpp
[339.372s] [ 20%] [34m[1mGenerating C++ type support for eProsima Micro XRCE-DDS[0m
[355.272s] [ 22%] [32mBuilding CXX object CMakeFiles/composition_interfaces__rosidl_typesupport_microxrcedds_cpp.dir/rosidl_typesupport_microxrcedds_cpp/composition_interfaces/srv/detail/microxrcedds/load_node__type_support_cpp.cpp.o[0m
[373.473s] [ 23%] [32mBuilding CXX object CMakeFiles/composition_interfaces__rosidl_typesupport_microxrcedds_cpp.dir/rosidl_typesupport_microxrcedds_cpp/composition_interfaces/srv/detail/microxrcedds/unload_node__type_support_cpp.cpp.o[0m
[388.525s] [ 25%] [32mBuilding CXX object CMakeFiles/composition_interfaces__rosidl_typesupport_microxrcedds_cpp.dir/rosidl_typesupport_microxrcedds_cpp/composition_interfaces/srv/detail/microxrcedds/list_nodes__type_support_cpp.cpp.o[0m
[406.221s] [ 27%] [32m[1mLinking CXX shared library libcomposition_interfaces__rosidl_typesupport_microxrcedds_cpp.so[0m
[411.898s] [ 27%] Built target composition_interfaces__rosidl_typesupport_microxrcedds_cpp
[413.873s] [ 28%] [34m[1mGenerating C++ type support dispatch for ROS interfaces[0m
[414.027s] [ 30%] [34m[1mGenerating C code for ROS interfaces[0m
[422.494s] [ 32%] [32mBuilding CXX object CMakeFiles/composition_interfaces__rosidl_typesupport_cpp.dir/rosidl_typesupport_cpp/composition_interfaces/srv/load_node__type_support.cpp.o[0m
[422.530s] [ 33%] [32mBuilding CXX object CMakeFiles/composition_interfaces__rosidl_typesupport_cpp.dir/rosidl_typesupport_cpp/composition_interfaces/srv/list_nodes__type_support.cpp.o[0m
[422.710s] [ 35%] [32mBuilding CXX object CMakeFiles/composition_interfaces__rosidl_typesupport_cpp.dir/rosidl_typesupport_cpp/composition_interfaces/srv/unload_node__type_support.cpp.o[0m
[427.060s] [ 37%] [32mBuilding C object CMakeFiles/composition_interfaces__rosidl_generator_c.dir/rosidl_generator_c/composition_interfaces/srv/detail/load_node__functions.c.o[0m
[427.510s] [ 38%] [32mBuilding C object CMakeFiles/composition_interfaces__rosidl_generator_c.dir/rosidl_generator_c/composition_interfaces/srv/detail/list_nodes__functions.c.o[0m
[429.428s] [ 40%] [32m[1mLinking CXX shared library libcomposition_interfaces__rosidl_typesupport_cpp.so[0m
[432.237s] [ 42%] [32mBuilding C object CMakeFiles/composition_interfaces__rosidl_generator_c.dir/rosidl_generator_c/composition_interfaces/srv/detail/unload_node__functions.c.o[0m
[433.800s] [ 42%] Built target composition_interfaces__rosidl_typesupport_cpp
[437.070s] [ 44%] [32m[1mLinking C shared library libcomposition_interfaces__rosidl_generator_c.so[0m
[440.655s] [ 44%] Built target composition_interfaces__rosidl_generator_c
[442.057s] [ 45%] [34m[1mGenerating C type support for eProsima Micro XRCE-DDS[0m
[442.136s] [ 47%] [34m[1mGenerating C type support for eProsima Fast-RTPS[0m
[453.668s] [ 49%] [32mBuilding CXX object CMakeFiles/composition_interfaces__rosidl_typesupport_fastrtps_c.dir/rosidl_typesupport_fastrtps_c/composition_interfaces/srv/detail/load_node__type_support_c.cpp.o[0m
[453.753s] [ 50%] [32mBuilding CXX object CMakeFiles/composition_interfaces__rosidl_typesupport_fastrtps_c.dir/rosidl_typesupport_fastrtps_c/composition_interfaces/srv/detail/list_nodes__type_support_c.cpp.o[0m
[454.048s] [ 52%] [32mBuilding CXX object CMakeFiles/composition_interfaces__rosidl_typesupport_fastrtps_c.dir/rosidl_typesupport_fastrtps_c/composition_interfaces/srv/detail/unload_node__type_support_c.cpp.o[0m
[454.172s] [ 54%] [32mBuilding C object CMakeFiles/composition_interfaces__rosidl_typesupport_microxrcedds_c.dir/rosidl_typesupport_microxrcedds_c/composition_interfaces/srv/detail/microxrcedds/load_node__type_support_c.c.o[0m
[454.336s] [ 55%] [32mBuilding C object CMakeFiles/composition_interfaces__rosidl_typesupport_microxrcedds_c.dir/rosidl_typesupport_microxrcedds_c/composition_interfaces/srv/detail/microxrcedds/list_nodes__type_support_c.c.o[0m
[454.547s] [ 57%] [32mBuilding C object CMakeFiles/composition_interfaces__rosidl_typesupport_microxrcedds_c.dir/rosidl_typesupport_microxrcedds_c/composition_interfaces/srv/detail/microxrcedds/unload_node__type_support_c.c.o[0m
[461.141s] [ 59%] [32m[1mLinking C shared library libcomposition_interfaces__rosidl_typesupport_microxrcedds_c.so[0m
[462.996s] [ 61%] [32m[1mLinking CXX shared library libcomposition_interfaces__rosidl_typesupport_fastrtps_c.so[0m
[466.016s] [ 61%] Built target composition_interfaces__rosidl_typesupport_microxrcedds_c
[466.920s] [ 61%] Built target composition_interfaces__rosidl_typesupport_fastrtps_c
[468.815s] [ 62%] [34m[1mGenerating C type support dispatch for ROS interfaces[0m
[478.590s] [ 64%] [32mBuilding CXX object CMakeFiles/composition_interfaces__rosidl_typesupport_c.dir/rosidl_typesupport_c/composition_interfaces/srv/load_node__type_support.cpp.o[0m
[478.616s] [ 66%] [32mBuilding CXX object CMakeFiles/composition_interfaces__rosidl_typesupport_c.dir/rosidl_typesupport_c/composition_interfaces/srv/list_nodes__type_support.cpp.o[0m
[482.013s] [ 67%] [32mBuilding CXX object CMakeFiles/composition_interfaces__rosidl_typesupport_c.dir/rosidl_typesupport_c/composition_interfaces/srv/unload_node__type_support.cpp.o[0m
[484.883s] [ 69%] [32m[1mLinking CXX shared library libcomposition_interfaces__rosidl_typesupport_c.so[0m
[487.334s] [ 69%] Built target composition_interfaces__rosidl_typesupport_c
[488.648s] [ 71%] [34m[1mGenerating C introspection for ROS interfaces[0m
[499.127s] [ 72%] [32mBuilding C object CMakeFiles/composition_interfaces__rosidl_typesupport_introspection_c.dir/rosidl_typesupport_introspection_c/composition_interfaces/srv/detail/load_node__type_support.c.o[0m
[499.192s] [ 74%] [32mBuilding C object CMakeFiles/composition_interfaces__rosidl_typesupport_introspection_c.dir/rosidl_typesupport_introspection_c/composition_interfaces/srv/detail/list_nodes__type_support.c.o[0m
[503.432s] [ 76%] [32mBuilding C object CMakeFiles/composition_interfaces__rosidl_typesupport_introspection_c.dir/rosidl_typesupport_introspection_c/composition_interfaces/srv/detail/unload_node__type_support.c.o[0m
[507.178s] [ 77%] [32m[1mLinking C shared library libcomposition_interfaces__rosidl_typesupport_introspection_c.so[0m
[509.771s] [ 77%] Built target composition_interfaces__rosidl_typesupport_introspection_c
[512.673s] [ 77%] Built target composition_interfaces
[516.311s] [ 79%] [34m[1mGenerating Python code for ROS interfaces[0m
[530.443s] [ 79%] Built target composition_interfaces__py
[533.733s] [ 81%] [32mBuilding C object CMakeFiles/composition_interfaces__rosidl_generator_py.dir/rosidl_generator_py/composition_interfaces/srv/_load_node_s.c.o[0m
[541.371s] [ 83%] [32mBuilding C object CMakeFiles/composition_interfaces__rosidl_generator_py.dir/rosidl_generator_py/composition_interfaces/srv/_unload_node_s.c.o[0m
[548.894s] [ 84%] [32mBuilding C object CMakeFiles/composition_interfaces__rosidl_generator_py.dir/rosidl_generator_py/composition_interfaces/srv/_list_nodes_s.c.o[0m
[555.731s] [ 86%] [32m[1mLinking C shared library rosidl_generator_py/composition_interfaces/libcomposition_interfaces__rosidl_generator_py.so[0m
[558.348s] [ 86%] Built target composition_interfaces__rosidl_generator_py
[561.276s] [ 88%] [32mBuilding C object CMakeFiles/composition_interfaces__rosidl_typesupport_microxrcedds_c__pyext.dir/rosidl_generator_py/composition_interfaces/_composition_interfaces_s.ep.rosidl_typesupport_microxrcedds_c.c.o[0m
[561.707s] [ 89%] [32mBuilding C object CMakeFiles/composition_interfaces__rosidl_typesupport_fastrtps_c__pyext.dir/rosidl_generator_py/composition_interfaces/_composition_interfaces_s.ep.rosidl_typesupport_fastrtps_c.c.o[0m
[568.786s] [ 91%] [32m[1mLinking C shared library rosidl_generator_py/composition_interfaces/composition_interfaces_s__rosidl_typesupport_fastrtps_c.cpython-310-x86_64-linux-gnu.so[0m
[569.657s] [ 93%] [32m[1mLinking C shared library rosidl_generator_py/composition_interfaces/composition_interfaces_s__rosidl_typesupport_microxrcedds_c.cpython-310-x86_64-linux-gnu.so[0m
[572.501s] [ 93%] Built target composition_interfaces__rosidl_typesupport_fastrtps_c__pyext
[573.539s] [ 93%] Built target composition_interfaces__rosidl_typesupport_microxrcedds_c__pyext
[576.289s] [ 94%] [32mBuilding C object CMakeFiles/composition_interfaces__rosidl_typesupport_c__pyext.dir/rosidl_generator_py/composition_interfaces/_composition_interfaces_s.ep.rosidl_typesupport_c.c.o[0m
[576.385s] [ 96%] [32mBuilding C object CMakeFiles/composition_interfaces__rosidl_typesupport_introspection_c__pyext.dir/rosidl_generator_py/composition_interfaces/_composition_interfaces_s.ep.rosidl_typesupport_introspection_c.c.o[0m
[580.981s] [ 98%] [32m[1mLinking C shared library rosidl_generator_py/composition_interfaces/composition_interfaces_s__rosidl_typesupport_c.cpython-310-x86_64-linux-gnu.so[0m
[581.164s] [100%] [32m[1mLinking C shared library rosidl_generator_py/composition_interfaces/composition_interfaces_s__rosidl_typesupport_introspection_c.cpython-310-x86_64-linux-gnu.so[0m
[584.733s] [100%] Built target composition_interfaces__rosidl_typesupport_c__pyext
[584.931s] [100%] Built target composition_interfaces__rosidl_typesupport_introspection_c__pyext
[586.595s] Invoked command in '/mnt/d/prueba/TFG-ROS2/ros2_client_node/build/composition_interfaces' returned '0': AMENT_PREFIX_PATH=/mnt/d/prueba/TFG-ROS2/ros2_client_node/install/rcl_interfaces:/mnt/d/prueba/TFG-ROS2/ros2_client_node/install/builtin_interfaces:${AMENT_PREFIX_PATH} CMAKE_PREFIX_PATH=/mnt/d/prueba/TFG-ROS2/ros2_client_node/install/rcl_interfaces:/mnt/d/prueba/TFG-ROS2/ros2_client_node/install/builtin_interfaces:/mnt/d/prueba/TFG-ROS2/ros2_client_node/install/rosidl_typesupport_microxrcedds_cpp:/mnt/d/prueba/TFG-ROS2/ros2_client_node/install/rosidl_typesupport_microxrcedds_c:/mnt/d/prueba/TFG-ROS2/ros2_client_node/install/microcdr:/mnt/d/prueba/TFG-ROS2/ros2_client_node/install/micro_ros_setup:/mnt/d/prueba/TFG-ROS2/ros2_agent_node/install/micro_ros_agent:/mnt/d/prueba/TFG-ROS2/ros2_agent_node/install/micro_ros_msgs:/mnt/d/prueba/TFG-ROS2/ros2_agent_node/install/micro_ros_setup:/opt/ros/humble LD_LIBRARY_PATH=/mnt/d/prueba/TFG-ROS2/ros2_client_node/install/rcl_interfaces/lib:/mnt/d/prueba/TFG-ROS2/ros2_client_node/install/builtin_interfaces/lib:${LD_LIBRARY_PATH} PYTHONPATH=/mnt/d/prueba/TFG-ROS2/ros2_client_node/install/rcl_interfaces/local/lib/python3.10/dist-packages:/mnt/d/prueba/TFG-ROS2/ros2_client_node/install/builtin_interfaces/local/lib/python3.10/dist-packages:${PYTHONPATH} /usr/bin/cmake --build /mnt/d/prueba/TFG-ROS2/ros2_client_node/build/composition_interfaces -- -j12 -l12
[621.651s] Invoking command in '/mnt/d/prueba/TFG-ROS2/ros2_client_node/build/composition_interfaces': AMENT_PREFIX_PATH=/mnt/d/prueba/TFG-ROS2/ros2_client_node/install/rcl_interfaces:/mnt/d/prueba/TFG-ROS2/ros2_client_node/install/builtin_interfaces:${AMENT_PREFIX_PATH} CMAKE_PREFIX_PATH=/mnt/d/prueba/TFG-ROS2/ros2_client_node/install/rcl_interfaces:/mnt/d/prueba/TFG-ROS2/ros2_client_node/install/builtin_interfaces:/mnt/d/prueba/TFG-ROS2/ros2_client_node/install/rosidl_typesupport_microxrcedds_cpp:/mnt/d/prueba/TFG-ROS2/ros2_client_node/install/rosidl_typesupport_microxrcedds_c:/mnt/d/prueba/TFG-ROS2/ros2_client_node/install/microcdr:/mnt/d/prueba/TFG-ROS2/ros2_client_node/install/micro_ros_setup:/mnt/d/prueba/TFG-ROS2/ros2_agent_node/install/micro_ros_agent:/mnt/d/prueba/TFG-ROS2/ros2_agent_node/install/micro_ros_msgs:/mnt/d/prueba/TFG-ROS2/ros2_agent_node/install/micro_ros_setup:/opt/ros/humble LD_LIBRARY_PATH=/mnt/d/prueba/TFG-ROS2/ros2_client_node/install/rcl_interfaces/lib:/mnt/d/prueba/TFG-ROS2/ros2_client_node/install/builtin_interfaces/lib:${LD_LIBRARY_PATH} PYTHONPATH=/mnt/d/prueba/TFG-ROS2/ros2_client_node/install/rcl_interfaces/local/lib/python3.10/dist-packages:/mnt/d/prueba/TFG-ROS2/ros2_client_node/install/builtin_interfaces/local/lib/python3.10/dist-packages:${PYTHONPATH} /usr/bin/cmake --install /mnt/d/prueba/TFG-ROS2/ros2_client_node/build/composition_interfaces
[622.718s] -- Install configuration: ""
[622.814s] -- Installing: /mnt/d/prueba/TFG-ROS2/ros2_client_node/install/composition_interfaces/share/ament_index/resource_index/rosidl_interfaces/composition_interfaces
[623.029s] -- Installing: /mnt/d/prueba/TFG-ROS2/ros2_client_node/install/composition_interfaces/include/composition_interfaces/composition_interfaces
[623.092s] -- Installing: /mnt/d/prueba/TFG-ROS2/ros2_client_node/install/composition_interfaces/include/composition_interfaces/composition_interfaces/msg
[623.186s] -- Installing: /mnt/d/prueba/TFG-ROS2/ros2_client_node/install/composition_interfaces/include/composition_interfaces/composition_interfaces/msg/rosidl_generator_c__visibility_control.h
[623.381s] -- Installing: /mnt/d/prueba/TFG-ROS2/ros2_client_node/install/composition_interfaces/include/composition_interfaces/composition_interfaces/srv
[623.451s] -- Installing: /mnt/d/prueba/TFG-ROS2/ros2_client_node/install/composition_interfaces/include/composition_interfaces/composition_interfaces/srv/detail
[623.561s] -- Installing: /mnt/d/prueba/TFG-ROS2/ros2_client_node/install/composition_interfaces/include/composition_interfaces/composition_interfaces/srv/detail/list_nodes__functions.c
[623.832s] -- Installing: /mnt/d/prueba/TFG-ROS2/ros2_client_node/install/composition_interfaces/include/composition_interfaces/composition_interfaces/srv/detail/list_nodes__functions.h
[624.084s] -- Installing: /mnt/d/prueba/TFG-ROS2/ros2_client_node/install/composition_interfaces/include/composition_interfaces/composition_interfaces/srv/detail/list_nodes__struct.h
[624.301s] -- Installing: /mnt/d/prueba/TFG-ROS2/ros2_client_node/install/composition_interfaces/include/composition_interfaces/composition_interfaces/srv/detail/list_nodes__type_support.h
[624.559s] -- Installing: /mnt/d/prueba/TFG-ROS2/ros2_client_node/install/composition_interfaces/include/composition_interfaces/composition_interfaces/srv/detail/load_node__functions.c
[624.812s] -- Installing: /mnt/d/prueba/TFG-ROS2/ros2_client_node/install/composition_interfaces/include/composition_interfaces/composition_interfaces/srv/detail/load_node__functions.h
[625.101s] -- Installing: /mnt/d/prueba/TFG-ROS2/ros2_client_node/install/composition_interfaces/include/composition_interfaces/composition_interfaces/srv/detail/load_node__struct.h
[625.334s] -- Installing: /mnt/d/prueba/TFG-ROS2/ros2_client_node/install/composition_interfaces/include/composition_interfaces/composition_interfaces/srv/detail/load_node__type_support.h
[625.603s] -- Installing: /mnt/d/prueba/TFG-ROS2/ros2_client_node/install/composition_interfaces/include/composition_interfaces/composition_interfaces/srv/detail/unload_node__functions.c
[625.882s] -- Installing: /mnt/d/prueba/TFG-ROS2/ros2_client_node/install/composition_interfaces/include/composition_interfaces/composition_interfaces/srv/detail/unload_node__functions.h
[626.130s] -- Installing: /mnt/d/prueba/TFG-ROS2/ros2_client_node/install/composition_interfaces/include/composition_interfaces/composition_interfaces/srv/detail/unload_node__struct.h
[626.400s] -- Installing: /mnt/d/prueba/TFG-ROS2/ros2_client_node/install/composition_interfaces/include/composition_interfaces/composition_interfaces/srv/detail/unload_node__type_support.h
[626.712s] -- Installing: /mnt/d/prueba/TFG-ROS2/ros2_client_node/install/composition_interfaces/include/composition_interfaces/composition_interfaces/srv/list_nodes.h
[626.979s] -- Installing: /mnt/d/prueba/TFG-ROS2/ros2_client_node/install/composition_interfaces/include/composition_interfaces/composition_interfaces/srv/load_node.h
[627.251s] -- Installing: /mnt/d/prueba/TFG-ROS2/ros2_client_node/install/composition_interfaces/include/composition_interfaces/composition_interfaces/srv/unload_node.h
[627.503s] -- Installing: /mnt/d/prueba/TFG-ROS2/ros2_client_node/install/composition_interfaces/share/composition_interfaces/environment/library_path.sh
[627.678s] -- Installing: /mnt/d/prueba/TFG-ROS2/ros2_client_node/install/composition_interfaces/share/composition_interfaces/environment/library_path.dsv
[627.867s] -- Installing: /mnt/d/prueba/TFG-ROS2/ros2_client_node/install/composition_interfaces/lib/libcomposition_interfaces__rosidl_generator_c.so
[628.136s] -- Set runtime path of "/mnt/d/prueba/TFG-ROS2/ros2_client_node/install/composition_interfaces/lib/libcomposition_interfaces__rosidl_generator_c.so" to ""
[628.169s] -- Up-to-date: /mnt/d/prueba/TFG-ROS2/ros2_client_node/install/composition_interfaces/include/composition_interfaces
[628.240s] -- Installing: /mnt/d/prueba/TFG-ROS2/ros2_client_node/install/composition_interfaces/include/composition_interfaces/msg
[628.346s] -- Installing: /mnt/d/prueba/TFG-ROS2/ros2_client_node/install/composition_interfaces/include/composition_interfaces/msg/rosidl_typesupport_microxrcedds_c__visibility_control.h
[628.590s] -- Installing: /mnt/d/prueba/TFG-ROS2/ros2_client_node/install/composition_interfaces/include/composition_interfaces/srv
[628.672s] -- Installing: /mnt/d/prueba/TFG-ROS2/ros2_client_node/install/composition_interfaces/include/composition_interfaces/srv/detail
[628.817s] -- Installing: /mnt/d/prueba/TFG-ROS2/ros2_client_node/install/composition_interfaces/include/composition_interfaces/srv/detail/list_nodes__rosidl_typesupport_microxrcedds_c.h
[629.089s] -- Installing: /mnt/d/prueba/TFG-ROS2/ros2_client_node/install/composition_interfaces/include/composition_interfaces/srv/detail/load_node__rosidl_typesupport_microxrcedds_c.h
[629.306s] -- Installing: /mnt/d/prueba/TFG-ROS2/ros2_client_node/install/composition_interfaces/include/composition_interfaces/srv/detail/microxrcedds
[629.442s] -- Installing: /mnt/d/prueba/TFG-ROS2/ros2_client_node/install/composition_interfaces/include/composition_interfaces/srv/detail/unload_node__rosidl_typesupport_microxrcedds_c.h
[629.726s] -- Installing: /mnt/d/prueba/TFG-ROS2/ros2_client_node/install/composition_interfaces/lib/libcomposition_interfaces__rosidl_typesupport_microxrcedds_c.so
[630.036s] -- Set runtime path of "/mnt/d/prueba/TFG-ROS2/ros2_client_node/install/composition_interfaces/lib/libcomposition_interfaces__rosidl_typesupport_microxrcedds_c.so" to ""
[630.075s] -- Up-to-date: /mnt/d/prueba/TFG-ROS2/ros2_client_node/install/composition_interfaces/include/composition_interfaces/composition_interfaces
[630.198s] -- Up-to-date: /mnt/d/prueba/TFG-ROS2/ros2_client_node/install/composition_interfaces/include/composition_interfaces/composition_interfaces/msg
[630.306s] -- Installing: /mnt/d/prueba/TFG-ROS2/ros2_client_node/install/composition_interfaces/include/composition_interfaces/composition_interfaces/msg/rosidl_typesupport_fastrtps_c__visibility_control.h
[630.542s] -- Up-to-date: /mnt/d/prueba/TFG-ROS2/ros2_client_node/install/composition_interfaces/include/composition_interfaces/composition_interfaces/srv
[630.620s] -- Up-to-date: /mnt/d/prueba/TFG-ROS2/ros2_client_node/install/composition_interfaces/include/composition_interfaces/composition_interfaces/srv/detail
[630.728s] -- Installing: /mnt/d/prueba/TFG-ROS2/ros2_client_node/install/composition_interfaces/include/composition_interfaces/composition_interfaces/srv/detail/list_nodes__rosidl_typesupport_fastrtps_c.h
[631.034s] -- Installing: /mnt/d/prueba/TFG-ROS2/ros2_client_node/install/composition_interfaces/include/composition_interfaces/composition_interfaces/srv/detail/load_node__rosidl_typesupport_fastrtps_c.h
[631.355s] -- Installing: /mnt/d/prueba/TFG-ROS2/ros2_client_node/install/composition_interfaces/include/composition_interfaces/composition_interfaces/srv/detail/unload_node__rosidl_typesupport_fastrtps_c.h
[631.605s] -- Installing: /mnt/d/prueba/TFG-ROS2/ros2_client_node/install/composition_interfaces/lib/libcomposition_interfaces__rosidl_typesupport_fastrtps_c.so
[631.873s] -- Set runtime path of "/mnt/d/prueba/TFG-ROS2/ros2_client_node/install/composition_interfaces/lib/libcomposition_interfaces__rosidl_typesupport_fastrtps_c.so" to ""
[631.908s] -- Up-to-date: /mnt/d/prueba/TFG-ROS2/ros2_client_node/install/composition_interfaces/include/composition_interfaces/composition_interfaces
[631.980s] -- Up-to-date: /mnt/d/prueba/TFG-ROS2/ros2_client_node/install/composition_interfaces/include/composition_interfaces/composition_interfaces/msg
[632.086s] -- Installing: /mnt/d/prueba/TFG-ROS2/ros2_client_node/install/composition_interfaces/include/composition_interfaces/composition_interfaces/msg/rosidl_typesupport_introspection_c__visibility_control.h
[632.344s] -- Up-to-date: /mnt/d/prueba/TFG-ROS2/ros2_client_node/install/composition_interfaces/include/composition_interfaces/composition_interfaces/srv
[632.428s] -- Up-to-date: /mnt/d/prueba/TFG-ROS2/ros2_client_node/install/composition_interfaces/include/composition_interfaces/composition_interfaces/srv/detail
[632.539s] -- Installing: /mnt/d/prueba/TFG-ROS2/ros2_client_node/install/composition_interfaces/include/composition_interfaces/composition_interfaces/srv/detail/list_nodes__rosidl_typesupport_introspection_c.h
[632.787s] -- Installing: /mnt/d/prueba/TFG-ROS2/ros2_client_node/install/composition_interfaces/include/composition_interfaces/composition_interfaces/srv/detail/list_nodes__type_support.c
[632.996s] -- Installing: /mnt/d/prueba/TFG-ROS2/ros2_client_node/install/composition_interfaces/include/composition_interfaces/composition_interfaces/srv/detail/load_node__rosidl_typesupport_introspection_c.h
[633.222s] -- Installing: /mnt/d/prueba/TFG-ROS2/ros2_client_node/install/composition_interfaces/include/composition_interfaces/composition_interfaces/srv/detail/load_node__type_support.c
[633.467s] -- Installing: /mnt/d/prueba/TFG-ROS2/ros2_client_node/install/composition_interfaces/include/composition_interfaces/composition_interfaces/srv/detail/unload_node__rosidl_typesupport_introspection_c.h
[633.704s] -- Installing: /mnt/d/prueba/TFG-ROS2/ros2_client_node/install/composition_interfaces/include/composition_interfaces/composition_interfaces/srv/detail/unload_node__type_support.c
[633.865s] -- Installing: /mnt/d/prueba/TFG-ROS2/ros2_client_node/install/composition_interfaces/lib/libcomposition_interfaces__rosidl_typesupport_introspection_c.so
[634.027s] -- Set runtime path of "/mnt/d/prueba/TFG-ROS2/ros2_client_node/install/composition_interfaces/lib/libcomposition_interfaces__rosidl_typesupport_introspection_c.so" to ""
[634.054s] -- Installing: /mnt/d/prueba/TFG-ROS2/ros2_client_node/install/composition_interfaces/lib/libcomposition_interfaces__rosidl_typesupport_c.so
[634.250s] -- Set runtime path of "/mnt/d/prueba/TFG-ROS2/ros2_client_node/install/composition_interfaces/lib/libcomposition_interfaces__rosidl_typesupport_c.so" to ""
[634.279s] -- Up-to-date: /mnt/d/prueba/TFG-ROS2/ros2_client_node/install/composition_interfaces/include/composition_interfaces/composition_interfaces
[634.343s] -- Up-to-date: /mnt/d/prueba/TFG-ROS2/ros2_client_node/install/composition_interfaces/include/composition_interfaces/composition_interfaces/srv
[634.419s] -- Up-to-date: /mnt/d/prueba/TFG-ROS2/ros2_client_node/install/composition_interfaces/include/composition_interfaces/composition_interfaces/srv/detail
[634.517s] -- Installing: /mnt/d/prueba/TFG-ROS2/ros2_client_node/install/composition_interfaces/include/composition_interfaces/composition_interfaces/srv/detail/list_nodes__builder.hpp
[634.730s] -- Installing: /mnt/d/prueba/TFG-ROS2/ros2_client_node/install/composition_interfaces/include/composition_interfaces/composition_interfaces/srv/detail/list_nodes__struct.hpp
[634.921s] -- Installing: /mnt/d/prueba/TFG-ROS2/ros2_client_node/install/composition_interfaces/include/composition_interfaces/composition_interfaces/srv/detail/list_nodes__traits.hpp
[635.172s] -- Installing: /mnt/d/prueba/TFG-ROS2/ros2_client_node/install/composition_interfaces/include/composition_interfaces/composition_interfaces/srv/detail/load_node__builder.hpp
[635.427s] -- Installing: /mnt/d/prueba/TFG-ROS2/ros2_client_node/install/composition_interfaces/include/composition_interfaces/composition_interfaces/srv/detail/load_node__struct.hpp
[635.662s] -- Installing: /mnt/d/prueba/TFG-ROS2/ros2_client_node/install/composition_interfaces/include/composition_interfaces/composition_interfaces/srv/detail/load_node__traits.hpp
[635.907s] -- Installing: /mnt/d/prueba/TFG-ROS2/ros2_client_node/install/composition_interfaces/include/composition_interfaces/composition_interfaces/srv/detail/unload_node__builder.hpp
[636.150s] -- Installing: /mnt/d/prueba/TFG-ROS2/ros2_client_node/install/composition_interfaces/include/composition_interfaces/composition_interfaces/srv/detail/unload_node__struct.hpp
[636.393s] -- Installing: /mnt/d/prueba/TFG-ROS2/ros2_client_node/install/composition_interfaces/include/composition_interfaces/composition_interfaces/srv/detail/unload_node__traits.hpp
[636.638s] -- Installing: /mnt/d/prueba/TFG-ROS2/ros2_client_node/install/composition_interfaces/include/composition_interfaces/composition_interfaces/srv/list_nodes.hpp
[636.865s] -- Installing: /mnt/d/prueba/TFG-ROS2/ros2_client_node/install/composition_interfaces/include/composition_interfaces/composition_interfaces/srv/load_node.hpp
[637.079s] -- Installing: /mnt/d/prueba/TFG-ROS2/ros2_client_node/install/composition_interfaces/include/composition_interfaces/composition_interfaces/srv/unload_node.hpp
[637.244s] -- Up-to-date: /mnt/d/prueba/TFG-ROS2/ros2_client_node/install/composition_interfaces/include/composition_interfaces
[637.285s] -- Up-to-date: /mnt/d/prueba/TFG-ROS2/ros2_client_node/install/composition_interfaces/include/composition_interfaces/msg
[637.346s] -- Installing: /mnt/d/prueba/TFG-ROS2/ros2_client_node/install/composition_interfaces/include/composition_interfaces/msg/rosidl_typesupport_microxrcedds_cpp__visibility_control.h
[637.495s] -- Up-to-date: /mnt/d/prueba/TFG-ROS2/ros2_client_node/install/composition_interfaces/include/composition_interfaces/srv
[637.551s] -- Up-to-date: /mnt/d/prueba/TFG-ROS2/ros2_client_node/install/composition_interfaces/include/composition_interfaces/srv/detail
[637.626s] -- Installing: /mnt/d/prueba/TFG-ROS2/ros2_client_node/install/composition_interfaces/include/composition_interfaces/srv/detail/list_nodes__rosidl_typesupport_microxrcedds_cpp.hpp
[637.878s] -- Installing: /mnt/d/prueba/TFG-ROS2/ros2_client_node/install/composition_interfaces/include/composition_interfaces/srv/detail/load_node__rosidl_typesupport_microxrcedds_cpp.hpp
[638.128s] -- Up-to-date: /mnt/d/prueba/TFG-ROS2/ros2_client_node/install/composition_interfaces/include/composition_interfaces/srv/detail/microxrcedds
[638.240s] -- Installing: /mnt/d/prueba/TFG-ROS2/ros2_client_node/install/composition_interfaces/include/composition_interfaces/srv/detail/microxrcedds/list_nodes__type_support_cpp.cpp
[638.516s] -- Installing: /mnt/d/prueba/TFG-ROS2/ros2_client_node/install/composition_interfaces/include/composition_interfaces/srv/detail/microxrcedds/load_node__type_support_cpp.cpp
[638.783s] -- Installing: /mnt/d/prueba/TFG-ROS2/ros2_client_node/install/composition_interfaces/include/composition_interfaces/srv/detail/microxrcedds/unload_node__type_support_cpp.cpp
[639.045s] -- Installing: /mnt/d/prueba/TFG-ROS2/ros2_client_node/install/composition_interfaces/include/composition_interfaces/srv/detail/unload_node__rosidl_typesupport_microxrcedds_cpp.hpp
[639.285s] -- Installing: /mnt/d/prueba/TFG-ROS2/ros2_client_node/install/composition_interfaces/lib/libcomposition_interfaces__rosidl_typesupport_microxrcedds_cpp.so
[639.569s] -- Set runtime path of "/mnt/d/prueba/TFG-ROS2/ros2_client_node/install/composition_interfaces/lib/libcomposition_interfaces__rosidl_typesupport_microxrcedds_cpp.so" to ""
[639.601s] -- Up-to-date: /mnt/d/prueba/TFG-ROS2/ros2_client_node/install/composition_interfaces/include/composition_interfaces/composition_interfaces
[639.668s] -- Up-to-date: /mnt/d/prueba/TFG-ROS2/ros2_client_node/install/composition_interfaces/include/composition_interfaces/composition_interfaces/msg
[639.762s] -- Installing: /mnt/d/prueba/TFG-ROS2/ros2_client_node/install/composition_interfaces/include/composition_interfaces/composition_interfaces/msg/rosidl_typesupport_fastrtps_cpp__visibility_control.h
[639.980s] -- Up-to-date: /mnt/d/prueba/TFG-ROS2/ros2_client_node/install/composition_interfaces/include/composition_interfaces/composition_interfaces/srv
[640.054s] -- Up-to-date: /mnt/d/prueba/TFG-ROS2/ros2_client_node/install/composition_interfaces/include/composition_interfaces/composition_interfaces/srv/detail
[640.134s] -- Installing: /mnt/d/prueba/TFG-ROS2/ros2_client_node/install/composition_interfaces/include/composition_interfaces/composition_interfaces/srv/detail/dds_fastrtps
[640.257s] -- Installing: /mnt/d/prueba/TFG-ROS2/ros2_client_node/install/composition_interfaces/include/composition_interfaces/composition_interfaces/srv/detail/list_nodes__rosidl_typesupport_fastrtps_cpp.hpp
[640.502s] -- Installing: /mnt/d/prueba/TFG-ROS2/ros2_client_node/install/composition_interfaces/include/composition_interfaces/composition_interfaces/srv/detail/load_node__rosidl_typesupport_fastrtps_cpp.hpp
[640.761s] -- Installing: /mnt/d/prueba/TFG-ROS2/ros2_client_node/install/composition_interfaces/include/composition_interfaces/composition_interfaces/srv/detail/unload_node__rosidl_typesupport_fastrtps_cpp.hpp
[640.984s] -- Installing: /mnt/d/prueba/TFG-ROS2/ros2_client_node/install/composition_interfaces/lib/libcomposition_interfaces__rosidl_typesupport_fastrtps_cpp.so
[641.250s] -- Set runtime path of "/mnt/d/prueba/TFG-ROS2/ros2_client_node/install/composition_interfaces/lib/libcomposition_interfaces__rosidl_typesupport_fastrtps_cpp.so" to ""
[641.278s] -- Up-to-date: /mnt/d/prueba/TFG-ROS2/ros2_client_node/install/composition_interfaces/include/composition_interfaces/composition_interfaces
[641.340s] -- Up-to-date: /mnt/d/prueba/TFG-ROS2/ros2_client_node/install/composition_interfaces/include/composition_interfaces/composition_interfaces/srv
[641.413s] -- Up-to-date: /mnt/d/prueba/TFG-ROS2/ros2_client_node/install/composition_interfaces/include/composition_interfaces/composition_interfaces/srv/detail
[641.525s] -- Installing: /mnt/d/prueba/TFG-ROS2/ros2_client_node/install/composition_interfaces/include/composition_interfaces/composition_interfaces/srv/detail/list_nodes__rosidl_typesupport_introspection_cpp.hpp
[641.789s] -- Installing: /mnt/d/prueba/TFG-ROS2/ros2_client_node/install/composition_interfaces/include/composition_interfaces/composition_interfaces/srv/detail/list_nodes__type_support.cpp
[642.029s] -- Installing: /mnt/d/prueba/TFG-ROS2/ros2_client_node/install/composition_interfaces/include/composition_interfaces/composition_interfaces/srv/detail/load_node__rosidl_typesupport_introspection_cpp.hpp
[642.265s] -- Installing: /mnt/d/prueba/TFG-ROS2/ros2_client_node/install/composition_interfaces/include/composition_interfaces/composition_interfaces/srv/detail/load_node__type_support.cpp
[642.513s] -- Installing: /mnt/d/prueba/TFG-ROS2/ros2_client_node/install/composition_interfaces/include/composition_interfaces/composition_interfaces/srv/detail/unload_node__rosidl_typesupport_introspection_cpp.hpp
[642.833s] -- Installing: /mnt/d/prueba/TFG-ROS2/ros2_client_node/install/composition_interfaces/include/composition_interfaces/composition_interfaces/srv/detail/unload_node__type_support.cpp
[643.080s] -- Installing: /mnt/d/prueba/TFG-ROS2/ros2_client_node/install/composition_interfaces/lib/libcomposition_interfaces__rosidl_typesupport_introspection_cpp.so
[643.356s] -- Set runtime path of "/mnt/d/prueba/TFG-ROS2/ros2_client_node/install/composition_interfaces/lib/libcomposition_interfaces__rosidl_typesupport_introspection_cpp.so" to ""
[643.388s] -- Installing: /mnt/d/prueba/TFG-ROS2/ros2_client_node/install/composition_interfaces/lib/libcomposition_interfaces__rosidl_typesupport_cpp.so
[643.637s] -- Set runtime path of "/mnt/d/prueba/TFG-ROS2/ros2_client_node/install/composition_interfaces/lib/libcomposition_interfaces__rosidl_typesupport_cpp.so" to ""
[643.691s] -- Installing: /mnt/d/prueba/TFG-ROS2/ros2_client_node/install/composition_interfaces/share/composition_interfaces/environment/pythonpath.sh
[643.890s] -- Installing: /mnt/d/prueba/TFG-ROS2/ros2_client_node/install/composition_interfaces/share/composition_interfaces/environment/pythonpath.dsv
[644.049s] -- Installing: /mnt/d/prueba/TFG-ROS2/ros2_client_node/install/composition_interfaces/local/lib/python3.10/dist-packages/composition_interfaces-1.2.1-py3.10.egg-info
[644.152s] -- Installing: /mnt/d/prueba/TFG-ROS2/ros2_client_node/install/composition_interfaces/local/lib/python3.10/dist-packages/composition_interfaces-1.2.1-py3.10.egg-info/dependency_links.txt
[644.383s] -- Installing: /mnt/d/prueba/TFG-ROS2/ros2_client_node/install/composition_interfaces/local/lib/python3.10/dist-packages/composition_interfaces-1.2.1-py3.10.egg-info/PKG-INFO
[644.654s] -- Installing: /mnt/d/prueba/TFG-ROS2/ros2_client_node/install/composition_interfaces/local/lib/python3.10/dist-packages/composition_interfaces-1.2.1-py3.10.egg-info/SOURCES.txt
[644.901s] -- Installing: /mnt/d/prueba/TFG-ROS2/ros2_client_node/install/composition_interfaces/local/lib/python3.10/dist-packages/composition_interfaces-1.2.1-py3.10.egg-info/top_level.txt
[645.133s] -- Installing: /mnt/d/prueba/TFG-ROS2/ros2_client_node/install/composition_interfaces/local/lib/python3.10/dist-packages/composition_interfaces
[645.240s] -- Installing: /mnt/d/prueba/TFG-ROS2/ros2_client_node/install/composition_interfaces/local/lib/python3.10/dist-packages/composition_interfaces/composition_interfaces_s__rosidl_typesupport_c.cpython-310-x86_64-linux-gnu.so
[645.516s] -- Installing: /mnt/d/prueba/TFG-ROS2/ros2_client_node/install/composition_interfaces/local/lib/python3.10/dist-packages/composition_interfaces/composition_interfaces_s__rosidl_typesupport_fastrtps_c.cpython-310-x86_64-linux-gnu.so
[645.793s] -- Installing: /mnt/d/prueba/TFG-ROS2/ros2_client_node/install/composition_interfaces/local/lib/python3.10/dist-packages/composition_interfaces/composition_interfaces_s__rosidl_typesupport_introspection_c.cpython-310-x86_64-linux-gnu.so
[646.070s] -- Installing: /mnt/d/prueba/TFG-ROS2/ros2_client_node/install/composition_interfaces/local/lib/python3.10/dist-packages/composition_interfaces/composition_interfaces_s__rosidl_typesupport_microxrcedds_c.cpython-310-x86_64-linux-gnu.so
[646.342s] -- Installing: /mnt/d/prueba/TFG-ROS2/ros2_client_node/install/composition_interfaces/local/lib/python3.10/dist-packages/composition_interfaces/libcomposition_interfaces__rosidl_generator_py.so
[646.584s] -- Installing: /mnt/d/prueba/TFG-ROS2/ros2_client_node/install/composition_interfaces/local/lib/python3.10/dist-packages/composition_interfaces/srv
[646.721s] -- Installing: /mnt/d/prueba/TFG-ROS2/ros2_client_node/install/composition_interfaces/local/lib/python3.10/dist-packages/composition_interfaces/srv/_list_nodes.py
[646.996s] -- Installing: /mnt/d/prueba/TFG-ROS2/ros2_client_node/install/composition_interfaces/local/lib/python3.10/dist-packages/composition_interfaces/srv/_list_nodes_s.c
[647.291s] -- Installing: /mnt/d/prueba/TFG-ROS2/ros2_client_node/install/composition_interfaces/local/lib/python3.10/dist-packages/composition_interfaces/srv/_load_node.py
[647.628s] -- Installing: /mnt/d/prueba/TFG-ROS2/ros2_client_node/install/composition_interfaces/local/lib/python3.10/dist-packages/composition_interfaces/srv/_load_node_s.c
[647.952s] -- Installing: /mnt/d/prueba/TFG-ROS2/ros2_client_node/install/composition_interfaces/local/lib/python3.10/dist-packages/composition_interfaces/srv/_unload_node.py
[648.297s] -- Installing: /mnt/d/prueba/TFG-ROS2/ros2_client_node/install/composition_interfaces/local/lib/python3.10/dist-packages/composition_interfaces/srv/_unload_node_s.c
[648.635s] -- Installing: /mnt/d/prueba/TFG-ROS2/ros2_client_node/install/composition_interfaces/local/lib/python3.10/dist-packages/composition_interfaces/srv/__init__.py
[648.967s] -- Installing: /mnt/d/prueba/TFG-ROS2/ros2_client_node/install/composition_interfaces/local/lib/python3.10/dist-packages/composition_interfaces/_composition_interfaces_s.ep.rosidl_typesupport_c.c
[649.276s] -- Installing: /mnt/d/prueba/TFG-ROS2/ros2_client_node/install/composition_interfaces/local/lib/python3.10/dist-packages/composition_interfaces/_composition_interfaces_s.ep.rosidl_typesupport_fastrtps_c.c
[649.585s] -- Installing: /mnt/d/prueba/TFG-ROS2/ros2_client_node/install/composition_interfaces/local/lib/python3.10/dist-packages/composition_interfaces/_composition_interfaces_s.ep.rosidl_typesupport_introspection_c.c
[649.866s] -- Installing: /mnt/d/prueba/TFG-ROS2/ros2_client_node/install/composition_interfaces/local/lib/python3.10/dist-packages/composition_interfaces/_composition_interfaces_s.ep.rosidl_typesupport_microxrcedds_c.c
[650.154s] -- Installing: /mnt/d/prueba/TFG-ROS2/ros2_client_node/install/composition_interfaces/local/lib/python3.10/dist-packages/composition_interfaces/__init__.py
[655.011s] Listing '/mnt/d/prueba/TFG-ROS2/ros2_client_node/install/composition_interfaces/local/lib/python3.10/dist-packages/composition_interfaces'...
[655.013s] Compiling '/mnt/d/prueba/TFG-ROS2/ros2_client_node/install/composition_interfaces/local/lib/python3.10/dist-packages/composition_interfaces/__init__.py'...
[655.016s] Listing '/mnt/d/prueba/TFG-ROS2/ros2_client_node/install/composition_interfaces/local/lib/python3.10/dist-packages/composition_interfaces/srv'...
[655.020s] Compiling '/mnt/d/prueba/TFG-ROS2/ros2_client_node/install/composition_interfaces/local/lib/python3.10/dist-packages/composition_interfaces/srv/__init__.py'...
[655.023s] Compiling '/mnt/d/prueba/TFG-ROS2/ros2_client_node/install/composition_interfaces/local/lib/python3.10/dist-packages/composition_interfaces/srv/_list_nodes.py'...
[655.025s] Compiling '/mnt/d/prueba/TFG-ROS2/ros2_client_node/install/composition_interfaces/local/lib/python3.10/dist-packages/composition_interfaces/srv/_load_node.py'...
[655.028s] Compiling '/mnt/d/prueba/TFG-ROS2/ros2_client_node/install/composition_interfaces/local/lib/python3.10/dist-packages/composition_interfaces/srv/_unload_node.py'...
[655.196s] -- Installing: /mnt/d/prueba/TFG-ROS2/ros2_client_node/install/composition_interfaces/local/lib/python3.10/dist-packages/composition_interfaces/composition_interfaces_s__rosidl_typesupport_microxrcedds_c.cpython-310-x86_64-linux-gnu.so
[655.695s] -- Set runtime path of "/mnt/d/prueba/TFG-ROS2/ros2_client_node/install/composition_interfaces/local/lib/python3.10/dist-packages/composition_interfaces/composition_interfaces_s__rosidl_typesupport_microxrcedds_c.cpython-310-x86_64-linux-gnu.so" to ""
[655.901s] -- Installing: /mnt/d/prueba/TFG-ROS2/ros2_client_node/install/composition_interfaces/local/lib/python3.10/dist-packages/composition_interfaces/composition_interfaces_s__rosidl_typesupport_fastrtps_c.cpython-310-x86_64-linux-gnu.so
[656.318s] -- Set runtime path of "/mnt/d/prueba/TFG-ROS2/ros2_client_node/install/composition_interfaces/local/lib/python3.10/dist-packages/composition_interfaces/composition_interfaces_s__rosidl_typesupport_fastrtps_c.cpython-310-x86_64-linux-gnu.so" to ""
[656.516s] -- Installing: /mnt/d/prueba/TFG-ROS2/ros2_client_node/install/composition_interfaces/local/lib/python3.10/dist-packages/composition_interfaces/composition_interfaces_s__rosidl_typesupport_introspection_c.cpython-310-x86_64-linux-gnu.so
[656.863s] -- Set runtime path of "/mnt/d/prueba/TFG-ROS2/ros2_client_node/install/composition_interfaces/local/lib/python3.10/dist-packages/composition_interfaces/composition_interfaces_s__rosidl_typesupport_introspection_c.cpython-310-x86_64-linux-gnu.so" to ""
[657.022s] -- Installing: /mnt/d/prueba/TFG-ROS2/ros2_client_node/install/composition_interfaces/local/lib/python3.10/dist-packages/composition_interfaces/composition_interfaces_s__rosidl_typesupport_c.cpython-310-x86_64-linux-gnu.so
[657.416s] -- Set runtime path of "/mnt/d/prueba/TFG-ROS2/ros2_client_node/install/composition_interfaces/local/lib/python3.10/dist-packages/composition_interfaces/composition_interfaces_s__rosidl_typesupport_c.cpython-310-x86_64-linux-gnu.so" to ""
[657.473s] -- Installing: /mnt/d/prueba/TFG-ROS2/ros2_client_node/install/composition_interfaces/lib/libcomposition_interfaces__rosidl_generator_py.so
[657.740s] -- Set runtime path of "/mnt/d/prueba/TFG-ROS2/ros2_client_node/install/composition_interfaces/lib/libcomposition_interfaces__rosidl_generator_py.so" to ""
[657.808s] -- Installing: /mnt/d/prueba/TFG-ROS2/ros2_client_node/install/composition_interfaces/share/composition_interfaces/srv/LoadNode.idl
[658.001s] -- Installing: /mnt/d/prueba/TFG-ROS2/ros2_client_node/install/composition_interfaces/share/composition_interfaces/srv/ListNodes.idl
[658.204s] -- Installing: /mnt/d/prueba/TFG-ROS2/ros2_client_node/install/composition_interfaces/share/composition_interfaces/srv/UnloadNode.idl
[658.409s] -- Installing: /mnt/d/prueba/TFG-ROS2/ros2_client_node/install/composition_interfaces/share/composition_interfaces/srv/LoadNode.srv
[658.606s] -- Installing: /mnt/d/prueba/TFG-ROS2/ros2_client_node/install/composition_interfaces/share/composition_interfaces/srv/LoadNode_Request.msg
[658.857s] -- Installing: /mnt/d/prueba/TFG-ROS2/ros2_client_node/install/composition_interfaces/share/composition_interfaces/srv/LoadNode_Response.msg
[659.150s] -- Installing: /mnt/d/prueba/TFG-ROS2/ros2_client_node/install/composition_interfaces/share/composition_interfaces/srv/ListNodes.srv
[659.409s] -- Installing: /mnt/d/prueba/TFG-ROS2/ros2_client_node/install/composition_interfaces/share/composition_interfaces/srv/ListNodes_Request.msg
[659.640s] -- Installing: /mnt/d/prueba/TFG-ROS2/ros2_client_node/install/composition_interfaces/share/composition_interfaces/srv/ListNodes_Response.msg
[659.888s] -- Installing: /mnt/d/prueba/TFG-ROS2/ros2_client_node/install/composition_interfaces/share/composition_interfaces/srv/UnloadNode.srv
[660.150s] -- Installing: /mnt/d/prueba/TFG-ROS2/ros2_client_node/install/composition_interfaces/share/composition_interfaces/srv/UnloadNode_Request.msg
[660.394s] -- Installing: /mnt/d/prueba/TFG-ROS2/ros2_client_node/install/composition_interfaces/share/composition_interfaces/srv/UnloadNode_Response.msg
[660.705s] -- Installing: /mnt/d/prueba/TFG-ROS2/ros2_client_node/install/composition_interfaces/share/ament_index/resource_index/package_run_dependencies/composition_interfaces
[661.004s] -- Installing: /mnt/d/prueba/TFG-ROS2/ros2_client_node/install/composition_interfaces/share/ament_index/resource_index/parent_prefix_path/composition_interfaces
[661.221s] -- Installing: /mnt/d/prueba/TFG-ROS2/ros2_client_node/install/composition_interfaces/share/composition_interfaces/environment/ament_prefix_path.sh
[661.381s] -- Installing: /mnt/d/prueba/TFG-ROS2/ros2_client_node/install/composition_interfaces/share/composition_interfaces/environment/ament_prefix_path.dsv
[661.557s] -- Installing: /mnt/d/prueba/TFG-ROS2/ros2_client_node/install/composition_interfaces/share/composition_interfaces/environment/path.sh
[661.740s] -- Installing: /mnt/d/prueba/TFG-ROS2/ros2_client_node/install/composition_interfaces/share/composition_interfaces/environment/path.dsv
[661.932s] -- Installing: /mnt/d/prueba/TFG-ROS2/ros2_client_node/install/composition_interfaces/share/composition_interfaces/local_setup.bash
[662.116s] -- Installing: /mnt/d/prueba/TFG-ROS2/ros2_client_node/install/composition_interfaces/share/composition_interfaces/local_setup.sh
[662.294s] -- Installing: /mnt/d/prueba/TFG-ROS2/ros2_client_node/install/composition_interfaces/share/composition_interfaces/local_setup.zsh
[662.466s] -- Installing: /mnt/d/prueba/TFG-ROS2/ros2_client_node/install/composition_interfaces/share/composition_interfaces/local_setup.dsv
[662.646s] -- Installing: /mnt/d/prueba/TFG-ROS2/ros2_client_node/install/composition_interfaces/share/composition_interfaces/package.dsv
[662.919s] -- Installing: /mnt/d/prueba/TFG-ROS2/ros2_client_node/install/composition_interfaces/share/ament_index/resource_index/packages/composition_interfaces
[663.299s] -- Installing: /mnt/d/prueba/TFG-ROS2/ros2_client_node/install/composition_interfaces/share/composition_interfaces/cmake/export_composition_interfaces__rosidl_generator_cExport.cmake
[663.612s] -- Installing: /mnt/d/prueba/TFG-ROS2/ros2_client_node/install/composition_interfaces/share/composition_interfaces/cmake/export_composition_interfaces__rosidl_generator_cExport-noconfig.cmake
[663.901s] -- Installing: /mnt/d/prueba/TFG-ROS2/ros2_client_node/install/composition_interfaces/share/composition_interfaces/cmake/export_composition_interfaces__rosidl_typesupport_fastrtps_cExport.cmake
[664.201s] -- Installing: /mnt/d/prueba/TFG-ROS2/ros2_client_node/install/composition_interfaces/share/composition_interfaces/cmake/export_composition_interfaces__rosidl_typesupport_fastrtps_cExport-noconfig.cmake
[664.522s] -- Installing: /mnt/d/prueba/TFG-ROS2/ros2_client_node/install/composition_interfaces/share/composition_interfaces/cmake/composition_interfaces__rosidl_typesupport_introspection_cExport.cmake
[664.801s] -- Installing: /mnt/d/prueba/TFG-ROS2/ros2_client_node/install/composition_interfaces/share/composition_interfaces/cmake/composition_interfaces__rosidl_typesupport_introspection_cExport-noconfig.cmake
[665.096s] -- Installing: /mnt/d/prueba/TFG-ROS2/ros2_client_node/install/composition_interfaces/share/composition_interfaces/cmake/composition_interfaces__rosidl_typesupport_cExport.cmake
[665.412s] -- Installing: /mnt/d/prueba/TFG-ROS2/ros2_client_node/install/composition_interfaces/share/composition_interfaces/cmake/composition_interfaces__rosidl_typesupport_cExport-noconfig.cmake
[665.684s] -- Installing: /mnt/d/prueba/TFG-ROS2/ros2_client_node/install/composition_interfaces/share/composition_interfaces/cmake/export_composition_interfaces__rosidl_generator_cppExport.cmake
[665.943s] -- Installing: /mnt/d/prueba/TFG-ROS2/ros2_client_node/install/composition_interfaces/share/composition_interfaces/cmake/export_composition_interfaces__rosidl_typesupport_fastrtps_cppExport.cmake
[666.210s] -- Installing: /mnt/d/prueba/TFG-ROS2/ros2_client_node/install/composition_interfaces/share/composition_interfaces/cmake/export_composition_interfaces__rosidl_typesupport_fastrtps_cppExport-noconfig.cmake
[666.473s] -- Installing: /mnt/d/prueba/TFG-ROS2/ros2_client_node/install/composition_interfaces/share/composition_interfaces/cmake/composition_interfaces__rosidl_typesupport_introspection_cppExport.cmake
[666.719s] -- Installing: /mnt/d/prueba/TFG-ROS2/ros2_client_node/install/composition_interfaces/share/composition_interfaces/cmake/composition_interfaces__rosidl_typesupport_introspection_cppExport-noconfig.cmake
[666.999s] -- Installing: /mnt/d/prueba/TFG-ROS2/ros2_client_node/install/composition_interfaces/share/composition_interfaces/cmake/composition_interfaces__rosidl_typesupport_cppExport.cmake
[667.232s] -- Installing: /mnt/d/prueba/TFG-ROS2/ros2_client_node/install/composition_interfaces/share/composition_interfaces/cmake/composition_interfaces__rosidl_typesupport_cppExport-noconfig.cmake
[667.482s] -- Installing: /mnt/d/prueba/TFG-ROS2/ros2_client_node/install/composition_interfaces/share/composition_interfaces/cmake/export_composition_interfaces__rosidl_generator_pyExport.cmake
[667.728s] -- Installing: /mnt/d/prueba/TFG-ROS2/ros2_client_node/install/composition_interfaces/share/composition_interfaces/cmake/export_composition_interfaces__rosidl_generator_pyExport-noconfig.cmake
[667.929s] -- Installing: /mnt/d/prueba/TFG-ROS2/ros2_client_node/install/composition_interfaces/share/composition_interfaces/cmake/rosidl_cmake-extras.cmake
[668.083s] -- Installing: /mnt/d/prueba/TFG-ROS2/ros2_client_node/install/composition_interfaces/share/composition_interfaces/cmake/ament_cmake_export_dependencies-extras.cmake
[668.262s] -- Installing: /mnt/d/prueba/TFG-ROS2/ros2_client_node/install/composition_interfaces/share/composition_interfaces/cmake/ament_cmake_export_include_directories-extras.cmake
[668.436s] -- Installing: /mnt/d/prueba/TFG-ROS2/ros2_client_node/install/composition_interfaces/share/composition_interfaces/cmake/ament_cmake_export_libraries-extras.cmake
[668.661s] -- Installing: /mnt/d/prueba/TFG-ROS2/ros2_client_node/install/composition_interfaces/share/composition_interfaces/cmake/ament_cmake_export_targets-extras.cmake
[668.868s] -- Installing: /mnt/d/prueba/TFG-ROS2/ros2_client_node/install/composition_interfaces/share/composition_interfaces/cmake/rosidl_cmake_export_typesupport_targets-extras.cmake
[669.092s] -- Installing: /mnt/d/prueba/TFG-ROS2/ros2_client_node/install/composition_interfaces/share/composition_interfaces/cmake/rosidl_cmake_export_typesupport_libraries-extras.cmake
[669.293s] -- Installing: /mnt/d/prueba/TFG-ROS2/ros2_client_node/install/composition_interfaces/share/composition_interfaces/cmake/composition_interfacesConfig.cmake
[669.493s] -- Installing: /mnt/d/prueba/TFG-ROS2/ros2_client_node/install/composition_interfaces/share/composition_interfaces/cmake/composition_interfacesConfig-version.cmake
[669.724s] -- Installing: /mnt/d/prueba/TFG-ROS2/ros2_client_node/install/composition_interfaces/share/composition_interfaces/package.xml
[669.983s] Invoked command in '/mnt/d/prueba/TFG-ROS2/ros2_client_node/build/composition_interfaces' returned '0': AMENT_PREFIX_PATH=/mnt/d/prueba/TFG-ROS2/ros2_client_node/install/rcl_interfaces:/mnt/d/prueba/TFG-ROS2/ros2_client_node/install/builtin_interfaces:${AMENT_PREFIX_PATH} CMAKE_PREFIX_PATH=/mnt/d/prueba/TFG-ROS2/ros2_client_node/install/rcl_interfaces:/mnt/d/prueba/TFG-ROS2/ros2_client_node/install/builtin_interfaces:/mnt/d/prueba/TFG-ROS2/ros2_client_node/install/rosidl_typesupport_microxrcedds_cpp:/mnt/d/prueba/TFG-ROS2/ros2_client_node/install/rosidl_typesupport_microxrcedds_c:/mnt/d/prueba/TFG-ROS2/ros2_client_node/install/microcdr:/mnt/d/prueba/TFG-ROS2/ros2_client_node/install/micro_ros_setup:/mnt/d/prueba/TFG-ROS2/ros2_agent_node/install/micro_ros_agent:/mnt/d/prueba/TFG-ROS2/ros2_agent_node/install/micro_ros_msgs:/mnt/d/prueba/TFG-ROS2/ros2_agent_node/install/micro_ros_setup:/opt/ros/humble LD_LIBRARY_PATH=/mnt/d/prueba/TFG-ROS2/ros2_client_node/install/rcl_interfaces/lib:/mnt/d/prueba/TFG-ROS2/ros2_client_node/install/builtin_interfaces/lib:${LD_LIBRARY_PATH} PYTHONPATH=/mnt/d/prueba/TFG-ROS2/ros2_client_node/install/rcl_interfaces/local/lib/python3.10/dist-packages:/mnt/d/prueba/TFG-ROS2/ros2_client_node/install/builtin_interfaces/local/lib/python3.10/dist-packages:${PYTHONPATH} /usr/bin/cmake --install /mnt/d/prueba/TFG-ROS2/ros2_client_node/build/composition_interfaces
