[0.763s] Invoking command in '/mnt/d/prueba/TFG-ROS2/ros2_client_node/build/unique_identifier_msgs': CMAKE_PREFIX_PATH=${CMAKE_PREFIX_PATH}:/opt/ros/humble /usr/bin/cmake /mnt/d/prueba/TFG-ROS2/ros2_client_node/src/ros2/unique_identifier_msgs -DBUILD_TESTING=OFF -DBUILD_SHARED_LIBS=ON -DCMAKE_INSTALL_PREFIX=/mnt/d/prueba/TFG-ROS2/ros2_client_node/install/unique_identifier_msgs
[2.544s] -- The C compiler identification is GNU 11.3.0
[3.630s] -- The CXX compiler identification is GNU 11.3.0
[4.117s] -- Detecting C compiler ABI info
[7.163s] -- Detecting C compiler ABI info - done
[7.221s] -- Check for working C compiler: /usr/bin/cc - skipped
[7.223s] -- Detecting C compile features
[7.225s] -- Detecting C compile features - done
[7.372s] -- Detecting CXX compiler ABI info
[11.467s] -- Detecting CXX compiler ABI info - done
[11.532s] -- Check for working CXX compiler: /usr/bin/c++ - skipped
[11.535s] -- Detecting CXX compile features
[11.537s] -- Detecting CXX compile features - done
[12.244s] -- Found ament_cmake: 1.3.3 (/opt/ros/humble/share/ament_cmake/cmake)
[18.420s] -- Found Python3: /usr/bin/python3.10 (found version "3.10.6") found components: Interpreter 
[26.115s] -- Found rosidl_default_generators: 1.2.0 (/opt/ros/humble/share/rosidl_default_generators/cmake)
[26.744s] -- Using all available rosidl_typesupport_c: rosidl_typesupport_microxrcedds_c;rosidl_typesupport_fastrtps_c;rosidl_typesupport_introspection_c
[28.080s] -- Found rosidl_adapter: 3.1.4 (/opt/ros/humble/share/rosidl_adapter/cmake)
[32.700s] -- Using all available rosidl_typesupport_cpp: rosidl_typesupport_microxrcedds_cpp;rosidl_typesupport_fastrtps_cpp;rosidl_typesupport_introspection_cpp
[44.163s] -- Found ament_cmake_ros: 0.10.0 (/opt/ros/humble/share/ament_cmake_ros/cmake)
[55.579s] -- Using all available rosidl_typesupport_c: rosidl_typesupport_microxrcedds_c;rosidl_typesupport_fastrtps_c;rosidl_typesupport_introspection_c
[63.260s] -- Using all available rosidl_typesupport_cpp: rosidl_typesupport_microxrcedds_cpp;rosidl_typesupport_fastrtps_cpp;rosidl_typesupport_introspection_cpp
[64.007s] -- Found PythonInterp: /usr/bin/python3 (found suitable version "3.10.6", minimum required is "3.6") 
[64.479s] -- Found python_cmake_module: 0.10.0 (/opt/ros/humble/share/python_cmake_module/cmake)
[65.569s] -- Found PythonLibs: /usr/lib/x86_64-linux-gnu/libpython3.10.so (found suitable version "3.10.6", minimum required is "3.5") 
[65.571s] -- Using PYTHON_EXECUTABLE: /usr/bin/python3
[65.573s] -- Using PYTHON_INCLUDE_DIRS: /usr/include/python3.10
[65.575s] -- Using PYTHON_LIBRARIES: /usr/lib/x86_64-linux-gnu/libpython3.10.so
[65.995s] -- Found PythonExtra: .so  
[69.312s] -- Configuring done
[75.352s] -- Generating done
[76.043s] -- Build files have been written to: /mnt/d/prueba/TFG-ROS2/ros2_client_node/build/unique_identifier_msgs
[76.054s] Invoked command in '/mnt/d/prueba/TFG-ROS2/ros2_client_node/build/unique_identifier_msgs' returned '0': CMAKE_PREFIX_PATH=${CMAKE_PREFIX_PATH}:/opt/ros/humble /usr/bin/cmake /mnt/d/prueba/TFG-ROS2/ros2_client_node/src/ros2/unique_identifier_msgs -DBUILD_TESTING=OFF -DBUILD_SHARED_LIBS=ON -DCMAKE_INSTALL_PREFIX=/mnt/d/prueba/TFG-ROS2/ros2_client_node/install/unique_identifier_msgs
[76.076s] Invoking command in '/mnt/d/prueba/TFG-ROS2/ros2_client_node/build/unique_identifier_msgs': CMAKE_PREFIX_PATH=${CMAKE_PREFIX_PATH}:/opt/ros/humble /usr/bin/cmake --build /mnt/d/prueba/TFG-ROS2/ros2_client_node/build/unique_identifier_msgs -- -j12 -l12
[79.733s] [  2%] [34m[1mGenerating C code for ROS interfaces[0m
[80.953s] [  5%] [34m[1mGenerating C++ code for ROS interfaces[0m
[81.827s] [  5%] Built target ament_cmake_python_copy_unique_identifier_msgs
[86.364s] [  5%] Built target unique_identifier_msgs__cpp
[87.033s] [  7%] [32mBuilding C object CMakeFiles/unique_identifier_msgs__rosidl_generator_c.dir/rosidl_generator_c/unique_identifier_msgs/msg/detail/uuid__functions.c.o[0m
[88.089s] [ 10%] [34m[1mGenerating C++ introspection for ROS interfaces[0m
[88.298s] [ 17%] [34m[1mGenerating C++ type support for eProsima Fast-RTPS[0m
[88.306s] [ 17%] [34m[1mGenerating C++ type support dispatch for ROS interfaces[0m
[88.323s] [ 17%] [34m[1mGenerating C++ type support for eProsima Micro XRCE-DDS[0m
[88.606s] running egg_info
[88.611s] creating unique_identifier_msgs.egg-info
[88.625s] writing unique_identifier_msgs.egg-info/PKG-INFO
[88.641s] writing dependency_links to unique_identifier_msgs.egg-info/dependency_links.txt
[88.675s] writing top-level names to unique_identifier_msgs.egg-info/top_level.txt
[88.695s] writing manifest file 'unique_identifier_msgs.egg-info/SOURCES.txt'
[88.784s] reading manifest file 'unique_identifier_msgs.egg-info/SOURCES.txt'
[88.937s] writing manifest file 'unique_identifier_msgs.egg-info/SOURCES.txt'
[90.413s] [ 17%] Built target ament_cmake_python_build_unique_identifier_msgs_egg
[90.667s] [ 20%] [32m[1mLinking C shared library libunique_identifier_msgs__rosidl_generator_c.so[0m
[94.601s] [ 20%] Built target unique_identifier_msgs__rosidl_generator_c
[95.155s] [ 23%] [32mBuilding CXX object CMakeFiles/unique_identifier_msgs__rosidl_typesupport_cpp.dir/rosidl_typesupport_cpp/unique_identifier_msgs/msg/uuid__type_support.cpp.o[0m
[96.353s] [ 25%] [32mBuilding CXX object CMakeFiles/unique_identifier_msgs__rosidl_typesupport_introspection_cpp.dir/rosidl_typesupport_introspection_cpp/unique_identifier_msgs/msg/detail/uuid__type_support.cpp.o[0m
[96.485s] [ 28%] [32mBuilding CXX object CMakeFiles/unique_identifier_msgs__rosidl_typesupport_fastrtps_cpp.dir/rosidl_typesupport_fastrtps_cpp/unique_identifier_msgs/msg/detail/dds_fastrtps/uuid__type_support.cpp.o[0m
[97.641s] [ 30%] [32mBuilding CXX object CMakeFiles/unique_identifier_msgs__rosidl_typesupport_microxrcedds_cpp.dir/rosidl_typesupport_microxrcedds_cpp/unique_identifier_msgs/msg/detail/microxrcedds/uuid__type_support_cpp.cpp.o[0m
[99.912s] [ 33%] [32m[1mLinking CXX shared library libunique_identifier_msgs__rosidl_typesupport_cpp.so[0m
[101.852s] [ 35%] [32m[1mLinking CXX shared library libunique_identifier_msgs__rosidl_typesupport_introspection_cpp.so[0m
[102.268s] [ 38%] [32m[1mLinking CXX shared library libunique_identifier_msgs__rosidl_typesupport_fastrtps_cpp.so[0m
[102.985s] [ 38%] Built target unique_identifier_msgs__rosidl_typesupport_cpp
[105.008s] [ 38%] Built target unique_identifier_msgs__rosidl_typesupport_introspection_cpp
[105.268s] [ 38%] Built target unique_identifier_msgs__rosidl_typesupport_fastrtps_cpp
[107.862s] [ 41%] [32m[1mLinking CXX shared library libunique_identifier_msgs__rosidl_typesupport_microxrcedds_cpp.so[0m
[111.087s] [ 41%] Built target unique_identifier_msgs__rosidl_typesupport_microxrcedds_cpp
[112.856s] [ 43%] [34m[1mGenerating C introspection for ROS interfaces[0m
[119.578s] [ 46%] [32mBuilding C object CMakeFiles/unique_identifier_msgs__rosidl_typesupport_introspection_c.dir/rosidl_typesupport_introspection_c/unique_identifier_msgs/msg/detail/uuid__type_support.c.o[0m
[121.632s] [ 48%] [32m[1mLinking C shared library libunique_identifier_msgs__rosidl_typesupport_introspection_c.so[0m
[123.644s] [ 48%] Built target unique_identifier_msgs__rosidl_typesupport_introspection_c
[124.357s] [ 51%] [34m[1mGenerating C type support for eProsima Fast-RTPS[0m
[127.543s] [ 53%] [32mBuilding CXX object CMakeFiles/unique_identifier_msgs__rosidl_typesupport_fastrtps_c.dir/rosidl_typesupport_fastrtps_c/unique_identifier_msgs/msg/detail/uuid__type_support_c.cpp.o[0m
[129.487s] [ 56%] [32m[1mLinking CXX shared library libunique_identifier_msgs__rosidl_typesupport_fastrtps_c.so[0m
[131.065s] [ 56%] Built target unique_identifier_msgs__rosidl_typesupport_fastrtps_c
[132.017s] [ 58%] [34m[1mGenerating C type support for eProsima Micro XRCE-DDS[0m
[135.747s] [ 61%] [32mBuilding C object CMakeFiles/unique_identifier_msgs__rosidl_typesupport_microxrcedds_c.dir/rosidl_typesupport_microxrcedds_c/unique_identifier_msgs/msg/detail/microxrcedds/uuid__type_support_c.c.o[0m
[138.250s] [ 64%] [32m[1mLinking C shared library libunique_identifier_msgs__rosidl_typesupport_microxrcedds_c.so[0m
[140.315s] [ 64%] Built target unique_identifier_msgs__rosidl_typesupport_microxrcedds_c
[141.435s] [ 66%] [34m[1mGenerating C type support dispatch for ROS interfaces[0m
[146.620s] [ 69%] [32mBuilding CXX object CMakeFiles/unique_identifier_msgs__rosidl_typesupport_c.dir/rosidl_typesupport_c/unique_identifier_msgs/msg/uuid__type_support.cpp.o[0m
[148.346s] [ 71%] [32m[1mLinking CXX shared library libunique_identifier_msgs__rosidl_typesupport_c.so[0m
[150.512s] [ 71%] Built target unique_identifier_msgs__rosidl_typesupport_c
[152.901s] [ 71%] Built target unique_identifier_msgs
[155.065s] [ 74%] [34m[1mGenerating Python code for ROS interfaces[0m
[161.788s] [ 74%] Built target unique_identifier_msgs__py
[163.245s] [ 76%] [32mBuilding C object CMakeFiles/unique_identifier_msgs__rosidl_generator_py.dir/rosidl_generator_py/unique_identifier_msgs/msg/_uuid_s.c.o[0m
[164.965s] [ 79%] [32m[1mLinking C shared library rosidl_generator_py/unique_identifier_msgs/libunique_identifier_msgs__rosidl_generator_py.so[0m
[167.027s] [ 79%] Built target unique_identifier_msgs__rosidl_generator_py
[169.196s] [ 82%] [32mBuilding C object CMakeFiles/unique_identifier_msgs__rosidl_typesupport_introspection_c__pyext.dir/rosidl_generator_py/unique_identifier_msgs/_unique_identifier_msgs_s.ep.rosidl_typesupport_introspection_c.c.o[0m
[169.222s] [ 84%] [32mBuilding C object CMakeFiles/unique_identifier_msgs__rosidl_typesupport_fastrtps_c__pyext.dir/rosidl_generator_py/unique_identifier_msgs/_unique_identifier_msgs_s.ep.rosidl_typesupport_fastrtps_c.c.o[0m
[169.349s] [ 87%] [32mBuilding C object CMakeFiles/unique_identifier_msgs__rosidl_typesupport_microxrcedds_c__pyext.dir/rosidl_generator_py/unique_identifier_msgs/_unique_identifier_msgs_s.ep.rosidl_typesupport_microxrcedds_c.c.o[0m
[171.790s] [ 89%] [32m[1mLinking C shared library rosidl_generator_py/unique_identifier_msgs/unique_identifier_msgs_s__rosidl_typesupport_introspection_c.cpython-310-x86_64-linux-gnu.so[0m
[171.874s] [ 92%] [32m[1mLinking C shared library rosidl_generator_py/unique_identifier_msgs/unique_identifier_msgs_s__rosidl_typesupport_fastrtps_c.cpython-310-x86_64-linux-gnu.so[0m
[172.980s] [ 94%] [32m[1mLinking C shared library rosidl_generator_py/unique_identifier_msgs/unique_identifier_msgs_s__rosidl_typesupport_microxrcedds_c.cpython-310-x86_64-linux-gnu.so[0m
[173.477s] [ 94%] Built target unique_identifier_msgs__rosidl_typesupport_introspection_c__pyext
[173.773s] [ 94%] Built target unique_identifier_msgs__rosidl_typesupport_fastrtps_c__pyext
[174.660s] [ 94%] Built target unique_identifier_msgs__rosidl_typesupport_microxrcedds_c__pyext
[176.520s] [ 97%] [32mBuilding C object CMakeFiles/unique_identifier_msgs__rosidl_typesupport_c__pyext.dir/rosidl_generator_py/unique_identifier_msgs/_unique_identifier_msgs_s.ep.rosidl_typesupport_c.c.o[0m
[178.588s] [100%] [32m[1mLinking C shared library rosidl_generator_py/unique_identifier_msgs/unique_identifier_msgs_s__rosidl_typesupport_c.cpython-310-x86_64-linux-gnu.so[0m
[180.499s] [100%] Built target unique_identifier_msgs__rosidl_typesupport_c__pyext
[181.469s] Invoked command in '/mnt/d/prueba/TFG-ROS2/ros2_client_node/build/unique_identifier_msgs' returned '0': CMAKE_PREFIX_PATH=${CMAKE_PREFIX_PATH}:/opt/ros/humble /usr/bin/cmake --build /mnt/d/prueba/TFG-ROS2/ros2_client_node/build/unique_identifier_msgs -- -j12 -l12
[194.016s] Invoking command in '/mnt/d/prueba/TFG-ROS2/ros2_client_node/build/unique_identifier_msgs': CMAKE_PREFIX_PATH=${CMAKE_PREFIX_PATH}:/opt/ros/humble /usr/bin/cmake --install /mnt/d/prueba/TFG-ROS2/ros2_client_node/build/unique_identifier_msgs
[194.611s] -- Install configuration: ""
[194.731s] -- Installing: /mnt/d/prueba/TFG-ROS2/ros2_client_node/install/unique_identifier_msgs/share/ament_index/resource_index/rosidl_interfaces/unique_identifier_msgs
[194.979s] -- Installing: /mnt/d/prueba/TFG-ROS2/ros2_client_node/install/unique_identifier_msgs/include/unique_identifier_msgs/unique_identifier_msgs
[195.047s] -- Installing: /mnt/d/prueba/TFG-ROS2/ros2_client_node/install/unique_identifier_msgs/include/unique_identifier_msgs/unique_identifier_msgs/msg
[195.129s] -- Installing: /mnt/d/prueba/TFG-ROS2/ros2_client_node/install/unique_identifier_msgs/include/unique_identifier_msgs/unique_identifier_msgs/msg/detail
[195.257s] -- Installing: /mnt/d/prueba/TFG-ROS2/ros2_client_node/install/unique_identifier_msgs/include/unique_identifier_msgs/unique_identifier_msgs/msg/detail/uuid__functions.c
[195.595s] -- Installing: /mnt/d/prueba/TFG-ROS2/ros2_client_node/install/unique_identifier_msgs/include/unique_identifier_msgs/unique_identifier_msgs/msg/detail/uuid__functions.h
[195.851s] -- Installing: /mnt/d/prueba/TFG-ROS2/ros2_client_node/install/unique_identifier_msgs/include/unique_identifier_msgs/unique_identifier_msgs/msg/detail/uuid__struct.h
[196.149s] -- Installing: /mnt/d/prueba/TFG-ROS2/ros2_client_node/install/unique_identifier_msgs/include/unique_identifier_msgs/unique_identifier_msgs/msg/detail/uuid__type_support.h
[196.385s] -- Installing: /mnt/d/prueba/TFG-ROS2/ros2_client_node/install/unique_identifier_msgs/include/unique_identifier_msgs/unique_identifier_msgs/msg/rosidl_generator_c__visibility_control.h
[196.643s] -- Installing: /mnt/d/prueba/TFG-ROS2/ros2_client_node/install/unique_identifier_msgs/include/unique_identifier_msgs/unique_identifier_msgs/msg/uuid.h
[196.888s] -- Installing: /mnt/d/prueba/TFG-ROS2/ros2_client_node/install/unique_identifier_msgs/share/unique_identifier_msgs/environment/library_path.sh
[197.075s] -- Installing: /mnt/d/prueba/TFG-ROS2/ros2_client_node/install/unique_identifier_msgs/share/unique_identifier_msgs/environment/library_path.dsv
[197.277s] -- Installing: /mnt/d/prueba/TFG-ROS2/ros2_client_node/install/unique_identifier_msgs/lib/libunique_identifier_msgs__rosidl_generator_c.so
[197.576s] -- Set runtime path of "/mnt/d/prueba/TFG-ROS2/ros2_client_node/install/unique_identifier_msgs/lib/libunique_identifier_msgs__rosidl_generator_c.so" to ""
[197.603s] -- Up-to-date: /mnt/d/prueba/TFG-ROS2/ros2_client_node/install/unique_identifier_msgs/include/unique_identifier_msgs
[197.654s] -- Installing: /mnt/d/prueba/TFG-ROS2/ros2_client_node/install/unique_identifier_msgs/include/unique_identifier_msgs/msg
[197.732s] -- Installing: /mnt/d/prueba/TFG-ROS2/ros2_client_node/install/unique_identifier_msgs/include/unique_identifier_msgs/msg/detail
[197.840s] -- Installing: /mnt/d/prueba/TFG-ROS2/ros2_client_node/install/unique_identifier_msgs/include/unique_identifier_msgs/msg/detail/microxrcedds
[197.969s] -- Installing: /mnt/d/prueba/TFG-ROS2/ros2_client_node/install/unique_identifier_msgs/include/unique_identifier_msgs/msg/detail/uuid__rosidl_typesupport_microxrcedds_c.h
[198.205s] -- Installing: /mnt/d/prueba/TFG-ROS2/ros2_client_node/install/unique_identifier_msgs/include/unique_identifier_msgs/msg/rosidl_typesupport_microxrcedds_c__visibility_control.h
[198.401s] -- Installing: /mnt/d/prueba/TFG-ROS2/ros2_client_node/install/unique_identifier_msgs/lib/libunique_identifier_msgs__rosidl_typesupport_microxrcedds_c.so
[198.668s] -- Set runtime path of "/mnt/d/prueba/TFG-ROS2/ros2_client_node/install/unique_identifier_msgs/lib/libunique_identifier_msgs__rosidl_typesupport_microxrcedds_c.so" to ""
[198.693s] -- Up-to-date: /mnt/d/prueba/TFG-ROS2/ros2_client_node/install/unique_identifier_msgs/include/unique_identifier_msgs/unique_identifier_msgs
[198.746s] -- Up-to-date: /mnt/d/prueba/TFG-ROS2/ros2_client_node/install/unique_identifier_msgs/include/unique_identifier_msgs/unique_identifier_msgs/msg
[198.823s] -- Up-to-date: /mnt/d/prueba/TFG-ROS2/ros2_client_node/install/unique_identifier_msgs/include/unique_identifier_msgs/unique_identifier_msgs/msg/detail
[198.927s] -- Installing: /mnt/d/prueba/TFG-ROS2/ros2_client_node/install/unique_identifier_msgs/include/unique_identifier_msgs/unique_identifier_msgs/msg/detail/uuid__rosidl_typesupport_fastrtps_c.h
[199.249s] -- Installing: /mnt/d/prueba/TFG-ROS2/ros2_client_node/install/unique_identifier_msgs/include/unique_identifier_msgs/unique_identifier_msgs/msg/rosidl_typesupport_fastrtps_c__visibility_control.h
[199.562s] -- Installing: /mnt/d/prueba/TFG-ROS2/ros2_client_node/install/unique_identifier_msgs/lib/libunique_identifier_msgs__rosidl_typesupport_fastrtps_c.so
[199.897s] -- Set runtime path of "/mnt/d/prueba/TFG-ROS2/ros2_client_node/install/unique_identifier_msgs/lib/libunique_identifier_msgs__rosidl_typesupport_fastrtps_c.so" to ""
[199.933s] -- Up-to-date: /mnt/d/prueba/TFG-ROS2/ros2_client_node/install/unique_identifier_msgs/include/unique_identifier_msgs/unique_identifier_msgs
[200.019s] -- Up-to-date: /mnt/d/prueba/TFG-ROS2/ros2_client_node/install/unique_identifier_msgs/include/unique_identifier_msgs/unique_identifier_msgs/msg
[200.125s] -- Up-to-date: /mnt/d/prueba/TFG-ROS2/ros2_client_node/install/unique_identifier_msgs/include/unique_identifier_msgs/unique_identifier_msgs/msg/detail
[200.276s] -- Installing: /mnt/d/prueba/TFG-ROS2/ros2_client_node/install/unique_identifier_msgs/include/unique_identifier_msgs/unique_identifier_msgs/msg/detail/uuid__rosidl_typesupport_introspection_c.h
[200.663s] -- Installing: /mnt/d/prueba/TFG-ROS2/ros2_client_node/install/unique_identifier_msgs/include/unique_identifier_msgs/unique_identifier_msgs/msg/detail/uuid__type_support.c
[200.964s] -- Installing: /mnt/d/prueba/TFG-ROS2/ros2_client_node/install/unique_identifier_msgs/include/unique_identifier_msgs/unique_identifier_msgs/msg/rosidl_typesupport_introspection_c__visibility_control.h
[201.192s] -- Installing: /mnt/d/prueba/TFG-ROS2/ros2_client_node/install/unique_identifier_msgs/lib/libunique_identifier_msgs__rosidl_typesupport_introspection_c.so
[201.468s] -- Set runtime path of "/mnt/d/prueba/TFG-ROS2/ros2_client_node/install/unique_identifier_msgs/lib/libunique_identifier_msgs__rosidl_typesupport_introspection_c.so" to ""
[201.503s] -- Installing: /mnt/d/prueba/TFG-ROS2/ros2_client_node/install/unique_identifier_msgs/lib/libunique_identifier_msgs__rosidl_typesupport_c.so
[201.770s] -- Set runtime path of "/mnt/d/prueba/TFG-ROS2/ros2_client_node/install/unique_identifier_msgs/lib/libunique_identifier_msgs__rosidl_typesupport_c.so" to ""
[201.804s] -- Up-to-date: /mnt/d/prueba/TFG-ROS2/ros2_client_node/install/unique_identifier_msgs/include/unique_identifier_msgs/unique_identifier_msgs
[201.865s] -- Up-to-date: /mnt/d/prueba/TFG-ROS2/ros2_client_node/install/unique_identifier_msgs/include/unique_identifier_msgs/unique_identifier_msgs/msg
[201.937s] -- Up-to-date: /mnt/d/prueba/TFG-ROS2/ros2_client_node/install/unique_identifier_msgs/include/unique_identifier_msgs/unique_identifier_msgs/msg/detail
[202.029s] -- Installing: /mnt/d/prueba/TFG-ROS2/ros2_client_node/install/unique_identifier_msgs/include/unique_identifier_msgs/unique_identifier_msgs/msg/detail/uuid__builder.hpp
[202.285s] -- Installing: /mnt/d/prueba/TFG-ROS2/ros2_client_node/install/unique_identifier_msgs/include/unique_identifier_msgs/unique_identifier_msgs/msg/detail/uuid__struct.hpp
[202.548s] -- Installing: /mnt/d/prueba/TFG-ROS2/ros2_client_node/install/unique_identifier_msgs/include/unique_identifier_msgs/unique_identifier_msgs/msg/detail/uuid__traits.hpp
[202.790s] -- Installing: /mnt/d/prueba/TFG-ROS2/ros2_client_node/install/unique_identifier_msgs/include/unique_identifier_msgs/unique_identifier_msgs/msg/uuid.hpp
[202.950s] -- Up-to-date: /mnt/d/prueba/TFG-ROS2/ros2_client_node/install/unique_identifier_msgs/include/unique_identifier_msgs
[202.992s] -- Up-to-date: /mnt/d/prueba/TFG-ROS2/ros2_client_node/install/unique_identifier_msgs/include/unique_identifier_msgs/msg
[203.038s] -- Up-to-date: /mnt/d/prueba/TFG-ROS2/ros2_client_node/install/unique_identifier_msgs/include/unique_identifier_msgs/msg/detail
[203.095s] -- Up-to-date: /mnt/d/prueba/TFG-ROS2/ros2_client_node/install/unique_identifier_msgs/include/unique_identifier_msgs/msg/detail/microxrcedds
[203.174s] -- Installing: /mnt/d/prueba/TFG-ROS2/ros2_client_node/install/unique_identifier_msgs/include/unique_identifier_msgs/msg/detail/microxrcedds/uuid__type_support_cpp.cpp
[203.372s] -- Installing: /mnt/d/prueba/TFG-ROS2/ros2_client_node/install/unique_identifier_msgs/include/unique_identifier_msgs/msg/detail/uuid__rosidl_typesupport_microxrcedds_cpp.hpp
[203.548s] -- Installing: /mnt/d/prueba/TFG-ROS2/ros2_client_node/install/unique_identifier_msgs/include/unique_identifier_msgs/msg/rosidl_typesupport_microxrcedds_cpp__visibility_control.h
[203.702s] -- Installing: /mnt/d/prueba/TFG-ROS2/ros2_client_node/install/unique_identifier_msgs/lib/libunique_identifier_msgs__rosidl_typesupport_microxrcedds_cpp.so
[203.926s] -- Set runtime path of "/mnt/d/prueba/TFG-ROS2/ros2_client_node/install/unique_identifier_msgs/lib/libunique_identifier_msgs__rosidl_typesupport_microxrcedds_cpp.so" to ""
[203.947s] -- Up-to-date: /mnt/d/prueba/TFG-ROS2/ros2_client_node/install/unique_identifier_msgs/include/unique_identifier_msgs/unique_identifier_msgs
[203.993s] -- Up-to-date: /mnt/d/prueba/TFG-ROS2/ros2_client_node/install/unique_identifier_msgs/include/unique_identifier_msgs/unique_identifier_msgs/msg
[204.051s] -- Up-to-date: /mnt/d/prueba/TFG-ROS2/ros2_client_node/install/unique_identifier_msgs/include/unique_identifier_msgs/unique_identifier_msgs/msg/detail
[204.119s] -- Installing: /mnt/d/prueba/TFG-ROS2/ros2_client_node/install/unique_identifier_msgs/include/unique_identifier_msgs/unique_identifier_msgs/msg/detail/dds_fastrtps
[204.229s] -- Installing: /mnt/d/prueba/TFG-ROS2/ros2_client_node/install/unique_identifier_msgs/include/unique_identifier_msgs/unique_identifier_msgs/msg/detail/uuid__rosidl_typesupport_fastrtps_cpp.hpp
[204.444s] -- Installing: /mnt/d/prueba/TFG-ROS2/ros2_client_node/install/unique_identifier_msgs/include/unique_identifier_msgs/unique_identifier_msgs/msg/rosidl_typesupport_fastrtps_cpp__visibility_control.h
[204.615s] -- Installing: /mnt/d/prueba/TFG-ROS2/ros2_client_node/install/unique_identifier_msgs/lib/libunique_identifier_msgs__rosidl_typesupport_fastrtps_cpp.so
[204.822s] -- Set runtime path of "/mnt/d/prueba/TFG-ROS2/ros2_client_node/install/unique_identifier_msgs/lib/libunique_identifier_msgs__rosidl_typesupport_fastrtps_cpp.so" to ""
[204.846s] -- Up-to-date: /mnt/d/prueba/TFG-ROS2/ros2_client_node/install/unique_identifier_msgs/include/unique_identifier_msgs/unique_identifier_msgs
[204.893s] -- Up-to-date: /mnt/d/prueba/TFG-ROS2/ros2_client_node/install/unique_identifier_msgs/include/unique_identifier_msgs/unique_identifier_msgs/msg
[204.949s] -- Up-to-date: /mnt/d/prueba/TFG-ROS2/ros2_client_node/install/unique_identifier_msgs/include/unique_identifier_msgs/unique_identifier_msgs/msg/detail
[205.024s] -- Installing: /mnt/d/prueba/TFG-ROS2/ros2_client_node/install/unique_identifier_msgs/include/unique_identifier_msgs/unique_identifier_msgs/msg/detail/uuid__rosidl_typesupport_introspection_cpp.hpp
[205.238s] -- Installing: /mnt/d/prueba/TFG-ROS2/ros2_client_node/install/unique_identifier_msgs/include/unique_identifier_msgs/unique_identifier_msgs/msg/detail/uuid__type_support.cpp
[205.454s] -- Installing: /mnt/d/prueba/TFG-ROS2/ros2_client_node/install/unique_identifier_msgs/lib/libunique_identifier_msgs__rosidl_typesupport_introspection_cpp.so
[205.654s] -- Set runtime path of "/mnt/d/prueba/TFG-ROS2/ros2_client_node/install/unique_identifier_msgs/lib/libunique_identifier_msgs__rosidl_typesupport_introspection_cpp.so" to ""
[205.680s] -- Installing: /mnt/d/prueba/TFG-ROS2/ros2_client_node/install/unique_identifier_msgs/lib/libunique_identifier_msgs__rosidl_typesupport_cpp.so
[205.894s] -- Set runtime path of "/mnt/d/prueba/TFG-ROS2/ros2_client_node/install/unique_identifier_msgs/lib/libunique_identifier_msgs__rosidl_typesupport_cpp.so" to ""
[205.934s] -- Installing: /mnt/d/prueba/TFG-ROS2/ros2_client_node/install/unique_identifier_msgs/share/unique_identifier_msgs/environment/pythonpath.sh
[206.091s] -- Installing: /mnt/d/prueba/TFG-ROS2/ros2_client_node/install/unique_identifier_msgs/share/unique_identifier_msgs/environment/pythonpath.dsv
[206.217s] -- Installing: /mnt/d/prueba/TFG-ROS2/ros2_client_node/install/unique_identifier_msgs/local/lib/python3.10/dist-packages/unique_identifier_msgs-2.2.1-py3.10.egg-info
[206.302s] -- Installing: /mnt/d/prueba/TFG-ROS2/ros2_client_node/install/unique_identifier_msgs/local/lib/python3.10/dist-packages/unique_identifier_msgs-2.2.1-py3.10.egg-info/dependency_links.txt
[206.554s] -- Installing: /mnt/d/prueba/TFG-ROS2/ros2_client_node/install/unique_identifier_msgs/local/lib/python3.10/dist-packages/unique_identifier_msgs-2.2.1-py3.10.egg-info/PKG-INFO
[206.831s] -- Installing: /mnt/d/prueba/TFG-ROS2/ros2_client_node/install/unique_identifier_msgs/local/lib/python3.10/dist-packages/unique_identifier_msgs-2.2.1-py3.10.egg-info/SOURCES.txt
[207.102s] -- Installing: /mnt/d/prueba/TFG-ROS2/ros2_client_node/install/unique_identifier_msgs/local/lib/python3.10/dist-packages/unique_identifier_msgs-2.2.1-py3.10.egg-info/top_level.txt
[207.323s] -- Installing: /mnt/d/prueba/TFG-ROS2/ros2_client_node/install/unique_identifier_msgs/local/lib/python3.10/dist-packages/unique_identifier_msgs
[207.418s] -- Installing: /mnt/d/prueba/TFG-ROS2/ros2_client_node/install/unique_identifier_msgs/local/lib/python3.10/dist-packages/unique_identifier_msgs/libunique_identifier_msgs__rosidl_generator_py.so
[207.648s] -- Installing: /mnt/d/prueba/TFG-ROS2/ros2_client_node/install/unique_identifier_msgs/local/lib/python3.10/dist-packages/unique_identifier_msgs/msg
[207.774s] -- Installing: /mnt/d/prueba/TFG-ROS2/ros2_client_node/install/unique_identifier_msgs/local/lib/python3.10/dist-packages/unique_identifier_msgs/msg/_uuid.py
[208.054s] -- Installing: /mnt/d/prueba/TFG-ROS2/ros2_client_node/install/unique_identifier_msgs/local/lib/python3.10/dist-packages/unique_identifier_msgs/msg/_uuid_s.c
[208.327s] -- Installing: /mnt/d/prueba/TFG-ROS2/ros2_client_node/install/unique_identifier_msgs/local/lib/python3.10/dist-packages/unique_identifier_msgs/msg/__init__.py
[208.583s] -- Installing: /mnt/d/prueba/TFG-ROS2/ros2_client_node/install/unique_identifier_msgs/local/lib/python3.10/dist-packages/unique_identifier_msgs/unique_identifier_msgs_s__rosidl_typesupport_c.cpython-310-x86_64-linux-gnu.so
[208.818s] -- Installing: /mnt/d/prueba/TFG-ROS2/ros2_client_node/install/unique_identifier_msgs/local/lib/python3.10/dist-packages/unique_identifier_msgs/unique_identifier_msgs_s__rosidl_typesupport_fastrtps_c.cpython-310-x86_64-linux-gnu.so
[209.076s] -- Installing: /mnt/d/prueba/TFG-ROS2/ros2_client_node/install/unique_identifier_msgs/local/lib/python3.10/dist-packages/unique_identifier_msgs/unique_identifier_msgs_s__rosidl_typesupport_introspection_c.cpython-310-x86_64-linux-gnu.so
[209.326s] -- Installing: /mnt/d/prueba/TFG-ROS2/ros2_client_node/install/unique_identifier_msgs/local/lib/python3.10/dist-packages/unique_identifier_msgs/unique_identifier_msgs_s__rosidl_typesupport_microxrcedds_c.cpython-310-x86_64-linux-gnu.so
[209.536s] -- Installing: /mnt/d/prueba/TFG-ROS2/ros2_client_node/install/unique_identifier_msgs/local/lib/python3.10/dist-packages/unique_identifier_msgs/_unique_identifier_msgs_s.ep.rosidl_typesupport_c.c
[209.742s] -- Installing: /mnt/d/prueba/TFG-ROS2/ros2_client_node/install/unique_identifier_msgs/local/lib/python3.10/dist-packages/unique_identifier_msgs/_unique_identifier_msgs_s.ep.rosidl_typesupport_fastrtps_c.c
[210.009s] -- Installing: /mnt/d/prueba/TFG-ROS2/ros2_client_node/install/unique_identifier_msgs/local/lib/python3.10/dist-packages/unique_identifier_msgs/_unique_identifier_msgs_s.ep.rosidl_typesupport_introspection_c.c
[210.251s] -- Installing: /mnt/d/prueba/TFG-ROS2/ros2_client_node/install/unique_identifier_msgs/local/lib/python3.10/dist-packages/unique_identifier_msgs/_unique_identifier_msgs_s.ep.rosidl_typesupport_microxrcedds_c.c
[210.473s] -- Installing: /mnt/d/prueba/TFG-ROS2/ros2_client_node/install/unique_identifier_msgs/local/lib/python3.10/dist-packages/unique_identifier_msgs/__init__.py
[212.766s] Listing '/mnt/d/prueba/TFG-ROS2/ros2_client_node/install/unique_identifier_msgs/local/lib/python3.10/dist-packages/unique_identifier_msgs'...
[212.768s] Compiling '/mnt/d/prueba/TFG-ROS2/ros2_client_node/install/unique_identifier_msgs/local/lib/python3.10/dist-packages/unique_identifier_msgs/__init__.py'...
[212.771s] Listing '/mnt/d/prueba/TFG-ROS2/ros2_client_node/install/unique_identifier_msgs/local/lib/python3.10/dist-packages/unique_identifier_msgs/msg'...
[212.774s] Compiling '/mnt/d/prueba/TFG-ROS2/ros2_client_node/install/unique_identifier_msgs/local/lib/python3.10/dist-packages/unique_identifier_msgs/msg/__init__.py'...
[212.776s] Compiling '/mnt/d/prueba/TFG-ROS2/ros2_client_node/install/unique_identifier_msgs/local/lib/python3.10/dist-packages/unique_identifier_msgs/msg/_uuid.py'...
[212.923s] -- Installing: /mnt/d/prueba/TFG-ROS2/ros2_client_node/install/unique_identifier_msgs/local/lib/python3.10/dist-packages/unique_identifier_msgs/unique_identifier_msgs_s__rosidl_typesupport_microxrcedds_c.cpython-310-x86_64-linux-gnu.so
[213.249s] -- Set runtime path of "/mnt/d/prueba/TFG-ROS2/ros2_client_node/install/unique_identifier_msgs/local/lib/python3.10/dist-packages/unique_identifier_msgs/unique_identifier_msgs_s__rosidl_typesupport_microxrcedds_c.cpython-310-x86_64-linux-gnu.so" to ""
[213.388s] -- Installing: /mnt/d/prueba/TFG-ROS2/ros2_client_node/install/unique_identifier_msgs/local/lib/python3.10/dist-packages/unique_identifier_msgs/unique_identifier_msgs_s__rosidl_typesupport_fastrtps_c.cpython-310-x86_64-linux-gnu.so
[213.677s] -- Set runtime path of "/mnt/d/prueba/TFG-ROS2/ros2_client_node/install/unique_identifier_msgs/local/lib/python3.10/dist-packages/unique_identifier_msgs/unique_identifier_msgs_s__rosidl_typesupport_fastrtps_c.cpython-310-x86_64-linux-gnu.so" to ""
[213.818s] -- Installing: /mnt/d/prueba/TFG-ROS2/ros2_client_node/install/unique_identifier_msgs/local/lib/python3.10/dist-packages/unique_identifier_msgs/unique_identifier_msgs_s__rosidl_typesupport_introspection_c.cpython-310-x86_64-linux-gnu.so
[214.122s] -- Set runtime path of "/mnt/d/prueba/TFG-ROS2/ros2_client_node/install/unique_identifier_msgs/local/lib/python3.10/dist-packages/unique_identifier_msgs/unique_identifier_msgs_s__rosidl_typesupport_introspection_c.cpython-310-x86_64-linux-gnu.so" to ""
[214.276s] -- Installing: /mnt/d/prueba/TFG-ROS2/ros2_client_node/install/unique_identifier_msgs/local/lib/python3.10/dist-packages/unique_identifier_msgs/unique_identifier_msgs_s__rosidl_typesupport_c.cpython-310-x86_64-linux-gnu.so
[214.635s] -- Set runtime path of "/mnt/d/prueba/TFG-ROS2/ros2_client_node/install/unique_identifier_msgs/local/lib/python3.10/dist-packages/unique_identifier_msgs/unique_identifier_msgs_s__rosidl_typesupport_c.cpython-310-x86_64-linux-gnu.so" to ""
[214.685s] -- Installing: /mnt/d/prueba/TFG-ROS2/ros2_client_node/install/unique_identifier_msgs/lib/libunique_identifier_msgs__rosidl_generator_py.so
[214.962s] -- Set runtime path of "/mnt/d/prueba/TFG-ROS2/ros2_client_node/install/unique_identifier_msgs/lib/libunique_identifier_msgs__rosidl_generator_py.so" to ""
[215.027s] -- Installing: /mnt/d/prueba/TFG-ROS2/ros2_client_node/install/unique_identifier_msgs/share/unique_identifier_msgs/msg/UUID.idl
[215.191s] -- Installing: /mnt/d/prueba/TFG-ROS2/ros2_client_node/install/unique_identifier_msgs/share/unique_identifier_msgs/msg/UUID.msg
[215.403s] -- Installing: /mnt/d/prueba/TFG-ROS2/ros2_client_node/install/unique_identifier_msgs/share/ament_index/resource_index/package_run_dependencies/unique_identifier_msgs
[215.648s] -- Installing: /mnt/d/prueba/TFG-ROS2/ros2_client_node/install/unique_identifier_msgs/share/ament_index/resource_index/parent_prefix_path/unique_identifier_msgs
[215.822s] -- Installing: /mnt/d/prueba/TFG-ROS2/ros2_client_node/install/unique_identifier_msgs/share/unique_identifier_msgs/environment/ament_prefix_path.sh
[215.950s] -- Installing: /mnt/d/prueba/TFG-ROS2/ros2_client_node/install/unique_identifier_msgs/share/unique_identifier_msgs/environment/ament_prefix_path.dsv
[216.087s] -- Installing: /mnt/d/prueba/TFG-ROS2/ros2_client_node/install/unique_identifier_msgs/share/unique_identifier_msgs/environment/path.sh
[216.227s] -- Installing: /mnt/d/prueba/TFG-ROS2/ros2_client_node/install/unique_identifier_msgs/share/unique_identifier_msgs/environment/path.dsv
[216.389s] -- Installing: /mnt/d/prueba/TFG-ROS2/ros2_client_node/install/unique_identifier_msgs/share/unique_identifier_msgs/local_setup.bash
[216.533s] -- Installing: /mnt/d/prueba/TFG-ROS2/ros2_client_node/install/unique_identifier_msgs/share/unique_identifier_msgs/local_setup.sh
[216.681s] -- Installing: /mnt/d/prueba/TFG-ROS2/ros2_client_node/install/unique_identifier_msgs/share/unique_identifier_msgs/local_setup.zsh
[216.825s] -- Installing: /mnt/d/prueba/TFG-ROS2/ros2_client_node/install/unique_identifier_msgs/share/unique_identifier_msgs/local_setup.dsv
[216.958s] -- Installing: /mnt/d/prueba/TFG-ROS2/ros2_client_node/install/unique_identifier_msgs/share/unique_identifier_msgs/package.dsv
[217.168s] -- Installing: /mnt/d/prueba/TFG-ROS2/ros2_client_node/install/unique_identifier_msgs/share/ament_index/resource_index/packages/unique_identifier_msgs
[217.429s] -- Installing: /mnt/d/prueba/TFG-ROS2/ros2_client_node/install/unique_identifier_msgs/share/unique_identifier_msgs/cmake/export_unique_identifier_msgs__rosidl_generator_cExport.cmake
[217.647s] -- Installing: /mnt/d/prueba/TFG-ROS2/ros2_client_node/install/unique_identifier_msgs/share/unique_identifier_msgs/cmake/export_unique_identifier_msgs__rosidl_generator_cExport-noconfig.cmake
[217.873s] -- Installing: /mnt/d/prueba/TFG-ROS2/ros2_client_node/install/unique_identifier_msgs/share/unique_identifier_msgs/cmake/export_unique_identifier_msgs__rosidl_typesupport_fastrtps_cExport.cmake
[218.085s] -- Installing: /mnt/d/prueba/TFG-ROS2/ros2_client_node/install/unique_identifier_msgs/share/unique_identifier_msgs/cmake/export_unique_identifier_msgs__rosidl_typesupport_fastrtps_cExport-noconfig.cmake
[218.293s] -- Installing: /mnt/d/prueba/TFG-ROS2/ros2_client_node/install/unique_identifier_msgs/share/unique_identifier_msgs/cmake/unique_identifier_msgs__rosidl_typesupport_introspection_cExport.cmake
[218.505s] -- Installing: /mnt/d/prueba/TFG-ROS2/ros2_client_node/install/unique_identifier_msgs/share/unique_identifier_msgs/cmake/unique_identifier_msgs__rosidl_typesupport_introspection_cExport-noconfig.cmake
[218.721s] -- Installing: /mnt/d/prueba/TFG-ROS2/ros2_client_node/install/unique_identifier_msgs/share/unique_identifier_msgs/cmake/unique_identifier_msgs__rosidl_typesupport_cExport.cmake
[218.942s] -- Installing: /mnt/d/prueba/TFG-ROS2/ros2_client_node/install/unique_identifier_msgs/share/unique_identifier_msgs/cmake/unique_identifier_msgs__rosidl_typesupport_cExport-noconfig.cmake
[219.155s] -- Installing: /mnt/d/prueba/TFG-ROS2/ros2_client_node/install/unique_identifier_msgs/share/unique_identifier_msgs/cmake/export_unique_identifier_msgs__rosidl_generator_cppExport.cmake
[219.376s] -- Installing: /mnt/d/prueba/TFG-ROS2/ros2_client_node/install/unique_identifier_msgs/share/unique_identifier_msgs/cmake/export_unique_identifier_msgs__rosidl_typesupport_fastrtps_cppExport.cmake
[219.605s] -- Installing: /mnt/d/prueba/TFG-ROS2/ros2_client_node/install/unique_identifier_msgs/share/unique_identifier_msgs/cmake/export_unique_identifier_msgs__rosidl_typesupport_fastrtps_cppExport-noconfig.cmake
[219.813s] -- Installing: /mnt/d/prueba/TFG-ROS2/ros2_client_node/install/unique_identifier_msgs/share/unique_identifier_msgs/cmake/unique_identifier_msgs__rosidl_typesupport_introspection_cppExport.cmake
[220.016s] -- Installing: /mnt/d/prueba/TFG-ROS2/ros2_client_node/install/unique_identifier_msgs/share/unique_identifier_msgs/cmake/unique_identifier_msgs__rosidl_typesupport_introspection_cppExport-noconfig.cmake
[220.286s] -- Installing: /mnt/d/prueba/TFG-ROS2/ros2_client_node/install/unique_identifier_msgs/share/unique_identifier_msgs/cmake/unique_identifier_msgs__rosidl_typesupport_cppExport.cmake
[220.521s] -- Installing: /mnt/d/prueba/TFG-ROS2/ros2_client_node/install/unique_identifier_msgs/share/unique_identifier_msgs/cmake/unique_identifier_msgs__rosidl_typesupport_cppExport-noconfig.cmake
[220.829s] -- Installing: /mnt/d/prueba/TFG-ROS2/ros2_client_node/install/unique_identifier_msgs/share/unique_identifier_msgs/cmake/export_unique_identifier_msgs__rosidl_generator_pyExport.cmake
[221.140s] -- Installing: /mnt/d/prueba/TFG-ROS2/ros2_client_node/install/unique_identifier_msgs/share/unique_identifier_msgs/cmake/export_unique_identifier_msgs__rosidl_generator_pyExport-noconfig.cmake
[221.443s] -- Installing: /mnt/d/prueba/TFG-ROS2/ros2_client_node/install/unique_identifier_msgs/share/unique_identifier_msgs/cmake/rosidl_cmake-extras.cmake
[221.693s] -- Installing: /mnt/d/prueba/TFG-ROS2/ros2_client_node/install/unique_identifier_msgs/share/unique_identifier_msgs/cmake/ament_cmake_export_include_directories-extras.cmake
[221.914s] -- Installing: /mnt/d/prueba/TFG-ROS2/ros2_client_node/install/unique_identifier_msgs/share/unique_identifier_msgs/cmake/ament_cmake_export_libraries-extras.cmake
[222.214s] -- Installing: /mnt/d/prueba/TFG-ROS2/ros2_client_node/install/unique_identifier_msgs/share/unique_identifier_msgs/cmake/ament_cmake_export_targets-extras.cmake
[222.440s] -- Installing: /mnt/d/prueba/TFG-ROS2/ros2_client_node/install/unique_identifier_msgs/share/unique_identifier_msgs/cmake/rosidl_cmake_export_typesupport_targets-extras.cmake
[222.651s] -- Installing: /mnt/d/prueba/TFG-ROS2/ros2_client_node/install/unique_identifier_msgs/share/unique_identifier_msgs/cmake/ament_cmake_export_dependencies-extras.cmake
[222.913s] -- Installing: /mnt/d/prueba/TFG-ROS2/ros2_client_node/install/unique_identifier_msgs/share/unique_identifier_msgs/cmake/rosidl_cmake_export_typesupport_libraries-extras.cmake
[223.152s] -- Installing: /mnt/d/prueba/TFG-ROS2/ros2_client_node/install/unique_identifier_msgs/share/unique_identifier_msgs/cmake/unique_identifier_msgsConfig.cmake
[223.343s] -- Installing: /mnt/d/prueba/TFG-ROS2/ros2_client_node/install/unique_identifier_msgs/share/unique_identifier_msgs/cmake/unique_identifier_msgsConfig-version.cmake
[223.615s] -- Installing: /mnt/d/prueba/TFG-ROS2/ros2_client_node/install/unique_identifier_msgs/share/unique_identifier_msgs/package.xml
[223.843s] -- Installing: /mnt/d/prueba/TFG-ROS2/ros2_client_node/install/unique_identifier_msgs/share/unique_identifier_msgs/mapping_rules.yaml
[224.033s] Invoked command in '/mnt/d/prueba/TFG-ROS2/ros2_client_node/build/unique_identifier_msgs' returned '0': CMAKE_PREFIX_PATH=${CMAKE_PREFIX_PATH}:/opt/ros/humble /usr/bin/cmake --install /mnt/d/prueba/TFG-ROS2/ros2_client_node/build/unique_identifier_msgs
