-- Found ament_cmake: 1.3.3 (/opt/ros/humble/share/ament_cmake/cmake)
-- Found Python3: /usr/bin/python3.10 (found version "3.10.6") found components: Interpreter 
-- Configuring done
-- Generating done
-- Build files have been written to: /mnt/d/prueba/TFG-ROS2/ros2_client_node/build/common_interfaces
-- Install configuration: ""
-- Installing: /mnt/d/prueba/TFG-ROS2/ros2_client_node/install/common_interfaces/share/ament_index/resource_index/package_run_dependencies/common_interfaces
-- Installing: /mnt/d/prueba/TFG-ROS2/ros2_client_node/install/common_interfaces/share/ament_index/resource_index/parent_prefix_path/common_interfaces
-- Installing: /mnt/d/prueba/TFG-ROS2/ros2_client_node/install/common_interfaces/share/common_interfaces/environment/ament_prefix_path.sh
-- Installing: /mnt/d/prueba/TFG-ROS2/ros2_client_node/install/common_interfaces/share/common_interfaces/environment/ament_prefix_path.dsv
-- Installing: /mnt/d/prueba/TFG-ROS2/ros2_client_node/install/common_interfaces/share/common_interfaces/environment/path.sh
-- Installing: /mnt/d/prueba/TFG-ROS2/ros2_client_node/install/common_interfaces/share/common_interfaces/environment/path.dsv
-- Installing: /mnt/d/prueba/TFG-ROS2/ros2_client_node/install/common_interfaces/share/common_interfaces/local_setup.bash
-- Installing: /mnt/d/prueba/TFG-ROS2/ros2_client_node/install/common_interfaces/share/common_interfaces/local_setup.sh
-- Installing: /mnt/d/prueba/TFG-ROS2/ros2_client_node/install/common_interfaces/share/common_interfaces/local_setup.zsh
-- Installing: /mnt/d/prueba/TFG-ROS2/ros2_client_node/install/common_interfaces/share/common_interfaces/local_setup.dsv
-- Installing: /mnt/d/prueba/TFG-ROS2/ros2_client_node/install/common_interfaces/share/common_interfaces/package.dsv
-- Installing: /mnt/d/prueba/TFG-ROS2/ros2_client_node/install/common_interfaces/share/ament_index/resource_index/packages/common_interfaces
-- Installing: /mnt/d/prueba/TFG-ROS2/ros2_client_node/install/common_interfaces/share/common_interfaces/cmake/common_interfacesConfig.cmake
-- Installing: /mnt/d/prueba/TFG-ROS2/ros2_client_node/install/common_interfaces/share/common_interfaces/cmake/common_interfacesConfig-version.cmake
-- Installing: /mnt/d/prueba/TFG-ROS2/ros2_client_node/install/common_interfaces/share/common_interfaces/package.xml
