-- The C compiler identification is GNU 11.3.0
-- The CXX compiler identification is GNU 11.3.0
-- Detecting C compiler ABI info
-- Detecting C compiler ABI info - done
-- Check for working C compiler: /usr/bin/cc - skipped
-- Detecting C compile features
-- Detecting C compile features - done
-- Detecting CXX compiler ABI info
-- Detecting CXX compiler ABI info - done
-- Check for working CXX compiler: /usr/bin/c++ - skipped
-- Detecting CXX compile features
-- Detecting CXX compile features - done
-- Found ament_cmake: 1.3.3 (/opt/ros/humble/share/ament_cmake/cmake)
-- Found Python3: /usr/bin/python3.10 (found version "3.10.6") found components: Interpreter 
-- Found rosidl_default_generators: 1.2.0 (/opt/ros/humble/share/rosidl_default_generators/cmake)
-- Using all available rosidl_typesupport_c: rosidl_typesupport_microxrcedds_c;rosidl_typesupport_fastrtps_c;rosidl_typesupport_introspection_c
-- Found rosidl_adapter: 3.1.4 (/opt/ros/humble/share/rosidl_adapter/cmake)
-- Using all available rosidl_typesupport_cpp: rosidl_typesupport_microxrcedds_cpp;rosidl_typesupport_fastrtps_cpp;rosidl_typesupport_introspection_cpp
-- Found ament_cmake_ros: 0.10.0 (/opt/ros/humble/share/ament_cmake_ros/cmake)
-- Using all available rosidl_typesupport_c: rosidl_typesupport_microxrcedds_c;rosidl_typesupport_fastrtps_c;rosidl_typesupport_introspection_c
-- Using all available rosidl_typesupport_cpp: rosidl_typesupport_microxrcedds_cpp;rosidl_typesupport_fastrtps_cpp;rosidl_typesupport_introspection_cpp
-- Found PythonInterp: /usr/bin/python3 (found suitable version "3.10.6", minimum required is "3.6") 
-- Found python_cmake_module: 0.10.0 (/opt/ros/humble/share/python_cmake_module/cmake)
-- Found PythonLibs: /usr/lib/x86_64-linux-gnu/libpython3.10.so (found suitable version "3.10.6", minimum required is "3.5") 
-- Using PYTHON_EXECUTABLE: /usr/bin/python3
-- Using PYTHON_INCLUDE_DIRS: /usr/include/python3.10
-- Using PYTHON_LIBRARIES: /usr/lib/x86_64-linux-gnu/libpython3.10.so
-- Found PythonExtra: .so  
-- Configuring done
-- Generating done
-- Build files have been written to: /mnt/d/prueba/TFG-ROS2/ros2_client_node/build/micro_ros_msgs
[  1%] [34m[1mGenerating C code for ROS interfaces[0m
[  3%] [34m[1mGenerating C++ code for ROS interfaces[0m
[  3%] Built target ament_cmake_python_copy_micro_ros_msgs
[  3%] Built target micro_ros_msgs__cpp
running egg_info
creating micro_ros_msgs.egg-info
writing micro_ros_msgs.egg-info/PKG-INFO
writing dependency_links to micro_ros_msgs.egg-info/dependency_links.txt
writing top-level names to micro_ros_msgs.egg-info/top_level.txt
writing manifest file 'micro_ros_msgs.egg-info/SOURCES.txt'
reading manifest file 'micro_ros_msgs.egg-info/SOURCES.txt'
writing manifest file 'micro_ros_msgs.egg-info/SOURCES.txt'
[  5%] [32mBuilding C object CMakeFiles/micro_ros_msgs__rosidl_generator_c.dir/rosidl_generator_c/micro_ros_msgs/msg/detail/graph__functions.c.o[0m
[  6%] [32mBuilding C object CMakeFiles/micro_ros_msgs__rosidl_generator_c.dir/rosidl_generator_c/micro_ros_msgs/msg/detail/node__functions.c.o[0m
[  8%] [32mBuilding C object CMakeFiles/micro_ros_msgs__rosidl_generator_c.dir/rosidl_generator_c/micro_ros_msgs/msg/detail/entity__functions.c.o[0m
[ 10%] [34m[1mGenerating C++ type support dispatch for ROS interfaces[0m
[ 11%] [34m[1mGenerating C++ type support for eProsima Fast-RTPS[0m
[ 13%] [34m[1mGenerating C++ introspection for ROS interfaces[0m
[ 15%] [34m[1mGenerating C++ type support for eProsima Micro XRCE-DDS[0m
[ 15%] Built target ament_cmake_python_build_micro_ros_msgs_egg
[ 16%] [32m[1mLinking C shared library libmicro_ros_msgs__rosidl_generator_c.so[0m
[ 16%] Built target micro_ros_msgs__rosidl_generator_c
[ 18%] [32mBuilding CXX object CMakeFiles/micro_ros_msgs__rosidl_typesupport_cpp.dir/rosidl_typesupport_cpp/micro_ros_msgs/msg/graph__type_support.cpp.o[0m
[ 20%] [32mBuilding CXX object CMakeFiles/micro_ros_msgs__rosidl_typesupport_fastrtps_cpp.dir/rosidl_typesupport_fastrtps_cpp/micro_ros_msgs/msg/detail/dds_fastrtps/graph__type_support.cpp.o[0m
[ 22%] [32mBuilding CXX object CMakeFiles/micro_ros_msgs__rosidl_typesupport_introspection_cpp.dir/rosidl_typesupport_introspection_cpp/micro_ros_msgs/msg/detail/graph__type_support.cpp.o[0m
[ 23%] [32mBuilding CXX object CMakeFiles/micro_ros_msgs__rosidl_typesupport_cpp.dir/rosidl_typesupport_cpp/micro_ros_msgs/msg/entity__type_support.cpp.o[0m
[ 25%] [32mBuilding CXX object CMakeFiles/micro_ros_msgs__rosidl_typesupport_microxrcedds_cpp.dir/rosidl_typesupport_microxrcedds_cpp/micro_ros_msgs/msg/detail/microxrcedds/graph__type_support_cpp.cpp.o[0m
[ 27%] [32mBuilding CXX object CMakeFiles/micro_ros_msgs__rosidl_typesupport_cpp.dir/rosidl_typesupport_cpp/micro_ros_msgs/msg/node__type_support.cpp.o[0m
[ 28%] [32mBuilding CXX object CMakeFiles/micro_ros_msgs__rosidl_typesupport_fastrtps_cpp.dir/rosidl_typesupport_fastrtps_cpp/micro_ros_msgs/msg/detail/dds_fastrtps/entity__type_support.cpp.o[0m
[ 30%] [32mBuilding CXX object CMakeFiles/micro_ros_msgs__rosidl_typesupport_introspection_cpp.dir/rosidl_typesupport_introspection_cpp/micro_ros_msgs/msg/detail/entity__type_support.cpp.o[0m
[ 32%] [32m[1mLinking CXX shared library libmicro_ros_msgs__rosidl_typesupport_cpp.so[0m
[ 33%] [32mBuilding CXX object CMakeFiles/micro_ros_msgs__rosidl_typesupport_introspection_cpp.dir/rosidl_typesupport_introspection_cpp/micro_ros_msgs/msg/detail/node__type_support.cpp.o[0m
[ 35%] [32mBuilding CXX object CMakeFiles/micro_ros_msgs__rosidl_typesupport_fastrtps_cpp.dir/rosidl_typesupport_fastrtps_cpp/micro_ros_msgs/msg/detail/dds_fastrtps/node__type_support.cpp.o[0m
[ 37%] [32mBuilding CXX object CMakeFiles/micro_ros_msgs__rosidl_typesupport_microxrcedds_cpp.dir/rosidl_typesupport_microxrcedds_cpp/micro_ros_msgs/msg/detail/microxrcedds/entity__type_support_cpp.cpp.o[0m
[ 37%] Built target micro_ros_msgs__rosidl_typesupport_cpp
[ 38%] [32m[1mLinking CXX shared library libmicro_ros_msgs__rosidl_typesupport_introspection_cpp.so[0m
[ 40%] [32m[1mLinking CXX shared library libmicro_ros_msgs__rosidl_typesupport_fastrtps_cpp.so[0m
[ 42%] [32mBuilding CXX object CMakeFiles/micro_ros_msgs__rosidl_typesupport_microxrcedds_cpp.dir/rosidl_typesupport_microxrcedds_cpp/micro_ros_msgs/msg/detail/microxrcedds/node__type_support_cpp.cpp.o[0m
[ 42%] Built target micro_ros_msgs__rosidl_typesupport_introspection_cpp
[ 42%] Built target micro_ros_msgs__rosidl_typesupport_fastrtps_cpp
[ 44%] [32m[1mLinking CXX shared library libmicro_ros_msgs__rosidl_typesupport_microxrcedds_cpp.so[0m
[ 44%] Built target micro_ros_msgs__rosidl_typesupport_microxrcedds_cpp
[ 45%] [34m[1mGenerating C type support dispatch for ROS interfaces[0m
[ 47%] [32mBuilding CXX object CMakeFiles/micro_ros_msgs__rosidl_typesupport_c.dir/rosidl_typesupport_c/micro_ros_msgs/msg/graph__type_support.cpp.o[0m
[ 49%] [32mBuilding CXX object CMakeFiles/micro_ros_msgs__rosidl_typesupport_c.dir/rosidl_typesupport_c/micro_ros_msgs/msg/entity__type_support.cpp.o[0m
[ 50%] [32mBuilding CXX object CMakeFiles/micro_ros_msgs__rosidl_typesupport_c.dir/rosidl_typesupport_c/micro_ros_msgs/msg/node__type_support.cpp.o[0m
[ 52%] [32m[1mLinking CXX shared library libmicro_ros_msgs__rosidl_typesupport_c.so[0m
[ 52%] Built target micro_ros_msgs__rosidl_typesupport_c
[ 54%] [34m[1mGenerating C introspection for ROS interfaces[0m
[ 55%] [34m[1mGenerating C type support for eProsima Fast-RTPS[0m
[ 57%] [32mBuilding CXX object CMakeFiles/micro_ros_msgs__rosidl_typesupport_fastrtps_c.dir/rosidl_typesupport_fastrtps_c/micro_ros_msgs/msg/detail/graph__type_support_c.cpp.o[0m
[ 59%] [32mBuilding C object CMakeFiles/micro_ros_msgs__rosidl_typesupport_introspection_c.dir/rosidl_typesupport_introspection_c/micro_ros_msgs/msg/detail/graph__type_support.c.o[0m
[ 61%] [32mBuilding C object CMakeFiles/micro_ros_msgs__rosidl_typesupport_introspection_c.dir/rosidl_typesupport_introspection_c/micro_ros_msgs/msg/detail/entity__type_support.c.o[0m
[ 62%] [32mBuilding CXX object CMakeFiles/micro_ros_msgs__rosidl_typesupport_fastrtps_c.dir/rosidl_typesupport_fastrtps_c/micro_ros_msgs/msg/detail/entity__type_support_c.cpp.o[0m
[ 64%] [32mBuilding C object CMakeFiles/micro_ros_msgs__rosidl_typesupport_introspection_c.dir/rosidl_typesupport_introspection_c/micro_ros_msgs/msg/detail/node__type_support.c.o[0m
[ 66%] [32mBuilding CXX object CMakeFiles/micro_ros_msgs__rosidl_typesupport_fastrtps_c.dir/rosidl_typesupport_fastrtps_c/micro_ros_msgs/msg/detail/node__type_support_c.cpp.o[0m
[ 67%] [32m[1mLinking C shared library libmicro_ros_msgs__rosidl_typesupport_introspection_c.so[0m
[ 67%] Built target micro_ros_msgs__rosidl_typesupport_introspection_c
[ 69%] [32m[1mLinking CXX shared library libmicro_ros_msgs__rosidl_typesupport_fastrtps_c.so[0m
[ 69%] Built target micro_ros_msgs__rosidl_typesupport_fastrtps_c
[ 71%] [34m[1mGenerating C type support for eProsima Micro XRCE-DDS[0m
[ 72%] [32mBuilding C object CMakeFiles/micro_ros_msgs__rosidl_typesupport_microxrcedds_c.dir/rosidl_typesupport_microxrcedds_c/micro_ros_msgs/msg/detail/microxrcedds/graph__type_support_c.c.o[0m
[ 74%] [32mBuilding C object CMakeFiles/micro_ros_msgs__rosidl_typesupport_microxrcedds_c.dir/rosidl_typesupport_microxrcedds_c/micro_ros_msgs/msg/detail/microxrcedds/node__type_support_c.c.o[0m
[ 76%] [32mBuilding C object CMakeFiles/micro_ros_msgs__rosidl_typesupport_microxrcedds_c.dir/rosidl_typesupport_microxrcedds_c/micro_ros_msgs/msg/detail/microxrcedds/entity__type_support_c.c.o[0m
[ 77%] [32m[1mLinking C shared library libmicro_ros_msgs__rosidl_typesupport_microxrcedds_c.so[0m
[ 77%] Built target micro_ros_msgs__rosidl_typesupport_microxrcedds_c
[ 77%] Built target micro_ros_msgs
[ 79%] [34m[1mGenerating Python code for ROS interfaces[0m
[ 79%] Built target micro_ros_msgs__py
[ 81%] [32mBuilding C object CMakeFiles/micro_ros_msgs__rosidl_generator_py.dir/rosidl_generator_py/micro_ros_msgs/msg/_graph_s.c.o[0m
[ 83%] [32mBuilding C object CMakeFiles/micro_ros_msgs__rosidl_generator_py.dir/rosidl_generator_py/micro_ros_msgs/msg/_node_s.c.o[0m
[ 84%] [32mBuilding C object CMakeFiles/micro_ros_msgs__rosidl_generator_py.dir/rosidl_generator_py/micro_ros_msgs/msg/_entity_s.c.o[0m
[ 86%] [32m[1mLinking C shared library rosidl_generator_py/micro_ros_msgs/libmicro_ros_msgs__rosidl_generator_py.so[0m
[ 86%] Built target micro_ros_msgs__rosidl_generator_py
[ 88%] [32mBuilding C object CMakeFiles/micro_ros_msgs__rosidl_typesupport_microxrcedds_c__pyext.dir/rosidl_generator_py/micro_ros_msgs/_micro_ros_msgs_s.ep.rosidl_typesupport_microxrcedds_c.c.o[0m
[ 89%] [32mBuilding C object CMakeFiles/micro_ros_msgs__rosidl_typesupport_fastrtps_c__pyext.dir/rosidl_generator_py/micro_ros_msgs/_micro_ros_msgs_s.ep.rosidl_typesupport_fastrtps_c.c.o[0m
[ 91%] [32mBuilding C object CMakeFiles/micro_ros_msgs__rosidl_typesupport_introspection_c__pyext.dir/rosidl_generator_py/micro_ros_msgs/_micro_ros_msgs_s.ep.rosidl_typesupport_introspection_c.c.o[0m
[ 93%] [32mBuilding C object CMakeFiles/micro_ros_msgs__rosidl_typesupport_c__pyext.dir/rosidl_generator_py/micro_ros_msgs/_micro_ros_msgs_s.ep.rosidl_typesupport_c.c.o[0m
[ 94%] [32m[1mLinking C shared library rosidl_generator_py/micro_ros_msgs/micro_ros_msgs_s__rosidl_typesupport_c.cpython-310-x86_64-linux-gnu.so[0m
[ 96%] [32m[1mLinking C shared library rosidl_generator_py/micro_ros_msgs/micro_ros_msgs_s__rosidl_typesupport_fastrtps_c.cpython-310-x86_64-linux-gnu.so[0m
[ 98%] [32m[1mLinking C shared library rosidl_generator_py/micro_ros_msgs/micro_ros_msgs_s__rosidl_typesupport_introspection_c.cpython-310-x86_64-linux-gnu.so[0m
[100%] [32m[1mLinking C shared library rosidl_generator_py/micro_ros_msgs/micro_ros_msgs_s__rosidl_typesupport_microxrcedds_c.cpython-310-x86_64-linux-gnu.so[0m
[100%] Built target micro_ros_msgs__rosidl_typesupport_c__pyext
[100%] Built target micro_ros_msgs__rosidl_typesupport_fastrtps_c__pyext
[100%] Built target micro_ros_msgs__rosidl_typesupport_introspection_c__pyext
[100%] Built target micro_ros_msgs__rosidl_typesupport_microxrcedds_c__pyext
-- Install configuration: ""
-- Installing: /mnt/d/prueba/TFG-ROS2/ros2_client_node/install/micro_ros_msgs/share/ament_index/resource_index/rosidl_interfaces/micro_ros_msgs
-- Installing: /mnt/d/prueba/TFG-ROS2/ros2_client_node/install/micro_ros_msgs/include/micro_ros_msgs/micro_ros_msgs
-- Installing: /mnt/d/prueba/TFG-ROS2/ros2_client_node/install/micro_ros_msgs/include/micro_ros_msgs/micro_ros_msgs/msg
-- Installing: /mnt/d/prueba/TFG-ROS2/ros2_client_node/install/micro_ros_msgs/include/micro_ros_msgs/micro_ros_msgs/msg/detail
-- Installing: /mnt/d/prueba/TFG-ROS2/ros2_client_node/install/micro_ros_msgs/include/micro_ros_msgs/micro_ros_msgs/msg/detail/entity__functions.c
-- Installing: /mnt/d/prueba/TFG-ROS2/ros2_client_node/install/micro_ros_msgs/include/micro_ros_msgs/micro_ros_msgs/msg/detail/entity__functions.h
-- Installing: /mnt/d/prueba/TFG-ROS2/ros2_client_node/install/micro_ros_msgs/include/micro_ros_msgs/micro_ros_msgs/msg/detail/entity__struct.h
-- Installing: /mnt/d/prueba/TFG-ROS2/ros2_client_node/install/micro_ros_msgs/include/micro_ros_msgs/micro_ros_msgs/msg/detail/entity__type_support.h
-- Installing: /mnt/d/prueba/TFG-ROS2/ros2_client_node/install/micro_ros_msgs/include/micro_ros_msgs/micro_ros_msgs/msg/detail/graph__functions.c
-- Installing: /mnt/d/prueba/TFG-ROS2/ros2_client_node/install/micro_ros_msgs/include/micro_ros_msgs/micro_ros_msgs/msg/detail/graph__functions.h
-- Installing: /mnt/d/prueba/TFG-ROS2/ros2_client_node/install/micro_ros_msgs/include/micro_ros_msgs/micro_ros_msgs/msg/detail/graph__struct.h
-- Installing: /mnt/d/prueba/TFG-ROS2/ros2_client_node/install/micro_ros_msgs/include/micro_ros_msgs/micro_ros_msgs/msg/detail/graph__type_support.h
-- Installing: /mnt/d/prueba/TFG-ROS2/ros2_client_node/install/micro_ros_msgs/include/micro_ros_msgs/micro_ros_msgs/msg/detail/node__functions.c
-- Installing: /mnt/d/prueba/TFG-ROS2/ros2_client_node/install/micro_ros_msgs/include/micro_ros_msgs/micro_ros_msgs/msg/detail/node__functions.h
-- Installing: /mnt/d/prueba/TFG-ROS2/ros2_client_node/install/micro_ros_msgs/include/micro_ros_msgs/micro_ros_msgs/msg/detail/node__struct.h
-- Installing: /mnt/d/prueba/TFG-ROS2/ros2_client_node/install/micro_ros_msgs/include/micro_ros_msgs/micro_ros_msgs/msg/detail/node__type_support.h
-- Installing: /mnt/d/prueba/TFG-ROS2/ros2_client_node/install/micro_ros_msgs/include/micro_ros_msgs/micro_ros_msgs/msg/entity.h
-- Installing: /mnt/d/prueba/TFG-ROS2/ros2_client_node/install/micro_ros_msgs/include/micro_ros_msgs/micro_ros_msgs/msg/graph.h
-- Installing: /mnt/d/prueba/TFG-ROS2/ros2_client_node/install/micro_ros_msgs/include/micro_ros_msgs/micro_ros_msgs/msg/node.h
-- Installing: /mnt/d/prueba/TFG-ROS2/ros2_client_node/install/micro_ros_msgs/include/micro_ros_msgs/micro_ros_msgs/msg/rosidl_generator_c__visibility_control.h
-- Installing: /mnt/d/prueba/TFG-ROS2/ros2_client_node/install/micro_ros_msgs/share/micro_ros_msgs/environment/library_path.sh
-- Installing: /mnt/d/prueba/TFG-ROS2/ros2_client_node/install/micro_ros_msgs/share/micro_ros_msgs/environment/library_path.dsv
-- Installing: /mnt/d/prueba/TFG-ROS2/ros2_client_node/install/micro_ros_msgs/lib/libmicro_ros_msgs__rosidl_generator_c.so
-- Set runtime path of "/mnt/d/prueba/TFG-ROS2/ros2_client_node/install/micro_ros_msgs/lib/libmicro_ros_msgs__rosidl_generator_c.so" to ""
-- Up-to-date: /mnt/d/prueba/TFG-ROS2/ros2_client_node/install/micro_ros_msgs/include/micro_ros_msgs
-- Installing: /mnt/d/prueba/TFG-ROS2/ros2_client_node/install/micro_ros_msgs/include/micro_ros_msgs/msg
-- Installing: /mnt/d/prueba/TFG-ROS2/ros2_client_node/install/micro_ros_msgs/include/micro_ros_msgs/msg/detail
-- Installing: /mnt/d/prueba/TFG-ROS2/ros2_client_node/install/micro_ros_msgs/include/micro_ros_msgs/msg/detail/entity__rosidl_typesupport_microxrcedds_c.h
-- Installing: /mnt/d/prueba/TFG-ROS2/ros2_client_node/install/micro_ros_msgs/include/micro_ros_msgs/msg/detail/graph__rosidl_typesupport_microxrcedds_c.h
-- Installing: /mnt/d/prueba/TFG-ROS2/ros2_client_node/install/micro_ros_msgs/include/micro_ros_msgs/msg/detail/microxrcedds
-- Installing: /mnt/d/prueba/TFG-ROS2/ros2_client_node/install/micro_ros_msgs/include/micro_ros_msgs/msg/detail/node__rosidl_typesupport_microxrcedds_c.h
-- Installing: /mnt/d/prueba/TFG-ROS2/ros2_client_node/install/micro_ros_msgs/include/micro_ros_msgs/msg/rosidl_typesupport_microxrcedds_c__visibility_control.h
-- Installing: /mnt/d/prueba/TFG-ROS2/ros2_client_node/install/micro_ros_msgs/lib/libmicro_ros_msgs__rosidl_typesupport_microxrcedds_c.so
-- Set runtime path of "/mnt/d/prueba/TFG-ROS2/ros2_client_node/install/micro_ros_msgs/lib/libmicro_ros_msgs__rosidl_typesupport_microxrcedds_c.so" to ""
-- Up-to-date: /mnt/d/prueba/TFG-ROS2/ros2_client_node/install/micro_ros_msgs/include/micro_ros_msgs/micro_ros_msgs
-- Up-to-date: /mnt/d/prueba/TFG-ROS2/ros2_client_node/install/micro_ros_msgs/include/micro_ros_msgs/micro_ros_msgs/msg
-- Up-to-date: /mnt/d/prueba/TFG-ROS2/ros2_client_node/install/micro_ros_msgs/include/micro_ros_msgs/micro_ros_msgs/msg/detail
-- Installing: /mnt/d/prueba/TFG-ROS2/ros2_client_node/install/micro_ros_msgs/include/micro_ros_msgs/micro_ros_msgs/msg/detail/entity__rosidl_typesupport_fastrtps_c.h
-- Installing: /mnt/d/prueba/TFG-ROS2/ros2_client_node/install/micro_ros_msgs/include/micro_ros_msgs/micro_ros_msgs/msg/detail/graph__rosidl_typesupport_fastrtps_c.h
-- Installing: /mnt/d/prueba/TFG-ROS2/ros2_client_node/install/micro_ros_msgs/include/micro_ros_msgs/micro_ros_msgs/msg/detail/node__rosidl_typesupport_fastrtps_c.h
-- Installing: /mnt/d/prueba/TFG-ROS2/ros2_client_node/install/micro_ros_msgs/include/micro_ros_msgs/micro_ros_msgs/msg/rosidl_typesupport_fastrtps_c__visibility_control.h
-- Installing: /mnt/d/prueba/TFG-ROS2/ros2_client_node/install/micro_ros_msgs/lib/libmicro_ros_msgs__rosidl_typesupport_fastrtps_c.so
-- Set runtime path of "/mnt/d/prueba/TFG-ROS2/ros2_client_node/install/micro_ros_msgs/lib/libmicro_ros_msgs__rosidl_typesupport_fastrtps_c.so" to ""
-- Up-to-date: /mnt/d/prueba/TFG-ROS2/ros2_client_node/install/micro_ros_msgs/include/micro_ros_msgs/micro_ros_msgs
-- Up-to-date: /mnt/d/prueba/TFG-ROS2/ros2_client_node/install/micro_ros_msgs/include/micro_ros_msgs/micro_ros_msgs/msg
-- Up-to-date: /mnt/d/prueba/TFG-ROS2/ros2_client_node/install/micro_ros_msgs/include/micro_ros_msgs/micro_ros_msgs/msg/detail
-- Installing: /mnt/d/prueba/TFG-ROS2/ros2_client_node/install/micro_ros_msgs/include/micro_ros_msgs/micro_ros_msgs/msg/detail/entity__rosidl_typesupport_introspection_c.h
-- Installing: /mnt/d/prueba/TFG-ROS2/ros2_client_node/install/micro_ros_msgs/include/micro_ros_msgs/micro_ros_msgs/msg/detail/entity__type_support.c
-- Installing: /mnt/d/prueba/TFG-ROS2/ros2_client_node/install/micro_ros_msgs/include/micro_ros_msgs/micro_ros_msgs/msg/detail/graph__rosidl_typesupport_introspection_c.h
-- Installing: /mnt/d/prueba/TFG-ROS2/ros2_client_node/install/micro_ros_msgs/include/micro_ros_msgs/micro_ros_msgs/msg/detail/graph__type_support.c
-- Installing: /mnt/d/prueba/TFG-ROS2/ros2_client_node/install/micro_ros_msgs/include/micro_ros_msgs/micro_ros_msgs/msg/detail/node__rosidl_typesupport_introspection_c.h
-- Installing: /mnt/d/prueba/TFG-ROS2/ros2_client_node/install/micro_ros_msgs/include/micro_ros_msgs/micro_ros_msgs/msg/detail/node__type_support.c
-- Installing: /mnt/d/prueba/TFG-ROS2/ros2_client_node/install/micro_ros_msgs/include/micro_ros_msgs/micro_ros_msgs/msg/rosidl_typesupport_introspection_c__visibility_control.h
-- Installing: /mnt/d/prueba/TFG-ROS2/ros2_client_node/install/micro_ros_msgs/lib/libmicro_ros_msgs__rosidl_typesupport_introspection_c.so
-- Set runtime path of "/mnt/d/prueba/TFG-ROS2/ros2_client_node/install/micro_ros_msgs/lib/libmicro_ros_msgs__rosidl_typesupport_introspection_c.so" to ""
-- Installing: /mnt/d/prueba/TFG-ROS2/ros2_client_node/install/micro_ros_msgs/lib/libmicro_ros_msgs__rosidl_typesupport_c.so
-- Set runtime path of "/mnt/d/prueba/TFG-ROS2/ros2_client_node/install/micro_ros_msgs/lib/libmicro_ros_msgs__rosidl_typesupport_c.so" to ""
-- Up-to-date: /mnt/d/prueba/TFG-ROS2/ros2_client_node/install/micro_ros_msgs/include/micro_ros_msgs/micro_ros_msgs
-- Up-to-date: /mnt/d/prueba/TFG-ROS2/ros2_client_node/install/micro_ros_msgs/include/micro_ros_msgs/micro_ros_msgs/msg
-- Up-to-date: /mnt/d/prueba/TFG-ROS2/ros2_client_node/install/micro_ros_msgs/include/micro_ros_msgs/micro_ros_msgs/msg/detail
-- Installing: /mnt/d/prueba/TFG-ROS2/ros2_client_node/install/micro_ros_msgs/include/micro_ros_msgs/micro_ros_msgs/msg/detail/entity__builder.hpp
-- Installing: /mnt/d/prueba/TFG-ROS2/ros2_client_node/install/micro_ros_msgs/include/micro_ros_msgs/micro_ros_msgs/msg/detail/entity__struct.hpp
-- Installing: /mnt/d/prueba/TFG-ROS2/ros2_client_node/install/micro_ros_msgs/include/micro_ros_msgs/micro_ros_msgs/msg/detail/entity__traits.hpp
-- Installing: /mnt/d/prueba/TFG-ROS2/ros2_client_node/install/micro_ros_msgs/include/micro_ros_msgs/micro_ros_msgs/msg/detail/graph__builder.hpp
-- Installing: /mnt/d/prueba/TFG-ROS2/ros2_client_node/install/micro_ros_msgs/include/micro_ros_msgs/micro_ros_msgs/msg/detail/graph__struct.hpp
-- Installing: /mnt/d/prueba/TFG-ROS2/ros2_client_node/install/micro_ros_msgs/include/micro_ros_msgs/micro_ros_msgs/msg/detail/graph__traits.hpp
-- Installing: /mnt/d/prueba/TFG-ROS2/ros2_client_node/install/micro_ros_msgs/include/micro_ros_msgs/micro_ros_msgs/msg/detail/node__builder.hpp
-- Installing: /mnt/d/prueba/TFG-ROS2/ros2_client_node/install/micro_ros_msgs/include/micro_ros_msgs/micro_ros_msgs/msg/detail/node__struct.hpp
-- Installing: /mnt/d/prueba/TFG-ROS2/ros2_client_node/install/micro_ros_msgs/include/micro_ros_msgs/micro_ros_msgs/msg/detail/node__traits.hpp
-- Installing: /mnt/d/prueba/TFG-ROS2/ros2_client_node/install/micro_ros_msgs/include/micro_ros_msgs/micro_ros_msgs/msg/entity.hpp
-- Installing: /mnt/d/prueba/TFG-ROS2/ros2_client_node/install/micro_ros_msgs/include/micro_ros_msgs/micro_ros_msgs/msg/graph.hpp
-- Installing: /mnt/d/prueba/TFG-ROS2/ros2_client_node/install/micro_ros_msgs/include/micro_ros_msgs/micro_ros_msgs/msg/node.hpp
-- Up-to-date: /mnt/d/prueba/TFG-ROS2/ros2_client_node/install/micro_ros_msgs/include/micro_ros_msgs
-- Up-to-date: /mnt/d/prueba/TFG-ROS2/ros2_client_node/install/micro_ros_msgs/include/micro_ros_msgs/msg
-- Up-to-date: /mnt/d/prueba/TFG-ROS2/ros2_client_node/install/micro_ros_msgs/include/micro_ros_msgs/msg/detail
-- Installing: /mnt/d/prueba/TFG-ROS2/ros2_client_node/install/micro_ros_msgs/include/micro_ros_msgs/msg/detail/entity__rosidl_typesupport_microxrcedds_cpp.hpp
-- Installing: /mnt/d/prueba/TFG-ROS2/ros2_client_node/install/micro_ros_msgs/include/micro_ros_msgs/msg/detail/graph__rosidl_typesupport_microxrcedds_cpp.hpp
-- Up-to-date: /mnt/d/prueba/TFG-ROS2/ros2_client_node/install/micro_ros_msgs/include/micro_ros_msgs/msg/detail/microxrcedds
-- Installing: /mnt/d/prueba/TFG-ROS2/ros2_client_node/install/micro_ros_msgs/include/micro_ros_msgs/msg/detail/microxrcedds/entity__type_support_cpp.cpp
-- Installing: /mnt/d/prueba/TFG-ROS2/ros2_client_node/install/micro_ros_msgs/include/micro_ros_msgs/msg/detail/microxrcedds/graph__type_support_cpp.cpp
-- Installing: /mnt/d/prueba/TFG-ROS2/ros2_client_node/install/micro_ros_msgs/include/micro_ros_msgs/msg/detail/microxrcedds/node__type_support_cpp.cpp
-- Installing: /mnt/d/prueba/TFG-ROS2/ros2_client_node/install/micro_ros_msgs/include/micro_ros_msgs/msg/detail/node__rosidl_typesupport_microxrcedds_cpp.hpp
-- Installing: /mnt/d/prueba/TFG-ROS2/ros2_client_node/install/micro_ros_msgs/include/micro_ros_msgs/msg/rosidl_typesupport_microxrcedds_cpp__visibility_control.h
-- Installing: /mnt/d/prueba/TFG-ROS2/ros2_client_node/install/micro_ros_msgs/lib/libmicro_ros_msgs__rosidl_typesupport_microxrcedds_cpp.so
-- Set runtime path of "/mnt/d/prueba/TFG-ROS2/ros2_client_node/install/micro_ros_msgs/lib/libmicro_ros_msgs__rosidl_typesupport_microxrcedds_cpp.so" to ""
-- Up-to-date: /mnt/d/prueba/TFG-ROS2/ros2_client_node/install/micro_ros_msgs/include/micro_ros_msgs/micro_ros_msgs
-- Up-to-date: /mnt/d/prueba/TFG-ROS2/ros2_client_node/install/micro_ros_msgs/include/micro_ros_msgs/micro_ros_msgs/msg
-- Up-to-date: /mnt/d/prueba/TFG-ROS2/ros2_client_node/install/micro_ros_msgs/include/micro_ros_msgs/micro_ros_msgs/msg/detail
-- Installing: /mnt/d/prueba/TFG-ROS2/ros2_client_node/install/micro_ros_msgs/include/micro_ros_msgs/micro_ros_msgs/msg/detail/dds_fastrtps
-- Installing: /mnt/d/prueba/TFG-ROS2/ros2_client_node/install/micro_ros_msgs/include/micro_ros_msgs/micro_ros_msgs/msg/detail/entity__rosidl_typesupport_fastrtps_cpp.hpp
-- Installing: /mnt/d/prueba/TFG-ROS2/ros2_client_node/install/micro_ros_msgs/include/micro_ros_msgs/micro_ros_msgs/msg/detail/graph__rosidl_typesupport_fastrtps_cpp.hpp
-- Installing: /mnt/d/prueba/TFG-ROS2/ros2_client_node/install/micro_ros_msgs/include/micro_ros_msgs/micro_ros_msgs/msg/detail/node__rosidl_typesupport_fastrtps_cpp.hpp
-- Installing: /mnt/d/prueba/TFG-ROS2/ros2_client_node/install/micro_ros_msgs/include/micro_ros_msgs/micro_ros_msgs/msg/rosidl_typesupport_fastrtps_cpp__visibility_control.h
-- Installing: /mnt/d/prueba/TFG-ROS2/ros2_client_node/install/micro_ros_msgs/lib/libmicro_ros_msgs__rosidl_typesupport_fastrtps_cpp.so
-- Set runtime path of "/mnt/d/prueba/TFG-ROS2/ros2_client_node/install/micro_ros_msgs/lib/libmicro_ros_msgs__rosidl_typesupport_fastrtps_cpp.so" to ""
-- Up-to-date: /mnt/d/prueba/TFG-ROS2/ros2_client_node/install/micro_ros_msgs/include/micro_ros_msgs/micro_ros_msgs
-- Up-to-date: /mnt/d/prueba/TFG-ROS2/ros2_client_node/install/micro_ros_msgs/include/micro_ros_msgs/micro_ros_msgs/msg
-- Up-to-date: /mnt/d/prueba/TFG-ROS2/ros2_client_node/install/micro_ros_msgs/include/micro_ros_msgs/micro_ros_msgs/msg/detail
-- Installing: /mnt/d/prueba/TFG-ROS2/ros2_client_node/install/micro_ros_msgs/include/micro_ros_msgs/micro_ros_msgs/msg/detail/entity__rosidl_typesupport_introspection_cpp.hpp
-- Installing: /mnt/d/prueba/TFG-ROS2/ros2_client_node/install/micro_ros_msgs/include/micro_ros_msgs/micro_ros_msgs/msg/detail/entity__type_support.cpp
-- Installing: /mnt/d/prueba/TFG-ROS2/ros2_client_node/install/micro_ros_msgs/include/micro_ros_msgs/micro_ros_msgs/msg/detail/graph__rosidl_typesupport_introspection_cpp.hpp
-- Installing: /mnt/d/prueba/TFG-ROS2/ros2_client_node/install/micro_ros_msgs/include/micro_ros_msgs/micro_ros_msgs/msg/detail/graph__type_support.cpp
-- Installing: /mnt/d/prueba/TFG-ROS2/ros2_client_node/install/micro_ros_msgs/include/micro_ros_msgs/micro_ros_msgs/msg/detail/node__rosidl_typesupport_introspection_cpp.hpp
-- Installing: /mnt/d/prueba/TFG-ROS2/ros2_client_node/install/micro_ros_msgs/include/micro_ros_msgs/micro_ros_msgs/msg/detail/node__type_support.cpp
-- Installing: /mnt/d/prueba/TFG-ROS2/ros2_client_node/install/micro_ros_msgs/lib/libmicro_ros_msgs__rosidl_typesupport_introspection_cpp.so
-- Set runtime path of "/mnt/d/prueba/TFG-ROS2/ros2_client_node/install/micro_ros_msgs/lib/libmicro_ros_msgs__rosidl_typesupport_introspection_cpp.so" to ""
-- Installing: /mnt/d/prueba/TFG-ROS2/ros2_client_node/install/micro_ros_msgs/lib/libmicro_ros_msgs__rosidl_typesupport_cpp.so
-- Set runtime path of "/mnt/d/prueba/TFG-ROS2/ros2_client_node/install/micro_ros_msgs/lib/libmicro_ros_msgs__rosidl_typesupport_cpp.so" to ""
-- Installing: /mnt/d/prueba/TFG-ROS2/ros2_client_node/install/micro_ros_msgs/share/micro_ros_msgs/environment/pythonpath.sh
-- Installing: /mnt/d/prueba/TFG-ROS2/ros2_client_node/install/micro_ros_msgs/share/micro_ros_msgs/environment/pythonpath.dsv
-- Installing: /mnt/d/prueba/TFG-ROS2/ros2_client_node/install/micro_ros_msgs/local/lib/python3.10/dist-packages/micro_ros_msgs-1.0.0-py3.10.egg-info
-- Installing: /mnt/d/prueba/TFG-ROS2/ros2_client_node/install/micro_ros_msgs/local/lib/python3.10/dist-packages/micro_ros_msgs-1.0.0-py3.10.egg-info/dependency_links.txt
-- Installing: /mnt/d/prueba/TFG-ROS2/ros2_client_node/install/micro_ros_msgs/local/lib/python3.10/dist-packages/micro_ros_msgs-1.0.0-py3.10.egg-info/PKG-INFO
-- Installing: /mnt/d/prueba/TFG-ROS2/ros2_client_node/install/micro_ros_msgs/local/lib/python3.10/dist-packages/micro_ros_msgs-1.0.0-py3.10.egg-info/SOURCES.txt
-- Installing: /mnt/d/prueba/TFG-ROS2/ros2_client_node/install/micro_ros_msgs/local/lib/python3.10/dist-packages/micro_ros_msgs-1.0.0-py3.10.egg-info/top_level.txt
-- Installing: /mnt/d/prueba/TFG-ROS2/ros2_client_node/install/micro_ros_msgs/local/lib/python3.10/dist-packages/micro_ros_msgs
-- Installing: /mnt/d/prueba/TFG-ROS2/ros2_client_node/install/micro_ros_msgs/local/lib/python3.10/dist-packages/micro_ros_msgs/libmicro_ros_msgs__rosidl_generator_py.so
-- Installing: /mnt/d/prueba/TFG-ROS2/ros2_client_node/install/micro_ros_msgs/local/lib/python3.10/dist-packages/micro_ros_msgs/micro_ros_msgs_s__rosidl_typesupport_c.cpython-310-x86_64-linux-gnu.so
-- Installing: /mnt/d/prueba/TFG-ROS2/ros2_client_node/install/micro_ros_msgs/local/lib/python3.10/dist-packages/micro_ros_msgs/micro_ros_msgs_s__rosidl_typesupport_fastrtps_c.cpython-310-x86_64-linux-gnu.so
-- Installing: /mnt/d/prueba/TFG-ROS2/ros2_client_node/install/micro_ros_msgs/local/lib/python3.10/dist-packages/micro_ros_msgs/micro_ros_msgs_s__rosidl_typesupport_introspection_c.cpython-310-x86_64-linux-gnu.so
-- Installing: /mnt/d/prueba/TFG-ROS2/ros2_client_node/install/micro_ros_msgs/local/lib/python3.10/dist-packages/micro_ros_msgs/micro_ros_msgs_s__rosidl_typesupport_microxrcedds_c.cpython-310-x86_64-linux-gnu.so
-- Installing: /mnt/d/prueba/TFG-ROS2/ros2_client_node/install/micro_ros_msgs/local/lib/python3.10/dist-packages/micro_ros_msgs/msg
-- Installing: /mnt/d/prueba/TFG-ROS2/ros2_client_node/install/micro_ros_msgs/local/lib/python3.10/dist-packages/micro_ros_msgs/msg/_entity.py
-- Installing: /mnt/d/prueba/TFG-ROS2/ros2_client_node/install/micro_ros_msgs/local/lib/python3.10/dist-packages/micro_ros_msgs/msg/_entity_s.c
-- Installing: /mnt/d/prueba/TFG-ROS2/ros2_client_node/install/micro_ros_msgs/local/lib/python3.10/dist-packages/micro_ros_msgs/msg/_graph.py
-- Installing: /mnt/d/prueba/TFG-ROS2/ros2_client_node/install/micro_ros_msgs/local/lib/python3.10/dist-packages/micro_ros_msgs/msg/_graph_s.c
-- Installing: /mnt/d/prueba/TFG-ROS2/ros2_client_node/install/micro_ros_msgs/local/lib/python3.10/dist-packages/micro_ros_msgs/msg/_node.py
-- Installing: /mnt/d/prueba/TFG-ROS2/ros2_client_node/install/micro_ros_msgs/local/lib/python3.10/dist-packages/micro_ros_msgs/msg/_node_s.c
-- Installing: /mnt/d/prueba/TFG-ROS2/ros2_client_node/install/micro_ros_msgs/local/lib/python3.10/dist-packages/micro_ros_msgs/msg/__init__.py
-- Installing: /mnt/d/prueba/TFG-ROS2/ros2_client_node/install/micro_ros_msgs/local/lib/python3.10/dist-packages/micro_ros_msgs/_micro_ros_msgs_s.ep.rosidl_typesupport_c.c
-- Installing: /mnt/d/prueba/TFG-ROS2/ros2_client_node/install/micro_ros_msgs/local/lib/python3.10/dist-packages/micro_ros_msgs/_micro_ros_msgs_s.ep.rosidl_typesupport_fastrtps_c.c
-- Installing: /mnt/d/prueba/TFG-ROS2/ros2_client_node/install/micro_ros_msgs/local/lib/python3.10/dist-packages/micro_ros_msgs/_micro_ros_msgs_s.ep.rosidl_typesupport_introspection_c.c
-- Installing: /mnt/d/prueba/TFG-ROS2/ros2_client_node/install/micro_ros_msgs/local/lib/python3.10/dist-packages/micro_ros_msgs/_micro_ros_msgs_s.ep.rosidl_typesupport_microxrcedds_c.c
-- Installing: /mnt/d/prueba/TFG-ROS2/ros2_client_node/install/micro_ros_msgs/local/lib/python3.10/dist-packages/micro_ros_msgs/__init__.py
Listing '/mnt/d/prueba/TFG-ROS2/ros2_client_node/install/micro_ros_msgs/local/lib/python3.10/dist-packages/micro_ros_msgs'...
Compiling '/mnt/d/prueba/TFG-ROS2/ros2_client_node/install/micro_ros_msgs/local/lib/python3.10/dist-packages/micro_ros_msgs/__init__.py'...
Listing '/mnt/d/prueba/TFG-ROS2/ros2_client_node/install/micro_ros_msgs/local/lib/python3.10/dist-packages/micro_ros_msgs/msg'...
Compiling '/mnt/d/prueba/TFG-ROS2/ros2_client_node/install/micro_ros_msgs/local/lib/python3.10/dist-packages/micro_ros_msgs/msg/__init__.py'...
Compiling '/mnt/d/prueba/TFG-ROS2/ros2_client_node/install/micro_ros_msgs/local/lib/python3.10/dist-packages/micro_ros_msgs/msg/_entity.py'...
Compiling '/mnt/d/prueba/TFG-ROS2/ros2_client_node/install/micro_ros_msgs/local/lib/python3.10/dist-packages/micro_ros_msgs/msg/_graph.py'...
Compiling '/mnt/d/prueba/TFG-ROS2/ros2_client_node/install/micro_ros_msgs/local/lib/python3.10/dist-packages/micro_ros_msgs/msg/_node.py'...
-- Installing: /mnt/d/prueba/TFG-ROS2/ros2_client_node/install/micro_ros_msgs/local/lib/python3.10/dist-packages/micro_ros_msgs/micro_ros_msgs_s__rosidl_typesupport_microxrcedds_c.cpython-310-x86_64-linux-gnu.so
-- Set runtime path of "/mnt/d/prueba/TFG-ROS2/ros2_client_node/install/micro_ros_msgs/local/lib/python3.10/dist-packages/micro_ros_msgs/micro_ros_msgs_s__rosidl_typesupport_microxrcedds_c.cpython-310-x86_64-linux-gnu.so" to ""
-- Installing: /mnt/d/prueba/TFG-ROS2/ros2_client_node/install/micro_ros_msgs/local/lib/python3.10/dist-packages/micro_ros_msgs/micro_ros_msgs_s__rosidl_typesupport_fastrtps_c.cpython-310-x86_64-linux-gnu.so
-- Set runtime path of "/mnt/d/prueba/TFG-ROS2/ros2_client_node/install/micro_ros_msgs/local/lib/python3.10/dist-packages/micro_ros_msgs/micro_ros_msgs_s__rosidl_typesupport_fastrtps_c.cpython-310-x86_64-linux-gnu.so" to ""
-- Installing: /mnt/d/prueba/TFG-ROS2/ros2_client_node/install/micro_ros_msgs/local/lib/python3.10/dist-packages/micro_ros_msgs/micro_ros_msgs_s__rosidl_typesupport_introspection_c.cpython-310-x86_64-linux-gnu.so
-- Set runtime path of "/mnt/d/prueba/TFG-ROS2/ros2_client_node/install/micro_ros_msgs/local/lib/python3.10/dist-packages/micro_ros_msgs/micro_ros_msgs_s__rosidl_typesupport_introspection_c.cpython-310-x86_64-linux-gnu.so" to ""
-- Installing: /mnt/d/prueba/TFG-ROS2/ros2_client_node/install/micro_ros_msgs/local/lib/python3.10/dist-packages/micro_ros_msgs/micro_ros_msgs_s__rosidl_typesupport_c.cpython-310-x86_64-linux-gnu.so
-- Set runtime path of "/mnt/d/prueba/TFG-ROS2/ros2_client_node/install/micro_ros_msgs/local/lib/python3.10/dist-packages/micro_ros_msgs/micro_ros_msgs_s__rosidl_typesupport_c.cpython-310-x86_64-linux-gnu.so" to ""
-- Installing: /mnt/d/prueba/TFG-ROS2/ros2_client_node/install/micro_ros_msgs/lib/libmicro_ros_msgs__rosidl_generator_py.so
-- Set runtime path of "/mnt/d/prueba/TFG-ROS2/ros2_client_node/install/micro_ros_msgs/lib/libmicro_ros_msgs__rosidl_generator_py.so" to ""
-- Installing: /mnt/d/prueba/TFG-ROS2/ros2_client_node/install/micro_ros_msgs/share/micro_ros_msgs/msg/Graph.idl
-- Installing: /mnt/d/prueba/TFG-ROS2/ros2_client_node/install/micro_ros_msgs/share/micro_ros_msgs/msg/Node.idl
-- Installing: /mnt/d/prueba/TFG-ROS2/ros2_client_node/install/micro_ros_msgs/share/micro_ros_msgs/msg/Entity.idl
-- Installing: /mnt/d/prueba/TFG-ROS2/ros2_client_node/install/micro_ros_msgs/share/micro_ros_msgs/msg/Graph.msg
-- Installing: /mnt/d/prueba/TFG-ROS2/ros2_client_node/install/micro_ros_msgs/share/micro_ros_msgs/msg/Node.msg
-- Installing: /mnt/d/prueba/TFG-ROS2/ros2_client_node/install/micro_ros_msgs/share/micro_ros_msgs/msg/Entity.msg
-- Installing: /mnt/d/prueba/TFG-ROS2/ros2_client_node/install/micro_ros_msgs/share/ament_index/resource_index/package_run_dependencies/micro_ros_msgs
-- Installing: /mnt/d/prueba/TFG-ROS2/ros2_client_node/install/micro_ros_msgs/share/ament_index/resource_index/parent_prefix_path/micro_ros_msgs
-- Installing: /mnt/d/prueba/TFG-ROS2/ros2_client_node/install/micro_ros_msgs/share/micro_ros_msgs/environment/ament_prefix_path.sh
-- Installing: /mnt/d/prueba/TFG-ROS2/ros2_client_node/install/micro_ros_msgs/share/micro_ros_msgs/environment/ament_prefix_path.dsv
-- Installing: /mnt/d/prueba/TFG-ROS2/ros2_client_node/install/micro_ros_msgs/share/micro_ros_msgs/environment/path.sh
-- Installing: /mnt/d/prueba/TFG-ROS2/ros2_client_node/install/micro_ros_msgs/share/micro_ros_msgs/environment/path.dsv
-- Installing: /mnt/d/prueba/TFG-ROS2/ros2_client_node/install/micro_ros_msgs/share/micro_ros_msgs/local_setup.bash
-- Installing: /mnt/d/prueba/TFG-ROS2/ros2_client_node/install/micro_ros_msgs/share/micro_ros_msgs/local_setup.sh
-- Installing: /mnt/d/prueba/TFG-ROS2/ros2_client_node/install/micro_ros_msgs/share/micro_ros_msgs/local_setup.zsh
-- Installing: /mnt/d/prueba/TFG-ROS2/ros2_client_node/install/micro_ros_msgs/share/micro_ros_msgs/local_setup.dsv
-- Installing: /mnt/d/prueba/TFG-ROS2/ros2_client_node/install/micro_ros_msgs/share/micro_ros_msgs/package.dsv
-- Installing: /mnt/d/prueba/TFG-ROS2/ros2_client_node/install/micro_ros_msgs/share/ament_index/resource_index/packages/micro_ros_msgs
-- Installing: /mnt/d/prueba/TFG-ROS2/ros2_client_node/install/micro_ros_msgs/share/micro_ros_msgs/cmake/export_micro_ros_msgs__rosidl_generator_cExport.cmake
-- Installing: /mnt/d/prueba/TFG-ROS2/ros2_client_node/install/micro_ros_msgs/share/micro_ros_msgs/cmake/export_micro_ros_msgs__rosidl_generator_cExport-noconfig.cmake
-- Installing: /mnt/d/prueba/TFG-ROS2/ros2_client_node/install/micro_ros_msgs/share/micro_ros_msgs/cmake/export_micro_ros_msgs__rosidl_typesupport_fastrtps_cExport.cmake
-- Installing: /mnt/d/prueba/TFG-ROS2/ros2_client_node/install/micro_ros_msgs/share/micro_ros_msgs/cmake/export_micro_ros_msgs__rosidl_typesupport_fastrtps_cExport-noconfig.cmake
-- Installing: /mnt/d/prueba/TFG-ROS2/ros2_client_node/install/micro_ros_msgs/share/micro_ros_msgs/cmake/micro_ros_msgs__rosidl_typesupport_introspection_cExport.cmake
-- Installing: /mnt/d/prueba/TFG-ROS2/ros2_client_node/install/micro_ros_msgs/share/micro_ros_msgs/cmake/micro_ros_msgs__rosidl_typesupport_introspection_cExport-noconfig.cmake
-- Installing: /mnt/d/prueba/TFG-ROS2/ros2_client_node/install/micro_ros_msgs/share/micro_ros_msgs/cmake/micro_ros_msgs__rosidl_typesupport_cExport.cmake
-- Installing: /mnt/d/prueba/TFG-ROS2/ros2_client_node/install/micro_ros_msgs/share/micro_ros_msgs/cmake/micro_ros_msgs__rosidl_typesupport_cExport-noconfig.cmake
-- Installing: /mnt/d/prueba/TFG-ROS2/ros2_client_node/install/micro_ros_msgs/share/micro_ros_msgs/cmake/export_micro_ros_msgs__rosidl_generator_cppExport.cmake
-- Installing: /mnt/d/prueba/TFG-ROS2/ros2_client_node/install/micro_ros_msgs/share/micro_ros_msgs/cmake/export_micro_ros_msgs__rosidl_typesupport_fastrtps_cppExport.cmake
-- Installing: /mnt/d/prueba/TFG-ROS2/ros2_client_node/install/micro_ros_msgs/share/micro_ros_msgs/cmake/export_micro_ros_msgs__rosidl_typesupport_fastrtps_cppExport-noconfig.cmake
-- Installing: /mnt/d/prueba/TFG-ROS2/ros2_client_node/install/micro_ros_msgs/share/micro_ros_msgs/cmake/micro_ros_msgs__rosidl_typesupport_introspection_cppExport.cmake
-- Installing: /mnt/d/prueba/TFG-ROS2/ros2_client_node/install/micro_ros_msgs/share/micro_ros_msgs/cmake/micro_ros_msgs__rosidl_typesupport_introspection_cppExport-noconfig.cmake
-- Installing: /mnt/d/prueba/TFG-ROS2/ros2_client_node/install/micro_ros_msgs/share/micro_ros_msgs/cmake/micro_ros_msgs__rosidl_typesupport_cppExport.cmake
-- Installing: /mnt/d/prueba/TFG-ROS2/ros2_client_node/install/micro_ros_msgs/share/micro_ros_msgs/cmake/micro_ros_msgs__rosidl_typesupport_cppExport-noconfig.cmake
-- Installing: /mnt/d/prueba/TFG-ROS2/ros2_client_node/install/micro_ros_msgs/share/micro_ros_msgs/cmake/export_micro_ros_msgs__rosidl_generator_pyExport.cmake
-- Installing: /mnt/d/prueba/TFG-ROS2/ros2_client_node/install/micro_ros_msgs/share/micro_ros_msgs/cmake/export_micro_ros_msgs__rosidl_generator_pyExport-noconfig.cmake
-- Installing: /mnt/d/prueba/TFG-ROS2/ros2_client_node/install/micro_ros_msgs/share/micro_ros_msgs/cmake/rosidl_cmake-extras.cmake
-- Installing: /mnt/d/prueba/TFG-ROS2/ros2_client_node/install/micro_ros_msgs/share/micro_ros_msgs/cmake/ament_cmake_export_include_directories-extras.cmake
-- Installing: /mnt/d/prueba/TFG-ROS2/ros2_client_node/install/micro_ros_msgs/share/micro_ros_msgs/cmake/ament_cmake_export_libraries-extras.cmake
-- Installing: /mnt/d/prueba/TFG-ROS2/ros2_client_node/install/micro_ros_msgs/share/micro_ros_msgs/cmake/ament_cmake_export_targets-extras.cmake
-- Installing: /mnt/d/prueba/TFG-ROS2/ros2_client_node/install/micro_ros_msgs/share/micro_ros_msgs/cmake/rosidl_cmake_export_typesupport_targets-extras.cmake
-- Installing: /mnt/d/prueba/TFG-ROS2/ros2_client_node/install/micro_ros_msgs/share/micro_ros_msgs/cmake/ament_cmake_export_dependencies-extras.cmake
-- Installing: /mnt/d/prueba/TFG-ROS2/ros2_client_node/install/micro_ros_msgs/share/micro_ros_msgs/cmake/rosidl_cmake_export_typesupport_libraries-extras.cmake
-- Installing: /mnt/d/prueba/TFG-ROS2/ros2_client_node/install/micro_ros_msgs/share/micro_ros_msgs/cmake/micro_ros_msgsConfig.cmake
-- Installing: /mnt/d/prueba/TFG-ROS2/ros2_client_node/install/micro_ros_msgs/share/micro_ros_msgs/cmake/micro_ros_msgsConfig-version.cmake
-- Installing: /mnt/d/prueba/TFG-ROS2/ros2_client_node/install/micro_ros_msgs/share/micro_ros_msgs/package.xml
