[0.666s] Invoking command in '/mnt/d/prueba/TFG-ROS2/ros2_client_node/build/micro_ros_msgs': CMAKE_PREFIX_PATH=${CMAKE_PREFIX_PATH}:/opt/ros/humble /usr/bin/cmake /mnt/d/prueba/TFG-ROS2/ros2_client_node/src/uros/micro_ros_msgs -DBUILD_TESTING=OFF -DBUILD_SHARED_LIBS=ON -DCMAKE_INSTALL_PREFIX=/mnt/d/prueba/TFG-ROS2/ros2_client_node/install/micro_ros_msgs
[2.534s] -- The C compiler identification is GNU 11.3.0
[3.780s] -- The CXX compiler identification is GNU 11.3.0
[4.132s] -- Detecting C compiler ABI info
[7.244s] -- Detecting C compiler ABI info - done
[7.315s] -- Check for working C compiler: /usr/bin/cc - skipped
[7.318s] -- Detecting C compile features
[7.320s] -- Detecting C compile features - done
[7.483s] -- Detecting CXX compiler ABI info
[11.808s] -- Detecting CXX compiler ABI info - done
[11.876s] -- Check for working CXX compiler: /usr/bin/c++ - skipped
[11.879s] -- Detecting CXX compile features
[11.881s] -- Detecting CXX compile features - done
[12.508s] -- Found ament_cmake: 1.3.3 (/opt/ros/humble/share/ament_cmake/cmake)
[18.617s] -- Found Python3: /usr/bin/python3.10 (found version "3.10.6") found components: Interpreter 
[25.978s] -- Found rosidl_default_generators: 1.2.0 (/opt/ros/humble/share/rosidl_default_generators/cmake)
[26.582s] -- Using all available rosidl_typesupport_c: rosidl_typesupport_microxrcedds_c;rosidl_typesupport_fastrtps_c;rosidl_typesupport_introspection_c
[27.959s] -- Found rosidl_adapter: 3.1.4 (/opt/ros/humble/share/rosidl_adapter/cmake)
[32.908s] -- Using all available rosidl_typesupport_cpp: rosidl_typesupport_microxrcedds_cpp;rosidl_typesupport_fastrtps_cpp;rosidl_typesupport_introspection_cpp
[44.451s] -- Found ament_cmake_ros: 0.10.0 (/opt/ros/humble/share/ament_cmake_ros/cmake)
[55.985s] -- Using all available rosidl_typesupport_c: rosidl_typesupport_microxrcedds_c;rosidl_typesupport_fastrtps_c;rosidl_typesupport_introspection_c
[63.659s] -- Using all available rosidl_typesupport_cpp: rosidl_typesupport_microxrcedds_cpp;rosidl_typesupport_fastrtps_cpp;rosidl_typesupport_introspection_cpp
[64.407s] -- Found PythonInterp: /usr/bin/python3 (found suitable version "3.10.6", minimum required is "3.6") 
[64.907s] -- Found python_cmake_module: 0.10.0 (/opt/ros/humble/share/python_cmake_module/cmake)
[65.993s] -- Found PythonLibs: /usr/lib/x86_64-linux-gnu/libpython3.10.so (found suitable version "3.10.6", minimum required is "3.5") 
[65.996s] -- Using PYTHON_EXECUTABLE: /usr/bin/python3
[65.998s] -- Using PYTHON_INCLUDE_DIRS: /usr/include/python3.10
[66.000s] -- Using PYTHON_LIBRARIES: /usr/lib/x86_64-linux-gnu/libpython3.10.so
[66.455s] -- Found PythonExtra: .so  
[69.996s] -- Configuring done
[76.329s] -- Generating done
[77.026s] -- Build files have been written to: /mnt/d/prueba/TFG-ROS2/ros2_client_node/build/micro_ros_msgs
[77.041s] Invoked command in '/mnt/d/prueba/TFG-ROS2/ros2_client_node/build/micro_ros_msgs' returned '0': CMAKE_PREFIX_PATH=${CMAKE_PREFIX_PATH}:/opt/ros/humble /usr/bin/cmake /mnt/d/prueba/TFG-ROS2/ros2_client_node/src/uros/micro_ros_msgs -DBUILD_TESTING=OFF -DBUILD_SHARED_LIBS=ON -DCMAKE_INSTALL_PREFIX=/mnt/d/prueba/TFG-ROS2/ros2_client_node/install/micro_ros_msgs
[77.065s] Invoking command in '/mnt/d/prueba/TFG-ROS2/ros2_client_node/build/micro_ros_msgs': CMAKE_PREFIX_PATH=${CMAKE_PREFIX_PATH}:/opt/ros/humble /usr/bin/cmake --build /mnt/d/prueba/TFG-ROS2/ros2_client_node/build/micro_ros_msgs -- -j12 -l12
[81.022s] [  1%] [34m[1mGenerating C code for ROS interfaces[0m
[82.032s] [  3%] [34m[1mGenerating C++ code for ROS interfaces[0m
[82.627s] [  3%] Built target ament_cmake_python_copy_micro_ros_msgs
[89.957s] [  3%] Built target micro_ros_msgs__cpp
[90.062s] running egg_info
[90.068s] creating micro_ros_msgs.egg-info
[90.077s] writing micro_ros_msgs.egg-info/PKG-INFO
[90.103s] writing dependency_links to micro_ros_msgs.egg-info/dependency_links.txt
[90.143s] writing top-level names to micro_ros_msgs.egg-info/top_level.txt
[90.173s] writing manifest file 'micro_ros_msgs.egg-info/SOURCES.txt'
[90.289s] reading manifest file 'micro_ros_msgs.egg-info/SOURCES.txt'
[90.458s] writing manifest file 'micro_ros_msgs.egg-info/SOURCES.txt'
[91.024s] [  5%] [32mBuilding C object CMakeFiles/micro_ros_msgs__rosidl_generator_c.dir/rosidl_generator_c/micro_ros_msgs/msg/detail/graph__functions.c.o[0m
[91.076s] [  6%] [32mBuilding C object CMakeFiles/micro_ros_msgs__rosidl_generator_c.dir/rosidl_generator_c/micro_ros_msgs/msg/detail/node__functions.c.o[0m
[91.159s] [  8%] [32mBuilding C object CMakeFiles/micro_ros_msgs__rosidl_generator_c.dir/rosidl_generator_c/micro_ros_msgs/msg/detail/entity__functions.c.o[0m
[91.506s] [ 10%] [34m[1mGenerating C++ type support dispatch for ROS interfaces[0m
[91.674s] [ 11%] [34m[1mGenerating C++ type support for eProsima Fast-RTPS[0m
[91.826s] [ 13%] [34m[1mGenerating C++ introspection for ROS interfaces[0m
[91.893s] [ 15%] [34m[1mGenerating C++ type support for eProsima Micro XRCE-DDS[0m
[92.109s] [ 15%] Built target ament_cmake_python_build_micro_ros_msgs_egg
[94.466s] [ 16%] [32m[1mLinking C shared library libmicro_ros_msgs__rosidl_generator_c.so[0m
[98.582s] [ 16%] Built target micro_ros_msgs__rosidl_generator_c
[101.455s] [ 18%] [32mBuilding CXX object CMakeFiles/micro_ros_msgs__rosidl_typesupport_cpp.dir/rosidl_typesupport_cpp/micro_ros_msgs/msg/graph__type_support.cpp.o[0m
[104.339s] [ 20%] [32mBuilding CXX object CMakeFiles/micro_ros_msgs__rosidl_typesupport_fastrtps_cpp.dir/rosidl_typesupport_fastrtps_cpp/micro_ros_msgs/msg/detail/dds_fastrtps/graph__type_support.cpp.o[0m
[104.910s] [ 22%] [32mBuilding CXX object CMakeFiles/micro_ros_msgs__rosidl_typesupport_introspection_cpp.dir/rosidl_typesupport_introspection_cpp/micro_ros_msgs/msg/detail/graph__type_support.cpp.o[0m
[105.025s] [ 23%] [32mBuilding CXX object CMakeFiles/micro_ros_msgs__rosidl_typesupport_cpp.dir/rosidl_typesupport_cpp/micro_ros_msgs/msg/entity__type_support.cpp.o[0m
[105.821s] [ 25%] [32mBuilding CXX object CMakeFiles/micro_ros_msgs__rosidl_typesupport_microxrcedds_cpp.dir/rosidl_typesupport_microxrcedds_cpp/micro_ros_msgs/msg/detail/microxrcedds/graph__type_support_cpp.cpp.o[0m
[108.268s] [ 27%] [32mBuilding CXX object CMakeFiles/micro_ros_msgs__rosidl_typesupport_cpp.dir/rosidl_typesupport_cpp/micro_ros_msgs/msg/node__type_support.cpp.o[0m
[109.214s] [ 28%] [32mBuilding CXX object CMakeFiles/micro_ros_msgs__rosidl_typesupport_fastrtps_cpp.dir/rosidl_typesupport_fastrtps_cpp/micro_ros_msgs/msg/detail/dds_fastrtps/entity__type_support.cpp.o[0m
[109.406s] [ 30%] [32mBuilding CXX object CMakeFiles/micro_ros_msgs__rosidl_typesupport_introspection_cpp.dir/rosidl_typesupport_introspection_cpp/micro_ros_msgs/msg/detail/entity__type_support.cpp.o[0m
[111.709s] [ 32%] [32m[1mLinking CXX shared library libmicro_ros_msgs__rosidl_typesupport_cpp.so[0m
[113.655s] [ 33%] [32mBuilding CXX object CMakeFiles/micro_ros_msgs__rosidl_typesupport_introspection_cpp.dir/rosidl_typesupport_introspection_cpp/micro_ros_msgs/msg/detail/node__type_support.cpp.o[0m
[113.711s] [ 35%] [32mBuilding CXX object CMakeFiles/micro_ros_msgs__rosidl_typesupport_fastrtps_cpp.dir/rosidl_typesupport_fastrtps_cpp/micro_ros_msgs/msg/detail/dds_fastrtps/node__type_support.cpp.o[0m
[114.321s] [ 37%] [32mBuilding CXX object CMakeFiles/micro_ros_msgs__rosidl_typesupport_microxrcedds_cpp.dir/rosidl_typesupport_microxrcedds_cpp/micro_ros_msgs/msg/detail/microxrcedds/entity__type_support_cpp.cpp.o[0m
[115.553s] [ 37%] Built target micro_ros_msgs__rosidl_typesupport_cpp
[118.240s] [ 38%] [32m[1mLinking CXX shared library libmicro_ros_msgs__rosidl_typesupport_introspection_cpp.so[0m
[118.389s] [ 40%] [32m[1mLinking CXX shared library libmicro_ros_msgs__rosidl_typesupport_fastrtps_cpp.so[0m
[120.839s] [ 42%] [32mBuilding CXX object CMakeFiles/micro_ros_msgs__rosidl_typesupport_microxrcedds_cpp.dir/rosidl_typesupport_microxrcedds_cpp/micro_ros_msgs/msg/detail/microxrcedds/node__type_support_cpp.cpp.o[0m
[121.211s] [ 42%] Built target micro_ros_msgs__rosidl_typesupport_introspection_cpp
[121.297s] [ 42%] Built target micro_ros_msgs__rosidl_typesupport_fastrtps_cpp
[125.646s] [ 44%] [32m[1mLinking CXX shared library libmicro_ros_msgs__rosidl_typesupport_microxrcedds_cpp.so[0m
[127.539s] [ 44%] Built target micro_ros_msgs__rosidl_typesupport_microxrcedds_cpp
[128.319s] [ 45%] [34m[1mGenerating C type support dispatch for ROS interfaces[0m
[132.374s] [ 47%] [32mBuilding CXX object CMakeFiles/micro_ros_msgs__rosidl_typesupport_c.dir/rosidl_typesupport_c/micro_ros_msgs/msg/graph__type_support.cpp.o[0m
[133.486s] [ 49%] [32mBuilding CXX object CMakeFiles/micro_ros_msgs__rosidl_typesupport_c.dir/rosidl_typesupport_c/micro_ros_msgs/msg/entity__type_support.cpp.o[0m
[134.576s] [ 50%] [32mBuilding CXX object CMakeFiles/micro_ros_msgs__rosidl_typesupport_c.dir/rosidl_typesupport_c/micro_ros_msgs/msg/node__type_support.cpp.o[0m
[135.955s] [ 52%] [32m[1mLinking CXX shared library libmicro_ros_msgs__rosidl_typesupport_c.so[0m
[138.113s] [ 52%] Built target micro_ros_msgs__rosidl_typesupport_c
[138.893s] [ 54%] [34m[1mGenerating C introspection for ROS interfaces[0m
[139.033s] [ 55%] [34m[1mGenerating C type support for eProsima Fast-RTPS[0m
[145.941s] [ 57%] [32mBuilding CXX object CMakeFiles/micro_ros_msgs__rosidl_typesupport_fastrtps_c.dir/rosidl_typesupport_fastrtps_c/micro_ros_msgs/msg/detail/graph__type_support_c.cpp.o[0m
[146.007s] [ 59%] [32mBuilding C object CMakeFiles/micro_ros_msgs__rosidl_typesupport_introspection_c.dir/rosidl_typesupport_introspection_c/micro_ros_msgs/msg/detail/graph__type_support.c.o[0m
[148.417s] [ 61%] [32mBuilding C object CMakeFiles/micro_ros_msgs__rosidl_typesupport_introspection_c.dir/rosidl_typesupport_introspection_c/micro_ros_msgs/msg/detail/entity__type_support.c.o[0m
[149.440s] [ 62%] [32mBuilding CXX object CMakeFiles/micro_ros_msgs__rosidl_typesupport_fastrtps_c.dir/rosidl_typesupport_fastrtps_c/micro_ros_msgs/msg/detail/entity__type_support_c.cpp.o[0m
[150.452s] [ 64%] [32mBuilding C object CMakeFiles/micro_ros_msgs__rosidl_typesupport_introspection_c.dir/rosidl_typesupport_introspection_c/micro_ros_msgs/msg/detail/node__type_support.c.o[0m
[152.856s] [ 66%] [32mBuilding CXX object CMakeFiles/micro_ros_msgs__rosidl_typesupport_fastrtps_c.dir/rosidl_typesupport_fastrtps_c/micro_ros_msgs/msg/detail/node__type_support_c.cpp.o[0m
[153.003s] [ 67%] [32m[1mLinking C shared library libmicro_ros_msgs__rosidl_typesupport_introspection_c.so[0m
[155.341s] [ 67%] Built target micro_ros_msgs__rosidl_typesupport_introspection_c
[156.034s] [ 69%] [32m[1mLinking CXX shared library libmicro_ros_msgs__rosidl_typesupport_fastrtps_c.so[0m
[158.173s] [ 69%] Built target micro_ros_msgs__rosidl_typesupport_fastrtps_c
[159.097s] [ 71%] [34m[1mGenerating C type support for eProsima Micro XRCE-DDS[0m
[165.238s] [ 72%] [32mBuilding C object CMakeFiles/micro_ros_msgs__rosidl_typesupport_microxrcedds_c.dir/rosidl_typesupport_microxrcedds_c/micro_ros_msgs/msg/detail/microxrcedds/graph__type_support_c.c.o[0m
[165.306s] [ 74%] [32mBuilding C object CMakeFiles/micro_ros_msgs__rosidl_typesupport_microxrcedds_c.dir/rosidl_typesupport_microxrcedds_c/micro_ros_msgs/msg/detail/microxrcedds/node__type_support_c.c.o[0m
[165.340s] [ 76%] [32mBuilding C object CMakeFiles/micro_ros_msgs__rosidl_typesupport_microxrcedds_c.dir/rosidl_typesupport_microxrcedds_c/micro_ros_msgs/msg/detail/microxrcedds/entity__type_support_c.c.o[0m
[167.873s] [ 77%] [32m[1mLinking C shared library libmicro_ros_msgs__rosidl_typesupport_microxrcedds_c.so[0m
[171.055s] [ 77%] Built target micro_ros_msgs__rosidl_typesupport_microxrcedds_c
[172.796s] [ 77%] Built target micro_ros_msgs
[174.333s] [ 79%] [34m[1mGenerating Python code for ROS interfaces[0m
[179.919s] [ 79%] Built target micro_ros_msgs__py
[181.801s] [ 81%] [32mBuilding C object CMakeFiles/micro_ros_msgs__rosidl_generator_py.dir/rosidl_generator_py/micro_ros_msgs/msg/_graph_s.c.o[0m
[181.860s] [ 83%] [32mBuilding C object CMakeFiles/micro_ros_msgs__rosidl_generator_py.dir/rosidl_generator_py/micro_ros_msgs/msg/_node_s.c.o[0m
[181.887s] [ 84%] [32mBuilding C object CMakeFiles/micro_ros_msgs__rosidl_generator_py.dir/rosidl_generator_py/micro_ros_msgs/msg/_entity_s.c.o[0m
[184.357s] [ 86%] [32m[1mLinking C shared library rosidl_generator_py/micro_ros_msgs/libmicro_ros_msgs__rosidl_generator_py.so[0m
[186.221s] [ 86%] Built target micro_ros_msgs__rosidl_generator_py
[187.721s] [ 88%] [32mBuilding C object CMakeFiles/micro_ros_msgs__rosidl_typesupport_microxrcedds_c__pyext.dir/rosidl_generator_py/micro_ros_msgs/_micro_ros_msgs_s.ep.rosidl_typesupport_microxrcedds_c.c.o[0m
[187.854s] [ 89%] [32mBuilding C object CMakeFiles/micro_ros_msgs__rosidl_typesupport_fastrtps_c__pyext.dir/rosidl_generator_py/micro_ros_msgs/_micro_ros_msgs_s.ep.rosidl_typesupport_fastrtps_c.c.o[0m
[187.896s] [ 91%] [32mBuilding C object CMakeFiles/micro_ros_msgs__rosidl_typesupport_introspection_c__pyext.dir/rosidl_generator_py/micro_ros_msgs/_micro_ros_msgs_s.ep.rosidl_typesupport_introspection_c.c.o[0m
[187.951s] [ 93%] [32mBuilding C object CMakeFiles/micro_ros_msgs__rosidl_typesupport_c__pyext.dir/rosidl_generator_py/micro_ros_msgs/_micro_ros_msgs_s.ep.rosidl_typesupport_c.c.o[0m
[190.173s] [ 94%] [32m[1mLinking C shared library rosidl_generator_py/micro_ros_msgs/micro_ros_msgs_s__rosidl_typesupport_c.cpython-310-x86_64-linux-gnu.so[0m
[190.274s] [ 96%] [32m[1mLinking C shared library rosidl_generator_py/micro_ros_msgs/micro_ros_msgs_s__rosidl_typesupport_fastrtps_c.cpython-310-x86_64-linux-gnu.so[0m
[190.303s] [ 98%] [32m[1mLinking C shared library rosidl_generator_py/micro_ros_msgs/micro_ros_msgs_s__rosidl_typesupport_introspection_c.cpython-310-x86_64-linux-gnu.so[0m
[192.371s] [100%] [32m[1mLinking C shared library rosidl_generator_py/micro_ros_msgs/micro_ros_msgs_s__rosidl_typesupport_microxrcedds_c.cpython-310-x86_64-linux-gnu.so[0m
[192.459s] [100%] Built target micro_ros_msgs__rosidl_typesupport_c__pyext
[192.538s] [100%] Built target micro_ros_msgs__rosidl_typesupport_fastrtps_c__pyext
[192.875s] [100%] Built target micro_ros_msgs__rosidl_typesupport_introspection_c__pyext
[194.553s] [100%] Built target micro_ros_msgs__rosidl_typesupport_microxrcedds_c__pyext
[195.807s] Invoked command in '/mnt/d/prueba/TFG-ROS2/ros2_client_node/build/micro_ros_msgs' returned '0': CMAKE_PREFIX_PATH=${CMAKE_PREFIX_PATH}:/opt/ros/humble /usr/bin/cmake --build /mnt/d/prueba/TFG-ROS2/ros2_client_node/build/micro_ros_msgs -- -j12 -l12
[223.682s] Invoking command in '/mnt/d/prueba/TFG-ROS2/ros2_client_node/build/micro_ros_msgs': CMAKE_PREFIX_PATH=${CMAKE_PREFIX_PATH}:/opt/ros/humble /usr/bin/cmake --install /mnt/d/prueba/TFG-ROS2/ros2_client_node/build/micro_ros_msgs
[224.491s] -- Install configuration: ""
[224.628s] -- Installing: /mnt/d/prueba/TFG-ROS2/ros2_client_node/install/micro_ros_msgs/share/ament_index/resource_index/rosidl_interfaces/micro_ros_msgs
[224.945s] -- Installing: /mnt/d/prueba/TFG-ROS2/ros2_client_node/install/micro_ros_msgs/include/micro_ros_msgs/micro_ros_msgs
[225.023s] -- Installing: /mnt/d/prueba/TFG-ROS2/ros2_client_node/install/micro_ros_msgs/include/micro_ros_msgs/micro_ros_msgs/msg
[225.134s] -- Installing: /mnt/d/prueba/TFG-ROS2/ros2_client_node/install/micro_ros_msgs/include/micro_ros_msgs/micro_ros_msgs/msg/detail
[225.280s] -- Installing: /mnt/d/prueba/TFG-ROS2/ros2_client_node/install/micro_ros_msgs/include/micro_ros_msgs/micro_ros_msgs/msg/detail/entity__functions.c
[225.624s] -- Installing: /mnt/d/prueba/TFG-ROS2/ros2_client_node/install/micro_ros_msgs/include/micro_ros_msgs/micro_ros_msgs/msg/detail/entity__functions.h
[225.997s] -- Installing: /mnt/d/prueba/TFG-ROS2/ros2_client_node/install/micro_ros_msgs/include/micro_ros_msgs/micro_ros_msgs/msg/detail/entity__struct.h
[226.393s] -- Installing: /mnt/d/prueba/TFG-ROS2/ros2_client_node/install/micro_ros_msgs/include/micro_ros_msgs/micro_ros_msgs/msg/detail/entity__type_support.h
[226.761s] -- Installing: /mnt/d/prueba/TFG-ROS2/ros2_client_node/install/micro_ros_msgs/include/micro_ros_msgs/micro_ros_msgs/msg/detail/graph__functions.c
[227.166s] -- Installing: /mnt/d/prueba/TFG-ROS2/ros2_client_node/install/micro_ros_msgs/include/micro_ros_msgs/micro_ros_msgs/msg/detail/graph__functions.h
[227.606s] -- Installing: /mnt/d/prueba/TFG-ROS2/ros2_client_node/install/micro_ros_msgs/include/micro_ros_msgs/micro_ros_msgs/msg/detail/graph__struct.h
[228.082s] -- Installing: /mnt/d/prueba/TFG-ROS2/ros2_client_node/install/micro_ros_msgs/include/micro_ros_msgs/micro_ros_msgs/msg/detail/graph__type_support.h
[228.559s] -- Installing: /mnt/d/prueba/TFG-ROS2/ros2_client_node/install/micro_ros_msgs/include/micro_ros_msgs/micro_ros_msgs/msg/detail/node__functions.c
[229.015s] -- Installing: /mnt/d/prueba/TFG-ROS2/ros2_client_node/install/micro_ros_msgs/include/micro_ros_msgs/micro_ros_msgs/msg/detail/node__functions.h
[229.521s] -- Installing: /mnt/d/prueba/TFG-ROS2/ros2_client_node/install/micro_ros_msgs/include/micro_ros_msgs/micro_ros_msgs/msg/detail/node__struct.h
[230.110s] -- Installing: /mnt/d/prueba/TFG-ROS2/ros2_client_node/install/micro_ros_msgs/include/micro_ros_msgs/micro_ros_msgs/msg/detail/node__type_support.h
[230.570s] -- Installing: /mnt/d/prueba/TFG-ROS2/ros2_client_node/install/micro_ros_msgs/include/micro_ros_msgs/micro_ros_msgs/msg/entity.h
[230.986s] -- Installing: /mnt/d/prueba/TFG-ROS2/ros2_client_node/install/micro_ros_msgs/include/micro_ros_msgs/micro_ros_msgs/msg/graph.h
[231.355s] -- Installing: /mnt/d/prueba/TFG-ROS2/ros2_client_node/install/micro_ros_msgs/include/micro_ros_msgs/micro_ros_msgs/msg/node.h
[231.717s] -- Installing: /mnt/d/prueba/TFG-ROS2/ros2_client_node/install/micro_ros_msgs/include/micro_ros_msgs/micro_ros_msgs/msg/rosidl_generator_c__visibility_control.h
[232.116s] -- Installing: /mnt/d/prueba/TFG-ROS2/ros2_client_node/install/micro_ros_msgs/share/micro_ros_msgs/environment/library_path.sh
[232.342s] -- Installing: /mnt/d/prueba/TFG-ROS2/ros2_client_node/install/micro_ros_msgs/share/micro_ros_msgs/environment/library_path.dsv
[232.557s] -- Installing: /mnt/d/prueba/TFG-ROS2/ros2_client_node/install/micro_ros_msgs/lib/libmicro_ros_msgs__rosidl_generator_c.so
[232.804s] -- Set runtime path of "/mnt/d/prueba/TFG-ROS2/ros2_client_node/install/micro_ros_msgs/lib/libmicro_ros_msgs__rosidl_generator_c.so" to ""
[232.825s] -- Up-to-date: /mnt/d/prueba/TFG-ROS2/ros2_client_node/install/micro_ros_msgs/include/micro_ros_msgs
[232.870s] -- Installing: /mnt/d/prueba/TFG-ROS2/ros2_client_node/install/micro_ros_msgs/include/micro_ros_msgs/msg
[232.928s] -- Installing: /mnt/d/prueba/TFG-ROS2/ros2_client_node/install/micro_ros_msgs/include/micro_ros_msgs/msg/detail
[233.010s] -- Installing: /mnt/d/prueba/TFG-ROS2/ros2_client_node/install/micro_ros_msgs/include/micro_ros_msgs/msg/detail/entity__rosidl_typesupport_microxrcedds_c.h
[233.201s] -- Installing: /mnt/d/prueba/TFG-ROS2/ros2_client_node/install/micro_ros_msgs/include/micro_ros_msgs/msg/detail/graph__rosidl_typesupport_microxrcedds_c.h
[233.401s] -- Installing: /mnt/d/prueba/TFG-ROS2/ros2_client_node/install/micro_ros_msgs/include/micro_ros_msgs/msg/detail/microxrcedds
[233.516s] -- Installing: /mnt/d/prueba/TFG-ROS2/ros2_client_node/install/micro_ros_msgs/include/micro_ros_msgs/msg/detail/node__rosidl_typesupport_microxrcedds_c.h
[233.710s] -- Installing: /mnt/d/prueba/TFG-ROS2/ros2_client_node/install/micro_ros_msgs/include/micro_ros_msgs/msg/rosidl_typesupport_microxrcedds_c__visibility_control.h
[233.886s] -- Installing: /mnt/d/prueba/TFG-ROS2/ros2_client_node/install/micro_ros_msgs/lib/libmicro_ros_msgs__rosidl_typesupport_microxrcedds_c.so
[234.132s] -- Set runtime path of "/mnt/d/prueba/TFG-ROS2/ros2_client_node/install/micro_ros_msgs/lib/libmicro_ros_msgs__rosidl_typesupport_microxrcedds_c.so" to ""
[234.159s] -- Up-to-date: /mnt/d/prueba/TFG-ROS2/ros2_client_node/install/micro_ros_msgs/include/micro_ros_msgs/micro_ros_msgs
[234.218s] -- Up-to-date: /mnt/d/prueba/TFG-ROS2/ros2_client_node/install/micro_ros_msgs/include/micro_ros_msgs/micro_ros_msgs/msg
[234.294s] -- Up-to-date: /mnt/d/prueba/TFG-ROS2/ros2_client_node/install/micro_ros_msgs/include/micro_ros_msgs/micro_ros_msgs/msg/detail
[234.394s] -- Installing: /mnt/d/prueba/TFG-ROS2/ros2_client_node/install/micro_ros_msgs/include/micro_ros_msgs/micro_ros_msgs/msg/detail/entity__rosidl_typesupport_fastrtps_c.h
[234.652s] -- Installing: /mnt/d/prueba/TFG-ROS2/ros2_client_node/install/micro_ros_msgs/include/micro_ros_msgs/micro_ros_msgs/msg/detail/graph__rosidl_typesupport_fastrtps_c.h
[234.891s] -- Installing: /mnt/d/prueba/TFG-ROS2/ros2_client_node/install/micro_ros_msgs/include/micro_ros_msgs/micro_ros_msgs/msg/detail/node__rosidl_typesupport_fastrtps_c.h
[235.126s] -- Installing: /mnt/d/prueba/TFG-ROS2/ros2_client_node/install/micro_ros_msgs/include/micro_ros_msgs/micro_ros_msgs/msg/rosidl_typesupport_fastrtps_c__visibility_control.h
[235.320s] -- Installing: /mnt/d/prueba/TFG-ROS2/ros2_client_node/install/micro_ros_msgs/lib/libmicro_ros_msgs__rosidl_typesupport_fastrtps_c.so
[235.539s] -- Set runtime path of "/mnt/d/prueba/TFG-ROS2/ros2_client_node/install/micro_ros_msgs/lib/libmicro_ros_msgs__rosidl_typesupport_fastrtps_c.so" to ""
[235.568s] -- Up-to-date: /mnt/d/prueba/TFG-ROS2/ros2_client_node/install/micro_ros_msgs/include/micro_ros_msgs/micro_ros_msgs
[235.628s] -- Up-to-date: /mnt/d/prueba/TFG-ROS2/ros2_client_node/install/micro_ros_msgs/include/micro_ros_msgs/micro_ros_msgs/msg
[235.700s] -- Up-to-date: /mnt/d/prueba/TFG-ROS2/ros2_client_node/install/micro_ros_msgs/include/micro_ros_msgs/micro_ros_msgs/msg/detail
[235.801s] -- Installing: /mnt/d/prueba/TFG-ROS2/ros2_client_node/install/micro_ros_msgs/include/micro_ros_msgs/micro_ros_msgs/msg/detail/entity__rosidl_typesupport_introspection_c.h
[236.066s] -- Installing: /mnt/d/prueba/TFG-ROS2/ros2_client_node/install/micro_ros_msgs/include/micro_ros_msgs/micro_ros_msgs/msg/detail/entity__type_support.c
[236.305s] -- Installing: /mnt/d/prueba/TFG-ROS2/ros2_client_node/install/micro_ros_msgs/include/micro_ros_msgs/micro_ros_msgs/msg/detail/graph__rosidl_typesupport_introspection_c.h
[236.556s] -- Installing: /mnt/d/prueba/TFG-ROS2/ros2_client_node/install/micro_ros_msgs/include/micro_ros_msgs/micro_ros_msgs/msg/detail/graph__type_support.c
[236.830s] -- Installing: /mnt/d/prueba/TFG-ROS2/ros2_client_node/install/micro_ros_msgs/include/micro_ros_msgs/micro_ros_msgs/msg/detail/node__rosidl_typesupport_introspection_c.h
[237.076s] -- Installing: /mnt/d/prueba/TFG-ROS2/ros2_client_node/install/micro_ros_msgs/include/micro_ros_msgs/micro_ros_msgs/msg/detail/node__type_support.c
[237.310s] -- Installing: /mnt/d/prueba/TFG-ROS2/ros2_client_node/install/micro_ros_msgs/include/micro_ros_msgs/micro_ros_msgs/msg/rosidl_typesupport_introspection_c__visibility_control.h
[237.585s] -- Installing: /mnt/d/prueba/TFG-ROS2/ros2_client_node/install/micro_ros_msgs/lib/libmicro_ros_msgs__rosidl_typesupport_introspection_c.so
[237.825s] -- Set runtime path of "/mnt/d/prueba/TFG-ROS2/ros2_client_node/install/micro_ros_msgs/lib/libmicro_ros_msgs__rosidl_typesupport_introspection_c.so" to ""
[237.857s] -- Installing: /mnt/d/prueba/TFG-ROS2/ros2_client_node/install/micro_ros_msgs/lib/libmicro_ros_msgs__rosidl_typesupport_c.so
[238.121s] -- Set runtime path of "/mnt/d/prueba/TFG-ROS2/ros2_client_node/install/micro_ros_msgs/lib/libmicro_ros_msgs__rosidl_typesupport_c.so" to ""
[238.151s] -- Up-to-date: /mnt/d/prueba/TFG-ROS2/ros2_client_node/install/micro_ros_msgs/include/micro_ros_msgs/micro_ros_msgs
[238.218s] -- Up-to-date: /mnt/d/prueba/TFG-ROS2/ros2_client_node/install/micro_ros_msgs/include/micro_ros_msgs/micro_ros_msgs/msg
[238.301s] -- Up-to-date: /mnt/d/prueba/TFG-ROS2/ros2_client_node/install/micro_ros_msgs/include/micro_ros_msgs/micro_ros_msgs/msg/detail
[238.406s] -- Installing: /mnt/d/prueba/TFG-ROS2/ros2_client_node/install/micro_ros_msgs/include/micro_ros_msgs/micro_ros_msgs/msg/detail/entity__builder.hpp
[238.666s] -- Installing: /mnt/d/prueba/TFG-ROS2/ros2_client_node/install/micro_ros_msgs/include/micro_ros_msgs/micro_ros_msgs/msg/detail/entity__struct.hpp
[238.928s] -- Installing: /mnt/d/prueba/TFG-ROS2/ros2_client_node/install/micro_ros_msgs/include/micro_ros_msgs/micro_ros_msgs/msg/detail/entity__traits.hpp
[239.193s] -- Installing: /mnt/d/prueba/TFG-ROS2/ros2_client_node/install/micro_ros_msgs/include/micro_ros_msgs/micro_ros_msgs/msg/detail/graph__builder.hpp
[239.464s] -- Installing: /mnt/d/prueba/TFG-ROS2/ros2_client_node/install/micro_ros_msgs/include/micro_ros_msgs/micro_ros_msgs/msg/detail/graph__struct.hpp
[239.697s] -- Installing: /mnt/d/prueba/TFG-ROS2/ros2_client_node/install/micro_ros_msgs/include/micro_ros_msgs/micro_ros_msgs/msg/detail/graph__traits.hpp
[239.950s] -- Installing: /mnt/d/prueba/TFG-ROS2/ros2_client_node/install/micro_ros_msgs/include/micro_ros_msgs/micro_ros_msgs/msg/detail/node__builder.hpp
[240.181s] -- Installing: /mnt/d/prueba/TFG-ROS2/ros2_client_node/install/micro_ros_msgs/include/micro_ros_msgs/micro_ros_msgs/msg/detail/node__struct.hpp
[240.410s] -- Installing: /mnt/d/prueba/TFG-ROS2/ros2_client_node/install/micro_ros_msgs/include/micro_ros_msgs/micro_ros_msgs/msg/detail/node__traits.hpp
[240.646s] -- Installing: /mnt/d/prueba/TFG-ROS2/ros2_client_node/install/micro_ros_msgs/include/micro_ros_msgs/micro_ros_msgs/msg/entity.hpp
[240.864s] -- Installing: /mnt/d/prueba/TFG-ROS2/ros2_client_node/install/micro_ros_msgs/include/micro_ros_msgs/micro_ros_msgs/msg/graph.hpp
[241.071s] -- Installing: /mnt/d/prueba/TFG-ROS2/ros2_client_node/install/micro_ros_msgs/include/micro_ros_msgs/micro_ros_msgs/msg/node.hpp
[241.249s] -- Up-to-date: /mnt/d/prueba/TFG-ROS2/ros2_client_node/install/micro_ros_msgs/include/micro_ros_msgs
[241.295s] -- Up-to-date: /mnt/d/prueba/TFG-ROS2/ros2_client_node/install/micro_ros_msgs/include/micro_ros_msgs/msg
[241.352s] -- Up-to-date: /mnt/d/prueba/TFG-ROS2/ros2_client_node/install/micro_ros_msgs/include/micro_ros_msgs/msg/detail
[241.439s] -- Installing: /mnt/d/prueba/TFG-ROS2/ros2_client_node/install/micro_ros_msgs/include/micro_ros_msgs/msg/detail/entity__rosidl_typesupport_microxrcedds_cpp.hpp
[241.673s] -- Installing: /mnt/d/prueba/TFG-ROS2/ros2_client_node/install/micro_ros_msgs/include/micro_ros_msgs/msg/detail/graph__rosidl_typesupport_microxrcedds_cpp.hpp
[241.888s] -- Up-to-date: /mnt/d/prueba/TFG-ROS2/ros2_client_node/install/micro_ros_msgs/include/micro_ros_msgs/msg/detail/microxrcedds
[241.979s] -- Installing: /mnt/d/prueba/TFG-ROS2/ros2_client_node/install/micro_ros_msgs/include/micro_ros_msgs/msg/detail/microxrcedds/entity__type_support_cpp.cpp
[242.216s] -- Installing: /mnt/d/prueba/TFG-ROS2/ros2_client_node/install/micro_ros_msgs/include/micro_ros_msgs/msg/detail/microxrcedds/graph__type_support_cpp.cpp
[242.472s] -- Installing: /mnt/d/prueba/TFG-ROS2/ros2_client_node/install/micro_ros_msgs/include/micro_ros_msgs/msg/detail/microxrcedds/node__type_support_cpp.cpp
[242.760s] -- Installing: /mnt/d/prueba/TFG-ROS2/ros2_client_node/install/micro_ros_msgs/include/micro_ros_msgs/msg/detail/node__rosidl_typesupport_microxrcedds_cpp.hpp
[242.962s] -- Installing: /mnt/d/prueba/TFG-ROS2/ros2_client_node/install/micro_ros_msgs/include/micro_ros_msgs/msg/rosidl_typesupport_microxrcedds_cpp__visibility_control.h
[243.123s] -- Installing: /mnt/d/prueba/TFG-ROS2/ros2_client_node/install/micro_ros_msgs/lib/libmicro_ros_msgs__rosidl_typesupport_microxrcedds_cpp.so
[243.352s] -- Set runtime path of "/mnt/d/prueba/TFG-ROS2/ros2_client_node/install/micro_ros_msgs/lib/libmicro_ros_msgs__rosidl_typesupport_microxrcedds_cpp.so" to ""
[243.373s] -- Up-to-date: /mnt/d/prueba/TFG-ROS2/ros2_client_node/install/micro_ros_msgs/include/micro_ros_msgs/micro_ros_msgs
[243.414s] -- Up-to-date: /mnt/d/prueba/TFG-ROS2/ros2_client_node/install/micro_ros_msgs/include/micro_ros_msgs/micro_ros_msgs/msg
[243.462s] -- Up-to-date: /mnt/d/prueba/TFG-ROS2/ros2_client_node/install/micro_ros_msgs/include/micro_ros_msgs/micro_ros_msgs/msg/detail
[243.518s] -- Installing: /mnt/d/prueba/TFG-ROS2/ros2_client_node/install/micro_ros_msgs/include/micro_ros_msgs/micro_ros_msgs/msg/detail/dds_fastrtps
[243.607s] -- Installing: /mnt/d/prueba/TFG-ROS2/ros2_client_node/install/micro_ros_msgs/include/micro_ros_msgs/micro_ros_msgs/msg/detail/entity__rosidl_typesupport_fastrtps_cpp.hpp
[243.791s] -- Installing: /mnt/d/prueba/TFG-ROS2/ros2_client_node/install/micro_ros_msgs/include/micro_ros_msgs/micro_ros_msgs/msg/detail/graph__rosidl_typesupport_fastrtps_cpp.hpp
[244.038s] -- Installing: /mnt/d/prueba/TFG-ROS2/ros2_client_node/install/micro_ros_msgs/include/micro_ros_msgs/micro_ros_msgs/msg/detail/node__rosidl_typesupport_fastrtps_cpp.hpp
[244.257s] -- Installing: /mnt/d/prueba/TFG-ROS2/ros2_client_node/install/micro_ros_msgs/include/micro_ros_msgs/micro_ros_msgs/msg/rosidl_typesupport_fastrtps_cpp__visibility_control.h
[244.391s] -- Installing: /mnt/d/prueba/TFG-ROS2/ros2_client_node/install/micro_ros_msgs/lib/libmicro_ros_msgs__rosidl_typesupport_fastrtps_cpp.so
[244.556s] -- Set runtime path of "/mnt/d/prueba/TFG-ROS2/ros2_client_node/install/micro_ros_msgs/lib/libmicro_ros_msgs__rosidl_typesupport_fastrtps_cpp.so" to ""
[244.561s] -- Up-to-date: /mnt/d/prueba/TFG-ROS2/ros2_client_node/install/micro_ros_msgs/include/micro_ros_msgs/micro_ros_msgs
[244.600s] -- Up-to-date: /mnt/d/prueba/TFG-ROS2/ros2_client_node/install/micro_ros_msgs/include/micro_ros_msgs/micro_ros_msgs/msg
[244.647s] -- Up-to-date: /mnt/d/prueba/TFG-ROS2/ros2_client_node/install/micro_ros_msgs/include/micro_ros_msgs/micro_ros_msgs/msg/detail
[244.714s] -- Installing: /mnt/d/prueba/TFG-ROS2/ros2_client_node/install/micro_ros_msgs/include/micro_ros_msgs/micro_ros_msgs/msg/detail/entity__rosidl_typesupport_introspection_cpp.hpp
[244.888s] -- Installing: /mnt/d/prueba/TFG-ROS2/ros2_client_node/install/micro_ros_msgs/include/micro_ros_msgs/micro_ros_msgs/msg/detail/entity__type_support.cpp
[245.063s] -- Installing: /mnt/d/prueba/TFG-ROS2/ros2_client_node/install/micro_ros_msgs/include/micro_ros_msgs/micro_ros_msgs/msg/detail/graph__rosidl_typesupport_introspection_cpp.hpp
[245.238s] -- Installing: /mnt/d/prueba/TFG-ROS2/ros2_client_node/install/micro_ros_msgs/include/micro_ros_msgs/micro_ros_msgs/msg/detail/graph__type_support.cpp
[245.429s] -- Installing: /mnt/d/prueba/TFG-ROS2/ros2_client_node/install/micro_ros_msgs/include/micro_ros_msgs/micro_ros_msgs/msg/detail/node__rosidl_typesupport_introspection_cpp.hpp
[245.623s] -- Installing: /mnt/d/prueba/TFG-ROS2/ros2_client_node/install/micro_ros_msgs/include/micro_ros_msgs/micro_ros_msgs/msg/detail/node__type_support.cpp
[245.770s] -- Installing: /mnt/d/prueba/TFG-ROS2/ros2_client_node/install/micro_ros_msgs/lib/libmicro_ros_msgs__rosidl_typesupport_introspection_cpp.so
[245.979s] -- Set runtime path of "/mnt/d/prueba/TFG-ROS2/ros2_client_node/install/micro_ros_msgs/lib/libmicro_ros_msgs__rosidl_typesupport_introspection_cpp.so" to ""
[246.002s] -- Installing: /mnt/d/prueba/TFG-ROS2/ros2_client_node/install/micro_ros_msgs/lib/libmicro_ros_msgs__rosidl_typesupport_cpp.so
[246.165s] -- Set runtime path of "/mnt/d/prueba/TFG-ROS2/ros2_client_node/install/micro_ros_msgs/lib/libmicro_ros_msgs__rosidl_typesupport_cpp.so" to ""
[246.191s] -- Installing: /mnt/d/prueba/TFG-ROS2/ros2_client_node/install/micro_ros_msgs/share/micro_ros_msgs/environment/pythonpath.sh
[246.302s] -- Installing: /mnt/d/prueba/TFG-ROS2/ros2_client_node/install/micro_ros_msgs/share/micro_ros_msgs/environment/pythonpath.dsv
[246.399s] -- Installing: /mnt/d/prueba/TFG-ROS2/ros2_client_node/install/micro_ros_msgs/local/lib/python3.10/dist-packages/micro_ros_msgs-1.0.0-py3.10.egg-info
[246.466s] -- Installing: /mnt/d/prueba/TFG-ROS2/ros2_client_node/install/micro_ros_msgs/local/lib/python3.10/dist-packages/micro_ros_msgs-1.0.0-py3.10.egg-info/dependency_links.txt
[246.615s] -- Installing: /mnt/d/prueba/TFG-ROS2/ros2_client_node/install/micro_ros_msgs/local/lib/python3.10/dist-packages/micro_ros_msgs-1.0.0-py3.10.egg-info/PKG-INFO
[246.754s] -- Installing: /mnt/d/prueba/TFG-ROS2/ros2_client_node/install/micro_ros_msgs/local/lib/python3.10/dist-packages/micro_ros_msgs-1.0.0-py3.10.egg-info/SOURCES.txt
[246.896s] -- Installing: /mnt/d/prueba/TFG-ROS2/ros2_client_node/install/micro_ros_msgs/local/lib/python3.10/dist-packages/micro_ros_msgs-1.0.0-py3.10.egg-info/top_level.txt
[247.025s] -- Installing: /mnt/d/prueba/TFG-ROS2/ros2_client_node/install/micro_ros_msgs/local/lib/python3.10/dist-packages/micro_ros_msgs
[247.085s] -- Installing: /mnt/d/prueba/TFG-ROS2/ros2_client_node/install/micro_ros_msgs/local/lib/python3.10/dist-packages/micro_ros_msgs/libmicro_ros_msgs__rosidl_generator_py.so
[247.223s] -- Installing: /mnt/d/prueba/TFG-ROS2/ros2_client_node/install/micro_ros_msgs/local/lib/python3.10/dist-packages/micro_ros_msgs/micro_ros_msgs_s__rosidl_typesupport_c.cpython-310-x86_64-linux-gnu.so
[247.360s] -- Installing: /mnt/d/prueba/TFG-ROS2/ros2_client_node/install/micro_ros_msgs/local/lib/python3.10/dist-packages/micro_ros_msgs/micro_ros_msgs_s__rosidl_typesupport_fastrtps_c.cpython-310-x86_64-linux-gnu.so
[247.490s] -- Installing: /mnt/d/prueba/TFG-ROS2/ros2_client_node/install/micro_ros_msgs/local/lib/python3.10/dist-packages/micro_ros_msgs/micro_ros_msgs_s__rosidl_typesupport_introspection_c.cpython-310-x86_64-linux-gnu.so
[247.615s] -- Installing: /mnt/d/prueba/TFG-ROS2/ros2_client_node/install/micro_ros_msgs/local/lib/python3.10/dist-packages/micro_ros_msgs/micro_ros_msgs_s__rosidl_typesupport_microxrcedds_c.cpython-310-x86_64-linux-gnu.so
[247.755s] -- Installing: /mnt/d/prueba/TFG-ROS2/ros2_client_node/install/micro_ros_msgs/local/lib/python3.10/dist-packages/micro_ros_msgs/msg
[247.826s] -- Installing: /mnt/d/prueba/TFG-ROS2/ros2_client_node/install/micro_ros_msgs/local/lib/python3.10/dist-packages/micro_ros_msgs/msg/_entity.py
[247.971s] -- Installing: /mnt/d/prueba/TFG-ROS2/ros2_client_node/install/micro_ros_msgs/local/lib/python3.10/dist-packages/micro_ros_msgs/msg/_entity_s.c
[248.115s] -- Installing: /mnt/d/prueba/TFG-ROS2/ros2_client_node/install/micro_ros_msgs/local/lib/python3.10/dist-packages/micro_ros_msgs/msg/_graph.py
[248.257s] -- Installing: /mnt/d/prueba/TFG-ROS2/ros2_client_node/install/micro_ros_msgs/local/lib/python3.10/dist-packages/micro_ros_msgs/msg/_graph_s.c
[248.396s] -- Installing: /mnt/d/prueba/TFG-ROS2/ros2_client_node/install/micro_ros_msgs/local/lib/python3.10/dist-packages/micro_ros_msgs/msg/_node.py
[248.531s] -- Installing: /mnt/d/prueba/TFG-ROS2/ros2_client_node/install/micro_ros_msgs/local/lib/python3.10/dist-packages/micro_ros_msgs/msg/_node_s.c
[248.683s] -- Installing: /mnt/d/prueba/TFG-ROS2/ros2_client_node/install/micro_ros_msgs/local/lib/python3.10/dist-packages/micro_ros_msgs/msg/__init__.py
[248.846s] -- Installing: /mnt/d/prueba/TFG-ROS2/ros2_client_node/install/micro_ros_msgs/local/lib/python3.10/dist-packages/micro_ros_msgs/_micro_ros_msgs_s.ep.rosidl_typesupport_c.c
[248.997s] -- Installing: /mnt/d/prueba/TFG-ROS2/ros2_client_node/install/micro_ros_msgs/local/lib/python3.10/dist-packages/micro_ros_msgs/_micro_ros_msgs_s.ep.rosidl_typesupport_fastrtps_c.c
[249.137s] -- Installing: /mnt/d/prueba/TFG-ROS2/ros2_client_node/install/micro_ros_msgs/local/lib/python3.10/dist-packages/micro_ros_msgs/_micro_ros_msgs_s.ep.rosidl_typesupport_introspection_c.c
[249.272s] -- Installing: /mnt/d/prueba/TFG-ROS2/ros2_client_node/install/micro_ros_msgs/local/lib/python3.10/dist-packages/micro_ros_msgs/_micro_ros_msgs_s.ep.rosidl_typesupport_microxrcedds_c.c
[249.405s] -- Installing: /mnt/d/prueba/TFG-ROS2/ros2_client_node/install/micro_ros_msgs/local/lib/python3.10/dist-packages/micro_ros_msgs/__init__.py
[251.258s] Listing '/mnt/d/prueba/TFG-ROS2/ros2_client_node/install/micro_ros_msgs/local/lib/python3.10/dist-packages/micro_ros_msgs'...
[251.260s] Compiling '/mnt/d/prueba/TFG-ROS2/ros2_client_node/install/micro_ros_msgs/local/lib/python3.10/dist-packages/micro_ros_msgs/__init__.py'...
[251.261s] Listing '/mnt/d/prueba/TFG-ROS2/ros2_client_node/install/micro_ros_msgs/local/lib/python3.10/dist-packages/micro_ros_msgs/msg'...
[251.263s] Compiling '/mnt/d/prueba/TFG-ROS2/ros2_client_node/install/micro_ros_msgs/local/lib/python3.10/dist-packages/micro_ros_msgs/msg/__init__.py'...
[251.265s] Compiling '/mnt/d/prueba/TFG-ROS2/ros2_client_node/install/micro_ros_msgs/local/lib/python3.10/dist-packages/micro_ros_msgs/msg/_entity.py'...
[251.267s] Compiling '/mnt/d/prueba/TFG-ROS2/ros2_client_node/install/micro_ros_msgs/local/lib/python3.10/dist-packages/micro_ros_msgs/msg/_graph.py'...
[251.268s] Compiling '/mnt/d/prueba/TFG-ROS2/ros2_client_node/install/micro_ros_msgs/local/lib/python3.10/dist-packages/micro_ros_msgs/msg/_node.py'...
[251.376s] -- Installing: /mnt/d/prueba/TFG-ROS2/ros2_client_node/install/micro_ros_msgs/local/lib/python3.10/dist-packages/micro_ros_msgs/micro_ros_msgs_s__rosidl_typesupport_microxrcedds_c.cpython-310-x86_64-linux-gnu.so
[251.609s] -- Set runtime path of "/mnt/d/prueba/TFG-ROS2/ros2_client_node/install/micro_ros_msgs/local/lib/python3.10/dist-packages/micro_ros_msgs/micro_ros_msgs_s__rosidl_typesupport_microxrcedds_c.cpython-310-x86_64-linux-gnu.so" to ""
[251.716s] -- Installing: /mnt/d/prueba/TFG-ROS2/ros2_client_node/install/micro_ros_msgs/local/lib/python3.10/dist-packages/micro_ros_msgs/micro_ros_msgs_s__rosidl_typesupport_fastrtps_c.cpython-310-x86_64-linux-gnu.so
[251.951s] -- Set runtime path of "/mnt/d/prueba/TFG-ROS2/ros2_client_node/install/micro_ros_msgs/local/lib/python3.10/dist-packages/micro_ros_msgs/micro_ros_msgs_s__rosidl_typesupport_fastrtps_c.cpython-310-x86_64-linux-gnu.so" to ""
[252.067s] -- Installing: /mnt/d/prueba/TFG-ROS2/ros2_client_node/install/micro_ros_msgs/local/lib/python3.10/dist-packages/micro_ros_msgs/micro_ros_msgs_s__rosidl_typesupport_introspection_c.cpython-310-x86_64-linux-gnu.so
[252.288s] -- Set runtime path of "/mnt/d/prueba/TFG-ROS2/ros2_client_node/install/micro_ros_msgs/local/lib/python3.10/dist-packages/micro_ros_msgs/micro_ros_msgs_s__rosidl_typesupport_introspection_c.cpython-310-x86_64-linux-gnu.so" to ""
[252.391s] -- Installing: /mnt/d/prueba/TFG-ROS2/ros2_client_node/install/micro_ros_msgs/local/lib/python3.10/dist-packages/micro_ros_msgs/micro_ros_msgs_s__rosidl_typesupport_c.cpython-310-x86_64-linux-gnu.so
[252.615s] -- Set runtime path of "/mnt/d/prueba/TFG-ROS2/ros2_client_node/install/micro_ros_msgs/local/lib/python3.10/dist-packages/micro_ros_msgs/micro_ros_msgs_s__rosidl_typesupport_c.cpython-310-x86_64-linux-gnu.so" to ""
[252.643s] -- Installing: /mnt/d/prueba/TFG-ROS2/ros2_client_node/install/micro_ros_msgs/lib/libmicro_ros_msgs__rosidl_generator_py.so
[252.781s] -- Set runtime path of "/mnt/d/prueba/TFG-ROS2/ros2_client_node/install/micro_ros_msgs/lib/libmicro_ros_msgs__rosidl_generator_py.so" to ""
[252.818s] -- Installing: /mnt/d/prueba/TFG-ROS2/ros2_client_node/install/micro_ros_msgs/share/micro_ros_msgs/msg/Graph.idl
[252.915s] -- Installing: /mnt/d/prueba/TFG-ROS2/ros2_client_node/install/micro_ros_msgs/share/micro_ros_msgs/msg/Node.idl
[253.011s] -- Installing: /mnt/d/prueba/TFG-ROS2/ros2_client_node/install/micro_ros_msgs/share/micro_ros_msgs/msg/Entity.idl
[253.112s] -- Installing: /mnt/d/prueba/TFG-ROS2/ros2_client_node/install/micro_ros_msgs/share/micro_ros_msgs/msg/Graph.msg
[253.223s] -- Installing: /mnt/d/prueba/TFG-ROS2/ros2_client_node/install/micro_ros_msgs/share/micro_ros_msgs/msg/Node.msg
[253.330s] -- Installing: /mnt/d/prueba/TFG-ROS2/ros2_client_node/install/micro_ros_msgs/share/micro_ros_msgs/msg/Entity.msg
[253.457s] -- Installing: /mnt/d/prueba/TFG-ROS2/ros2_client_node/install/micro_ros_msgs/share/ament_index/resource_index/package_run_dependencies/micro_ros_msgs
[253.607s] -- Installing: /mnt/d/prueba/TFG-ROS2/ros2_client_node/install/micro_ros_msgs/share/ament_index/resource_index/parent_prefix_path/micro_ros_msgs
[253.722s] -- Installing: /mnt/d/prueba/TFG-ROS2/ros2_client_node/install/micro_ros_msgs/share/micro_ros_msgs/environment/ament_prefix_path.sh
[253.811s] -- Installing: /mnt/d/prueba/TFG-ROS2/ros2_client_node/install/micro_ros_msgs/share/micro_ros_msgs/environment/ament_prefix_path.dsv
[253.900s] -- Installing: /mnt/d/prueba/TFG-ROS2/ros2_client_node/install/micro_ros_msgs/share/micro_ros_msgs/environment/path.sh
[253.986s] -- Installing: /mnt/d/prueba/TFG-ROS2/ros2_client_node/install/micro_ros_msgs/share/micro_ros_msgs/environment/path.dsv
[254.076s] -- Installing: /mnt/d/prueba/TFG-ROS2/ros2_client_node/install/micro_ros_msgs/share/micro_ros_msgs/local_setup.bash
[254.158s] -- Installing: /mnt/d/prueba/TFG-ROS2/ros2_client_node/install/micro_ros_msgs/share/micro_ros_msgs/local_setup.sh
[254.240s] -- Installing: /mnt/d/prueba/TFG-ROS2/ros2_client_node/install/micro_ros_msgs/share/micro_ros_msgs/local_setup.zsh
[254.318s] -- Installing: /mnt/d/prueba/TFG-ROS2/ros2_client_node/install/micro_ros_msgs/share/micro_ros_msgs/local_setup.dsv
[254.396s] -- Installing: /mnt/d/prueba/TFG-ROS2/ros2_client_node/install/micro_ros_msgs/share/micro_ros_msgs/package.dsv
[254.506s] -- Installing: /mnt/d/prueba/TFG-ROS2/ros2_client_node/install/micro_ros_msgs/share/ament_index/resource_index/packages/micro_ros_msgs
[254.657s] -- Installing: /mnt/d/prueba/TFG-ROS2/ros2_client_node/install/micro_ros_msgs/share/micro_ros_msgs/cmake/export_micro_ros_msgs__rosidl_generator_cExport.cmake
[254.793s] -- Installing: /mnt/d/prueba/TFG-ROS2/ros2_client_node/install/micro_ros_msgs/share/micro_ros_msgs/cmake/export_micro_ros_msgs__rosidl_generator_cExport-noconfig.cmake
[254.936s] -- Installing: /mnt/d/prueba/TFG-ROS2/ros2_client_node/install/micro_ros_msgs/share/micro_ros_msgs/cmake/export_micro_ros_msgs__rosidl_typesupport_fastrtps_cExport.cmake
[255.085s] -- Installing: /mnt/d/prueba/TFG-ROS2/ros2_client_node/install/micro_ros_msgs/share/micro_ros_msgs/cmake/export_micro_ros_msgs__rosidl_typesupport_fastrtps_cExport-noconfig.cmake
[255.211s] -- Installing: /mnt/d/prueba/TFG-ROS2/ros2_client_node/install/micro_ros_msgs/share/micro_ros_msgs/cmake/micro_ros_msgs__rosidl_typesupport_introspection_cExport.cmake
[255.349s] -- Installing: /mnt/d/prueba/TFG-ROS2/ros2_client_node/install/micro_ros_msgs/share/micro_ros_msgs/cmake/micro_ros_msgs__rosidl_typesupport_introspection_cExport-noconfig.cmake
[255.476s] -- Installing: /mnt/d/prueba/TFG-ROS2/ros2_client_node/install/micro_ros_msgs/share/micro_ros_msgs/cmake/micro_ros_msgs__rosidl_typesupport_cExport.cmake
[255.603s] -- Installing: /mnt/d/prueba/TFG-ROS2/ros2_client_node/install/micro_ros_msgs/share/micro_ros_msgs/cmake/micro_ros_msgs__rosidl_typesupport_cExport-noconfig.cmake
[255.741s] -- Installing: /mnt/d/prueba/TFG-ROS2/ros2_client_node/install/micro_ros_msgs/share/micro_ros_msgs/cmake/export_micro_ros_msgs__rosidl_generator_cppExport.cmake
[255.879s] -- Installing: /mnt/d/prueba/TFG-ROS2/ros2_client_node/install/micro_ros_msgs/share/micro_ros_msgs/cmake/export_micro_ros_msgs__rosidl_typesupport_fastrtps_cppExport.cmake
[256.017s] -- Installing: /mnt/d/prueba/TFG-ROS2/ros2_client_node/install/micro_ros_msgs/share/micro_ros_msgs/cmake/export_micro_ros_msgs__rosidl_typesupport_fastrtps_cppExport-noconfig.cmake
[256.154s] -- Installing: /mnt/d/prueba/TFG-ROS2/ros2_client_node/install/micro_ros_msgs/share/micro_ros_msgs/cmake/micro_ros_msgs__rosidl_typesupport_introspection_cppExport.cmake
[256.279s] -- Installing: /mnt/d/prueba/TFG-ROS2/ros2_client_node/install/micro_ros_msgs/share/micro_ros_msgs/cmake/micro_ros_msgs__rosidl_typesupport_introspection_cppExport-noconfig.cmake
[256.411s] -- Installing: /mnt/d/prueba/TFG-ROS2/ros2_client_node/install/micro_ros_msgs/share/micro_ros_msgs/cmake/micro_ros_msgs__rosidl_typesupport_cppExport.cmake
[256.534s] -- Installing: /mnt/d/prueba/TFG-ROS2/ros2_client_node/install/micro_ros_msgs/share/micro_ros_msgs/cmake/micro_ros_msgs__rosidl_typesupport_cppExport-noconfig.cmake
[256.659s] -- Installing: /mnt/d/prueba/TFG-ROS2/ros2_client_node/install/micro_ros_msgs/share/micro_ros_msgs/cmake/export_micro_ros_msgs__rosidl_generator_pyExport.cmake
[256.785s] -- Installing: /mnt/d/prueba/TFG-ROS2/ros2_client_node/install/micro_ros_msgs/share/micro_ros_msgs/cmake/export_micro_ros_msgs__rosidl_generator_pyExport-noconfig.cmake
[256.894s] -- Installing: /mnt/d/prueba/TFG-ROS2/ros2_client_node/install/micro_ros_msgs/share/micro_ros_msgs/cmake/rosidl_cmake-extras.cmake
[257.022s] -- Installing: /mnt/d/prueba/TFG-ROS2/ros2_client_node/install/micro_ros_msgs/share/micro_ros_msgs/cmake/ament_cmake_export_include_directories-extras.cmake
[257.163s] -- Installing: /mnt/d/prueba/TFG-ROS2/ros2_client_node/install/micro_ros_msgs/share/micro_ros_msgs/cmake/ament_cmake_export_libraries-extras.cmake
[257.299s] -- Installing: /mnt/d/prueba/TFG-ROS2/ros2_client_node/install/micro_ros_msgs/share/micro_ros_msgs/cmake/ament_cmake_export_targets-extras.cmake
[257.451s] -- Installing: /mnt/d/prueba/TFG-ROS2/ros2_client_node/install/micro_ros_msgs/share/micro_ros_msgs/cmake/rosidl_cmake_export_typesupport_targets-extras.cmake
[257.666s] -- Installing: /mnt/d/prueba/TFG-ROS2/ros2_client_node/install/micro_ros_msgs/share/micro_ros_msgs/cmake/ament_cmake_export_dependencies-extras.cmake
[257.843s] -- Installing: /mnt/d/prueba/TFG-ROS2/ros2_client_node/install/micro_ros_msgs/share/micro_ros_msgs/cmake/rosidl_cmake_export_typesupport_libraries-extras.cmake
[258.004s] -- Installing: /mnt/d/prueba/TFG-ROS2/ros2_client_node/install/micro_ros_msgs/share/micro_ros_msgs/cmake/micro_ros_msgsConfig.cmake
[258.163s] -- Installing: /mnt/d/prueba/TFG-ROS2/ros2_client_node/install/micro_ros_msgs/share/micro_ros_msgs/cmake/micro_ros_msgsConfig-version.cmake
[258.298s] -- Installing: /mnt/d/prueba/TFG-ROS2/ros2_client_node/install/micro_ros_msgs/share/micro_ros_msgs/package.xml
[258.409s] Invoked command in '/mnt/d/prueba/TFG-ROS2/ros2_client_node/build/micro_ros_msgs' returned '0': CMAKE_PREFIX_PATH=${CMAKE_PREFIX_PATH}:/opt/ros/humble /usr/bin/cmake --install /mnt/d/prueba/TFG-ROS2/ros2_client_node/build/micro_ros_msgs
